ARM GAS  C:\Users\stvichuk\AppData\Local\Temp\ccd148dt.s 			page 1


   1              		.syntax unified
   2              		.cpu cortex-m3
   3              		.fpu softvfp
   4              		.eabi_attribute 20, 1
   5              		.eabi_attribute 21, 1
   6              		.eabi_attribute 23, 3
   7              		.eabi_attribute 24, 1
   8              		.eabi_attribute 25, 1
   9              		.eabi_attribute 26, 1
  10              		.eabi_attribute 30, 1
  11              		.eabi_attribute 34, 1
  12              		.eabi_attribute 18, 4
  13              		.thumb
  14              		.syntax unified
  15              		.file	"cymetadata.c"
  16              		.text
  17              	.Ltext0:
  18              		.cfi_sections	.debug_frame
  19              		.global	cy_metadata
  20              		.global	cy_meta_flashprotect
  21              		.global	cy_meta_wonvl
  22              		.global	cy_meta_custnvl
  23              		.global	cy_meta_configecc
  24              		.section	.cyconfigecc,"a",%progbits
  25              		.align	2
  26              		.type	cy_meta_configecc, %object
  27              		.size	cy_meta_configecc, 40
  28              	cy_meta_configecc:
  29 0000 01       		.byte	1
  30 0001 52       		.byte	82
  31 0002 00       		.byte	0
  32 0003 40       		.byte	64
  33 0004 04       		.byte	4
  34 0005 45       		.byte	69
  35 0006 01       		.byte	1
  36 0007 40       		.byte	64
  37 0008 10       		.byte	16
  38 0009 02       		.byte	2
  39 000a 00       		.byte	0
  40 000b 20       		.byte	32
  41 000c 54       		.byte	84
  42 000d 10       		.byte	16
  43 000e C0       		.byte	-64
  44 000f 02       		.byte	2
  45 0010 D4       		.byte	-44
  46 0011 02       		.byte	2
  47 0012 00       		.byte	0
  48 0013 00       		.byte	0
  49 0014 00       		.byte	0
  50 0015 0B       		.byte	11
  51 0016 0B       		.byte	11
  52 0017 00       		.byte	0
  53 0018 00       		.byte	0
  54 0019 00       		.byte	0
  55 001a 00       		.byte	0
  56 001b 00       		.byte	0
  57 001c 04       		.byte	4
ARM GAS  C:\Users\stvichuk\AppData\Local\Temp\ccd148dt.s 			page 2


  58 001d 00       		.byte	0
  59 001e 00       		.byte	0
  60 001f 06       		.byte	6
  61 0020 02       		.byte	2
  62 0021 00       		.byte	0
  63 0022 02       		.byte	2
  64 0023 00       		.byte	0
  65 0024 00       		.byte	0
  66 0025 00       		.byte	0
  67 0026 00       		.byte	0
  68 0027 00       		.byte	0
  69              		.section	.cywolatch,"a",%progbits
  70              		.align	2
  71              		.type	cy_meta_wonvl, %object
  72              		.size	cy_meta_wonvl, 4
  73              	cy_meta_wonvl:
  74 0000 BC       		.byte	-68
  75 0001 90       		.byte	-112
  76 0002 AC       		.byte	-84
  77 0003 AF       		.byte	-81
  78              		.section	.cycustnvl,"a",%progbits
  79              		.align	2
  80              		.type	cy_meta_custnvl, %object
  81              		.size	cy_meta_custnvl, 4
  82              	cy_meta_custnvl:
  83 0000 00       		.byte	0
  84 0001 00       		.byte	0
  85 0002 40       		.byte	64
  86 0003 05       		.byte	5
  87              		.section	.cymeta,"a",%progbits
  88              		.align	2
  89              		.type	cy_metadata, %object
  90              		.size	cy_metadata, 12
  91              	cy_metadata:
  92 0000 00       		.byte	0
  93 0001 01       		.byte	1
  94 0002 2E       		.byte	46
  95 0003 16       		.byte	22
  96 0004 10       		.byte	16
  97 0005 69       		.byte	105
  98 0006 00       		.byte	0
  99 0007 01       		.byte	1
 100 0008 00       		.byte	0
 101 0009 00       		.byte	0
 102 000a 00       		.byte	0
 103 000b 00       		.byte	0
 104              		.section	.cyflashprotect,"a",%progbits
 105              		.align	2
 106              		.type	cy_meta_flashprotect, %object
 107              		.size	cy_meta_flashprotect, 256
 108              	cy_meta_flashprotect:
 109 0000 00000000 		.space	256
 109      00000000 
 109      00000000 
 109      00000000 
 109      00000000 
 110              		.text
ARM GAS  C:\Users\stvichuk\AppData\Local\Temp\ccd148dt.s 			page 3


 111              	.Letext0:
 112              		.file 1 "c:\\cypress\\psoc creator\\4.2\\psoc creator\\import\\gnu\\arm\\5.4.1\\arm-none-eabi\\inc
 113              		.file 2 "c:\\cypress\\psoc creator\\4.2\\psoc creator\\import\\gnu\\arm\\5.4.1\\arm-none-eabi\\inc
 114              		.file 3 "Generated_Source\\PSoC5\\cymetadata.c"
 115              		.section	.debug_info,"",%progbits
 116              	.Ldebug_info0:
 117 0000 30010000 		.4byte	0x130
 118 0004 0400     		.2byte	0x4
 119 0006 00000000 		.4byte	.Ldebug_abbrev0
 120 000a 04       		.byte	0x4
 121 000b 01       		.uleb128 0x1
 122 000c 85000000 		.4byte	.LASF17
 123 0010 0C       		.byte	0xc
 124 0011 DF010000 		.4byte	.LASF18
 125 0015 0A000000 		.4byte	.LASF19
 126 0019 00000000 		.4byte	.Ldebug_line0
 127 001d 02       		.uleb128 0x2
 128 001e 01       		.byte	0x1
 129 001f 06       		.byte	0x6
 130 0020 D3010000 		.4byte	.LASF0
 131 0024 03       		.uleb128 0x3
 132 0025 00000000 		.4byte	.LASF9
 133 0029 01       		.byte	0x1
 134 002a 1D       		.byte	0x1d
 135 002b 2F000000 		.4byte	0x2f
 136 002f 02       		.uleb128 0x2
 137 0030 01       		.byte	0x1
 138 0031 08       		.byte	0x8
 139 0032 77000000 		.4byte	.LASF1
 140 0036 02       		.uleb128 0x2
 141 0037 02       		.byte	0x2
 142 0038 05       		.byte	0x5
 143 0039 C0010000 		.4byte	.LASF2
 144 003d 02       		.uleb128 0x2
 145 003e 02       		.byte	0x2
 146 003f 07       		.byte	0x7
 147 0040 25010000 		.4byte	.LASF3
 148 0044 02       		.uleb128 0x2
 149 0045 04       		.byte	0x4
 150 0046 05       		.byte	0x5
 151 0047 CA010000 		.4byte	.LASF4
 152 004b 02       		.uleb128 0x2
 153 004c 04       		.byte	0x4
 154 004d 07       		.byte	0x7
 155 004e 13010000 		.4byte	.LASF5
 156 0052 02       		.uleb128 0x2
 157 0053 08       		.byte	0x8
 158 0054 05       		.byte	0x5
 159 0055 B2010000 		.4byte	.LASF6
 160 0059 02       		.uleb128 0x2
 161 005a 08       		.byte	0x8
 162 005b 07       		.byte	0x7
 163 005c 67010000 		.4byte	.LASF7
 164 0060 04       		.uleb128 0x4
 165 0061 04       		.byte	0x4
 166 0062 05       		.byte	0x5
 167 0063 696E7400 		.ascii	"int\000"
ARM GAS  C:\Users\stvichuk\AppData\Local\Temp\ccd148dt.s 			page 4


 168 0067 02       		.uleb128 0x2
 169 0068 04       		.byte	0x4
 170 0069 07       		.byte	0x7
 171 006a 5A010000 		.4byte	.LASF8
 172 006e 03       		.uleb128 0x3
 173 006f 7E010000 		.4byte	.LASF10
 174 0073 02       		.byte	0x2
 175 0074 18       		.byte	0x18
 176 0075 24000000 		.4byte	0x24
 177 0079 05       		.uleb128 0x5
 178 007a 90000000 		.4byte	0x90
 179 007e 89000000 		.4byte	0x89
 180 0082 06       		.uleb128 0x6
 181 0083 89000000 		.4byte	0x89
 182 0087 27       		.byte	0x27
 183 0088 00       		.byte	0
 184 0089 02       		.uleb128 0x2
 185 008a 04       		.byte	0x4
 186 008b 07       		.byte	0x7
 187 008c A9010000 		.4byte	.LASF11
 188 0090 07       		.uleb128 0x7
 189 0091 6E000000 		.4byte	0x6e
 190 0095 08       		.uleb128 0x8
 191 0096 48010000 		.4byte	.LASF12
 192 009a 03       		.byte	0x3
 193 009b 1F       		.byte	0x1f
 194 009c A6000000 		.4byte	0xa6
 195 00a0 05       		.uleb128 0x5
 196 00a1 03       		.byte	0x3
 197 00a2 00000000 		.4byte	cy_meta_configecc
 198 00a6 07       		.uleb128 0x7
 199 00a7 79000000 		.4byte	0x79
 200 00ab 05       		.uleb128 0x5
 201 00ac 90000000 		.4byte	0x90
 202 00b0 BB000000 		.4byte	0xbb
 203 00b4 06       		.uleb128 0x6
 204 00b5 89000000 		.4byte	0x89
 205 00b9 03       		.byte	0x3
 206 00ba 00       		.byte	0
 207 00bb 08       		.uleb128 0x8
 208 00bc 38010000 		.4byte	.LASF13
 209 00c0 03       		.byte	0x3
 210 00c1 31       		.byte	0x31
 211 00c2 CC000000 		.4byte	0xcc
 212 00c6 05       		.uleb128 0x5
 213 00c7 03       		.byte	0x3
 214 00c8 00000000 		.4byte	cy_meta_custnvl
 215 00cc 07       		.uleb128 0x7
 216 00cd AB000000 		.4byte	0xab
 217 00d1 08       		.uleb128 0x8
 218 00d2 9B010000 		.4byte	.LASF14
 219 00d6 03       		.byte	0x3
 220 00d7 3F       		.byte	0x3f
 221 00d8 E2000000 		.4byte	0xe2
 222 00dc 05       		.uleb128 0x5
 223 00dd 03       		.byte	0x3
 224 00de 00000000 		.4byte	cy_meta_wonvl
ARM GAS  C:\Users\stvichuk\AppData\Local\Temp\ccd148dt.s 			page 5


 225 00e2 07       		.uleb128 0x7
 226 00e3 AB000000 		.4byte	0xab
 227 00e7 05       		.uleb128 0x5
 228 00e8 90000000 		.4byte	0x90
 229 00ec F7000000 		.4byte	0xf7
 230 00f0 06       		.uleb128 0x6
 231 00f1 89000000 		.4byte	0x89
 232 00f5 FF       		.byte	0xff
 233 00f6 00       		.byte	0
 234 00f7 08       		.uleb128 0x8
 235 00f8 86010000 		.4byte	.LASF15
 236 00fc 03       		.byte	0x3
 237 00fd 4D       		.byte	0x4d
 238 00fe 08010000 		.4byte	0x108
 239 0102 05       		.uleb128 0x5
 240 0103 03       		.byte	0x3
 241 0104 00000000 		.4byte	cy_meta_flashprotect
 242 0108 07       		.uleb128 0x7
 243 0109 E7000000 		.4byte	0xe7
 244 010d 05       		.uleb128 0x5
 245 010e 90000000 		.4byte	0x90
 246 0112 1D010000 		.4byte	0x11d
 247 0116 06       		.uleb128 0x6
 248 0117 89000000 		.4byte	0x89
 249 011b 0B       		.byte	0xb
 250 011c 00       		.byte	0
 251 011d 08       		.uleb128 0x8
 252 011e 6B000000 		.4byte	.LASF16
 253 0122 03       		.byte	0x3
 254 0123 7A       		.byte	0x7a
 255 0124 2E010000 		.4byte	0x12e
 256 0128 05       		.uleb128 0x5
 257 0129 03       		.byte	0x3
 258 012a 00000000 		.4byte	cy_metadata
 259 012e 07       		.uleb128 0x7
 260 012f 0D010000 		.4byte	0x10d
 261 0133 00       		.byte	0
 262              		.section	.debug_abbrev,"",%progbits
 263              	.Ldebug_abbrev0:
 264 0000 01       		.uleb128 0x1
 265 0001 11       		.uleb128 0x11
 266 0002 01       		.byte	0x1
 267 0003 25       		.uleb128 0x25
 268 0004 0E       		.uleb128 0xe
 269 0005 13       		.uleb128 0x13
 270 0006 0B       		.uleb128 0xb
 271 0007 03       		.uleb128 0x3
 272 0008 0E       		.uleb128 0xe
 273 0009 1B       		.uleb128 0x1b
 274 000a 0E       		.uleb128 0xe
 275 000b 10       		.uleb128 0x10
 276 000c 17       		.uleb128 0x17
 277 000d 00       		.byte	0
 278 000e 00       		.byte	0
 279 000f 02       		.uleb128 0x2
 280 0010 24       		.uleb128 0x24
 281 0011 00       		.byte	0
ARM GAS  C:\Users\stvichuk\AppData\Local\Temp\ccd148dt.s 			page 6


 282 0012 0B       		.uleb128 0xb
 283 0013 0B       		.uleb128 0xb
 284 0014 3E       		.uleb128 0x3e
 285 0015 0B       		.uleb128 0xb
 286 0016 03       		.uleb128 0x3
 287 0017 0E       		.uleb128 0xe
 288 0018 00       		.byte	0
 289 0019 00       		.byte	0
 290 001a 03       		.uleb128 0x3
 291 001b 16       		.uleb128 0x16
 292 001c 00       		.byte	0
 293 001d 03       		.uleb128 0x3
 294 001e 0E       		.uleb128 0xe
 295 001f 3A       		.uleb128 0x3a
 296 0020 0B       		.uleb128 0xb
 297 0021 3B       		.uleb128 0x3b
 298 0022 0B       		.uleb128 0xb
 299 0023 49       		.uleb128 0x49
 300 0024 13       		.uleb128 0x13
 301 0025 00       		.byte	0
 302 0026 00       		.byte	0
 303 0027 04       		.uleb128 0x4
 304 0028 24       		.uleb128 0x24
 305 0029 00       		.byte	0
 306 002a 0B       		.uleb128 0xb
 307 002b 0B       		.uleb128 0xb
 308 002c 3E       		.uleb128 0x3e
 309 002d 0B       		.uleb128 0xb
 310 002e 03       		.uleb128 0x3
 311 002f 08       		.uleb128 0x8
 312 0030 00       		.byte	0
 313 0031 00       		.byte	0
 314 0032 05       		.uleb128 0x5
 315 0033 01       		.uleb128 0x1
 316 0034 01       		.byte	0x1
 317 0035 49       		.uleb128 0x49
 318 0036 13       		.uleb128 0x13
 319 0037 01       		.uleb128 0x1
 320 0038 13       		.uleb128 0x13
 321 0039 00       		.byte	0
 322 003a 00       		.byte	0
 323 003b 06       		.uleb128 0x6
 324 003c 21       		.uleb128 0x21
 325 003d 00       		.byte	0
 326 003e 49       		.uleb128 0x49
 327 003f 13       		.uleb128 0x13
 328 0040 2F       		.uleb128 0x2f
 329 0041 0B       		.uleb128 0xb
 330 0042 00       		.byte	0
 331 0043 00       		.byte	0
 332 0044 07       		.uleb128 0x7
 333 0045 26       		.uleb128 0x26
 334 0046 00       		.byte	0
 335 0047 49       		.uleb128 0x49
 336 0048 13       		.uleb128 0x13
 337 0049 00       		.byte	0
 338 004a 00       		.byte	0
ARM GAS  C:\Users\stvichuk\AppData\Local\Temp\ccd148dt.s 			page 7


 339 004b 08       		.uleb128 0x8
 340 004c 34       		.uleb128 0x34
 341 004d 00       		.byte	0
 342 004e 03       		.uleb128 0x3
 343 004f 0E       		.uleb128 0xe
 344 0050 3A       		.uleb128 0x3a
 345 0051 0B       		.uleb128 0xb
 346 0052 3B       		.uleb128 0x3b
 347 0053 0B       		.uleb128 0xb
 348 0054 49       		.uleb128 0x49
 349 0055 13       		.uleb128 0x13
 350 0056 3F       		.uleb128 0x3f
 351 0057 19       		.uleb128 0x19
 352 0058 02       		.uleb128 0x2
 353 0059 18       		.uleb128 0x18
 354 005a 00       		.byte	0
 355 005b 00       		.byte	0
 356 005c 00       		.byte	0
 357              		.section	.debug_aranges,"",%progbits
 358 0000 14000000 		.4byte	0x14
 359 0004 0200     		.2byte	0x2
 360 0006 00000000 		.4byte	.Ldebug_info0
 361 000a 04       		.byte	0x4
 362 000b 00       		.byte	0
 363 000c 0000     		.2byte	0
 364 000e 0000     		.2byte	0
 365 0010 00000000 		.4byte	0
 366 0014 00000000 		.4byte	0
 367              		.section	.debug_line,"",%progbits
 368              	.Ldebug_line0:
 369 0000 15010000 		.section	.debug_str,"MS",%progbits,1
 369      02000F01 
 369      00000201 
 369      FB0E0D00 
 369      01010101 
 370              	.LASF9:
 371 0000 5F5F7569 		.ascii	"__uint8_t\000"
 371      6E74385F 
 371      7400
 372              	.LASF19:
 373 000a 5C5C6261 		.ascii	"\\\\babylon3\\home-fbeit$\\stvichuk\\My Documents\\"
 373      62796C6F 
 373      6E335C68 
 373      6F6D652D 
 373      66626569 
 374 0037 50536F43 		.ascii	"PSoC Creator\\Embedded_basics\\02_LED_BUTTON_HW.cyd"
 374      20437265 
 374      61746F72 
 374      5C456D62 
 374      65646465 
 375 0068 736E00   		.ascii	"sn\000"
 376              	.LASF16:
 377 006b 63795F6D 		.ascii	"cy_metadata\000"
 377      65746164 
 377      61746100 
 378              	.LASF1:
 379 0077 756E7369 		.ascii	"unsigned char\000"
ARM GAS  C:\Users\stvichuk\AppData\Local\Temp\ccd148dt.s 			page 8


 379      676E6564 
 379      20636861 
 379      7200
 380              	.LASF17:
 381 0085 474E5520 		.ascii	"GNU C11 5.4.1 20160609 (release) [ARM/embedded-5-br"
 381      43313120 
 381      352E342E 
 381      31203230 
 381      31363036 
 382 00b8 616E6368 		.ascii	"anch revision 237715] -mcpu=cortex-m3 -mthumb -g -O"
 382      20726576 
 382      6973696F 
 382      6E203233 
 382      37373135 
 383 00eb 67202D66 		.ascii	"g -ffunction-sections -ffat-lto-objects\000"
 383      66756E63 
 383      74696F6E 
 383      2D736563 
 383      74696F6E 
 384              	.LASF5:
 385 0113 6C6F6E67 		.ascii	"long unsigned int\000"
 385      20756E73 
 385      69676E65 
 385      6420696E 
 385      7400
 386              	.LASF3:
 387 0125 73686F72 		.ascii	"short unsigned int\000"
 387      7420756E 
 387      7369676E 
 387      65642069 
 387      6E7400
 388              	.LASF13:
 389 0138 63795F6D 		.ascii	"cy_meta_custnvl\000"
 389      6574615F 
 389      63757374 
 389      6E766C00 
 390              	.LASF12:
 391 0148 63795F6D 		.ascii	"cy_meta_configecc\000"
 391      6574615F 
 391      636F6E66 
 391      69676563 
 391      6300
 392              	.LASF8:
 393 015a 756E7369 		.ascii	"unsigned int\000"
 393      676E6564 
 393      20696E74 
 393      00
 394              	.LASF7:
 395 0167 6C6F6E67 		.ascii	"long long unsigned int\000"
 395      206C6F6E 
 395      6720756E 
 395      7369676E 
 395      65642069 
 396              	.LASF10:
 397 017e 75696E74 		.ascii	"uint8_t\000"
 397      385F7400 
 398              	.LASF15:
ARM GAS  C:\Users\stvichuk\AppData\Local\Temp\ccd148dt.s 			page 9


 399 0186 63795F6D 		.ascii	"cy_meta_flashprotect\000"
 399      6574615F 
 399      666C6173 
 399      6870726F 
 399      74656374 
 400              	.LASF14:
 401 019b 63795F6D 		.ascii	"cy_meta_wonvl\000"
 401      6574615F 
 401      776F6E76 
 401      6C00
 402              	.LASF11:
 403 01a9 73697A65 		.ascii	"sizetype\000"
 403      74797065 
 403      00
 404              	.LASF6:
 405 01b2 6C6F6E67 		.ascii	"long long int\000"
 405      206C6F6E 
 405      6720696E 
 405      7400
 406              	.LASF2:
 407 01c0 73686F72 		.ascii	"short int\000"
 407      7420696E 
 407      7400
 408              	.LASF4:
 409 01ca 6C6F6E67 		.ascii	"long int\000"
 409      20696E74 
 409      00
 410              	.LASF0:
 411 01d3 7369676E 		.ascii	"signed char\000"
 411      65642063 
 411      68617200 
 412              	.LASF18:
 413 01df 47656E65 		.ascii	"Generated_Source\\PSoC5\\cymetadata.c\000"
 413      72617465 
 413      645F536F 
 413      75726365 
 413      5C50536F 
 414              		.ident	"GCC: (GNU Tools for ARM Embedded Processors) 5.4.1 20160609 (release) [ARM/embedded-5-bran
