ARM GAS  C:\Users\swaga\AppData\Local\Temp\ccUuDYv3.s 			page 1


   1              		.syntax unified
   2              		.cpu cortex-m3
   3              		.fpu softvfp
   4              		.eabi_attribute 20, 1
   5              		.eabi_attribute 21, 1
   6              		.eabi_attribute 23, 3
   7              		.eabi_attribute 24, 1
   8              		.eabi_attribute 25, 1
   9              		.eabi_attribute 26, 1
  10              		.eabi_attribute 30, 1
  11              		.eabi_attribute 34, 1
  12              		.eabi_attribute 18, 4
  13              		.thumb
  14              		.syntax unified
  15              		.file	"main.c"
  16              		.text
  17              	.Ltext0:
  18              		.cfi_sections	.debug_frame
  19              		.section	.text.lower_to_upper,"ax",%progbits
  20              		.align	2
  21              		.global	lower_to_upper
  22              		.thumb
  23              		.thumb_func
  24              		.type	lower_to_upper, %function
  25              	lower_to_upper:
  26              	.LFB64:
  27              		.file 1 "main.c"
   1:main.c        **** 
   2:main.c        **** #include "project.h"
   3:main.c        **** #include<stdio.h>
   4:main.c        **** char buffer[100];
   5:main.c        **** uint8_t buffer_index = 0;// software buffer
   6:main.c        **** uint8 bytes_received ;
   7:main.c        **** uint8  bytes_remaining;
   8:main.c        **** 
   9:main.c        **** 
  10:main.c        **** // upper to lower case conversion
  11:main.c        **** char* lower_to_upper(char* string){
  28              		.loc 1 11 0
  29              		.cfi_startproc
  30              		@ args = 0, pretend = 0, frame = 0
  31              		@ frame_needed = 0, uses_anonymous_args = 0
  32              		@ link register save eliminated.
  33              	.LVL0:
  34 0000 10B4     		push	{r4}
  35              		.cfi_def_cfa_offset 4
  36              		.cfi_offset 4, -4
  37              	.LVL1:
  38              	.LBB2:
  12:main.c        ****       for (int i= 0 ; ((string[i] !='\0'));i++)
  39              		.loc 1 12 0
  40 0002 0022     		movs	r2, #0
  41 0004 07E0     		b	.L2
  42              	.LVL2:
  43              	.L4:
  13:main.c        ****            { 
  14:main.c        ****         if (string[i]>=97 && string[i]<=122)
ARM GAS  C:\Users\swaga\AppData\Local\Temp\ccUuDYv3.s 			page 2


  44              		.loc 1 14 0
  45 0006 A3F16101 		sub	r1, r3, #97
  46 000a C9B2     		uxtb	r1, r1
  47 000c 1929     		cmp	r1, #25
  48 000e 01D8     		bhi	.L3
  15:main.c        ****                string[i] = (string[i] - ('a' - 'A')) ;        
  49              		.loc 1 15 0
  50 0010 203B     		subs	r3, r3, #32
  51 0012 2370     		strb	r3, [r4]
  52              	.L3:
  12:main.c        ****       for (int i= 0 ; ((string[i] !='\0'));i++)
  53              		.loc 1 12 0 discriminator 2
  54 0014 0132     		adds	r2, r2, #1
  55              	.LVL3:
  56              	.L2:
  12:main.c        ****       for (int i= 0 ; ((string[i] !='\0'));i++)
  57              		.loc 1 12 0 is_stmt 0 discriminator 1
  58 0016 8418     		adds	r4, r0, r2
  59 0018 835C     		ldrb	r3, [r0, r2]	@ zero_extendqisi2
  60 001a 002B     		cmp	r3, #0
  61 001c F3D1     		bne	.L4
  62              	.LBE2:
  16:main.c        ****         else{
  17:main.c        ****                 string[i] = string[i];
  18:main.c        ****           }
  19:main.c        ****         }
  20:main.c        ****     return string;
  21:main.c        ****     }
  63              		.loc 1 21 0 is_stmt 1
  64 001e 10BC     		pop	{r4}
  65              		.cfi_restore 4
  66              		.cfi_def_cfa_offset 0
  67 0020 7047     		bx	lr
  68              		.cfi_endproc
  69              	.LFE64:
  70              		.size	lower_to_upper, .-lower_to_upper
  71 0022 00BF     		.section	.text.main,"ax",%progbits
  72              		.align	2
  73              		.global	main
  74              		.thumb
  75              		.thumb_func
  76              		.type	main, %function
  77              	main:
  78              	.LFB65:
  22:main.c        **** 
  23:main.c        **** 
  24:main.c        **** int main(void)
  25:main.c        **** {
  79              		.loc 1 25 0
  80              		.cfi_startproc
  81              		@ args = 0, pretend = 0, frame = 0
  82              		@ frame_needed = 0, uses_anonymous_args = 0
  83 0000 10B5     		push	{r4, lr}
  84              		.cfi_def_cfa_offset 8
  85              		.cfi_offset 4, -8
  86              		.cfi_offset 14, -4
  26:main.c        ****     CyGlobalIntEnable; /* Enable global interrupts. */
ARM GAS  C:\Users\swaga\AppData\Local\Temp\ccUuDYv3.s 			page 3


  87              		.loc 1 26 0
  88              		.syntax unified
  89              	@ 26 "main.c" 1
  90 0002 62B6     		CPSIE   i
  91              	@ 0 "" 2
  27:main.c        **** 
  28:main.c        ****     UART_Start();
  92              		.loc 1 28 0
  93              		.thumb
  94              		.syntax unified
  95 0004 FFF7FEFF 		bl	UART_Start
  96              	.LVL4:
  97              	.L15:
  29:main.c        ****     
  30:main.c        ****     for(;;){
  31:main.c        ****         // data receive pipeline
  32:main.c        ****         bytes_received =bytes_remaining = UART_GetRxBufferSize(); // number of bytes received
  98              		.loc 1 32 0
  99 0008 FFF7FEFF 		bl	UART_GetRxBufferSize
 100              	.LVL5:
 101 000c 224B     		ldr	r3, .L17
 102 000e 1870     		strb	r0, [r3]
 103 0010 224B     		ldr	r3, .L17+4
 104 0012 1870     		strb	r0, [r3]
  33:main.c        ****         while ((buffer_index <= bytes_received) && (bytes_remaining !=0)){
 105              		.loc 1 33 0
 106 0014 15E0     		b	.L7
 107              	.L11:
  34:main.c        ****             buffer[buffer_index] = UART_GetByte(); 
 108              		.loc 1 34 0
 109 0016 FFF7FEFF 		bl	UART_GetByte
 110              	.LVL6:
 111 001a 214B     		ldr	r3, .L17+8
 112 001c 1855     		strb	r0, [r3, r4]
  35:main.c        ****             while (buffer[buffer_index] == '\0')  // make sure the data is received and copied to t
 113              		.loc 1 35 0
 114 001e 03E0     		b	.L8
 115              	.L9:
  36:main.c        ****                 buffer[buffer_index] = UART_GetByte(); // or else try unil the data is copied to bu
 116              		.loc 1 36 0
 117 0020 FFF7FEFF 		bl	UART_GetByte
 118              	.LVL7:
 119 0024 1E4B     		ldr	r3, .L17+8
 120 0026 1855     		strb	r0, [r3, r4]
 121              	.L8:
  35:main.c        ****             while (buffer[buffer_index] == '\0')  // make sure the data is received and copied to t
 122              		.loc 1 35 0
 123 0028 1E4B     		ldr	r3, .L17+12
 124 002a 1C78     		ldrb	r4, [r3]	@ zero_extendqisi2
 125 002c 1C4B     		ldr	r3, .L17+8
 126 002e 1B5D     		ldrb	r3, [r3, r4]	@ zero_extendqisi2
 127 0030 002B     		cmp	r3, #0
 128 0032 F5D0     		beq	.L9
  37:main.c        ****             buffer_index +=1;
 129              		.loc 1 37 0
 130 0034 0134     		adds	r4, r4, #1
 131 0036 1B4B     		ldr	r3, .L17+12
ARM GAS  C:\Users\swaga\AppData\Local\Temp\ccUuDYv3.s 			page 4


 132 0038 1C70     		strb	r4, [r3]
  38:main.c        ****             bytes_remaining = UART_GetRxBufferSize();  // check how much data is remaining in the U
 133              		.loc 1 38 0
 134 003a FFF7FEFF 		bl	UART_GetRxBufferSize
 135              	.LVL8:
 136 003e 164B     		ldr	r3, .L17
 137 0040 1870     		strb	r0, [r3]
 138              	.L7:
  33:main.c        ****             buffer[buffer_index] = UART_GetByte(); 
 139              		.loc 1 33 0
 140 0042 184B     		ldr	r3, .L17+12
 141 0044 1C78     		ldrb	r4, [r3]	@ zero_extendqisi2
 142 0046 154B     		ldr	r3, .L17+4
 143 0048 1B78     		ldrb	r3, [r3]	@ zero_extendqisi2
 144 004a 9C42     		cmp	r4, r3
 145 004c 03D8     		bhi	.L10
  33:main.c        ****             buffer[buffer_index] = UART_GetByte(); 
 146              		.loc 1 33 0 is_stmt 0 discriminator 1
 147 004e 124A     		ldr	r2, .L17
 148 0050 1278     		ldrb	r2, [r2]	@ zero_extendqisi2
 149 0052 002A     		cmp	r2, #0
 150 0054 DFD1     		bne	.L11
 151              	.L10:
  39:main.c        ****             
  40:main.c        ****             }
  41:main.c        ****         // data transfer only when data received
  42:main.c        ****         if (bytes_received != 0){
 152              		.loc 1 42 0 is_stmt 1
 153 0056 DBB1     		cbz	r3, .L12
  43:main.c        ****             UART_PutChar('\n');
 154              		.loc 1 43 0
 155 0058 0A20     		movs	r0, #10
 156 005a FFF7FEFF 		bl	UART_PutChar
 157              	.LVL9:
  44:main.c        ****             UART_PutString(buffer);
 158              		.loc 1 44 0
 159 005e 104C     		ldr	r4, .L17+8
 160 0060 2046     		mov	r0, r4
 161 0062 FFF7FEFF 		bl	UART_PutString
 162              	.LVL10:
  45:main.c        ****             UART_PutChar('\n');
 163              		.loc 1 45 0
 164 0066 0A20     		movs	r0, #10
 165 0068 FFF7FEFF 		bl	UART_PutChar
 166              	.LVL11:
  46:main.c        ****             //sprintf(buffer, "\n");
  47:main.c        ****             UART_PutString(lower_to_upper(buffer));
 167              		.loc 1 47 0
 168 006c 2046     		mov	r0, r4
 169 006e FFF7FEFF 		bl	lower_to_upper
 170              	.LVL12:
 171 0072 FFF7FEFF 		bl	UART_PutString
 172              	.LVL13:
 173              	.LBB3:
  48:main.c        ****             // RESETING/Emptying buffer to null after transmission of data
  49:main.c        ****             for(int i = 0;i<buffer_index;i++){
 174              		.loc 1 49 0
ARM GAS  C:\Users\swaga\AppData\Local\Temp\ccUuDYv3.s 			page 5


 175 0076 0023     		movs	r3, #0
 176 0078 03E0     		b	.L13
 177              	.LVL14:
 178              	.L14:
  50:main.c        ****                 buffer[i] ='\0';}
 179              		.loc 1 50 0 discriminator 3
 180 007a 0021     		movs	r1, #0
 181 007c 084A     		ldr	r2, .L17+8
 182 007e D154     		strb	r1, [r2, r3]
  49:main.c        ****                 buffer[i] ='\0';}
 183              		.loc 1 49 0 discriminator 3
 184 0080 0133     		adds	r3, r3, #1
 185              	.LVL15:
 186              	.L13:
  49:main.c        ****                 buffer[i] ='\0';}
 187              		.loc 1 49 0 is_stmt 0 discriminator 1
 188 0082 084A     		ldr	r2, .L17+12
 189 0084 1278     		ldrb	r2, [r2]	@ zero_extendqisi2
 190 0086 9342     		cmp	r3, r2
 191 0088 F7DB     		blt	.L14
 192              	.LBE3:
  51:main.c        ****                 //Reseting buffer index to 0
  52:main.c        ****                 buffer_index = 0;
 193              		.loc 1 52 0 is_stmt 1
 194 008a 0022     		movs	r2, #0
 195 008c 054B     		ldr	r3, .L17+12
 196              	.LVL16:
 197 008e 1A70     		strb	r2, [r3]
 198              	.L12:
  53:main.c        ****         
  54:main.c        ****             }  
  55:main.c        ****         //when no data received do something else
  56:main.c        ****         CyDelay(10);
 199              		.loc 1 56 0
 200 0090 0A20     		movs	r0, #10
 201 0092 FFF7FEFF 		bl	CyDelay
 202              	.LVL17:
  57:main.c        ****        }
 203              		.loc 1 57 0
 204 0096 B7E7     		b	.L15
 205              	.L18:
 206              		.align	2
 207              	.L17:
 208 0098 00000000 		.word	bytes_remaining
 209 009c 00000000 		.word	bytes_received
 210 00a0 00000000 		.word	buffer
 211 00a4 00000000 		.word	.LANCHOR0
 212              		.cfi_endproc
 213              	.LFE65:
 214              		.size	main, .-main
 215              		.comm	bytes_remaining,1,1
 216              		.comm	bytes_received,1,1
 217              		.global	buffer_index
 218              		.comm	buffer,100,4
 219              		.bss
 220              		.set	.LANCHOR0,. + 0
 221              		.type	buffer_index, %object
ARM GAS  C:\Users\swaga\AppData\Local\Temp\ccUuDYv3.s 			page 6


 222              		.size	buffer_index, 1
 223              	buffer_index:
 224 0000 00       		.space	1
 225              		.text
 226              	.Letext0:
 227              		.file 2 "c:\\program files (x86)\\cypress\\psoc creator\\4.2\\psoc creator\\import\\gnu\\arm\\5.4.
 228              		.file 3 "c:\\program files (x86)\\cypress\\psoc creator\\4.2\\psoc creator\\import\\gnu\\arm\\5.4.
 229              		.file 4 "Generated_Source\\PSoC5/cytypes.h"
 230              		.file 5 "Generated_Source\\PSoC5/core_cm3.h"
 231              		.file 6 "Generated_Source\\PSoC5/UART.h"
 232              		.file 7 "Generated_Source\\PSoC5/CyLib.h"
 233              		.section	.debug_info,"",%progbits
 234              	.Ldebug_info0:
 235 0000 76020000 		.4byte	0x276
 236 0004 0400     		.2byte	0x4
 237 0006 00000000 		.4byte	.Ldebug_abbrev0
 238 000a 04       		.byte	0x4
 239 000b 01       		.uleb128 0x1
 240 000c BF000000 		.4byte	.LASF30
 241 0010 0C       		.byte	0xc
 242 0011 FB010000 		.4byte	.LASF31
 243 0015 49000000 		.4byte	.LASF32
 244 0019 00000000 		.4byte	.Ldebug_ranges0+0
 245 001d 00000000 		.4byte	0
 246 0021 00000000 		.4byte	.Ldebug_line0
 247 0025 02       		.uleb128 0x2
 248 0026 01       		.byte	0x1
 249 0027 06       		.byte	0x6
 250 0028 55020000 		.4byte	.LASF0
 251 002c 03       		.uleb128 0x3
 252 002d 0F000000 		.4byte	.LASF4
 253 0031 02       		.byte	0x2
 254 0032 1D       		.byte	0x1d
 255 0033 37000000 		.4byte	0x37
 256 0037 02       		.uleb128 0x2
 257 0038 01       		.byte	0x1
 258 0039 08       		.byte	0x8
 259 003a B1000000 		.4byte	.LASF1
 260 003e 02       		.uleb128 0x2
 261 003f 02       		.byte	0x2
 262 0040 05       		.byte	0x5
 263 0041 14020000 		.4byte	.LASF2
 264 0045 02       		.uleb128 0x2
 265 0046 02       		.byte	0x2
 266 0047 07       		.byte	0x7
 267 0048 5F010000 		.4byte	.LASF3
 268 004c 03       		.uleb128 0x3
 269 004d 19000000 		.4byte	.LASF5
 270 0051 02       		.byte	0x2
 271 0052 3F       		.byte	0x3f
 272 0053 57000000 		.4byte	0x57
 273 0057 02       		.uleb128 0x2
 274 0058 04       		.byte	0x4
 275 0059 05       		.byte	0x5
 276 005a 40020000 		.4byte	.LASF6
 277 005e 02       		.uleb128 0x2
 278 005f 04       		.byte	0x4
ARM GAS  C:\Users\swaga\AppData\Local\Temp\ccUuDYv3.s 			page 7


 279 0060 07       		.byte	0x7
 280 0061 4D010000 		.4byte	.LASF7
 281 0065 02       		.uleb128 0x2
 282 0066 08       		.byte	0x8
 283 0067 05       		.byte	0x5
 284 0068 ED010000 		.4byte	.LASF8
 285 006c 02       		.uleb128 0x2
 286 006d 08       		.byte	0x8
 287 006e 07       		.byte	0x7
 288 006f B0010000 		.4byte	.LASF9
 289 0073 04       		.uleb128 0x4
 290 0074 04       		.byte	0x4
 291 0075 05       		.byte	0x5
 292 0076 696E7400 		.ascii	"int\000"
 293 007a 02       		.uleb128 0x2
 294 007b 04       		.byte	0x4
 295 007c 07       		.byte	0x7
 296 007d A3010000 		.4byte	.LASF10
 297 0081 03       		.uleb128 0x3
 298 0082 C7010000 		.4byte	.LASF11
 299 0086 03       		.byte	0x3
 300 0087 18       		.byte	0x18
 301 0088 2C000000 		.4byte	0x2c
 302 008c 03       		.uleb128 0x3
 303 008d CF010000 		.4byte	.LASF12
 304 0091 03       		.byte	0x3
 305 0092 2C       		.byte	0x2c
 306 0093 4C000000 		.4byte	0x4c
 307 0097 05       		.uleb128 0x5
 308 0098 25020000 		.4byte	.LASF13
 309 009c 04       		.byte	0x4
 310 009d E401     		.2byte	0x1e4
 311 009f 37000000 		.4byte	0x37
 312 00a3 02       		.uleb128 0x2
 313 00a4 04       		.byte	0x4
 314 00a5 04       		.byte	0x4
 315 00a6 AB000000 		.4byte	.LASF14
 316 00aa 02       		.uleb128 0x2
 317 00ab 08       		.byte	0x8
 318 00ac 04       		.byte	0x4
 319 00ad 8A010000 		.4byte	.LASF15
 320 00b1 02       		.uleb128 0x2
 321 00b2 01       		.byte	0x1
 322 00b3 08       		.byte	0x8
 323 00b4 02020000 		.4byte	.LASF16
 324 00b8 02       		.uleb128 0x2
 325 00b9 08       		.byte	0x8
 326 00ba 04       		.byte	0x4
 327 00bb 49020000 		.4byte	.LASF17
 328 00bf 02       		.uleb128 0x2
 329 00c0 04       		.byte	0x4
 330 00c1 07       		.byte	0x7
 331 00c2 E4010000 		.4byte	.LASF18
 332 00c6 06       		.uleb128 0x6
 333 00c7 04       		.byte	0x4
 334 00c8 B1000000 		.4byte	0xb1
 335 00cc 07       		.uleb128 0x7
ARM GAS  C:\Users\swaga\AppData\Local\Temp\ccUuDYv3.s 			page 8


 336 00cd 00000000 		.4byte	.LASF33
 337 00d1 01       		.byte	0x1
 338 00d2 0B       		.byte	0xb
 339 00d3 C6000000 		.4byte	0xc6
 340 00d7 00000000 		.4byte	.LFB64
 341 00db 22000000 		.4byte	.LFE64-.LFB64
 342 00df 01       		.uleb128 0x1
 343 00e0 9C       		.byte	0x9c
 344 00e1 0A010000 		.4byte	0x10a
 345 00e5 08       		.uleb128 0x8
 346 00e6 42000000 		.4byte	.LASF34
 347 00ea 01       		.byte	0x1
 348 00eb 0B       		.byte	0xb
 349 00ec C6000000 		.4byte	0xc6
 350 00f0 01       		.uleb128 0x1
 351 00f1 50       		.byte	0x50
 352 00f2 09       		.uleb128 0x9
 353 00f3 02000000 		.4byte	.LBB2
 354 00f7 1C000000 		.4byte	.LBE2-.LBB2
 355 00fb 0A       		.uleb128 0xa
 356 00fc 6900     		.ascii	"i\000"
 357 00fe 01       		.byte	0x1
 358 00ff 0C       		.byte	0xc
 359 0100 73000000 		.4byte	0x73
 360 0104 00000000 		.4byte	.LLST0
 361 0108 00       		.byte	0
 362 0109 00       		.byte	0
 363 010a 0B       		.uleb128 0xb
 364 010b 91010000 		.4byte	.LASF35
 365 010f 01       		.byte	0x1
 366 0110 18       		.byte	0x18
 367 0111 73000000 		.4byte	0x73
 368 0115 00000000 		.4byte	.LFB65
 369 0119 A8000000 		.4byte	.LFE65-.LFB65
 370 011d 01       		.uleb128 0x1
 371 011e 9C       		.byte	0x9c
 372 011f D2010000 		.4byte	0x1d2
 373 0123 0C       		.uleb128 0xc
 374 0124 76000000 		.4byte	.LBB3
 375 0128 14000000 		.4byte	.LBE3-.LBB3
 376 012c 3E010000 		.4byte	0x13e
 377 0130 0A       		.uleb128 0xa
 378 0131 6900     		.ascii	"i\000"
 379 0133 01       		.byte	0x1
 380 0134 31       		.byte	0x31
 381 0135 73000000 		.4byte	0x73
 382 0139 1F000000 		.4byte	.LLST1
 383 013d 00       		.byte	0
 384 013e 0D       		.uleb128 0xd
 385 013f 08000000 		.4byte	.LVL4
 386 0143 37020000 		.4byte	0x237
 387 0147 0D       		.uleb128 0xd
 388 0148 0C000000 		.4byte	.LVL5
 389 014c 42020000 		.4byte	0x242
 390 0150 0D       		.uleb128 0xd
 391 0151 1A000000 		.4byte	.LVL6
 392 0155 4D020000 		.4byte	0x24d
ARM GAS  C:\Users\swaga\AppData\Local\Temp\ccUuDYv3.s 			page 9


 393 0159 0D       		.uleb128 0xd
 394 015a 24000000 		.4byte	.LVL7
 395 015e 4D020000 		.4byte	0x24d
 396 0162 0D       		.uleb128 0xd
 397 0163 3E000000 		.4byte	.LVL8
 398 0167 42020000 		.4byte	0x242
 399 016b 0E       		.uleb128 0xe
 400 016c 5E000000 		.4byte	.LVL9
 401 0170 58020000 		.4byte	0x258
 402 0174 7E010000 		.4byte	0x17e
 403 0178 0F       		.uleb128 0xf
 404 0179 01       		.uleb128 0x1
 405 017a 50       		.byte	0x50
 406 017b 01       		.uleb128 0x1
 407 017c 3A       		.byte	0x3a
 408 017d 00       		.byte	0
 409 017e 0E       		.uleb128 0xe
 410 017f 66000000 		.4byte	.LVL10
 411 0183 63020000 		.4byte	0x263
 412 0187 92010000 		.4byte	0x192
 413 018b 0F       		.uleb128 0xf
 414 018c 01       		.uleb128 0x1
 415 018d 50       		.byte	0x50
 416 018e 02       		.uleb128 0x2
 417 018f 74       		.byte	0x74
 418 0190 00       		.sleb128 0
 419 0191 00       		.byte	0
 420 0192 0E       		.uleb128 0xe
 421 0193 6C000000 		.4byte	.LVL11
 422 0197 58020000 		.4byte	0x258
 423 019b A5010000 		.4byte	0x1a5
 424 019f 0F       		.uleb128 0xf
 425 01a0 01       		.uleb128 0x1
 426 01a1 50       		.byte	0x50
 427 01a2 01       		.uleb128 0x1
 428 01a3 3A       		.byte	0x3a
 429 01a4 00       		.byte	0
 430 01a5 0E       		.uleb128 0xe
 431 01a6 72000000 		.4byte	.LVL12
 432 01aa CC000000 		.4byte	0xcc
 433 01ae B9010000 		.4byte	0x1b9
 434 01b2 0F       		.uleb128 0xf
 435 01b3 01       		.uleb128 0x1
 436 01b4 50       		.byte	0x50
 437 01b5 02       		.uleb128 0x2
 438 01b6 74       		.byte	0x74
 439 01b7 00       		.sleb128 0
 440 01b8 00       		.byte	0
 441 01b9 0D       		.uleb128 0xd
 442 01ba 76000000 		.4byte	.LVL13
 443 01be 63020000 		.4byte	0x263
 444 01c2 10       		.uleb128 0x10
 445 01c3 96000000 		.4byte	.LVL17
 446 01c7 6E020000 		.4byte	0x26e
 447 01cb 0F       		.uleb128 0xf
 448 01cc 01       		.uleb128 0x1
 449 01cd 50       		.byte	0x50
ARM GAS  C:\Users\swaga\AppData\Local\Temp\ccUuDYv3.s 			page 10


 450 01ce 01       		.uleb128 0x1
 451 01cf 3A       		.byte	0x3a
 452 01d0 00       		.byte	0
 453 01d1 00       		.byte	0
 454 01d2 11       		.uleb128 0x11
 455 01d3 7D010000 		.4byte	.LASF19
 456 01d7 05       		.byte	0x5
 457 01d8 1207     		.2byte	0x712
 458 01da DE010000 		.4byte	0x1de
 459 01de 12       		.uleb128 0x12
 460 01df 8C000000 		.4byte	0x8c
 461 01e3 13       		.uleb128 0x13
 462 01e4 B1000000 		.4byte	0xb1
 463 01e8 F3010000 		.4byte	0x1f3
 464 01ec 14       		.uleb128 0x14
 465 01ed BF000000 		.4byte	0xbf
 466 01f1 63       		.byte	0x63
 467 01f2 00       		.byte	0
 468 01f3 15       		.uleb128 0x15
 469 01f4 1E020000 		.4byte	.LASF20
 470 01f8 01       		.byte	0x1
 471 01f9 04       		.byte	0x4
 472 01fa E3010000 		.4byte	0x1e3
 473 01fe 05       		.uleb128 0x5
 474 01ff 03       		.byte	0x3
 475 0200 00000000 		.4byte	buffer
 476 0204 15       		.uleb128 0x15
 477 0205 07020000 		.4byte	.LASF21
 478 0209 01       		.byte	0x1
 479 020a 05       		.byte	0x5
 480 020b 81000000 		.4byte	0x81
 481 020f 05       		.uleb128 0x5
 482 0210 03       		.byte	0x3
 483 0211 00000000 		.4byte	buffer_index
 484 0215 15       		.uleb128 0x15
 485 0216 33000000 		.4byte	.LASF22
 486 021a 01       		.byte	0x1
 487 021b 06       		.byte	0x6
 488 021c 97000000 		.4byte	0x97
 489 0220 05       		.uleb128 0x5
 490 0221 03       		.byte	0x3
 491 0222 00000000 		.4byte	bytes_received
 492 0226 15       		.uleb128 0x15
 493 0227 23000000 		.4byte	.LASF23
 494 022b 01       		.byte	0x1
 495 022c 07       		.byte	0x7
 496 022d 97000000 		.4byte	0x97
 497 0231 05       		.uleb128 0x5
 498 0232 03       		.byte	0x3
 499 0233 00000000 		.4byte	bytes_remaining
 500 0237 16       		.uleb128 0x16
 501 0238 72010000 		.4byte	.LASF24
 502 023c 72010000 		.4byte	.LASF24
 503 0240 06       		.byte	0x6
 504 0241 54       		.byte	0x54
 505 0242 16       		.uleb128 0x16
 506 0243 2B020000 		.4byte	.LASF25
ARM GAS  C:\Users\swaga\AppData\Local\Temp\ccUuDYv3.s 			page 11


 507 0247 2B020000 		.4byte	.LASF25
 508 024b 06       		.byte	0x6
 509 024c 73       		.byte	0x73
 510 024d 16       		.uleb128 0x16
 511 024e 96010000 		.4byte	.LASF26
 512 0252 96010000 		.4byte	.LASF26
 513 0256 06       		.byte	0x6
 514 0257 72       		.byte	0x72
 515 0258 16       		.uleb128 0x16
 516 0259 D7010000 		.4byte	.LASF27
 517 025d D7010000 		.4byte	.LASF27
 518 0261 06       		.byte	0x6
 519 0262 8A       		.byte	0x8a
 520 0263 16       		.uleb128 0x16
 521 0264 61020000 		.4byte	.LASF28
 522 0268 61020000 		.4byte	.LASF28
 523 026c 06       		.byte	0x6
 524 026d 8B       		.byte	0x8b
 525 026e 16       		.uleb128 0x16
 526 026f 70020000 		.4byte	.LASF29
 527 0273 70020000 		.4byte	.LASF29
 528 0277 07       		.byte	0x7
 529 0278 76       		.byte	0x76
 530 0279 00       		.byte	0
 531              		.section	.debug_abbrev,"",%progbits
 532              	.Ldebug_abbrev0:
 533 0000 01       		.uleb128 0x1
 534 0001 11       		.uleb128 0x11
 535 0002 01       		.byte	0x1
 536 0003 25       		.uleb128 0x25
 537 0004 0E       		.uleb128 0xe
 538 0005 13       		.uleb128 0x13
 539 0006 0B       		.uleb128 0xb
 540 0007 03       		.uleb128 0x3
 541 0008 0E       		.uleb128 0xe
 542 0009 1B       		.uleb128 0x1b
 543 000a 0E       		.uleb128 0xe
 544 000b 55       		.uleb128 0x55
 545 000c 17       		.uleb128 0x17
 546 000d 11       		.uleb128 0x11
 547 000e 01       		.uleb128 0x1
 548 000f 10       		.uleb128 0x10
 549 0010 17       		.uleb128 0x17
 550 0011 00       		.byte	0
 551 0012 00       		.byte	0
 552 0013 02       		.uleb128 0x2
 553 0014 24       		.uleb128 0x24
 554 0015 00       		.byte	0
 555 0016 0B       		.uleb128 0xb
 556 0017 0B       		.uleb128 0xb
 557 0018 3E       		.uleb128 0x3e
 558 0019 0B       		.uleb128 0xb
 559 001a 03       		.uleb128 0x3
 560 001b 0E       		.uleb128 0xe
 561 001c 00       		.byte	0
 562 001d 00       		.byte	0
 563 001e 03       		.uleb128 0x3
ARM GAS  C:\Users\swaga\AppData\Local\Temp\ccUuDYv3.s 			page 12


 564 001f 16       		.uleb128 0x16
 565 0020 00       		.byte	0
 566 0021 03       		.uleb128 0x3
 567 0022 0E       		.uleb128 0xe
 568 0023 3A       		.uleb128 0x3a
 569 0024 0B       		.uleb128 0xb
 570 0025 3B       		.uleb128 0x3b
 571 0026 0B       		.uleb128 0xb
 572 0027 49       		.uleb128 0x49
 573 0028 13       		.uleb128 0x13
 574 0029 00       		.byte	0
 575 002a 00       		.byte	0
 576 002b 04       		.uleb128 0x4
 577 002c 24       		.uleb128 0x24
 578 002d 00       		.byte	0
 579 002e 0B       		.uleb128 0xb
 580 002f 0B       		.uleb128 0xb
 581 0030 3E       		.uleb128 0x3e
 582 0031 0B       		.uleb128 0xb
 583 0032 03       		.uleb128 0x3
 584 0033 08       		.uleb128 0x8
 585 0034 00       		.byte	0
 586 0035 00       		.byte	0
 587 0036 05       		.uleb128 0x5
 588 0037 16       		.uleb128 0x16
 589 0038 00       		.byte	0
 590 0039 03       		.uleb128 0x3
 591 003a 0E       		.uleb128 0xe
 592 003b 3A       		.uleb128 0x3a
 593 003c 0B       		.uleb128 0xb
 594 003d 3B       		.uleb128 0x3b
 595 003e 05       		.uleb128 0x5
 596 003f 49       		.uleb128 0x49
 597 0040 13       		.uleb128 0x13
 598 0041 00       		.byte	0
 599 0042 00       		.byte	0
 600 0043 06       		.uleb128 0x6
 601 0044 0F       		.uleb128 0xf
 602 0045 00       		.byte	0
 603 0046 0B       		.uleb128 0xb
 604 0047 0B       		.uleb128 0xb
 605 0048 49       		.uleb128 0x49
 606 0049 13       		.uleb128 0x13
 607 004a 00       		.byte	0
 608 004b 00       		.byte	0
 609 004c 07       		.uleb128 0x7
 610 004d 2E       		.uleb128 0x2e
 611 004e 01       		.byte	0x1
 612 004f 3F       		.uleb128 0x3f
 613 0050 19       		.uleb128 0x19
 614 0051 03       		.uleb128 0x3
 615 0052 0E       		.uleb128 0xe
 616 0053 3A       		.uleb128 0x3a
 617 0054 0B       		.uleb128 0xb
 618 0055 3B       		.uleb128 0x3b
 619 0056 0B       		.uleb128 0xb
 620 0057 27       		.uleb128 0x27
ARM GAS  C:\Users\swaga\AppData\Local\Temp\ccUuDYv3.s 			page 13


 621 0058 19       		.uleb128 0x19
 622 0059 49       		.uleb128 0x49
 623 005a 13       		.uleb128 0x13
 624 005b 11       		.uleb128 0x11
 625 005c 01       		.uleb128 0x1
 626 005d 12       		.uleb128 0x12
 627 005e 06       		.uleb128 0x6
 628 005f 40       		.uleb128 0x40
 629 0060 18       		.uleb128 0x18
 630 0061 9742     		.uleb128 0x2117
 631 0063 19       		.uleb128 0x19
 632 0064 01       		.uleb128 0x1
 633 0065 13       		.uleb128 0x13
 634 0066 00       		.byte	0
 635 0067 00       		.byte	0
 636 0068 08       		.uleb128 0x8
 637 0069 05       		.uleb128 0x5
 638 006a 00       		.byte	0
 639 006b 03       		.uleb128 0x3
 640 006c 0E       		.uleb128 0xe
 641 006d 3A       		.uleb128 0x3a
 642 006e 0B       		.uleb128 0xb
 643 006f 3B       		.uleb128 0x3b
 644 0070 0B       		.uleb128 0xb
 645 0071 49       		.uleb128 0x49
 646 0072 13       		.uleb128 0x13
 647 0073 02       		.uleb128 0x2
 648 0074 18       		.uleb128 0x18
 649 0075 00       		.byte	0
 650 0076 00       		.byte	0
 651 0077 09       		.uleb128 0x9
 652 0078 0B       		.uleb128 0xb
 653 0079 01       		.byte	0x1
 654 007a 11       		.uleb128 0x11
 655 007b 01       		.uleb128 0x1
 656 007c 12       		.uleb128 0x12
 657 007d 06       		.uleb128 0x6
 658 007e 00       		.byte	0
 659 007f 00       		.byte	0
 660 0080 0A       		.uleb128 0xa
 661 0081 34       		.uleb128 0x34
 662 0082 00       		.byte	0
 663 0083 03       		.uleb128 0x3
 664 0084 08       		.uleb128 0x8
 665 0085 3A       		.uleb128 0x3a
 666 0086 0B       		.uleb128 0xb
 667 0087 3B       		.uleb128 0x3b
 668 0088 0B       		.uleb128 0xb
 669 0089 49       		.uleb128 0x49
 670 008a 13       		.uleb128 0x13
 671 008b 02       		.uleb128 0x2
 672 008c 17       		.uleb128 0x17
 673 008d 00       		.byte	0
 674 008e 00       		.byte	0
 675 008f 0B       		.uleb128 0xb
 676 0090 2E       		.uleb128 0x2e
 677 0091 01       		.byte	0x1
ARM GAS  C:\Users\swaga\AppData\Local\Temp\ccUuDYv3.s 			page 14


 678 0092 3F       		.uleb128 0x3f
 679 0093 19       		.uleb128 0x19
 680 0094 03       		.uleb128 0x3
 681 0095 0E       		.uleb128 0xe
 682 0096 3A       		.uleb128 0x3a
 683 0097 0B       		.uleb128 0xb
 684 0098 3B       		.uleb128 0x3b
 685 0099 0B       		.uleb128 0xb
 686 009a 27       		.uleb128 0x27
 687 009b 19       		.uleb128 0x19
 688 009c 49       		.uleb128 0x49
 689 009d 13       		.uleb128 0x13
 690 009e 8701     		.uleb128 0x87
 691 00a0 19       		.uleb128 0x19
 692 00a1 11       		.uleb128 0x11
 693 00a2 01       		.uleb128 0x1
 694 00a3 12       		.uleb128 0x12
 695 00a4 06       		.uleb128 0x6
 696 00a5 40       		.uleb128 0x40
 697 00a6 18       		.uleb128 0x18
 698 00a7 9742     		.uleb128 0x2117
 699 00a9 19       		.uleb128 0x19
 700 00aa 01       		.uleb128 0x1
 701 00ab 13       		.uleb128 0x13
 702 00ac 00       		.byte	0
 703 00ad 00       		.byte	0
 704 00ae 0C       		.uleb128 0xc
 705 00af 0B       		.uleb128 0xb
 706 00b0 01       		.byte	0x1
 707 00b1 11       		.uleb128 0x11
 708 00b2 01       		.uleb128 0x1
 709 00b3 12       		.uleb128 0x12
 710 00b4 06       		.uleb128 0x6
 711 00b5 01       		.uleb128 0x1
 712 00b6 13       		.uleb128 0x13
 713 00b7 00       		.byte	0
 714 00b8 00       		.byte	0
 715 00b9 0D       		.uleb128 0xd
 716 00ba 898201   		.uleb128 0x4109
 717 00bd 00       		.byte	0
 718 00be 11       		.uleb128 0x11
 719 00bf 01       		.uleb128 0x1
 720 00c0 31       		.uleb128 0x31
 721 00c1 13       		.uleb128 0x13
 722 00c2 00       		.byte	0
 723 00c3 00       		.byte	0
 724 00c4 0E       		.uleb128 0xe
 725 00c5 898201   		.uleb128 0x4109
 726 00c8 01       		.byte	0x1
 727 00c9 11       		.uleb128 0x11
 728 00ca 01       		.uleb128 0x1
 729 00cb 31       		.uleb128 0x31
 730 00cc 13       		.uleb128 0x13
 731 00cd 01       		.uleb128 0x1
 732 00ce 13       		.uleb128 0x13
 733 00cf 00       		.byte	0
 734 00d0 00       		.byte	0
ARM GAS  C:\Users\swaga\AppData\Local\Temp\ccUuDYv3.s 			page 15


 735 00d1 0F       		.uleb128 0xf
 736 00d2 8A8201   		.uleb128 0x410a
 737 00d5 00       		.byte	0
 738 00d6 02       		.uleb128 0x2
 739 00d7 18       		.uleb128 0x18
 740 00d8 9142     		.uleb128 0x2111
 741 00da 18       		.uleb128 0x18
 742 00db 00       		.byte	0
 743 00dc 00       		.byte	0
 744 00dd 10       		.uleb128 0x10
 745 00de 898201   		.uleb128 0x4109
 746 00e1 01       		.byte	0x1
 747 00e2 11       		.uleb128 0x11
 748 00e3 01       		.uleb128 0x1
 749 00e4 31       		.uleb128 0x31
 750 00e5 13       		.uleb128 0x13
 751 00e6 00       		.byte	0
 752 00e7 00       		.byte	0
 753 00e8 11       		.uleb128 0x11
 754 00e9 34       		.uleb128 0x34
 755 00ea 00       		.byte	0
 756 00eb 03       		.uleb128 0x3
 757 00ec 0E       		.uleb128 0xe
 758 00ed 3A       		.uleb128 0x3a
 759 00ee 0B       		.uleb128 0xb
 760 00ef 3B       		.uleb128 0x3b
 761 00f0 05       		.uleb128 0x5
 762 00f1 49       		.uleb128 0x49
 763 00f2 13       		.uleb128 0x13
 764 00f3 3F       		.uleb128 0x3f
 765 00f4 19       		.uleb128 0x19
 766 00f5 3C       		.uleb128 0x3c
 767 00f6 19       		.uleb128 0x19
 768 00f7 00       		.byte	0
 769 00f8 00       		.byte	0
 770 00f9 12       		.uleb128 0x12
 771 00fa 35       		.uleb128 0x35
 772 00fb 00       		.byte	0
 773 00fc 49       		.uleb128 0x49
 774 00fd 13       		.uleb128 0x13
 775 00fe 00       		.byte	0
 776 00ff 00       		.byte	0
 777 0100 13       		.uleb128 0x13
 778 0101 01       		.uleb128 0x1
 779 0102 01       		.byte	0x1
 780 0103 49       		.uleb128 0x49
 781 0104 13       		.uleb128 0x13
 782 0105 01       		.uleb128 0x1
 783 0106 13       		.uleb128 0x13
 784 0107 00       		.byte	0
 785 0108 00       		.byte	0
 786 0109 14       		.uleb128 0x14
 787 010a 21       		.uleb128 0x21
 788 010b 00       		.byte	0
 789 010c 49       		.uleb128 0x49
 790 010d 13       		.uleb128 0x13
 791 010e 2F       		.uleb128 0x2f
ARM GAS  C:\Users\swaga\AppData\Local\Temp\ccUuDYv3.s 			page 16


 792 010f 0B       		.uleb128 0xb
 793 0110 00       		.byte	0
 794 0111 00       		.byte	0
 795 0112 15       		.uleb128 0x15
 796 0113 34       		.uleb128 0x34
 797 0114 00       		.byte	0
 798 0115 03       		.uleb128 0x3
 799 0116 0E       		.uleb128 0xe
 800 0117 3A       		.uleb128 0x3a
 801 0118 0B       		.uleb128 0xb
 802 0119 3B       		.uleb128 0x3b
 803 011a 0B       		.uleb128 0xb
 804 011b 49       		.uleb128 0x49
 805 011c 13       		.uleb128 0x13
 806 011d 3F       		.uleb128 0x3f
 807 011e 19       		.uleb128 0x19
 808 011f 02       		.uleb128 0x2
 809 0120 18       		.uleb128 0x18
 810 0121 00       		.byte	0
 811 0122 00       		.byte	0
 812 0123 16       		.uleb128 0x16
 813 0124 2E       		.uleb128 0x2e
 814 0125 00       		.byte	0
 815 0126 3F       		.uleb128 0x3f
 816 0127 19       		.uleb128 0x19
 817 0128 3C       		.uleb128 0x3c
 818 0129 19       		.uleb128 0x19
 819 012a 6E       		.uleb128 0x6e
 820 012b 0E       		.uleb128 0xe
 821 012c 03       		.uleb128 0x3
 822 012d 0E       		.uleb128 0xe
 823 012e 3A       		.uleb128 0x3a
 824 012f 0B       		.uleb128 0xb
 825 0130 3B       		.uleb128 0x3b
 826 0131 0B       		.uleb128 0xb
 827 0132 00       		.byte	0
 828 0133 00       		.byte	0
 829 0134 00       		.byte	0
 830              		.section	.debug_loc,"",%progbits
 831              	.Ldebug_loc0:
 832              	.LLST0:
 833 0000 02000000 		.4byte	.LVL1
 834 0004 06000000 		.4byte	.LVL2
 835 0008 0200     		.2byte	0x2
 836 000a 30       		.byte	0x30
 837 000b 9F       		.byte	0x9f
 838 000c 06000000 		.4byte	.LVL2
 839 0010 22000000 		.4byte	.LFE64
 840 0014 0100     		.2byte	0x1
 841 0016 52       		.byte	0x52
 842 0017 00000000 		.4byte	0
 843 001b 00000000 		.4byte	0
 844              	.LLST1:
 845 001f 76000000 		.4byte	.LVL13
 846 0023 7A000000 		.4byte	.LVL14
 847 0027 0200     		.2byte	0x2
 848 0029 30       		.byte	0x30
ARM GAS  C:\Users\swaga\AppData\Local\Temp\ccUuDYv3.s 			page 17


 849 002a 9F       		.byte	0x9f
 850 002b 7A000000 		.4byte	.LVL14
 851 002f 8E000000 		.4byte	.LVL16
 852 0033 0100     		.2byte	0x1
 853 0035 53       		.byte	0x53
 854 0036 00000000 		.4byte	0
 855 003a 00000000 		.4byte	0
 856              		.section	.debug_aranges,"",%progbits
 857 0000 24000000 		.4byte	0x24
 858 0004 0200     		.2byte	0x2
 859 0006 00000000 		.4byte	.Ldebug_info0
 860 000a 04       		.byte	0x4
 861 000b 00       		.byte	0
 862 000c 0000     		.2byte	0
 863 000e 0000     		.2byte	0
 864 0010 00000000 		.4byte	.LFB64
 865 0014 22000000 		.4byte	.LFE64-.LFB64
 866 0018 00000000 		.4byte	.LFB65
 867 001c A8000000 		.4byte	.LFE65-.LFB65
 868 0020 00000000 		.4byte	0
 869 0024 00000000 		.4byte	0
 870              		.section	.debug_ranges,"",%progbits
 871              	.Ldebug_ranges0:
 872 0000 00000000 		.4byte	.LFB64
 873 0004 22000000 		.4byte	.LFE64
 874 0008 00000000 		.4byte	.LFB65
 875 000c A8000000 		.4byte	.LFE65
 876 0010 00000000 		.4byte	0
 877 0014 00000000 		.4byte	0
 878              		.section	.debug_line,"",%progbits
 879              	.Ldebug_line0:
 880 0000 C5010000 		.section	.debug_str,"MS",%progbits,1
 880      02006101 
 880      00000201 
 880      FB0E0D00 
 880      01010101 
 881              	.LASF33:
 882 0000 6C6F7765 		.ascii	"lower_to_upper\000"
 882      725F746F 
 882      5F757070 
 882      657200
 883              	.LASF4:
 884 000f 5F5F7569 		.ascii	"__uint8_t\000"
 884      6E74385F 
 884      7400
 885              	.LASF5:
 886 0019 5F5F696E 		.ascii	"__int32_t\000"
 886      7433325F 
 886      7400
 887              	.LASF23:
 888 0023 62797465 		.ascii	"bytes_remaining\000"
 888      735F7265 
 888      6D61696E 
 888      696E6700 
 889              	.LASF22:
 890 0033 62797465 		.ascii	"bytes_received\000"
 890      735F7265 
ARM GAS  C:\Users\swaga\AppData\Local\Temp\ccUuDYv3.s 			page 18


 890      63656976 
 890      656400
 891              	.LASF34:
 892 0042 73747269 		.ascii	"string\000"
 892      6E6700
 893              	.LASF32:
 894 0049 443A5C68 		.ascii	"D:\\h_da\\Lecturs\\Basic Embedded\\Embedded_basics\\"
 894      5F64615C 
 894      4C656374 
 894      7572735C 
 894      42617369 
 895 0078 31315F55 		.ascii	"11_UART_without_swbuffer_talkback_capitalize.cydsn\000"
 895      4152545F 
 895      77697468 
 895      6F75745F 
 895      73776275 
 896              	.LASF14:
 897 00ab 666C6F61 		.ascii	"float\000"
 897      7400
 898              	.LASF1:
 899 00b1 756E7369 		.ascii	"unsigned char\000"
 899      676E6564 
 899      20636861 
 899      7200
 900              	.LASF30:
 901 00bf 474E5520 		.ascii	"GNU C11 5.4.1 20160609 (release) [ARM/embedded-5-br"
 901      43313120 
 901      352E342E 
 901      31203230 
 901      31363036 
 902 00f2 616E6368 		.ascii	"anch revision 237715] -mcpu=cortex-m3 -mthumb -g -O"
 902      20726576 
 902      6973696F 
 902      6E203233 
 902      37373135 
 903 0125 67202D66 		.ascii	"g -ffunction-sections -ffat-lto-objects\000"
 903      66756E63 
 903      74696F6E 
 903      2D736563 
 903      74696F6E 
 904              	.LASF7:
 905 014d 6C6F6E67 		.ascii	"long unsigned int\000"
 905      20756E73 
 905      69676E65 
 905      6420696E 
 905      7400
 906              	.LASF3:
 907 015f 73686F72 		.ascii	"short unsigned int\000"
 907      7420756E 
 907      7369676E 
 907      65642069 
 907      6E7400
 908              	.LASF24:
 909 0172 55415254 		.ascii	"UART_Start\000"
 909      5F537461 
 909      727400
 910              	.LASF19:
ARM GAS  C:\Users\swaga\AppData\Local\Temp\ccUuDYv3.s 			page 19


 911 017d 49544D5F 		.ascii	"ITM_RxBuffer\000"
 911      52784275 
 911      66666572 
 911      00
 912              	.LASF15:
 913 018a 646F7562 		.ascii	"double\000"
 913      6C6500
 914              	.LASF35:
 915 0191 6D61696E 		.ascii	"main\000"
 915      00
 916              	.LASF26:
 917 0196 55415254 		.ascii	"UART_GetByte\000"
 917      5F476574 
 917      42797465 
 917      00
 918              	.LASF10:
 919 01a3 756E7369 		.ascii	"unsigned int\000"
 919      676E6564 
 919      20696E74 
 919      00
 920              	.LASF9:
 921 01b0 6C6F6E67 		.ascii	"long long unsigned int\000"
 921      206C6F6E 
 921      6720756E 
 921      7369676E 
 921      65642069 
 922              	.LASF11:
 923 01c7 75696E74 		.ascii	"uint8_t\000"
 923      385F7400 
 924              	.LASF12:
 925 01cf 696E7433 		.ascii	"int32_t\000"
 925      325F7400 
 926              	.LASF27:
 927 01d7 55415254 		.ascii	"UART_PutChar\000"
 927      5F507574 
 927      43686172 
 927      00
 928              	.LASF18:
 929 01e4 73697A65 		.ascii	"sizetype\000"
 929      74797065 
 929      00
 930              	.LASF8:
 931 01ed 6C6F6E67 		.ascii	"long long int\000"
 931      206C6F6E 
 931      6720696E 
 931      7400
 932              	.LASF31:
 933 01fb 6D61696E 		.ascii	"main.c\000"
 933      2E6300
 934              	.LASF16:
 935 0202 63686172 		.ascii	"char\000"
 935      00
 936              	.LASF21:
 937 0207 62756666 		.ascii	"buffer_index\000"
 937      65725F69 
 937      6E646578 
 937      00
ARM GAS  C:\Users\swaga\AppData\Local\Temp\ccUuDYv3.s 			page 20


 938              	.LASF2:
 939 0214 73686F72 		.ascii	"short int\000"
 939      7420696E 
 939      7400
 940              	.LASF20:
 941 021e 62756666 		.ascii	"buffer\000"
 941      657200
 942              	.LASF13:
 943 0225 75696E74 		.ascii	"uint8\000"
 943      3800
 944              	.LASF25:
 945 022b 55415254 		.ascii	"UART_GetRxBufferSize\000"
 945      5F476574 
 945      52784275 
 945      66666572 
 945      53697A65 
 946              	.LASF6:
 947 0240 6C6F6E67 		.ascii	"long int\000"
 947      20696E74 
 947      00
 948              	.LASF17:
 949 0249 6C6F6E67 		.ascii	"long double\000"
 949      20646F75 
 949      626C6500 
 950              	.LASF0:
 951 0255 7369676E 		.ascii	"signed char\000"
 951      65642063 
 951      68617200 
 952              	.LASF28:
 953 0261 55415254 		.ascii	"UART_PutString\000"
 953      5F507574 
 953      53747269 
 953      6E6700
 954              	.LASF29:
 955 0270 43794465 		.ascii	"CyDelay\000"
 955      6C617900 
 956              		.ident	"GCC: (GNU Tools for ARM Embedded Processors) 5.4.1 20160609 (release) [ARM/embedded-5-bran
