ARM GAS  C:\Users\swaga\AppData\Local\Temp\ccmBoPEP.s 			page 1


   1              		.syntax unified
   2              		.cpu cortex-m3
   3              		.fpu softvfp
   4              		.eabi_attribute 20, 1
   5              		.eabi_attribute 21, 1
   6              		.eabi_attribute 23, 3
   7              		.eabi_attribute 24, 1
   8              		.eabi_attribute 25, 1
   9              		.eabi_attribute 26, 1
  10              		.eabi_attribute 30, 1
  11              		.eabi_attribute 34, 1
  12              		.eabi_attribute 18, 4
  13              		.thumb
  14              		.syntax unified
  15              		.file	"main.c"
  16              		.text
  17              	.Ltext0:
  18              		.cfi_sections	.debug_frame
  19              		.section	.text.ISR_UART_Rx,"ax",%progbits
  20              		.align	2
  21              		.global	ISR_UART_Rx
  22              		.thumb
  23              		.thumb_func
  24              		.type	ISR_UART_Rx, %function
  25              	ISR_UART_Rx:
  26              	.LFB64:
  27              		.file 1 "main.c"
   1:main.c        **** #include "project.h"
   2:main.c        **** #include<stdio.h>
   3:main.c        **** # define vdda 5.0
   4:main.c        **** # define ADC_COUNT 65536
   5:main.c        **** # define TX_BUFF_SIZE 256
   6:main.c        **** //char rx_buffer;          // software buffer
   7:main.c        **** uint8_t rx_buffer_flag = 0;
   8:main.c        **** uint16 tx_buffer[TX_BUFF_SIZE];
   9:main.c        **** 
  10:main.c        **** 
  11:main.c        **** // Interrupt function to be activcated ever time a Byte is received
  12:main.c        **** void ISR_UART_Rx(void){
  28              		.loc 1 12 0
  29              		.cfi_startproc
  30              		@ args = 0, pretend = 0, frame = 0
  31              		@ frame_needed = 0, uses_anonymous_args = 0
  32              		@ link register save eliminated.
  13:main.c        ****     //rx_buffer = UART_GetByte();
  14:main.c        ****     rx_buffer_flag = 1;
  33              		.loc 1 14 0
  34 0000 0122     		movs	r2, #1
  35 0002 014B     		ldr	r3, .L2
  36 0004 1A70     		strb	r2, [r3]
  37 0006 7047     		bx	lr
  38              	.L3:
  39              		.align	2
  40              	.L2:
  41 0008 00000000 		.word	.LANCHOR0
  42              		.cfi_endproc
  43              	.LFE64:
ARM GAS  C:\Users\swaga\AppData\Local\Temp\ccmBoPEP.s 			page 2


  44              		.size	ISR_UART_Rx, .-ISR_UART_Rx
  45              		.global	__aeabi_i2d
  46              		.global	__aeabi_dmul
  47              		.global	__aeabi_d2f
  48              		.global	__aeabi_f2d
  49              		.global	__aeabi_dcmplt
  50              		.global	__aeabi_dcmpge
  51              		.global	__aeabi_fcmplt
  52              		.global	__aeabi_fcmpge
  53              		.section	.text.main,"ax",%progbits
  54              		.align	2
  55              		.global	main
  56              		.thumb
  57              		.thumb_func
  58              		.type	main, %function
  59              	main:
  60              	.LFB65:
  15:main.c        ****     
  16:main.c        **** }
  17:main.c        **** /*void ADC_convers_done(){
  18:main.c        ****     ADC_DONE_ClearPending();
  19:main.c        ****     
  20:main.c        ****     ADC_StopConvert();
  21:main.c        **** }
  22:main.c        **** */
  23:main.c        **** int main(void)
  24:main.c        **** {
  61              		.loc 1 24 0
  62              		.cfi_startproc
  63              		@ args = 0, pretend = 0, frame = 0
  64              		@ frame_needed = 0, uses_anonymous_args = 0
  65 0000 F8B5     		push	{r3, r4, r5, r6, r7, lr}
  66              		.cfi_def_cfa_offset 24
  67              		.cfi_offset 3, -24
  68              		.cfi_offset 4, -20
  69              		.cfi_offset 5, -16
  70              		.cfi_offset 6, -12
  71              		.cfi_offset 7, -8
  72              		.cfi_offset 14, -4
  25:main.c        ****     CyGlobalIntEnable; /* Enable global interrupts. */
  73              		.loc 1 25 0
  74              		.syntax unified
  75              	@ 25 "main.c" 1
  76 0002 62B6     		CPSIE   i
  77              	@ 0 "" 2
  26:main.c        ****     UART_Start();
  78              		.loc 1 26 0
  79              		.thumb
  80              		.syntax unified
  81 0004 FFF7FEFF 		bl	UART_Start
  82              	.LVL0:
  27:main.c        ****     ADC_Start();
  83              		.loc 1 27 0
  84 0008 FFF7FEFF 		bl	ADC_Start
  85              	.LVL1:
  28:main.c        ****     ADC_StartConvert();
  86              		.loc 1 28 0
ARM GAS  C:\Users\swaga\AppData\Local\Temp\ccmBoPEP.s 			page 3


  87 000c FFF7FEFF 		bl	ADC_StartConvert
  88              	.LVL2:
  29:main.c        ****     uint16 adc_result;
  30:main.c        ****     float adc_to_vg;
  31:main.c        ****     uint8 adc_to_tx_buf_done = 0;
  32:main.c        ****     // Interrupt function to be activcated ever time a Byte is received
  33:main.c        ****     ISR_UART_Rx_StartEx(ISR_UART_Rx);
  89              		.loc 1 33 0
  90 0010 4D48     		ldr	r0, .L28+16
  91 0012 FFF7FEFF 		bl	ISR_UART_Rx_StartEx
  92              	.LVL3:
  31:main.c        ****     // Interrupt function to be activcated ever time a Byte is received
  93              		.loc 1 31 0
  94 0016 0027     		movs	r7, #0
  95              	.LVL4:
  96              	.L19:
  34:main.c        ****     //ADC_DONE_StartEx(ADC_convers_done);
  35:main.c        ****     for(;;)
  36:main.c        ****        { 
  37:main.c        ****         // transmit the data only when requested from outside (i.e. rx_buffer_flag is high)
  38:main.c        ****         if((rx_buffer_flag ==1)&& (adc_to_tx_buf_done ==1)){
  97              		.loc 1 38 0
  98 0018 4C4B     		ldr	r3, .L28+20
  99 001a 1B78     		ldrb	r3, [r3]	@ zero_extendqisi2
 100 001c 012B     		cmp	r3, #1
 101 001e 08D1     		bne	.L5
 102              		.loc 1 38 0 is_stmt 0 discriminator 1
 103 0020 3FB1     		cbz	r7, .L5
  39:main.c        ****   
  40:main.c        ****                 UART_PutArray(tx_buffer,TX_BUFF_SIZE * sizeof(uint16_t));//<-----------------------
 104              		.loc 1 40 0 is_stmt 1
 105 0022 4FF40071 		mov	r1, #512
 106 0026 4A48     		ldr	r0, .L28+24
 107 0028 FFF7FEFF 		bl	UART_PutArray
 108              	.LVL5:
  41:main.c        ****             
  42:main.c        ****                 adc_to_tx_buf_done = 0;
  43:main.c        ****                 rx_buffer_flag = 0;
 109              		.loc 1 43 0
 110 002c 0027     		movs	r7, #0
 111 002e 474B     		ldr	r3, .L28+20
 112 0030 1F70     		strb	r7, [r3]
 113              	.LVL6:
 114              	.L5:
  44:main.c        ****             }
  45:main.c        ****         
  46:main.c        ****         // load ADC readings to tx buffer when requested from outside (i.e. rx_buffer_flag is high)
  47:main.c        ****         if (rx_buffer_flag ==1){
 115              		.loc 1 47 0
 116 0032 464B     		ldr	r3, .L28+20
 117 0034 1B78     		ldrb	r3, [r3]	@ zero_extendqisi2
 118 0036 012B     		cmp	r3, #1
 119 0038 0ED1     		bne	.L7
 120 003a 09E0     		b	.L20
 121              	.LVL7:
 122              	.L8:
 123              	.LBB2:
ARM GAS  C:\Users\swaga\AppData\Local\Temp\ccmBoPEP.s 			page 4


  48:main.c        ****            for (int i =0; i<TX_BUFF_SIZE ; i++){
  49:main.c        ****               ADC_IsEndConversion(ADC_WAIT_FOR_RESULT);
 124              		.loc 1 49 0 discriminator 3
 125 003c 0020     		movs	r0, #0
 126 003e FFF7FEFF 		bl	ADC_IsEndConversion
 127              	.LVL8:
  50:main.c        ****               tx_buffer[i] = ADC_GetResult32(); 
 128              		.loc 1 50 0 discriminator 3
 129 0042 FFF7FEFF 		bl	ADC_GetResult32
 130              	.LVL9:
 131 0046 424B     		ldr	r3, .L28+24
 132 0048 23F81400 		strh	r0, [r3, r4, lsl #1]	@ movhi
  48:main.c        ****            for (int i =0; i<TX_BUFF_SIZE ; i++){
 133              		.loc 1 48 0 discriminator 3
 134 004c 0134     		adds	r4, r4, #1
 135              	.LVL10:
 136 004e 00E0     		b	.L6
 137              	.LVL11:
 138              	.L20:
 139              	.LBE2:
 140 0050 0024     		movs	r4, #0
 141              	.L6:
 142              	.LVL12:
 143              	.LBB3:
  48:main.c        ****            for (int i =0; i<TX_BUFF_SIZE ; i++){
 144              		.loc 1 48 0 is_stmt 0 discriminator 1
 145 0052 FF2C     		cmp	r4, #255
 146 0054 F2DD     		ble	.L8
 147              	.LBE3:
  51:main.c        ****            }
  52:main.c        ****            adc_to_tx_buf_done = 1;
 148              		.loc 1 52 0 is_stmt 1
 149 0056 0127     		movs	r7, #1
 150              	.LVL13:
 151              	.L7:
  53:main.c        ****         }
  54:main.c        ****         // normal operation ( read ADC data and light the appropriate LED)
  55:main.c        ****         ADC_StartConvert();
 152              		.loc 1 55 0
 153 0058 FFF7FEFF 		bl	ADC_StartConvert
 154              	.LVL14:
  56:main.c        ****         ADC_IsEndConversion(ADC_WAIT_FOR_RESULT);
 155              		.loc 1 56 0
 156 005c 0020     		movs	r0, #0
 157 005e FFF7FEFF 		bl	ADC_IsEndConversion
 158              	.LVL15:
  57:main.c        ****         adc_result = ADC_GetResult32();
 159              		.loc 1 57 0
 160 0062 FFF7FEFF 		bl	ADC_GetResult32
 161              	.LVL16:
  58:main.c        ****         //CyDelay(1);
  59:main.c        ****         adc_to_vg = (vdda/ADC_COUNT) * adc_result ;
 162              		.loc 1 59 0
 163 0066 80B2     		uxth	r0, r0
 164 0068 FFF7FEFF 		bl	__aeabi_i2d
 165              	.LVL17:
 166 006c 0022     		movs	r2, #0
ARM GAS  C:\Users\swaga\AppData\Local\Temp\ccmBoPEP.s 			page 5


 167 006e 394B     		ldr	r3, .L28+28
 168 0070 FFF7FEFF 		bl	__aeabi_dmul
 169              	.LVL18:
 170 0074 FFF7FEFF 		bl	__aeabi_d2f
 171              	.LVL19:
 172 0078 0646     		mov	r6, r0
 173              	.LVL20:
  60:main.c        ****         
  61:main.c        ****         if (adc_to_vg < (0.088*vdda)){  // flash green LED if adc reads less than 8.8% of vdda 
 174              		.loc 1 61 0
 175 007a FFF7FEFF 		bl	__aeabi_f2d
 176              	.LVL21:
 177 007e 0446     		mov	r4, r0
 178 0080 0D46     		mov	r5, r1
 179 0082 2DA3     		adr	r3, .L28
 180 0084 D3E90023 		ldrd	r2, [r3]
 181 0088 FFF7FEFF 		bl	__aeabi_dcmplt
 182              	.LVL22:
 183 008c 98B1     		cbz	r0, .L9
  62:main.c        ****             led_green_Write(1);
 184              		.loc 1 62 0
 185 008e 0120     		movs	r0, #1
 186 0090 FFF7FEFF 		bl	led_green_Write
 187              	.LVL23:
  63:main.c        ****             CyDelay(1000);
 188              		.loc 1 63 0
 189 0094 4FF47A70 		mov	r0, #1000
 190 0098 FFF7FEFF 		bl	CyDelay
 191              	.LVL24:
  64:main.c        ****             led_green_Write(0);
 192              		.loc 1 64 0
 193 009c 0020     		movs	r0, #0
 194 009e FFF7FEFF 		bl	led_green_Write
 195              	.LVL25:
  65:main.c        ****             CyDelay(1000);
 196              		.loc 1 65 0
 197 00a2 4FF47A70 		mov	r0, #1000
 198 00a6 FFF7FEFF 		bl	CyDelay
 199              	.LVL26:
  66:main.c        ****             led_red_Write(0);
 200              		.loc 1 66 0
 201 00aa 0020     		movs	r0, #0
 202 00ac FFF7FEFF 		bl	led_red_Write
 203              	.LVL27:
  67:main.c        ****             led_yellow_Write(0);
 204              		.loc 1 67 0
 205 00b0 0020     		movs	r0, #0
 206 00b2 FFF7FEFF 		bl	led_yellow_Write
 207              	.LVL28:
 208              	.L9:
  68:main.c        ****         }
  69:main.c        ****         if ((adc_to_vg >= (0.088*vdda)) && (adc_to_vg < (0.5*vdda))){
 209              		.loc 1 69 0
 210 00b6 20A3     		adr	r3, .L28
 211 00b8 D3E90023 		ldrd	r2, [r3]
 212 00bc 2046     		mov	r0, r4
 213 00be 2946     		mov	r1, r5
ARM GAS  C:\Users\swaga\AppData\Local\Temp\ccmBoPEP.s 			page 6


 214 00c0 FFF7FEFF 		bl	__aeabi_dcmpge
 215              	.LVL29:
 216 00c4 68B1     		cbz	r0, .L11
 217              		.loc 1 69 0 is_stmt 0 discriminator 1
 218 00c6 2449     		ldr	r1, .L28+32
 219 00c8 3046     		mov	r0, r6
 220 00ca FFF7FEFF 		bl	__aeabi_fcmplt
 221              	.LVL30:
 222 00ce 40B1     		cbz	r0, .L11
  70:main.c        ****             led_green_Write(1);
 223              		.loc 1 70 0 is_stmt 1
 224 00d0 0120     		movs	r0, #1
 225 00d2 FFF7FEFF 		bl	led_green_Write
 226              	.LVL31:
  71:main.c        ****             led_red_Write(0);
 227              		.loc 1 71 0
 228 00d6 0020     		movs	r0, #0
 229 00d8 FFF7FEFF 		bl	led_red_Write
 230              	.LVL32:
  72:main.c        ****             led_yellow_Write(0);
 231              		.loc 1 72 0
 232 00dc 0020     		movs	r0, #0
 233 00de FFF7FEFF 		bl	led_yellow_Write
 234              	.LVL33:
 235              	.L11:
  73:main.c        ****         }
  74:main.c        ****         if ((adc_to_vg >= (0.5*vdda)) && (adc_to_vg < (0.911*vdda))){
 236              		.loc 1 74 0
 237 00e2 1D49     		ldr	r1, .L28+32
 238 00e4 3046     		mov	r0, r6
 239 00e6 FFF7FEFF 		bl	__aeabi_fcmpge
 240              	.LVL34:
 241 00ea 80B1     		cbz	r0, .L14
 242              		.loc 1 74 0 is_stmt 0 discriminator 1
 243 00ec 14A3     		adr	r3, .L28+8
 244 00ee D3E90023 		ldrd	r2, [r3]
 245 00f2 2046     		mov	r0, r4
 246 00f4 2946     		mov	r1, r5
 247 00f6 FFF7FEFF 		bl	__aeabi_dcmplt
 248              	.LVL35:
 249 00fa 40B1     		cbz	r0, .L14
  75:main.c        ****             led_green_Write(0);
 250              		.loc 1 75 0 is_stmt 1
 251 00fc 0020     		movs	r0, #0
 252 00fe FFF7FEFF 		bl	led_green_Write
 253              	.LVL36:
  76:main.c        ****             led_red_Write(0);
 254              		.loc 1 76 0
 255 0102 0020     		movs	r0, #0
 256 0104 FFF7FEFF 		bl	led_red_Write
 257              	.LVL37:
  77:main.c        ****             led_yellow_Write(1);
 258              		.loc 1 77 0
 259 0108 0120     		movs	r0, #1
 260 010a FFF7FEFF 		bl	led_yellow_Write
 261              	.LVL38:
 262              	.L14:
ARM GAS  C:\Users\swaga\AppData\Local\Temp\ccmBoPEP.s 			page 7


  78:main.c        ****         }
  79:main.c        ****         if (adc_to_vg >= (0.911*vdda)){
 263              		.loc 1 79 0
 264 010e 0CA3     		adr	r3, .L28+8
 265 0110 D3E90023 		ldrd	r2, [r3]
 266 0114 2046     		mov	r0, r4
 267 0116 2946     		mov	r1, r5
 268 0118 FFF7FEFF 		bl	__aeabi_dcmpge
 269              	.LVL39:
 270 011c 40B1     		cbz	r0, .L17
  80:main.c        ****             led_green_Write(0);
 271              		.loc 1 80 0
 272 011e 0020     		movs	r0, #0
 273 0120 FFF7FEFF 		bl	led_green_Write
 274              	.LVL40:
  81:main.c        ****             led_red_Write(1);
 275              		.loc 1 81 0
 276 0124 0120     		movs	r0, #1
 277 0126 FFF7FEFF 		bl	led_red_Write
 278              	.LVL41:
  82:main.c        ****             led_yellow_Write(0);
 279              		.loc 1 82 0
 280 012a 0020     		movs	r0, #0
 281 012c FFF7FEFF 		bl	led_yellow_Write
 282              	.LVL42:
 283              	.L17:
  83:main.c        ****         }
  84:main.c        ****         CyDelay(1);
 284              		.loc 1 84 0
 285 0130 0120     		movs	r0, #1
 286 0132 FFF7FEFF 		bl	CyDelay
 287              	.LVL43:
  85:main.c        ****        }
 288              		.loc 1 85 0
 289 0136 6FE7     		b	.L19
 290              	.L29:
 291              		.align	3
 292              	.L28:
 293 0138 285C8FC2 		.word	-1030792152
 294 013c F528DC3F 		.word	1071393013
 295 0140 B81E85EB 		.word	-343597384
 296 0144 51381240 		.word	1074935889
 297 0148 00000000 		.word	ISR_UART_Rx
 298 014c 00000000 		.word	.LANCHOR0
 299 0150 00000000 		.word	tx_buffer
 300 0154 0000143F 		.word	1058275328
 301 0158 00002040 		.word	1075838976
 302              		.cfi_endproc
 303              	.LFE65:
 304              		.size	main, .-main
 305              		.comm	tx_buffer,512,4
 306              		.global	rx_buffer_flag
 307              		.bss
 308              		.set	.LANCHOR0,. + 0
 309              		.type	rx_buffer_flag, %object
 310              		.size	rx_buffer_flag, 1
 311              	rx_buffer_flag:
ARM GAS  C:\Users\swaga\AppData\Local\Temp\ccmBoPEP.s 			page 8


 312 0000 00       		.space	1
 313              		.text
 314              	.Letext0:
 315              		.file 2 "c:\\program files (x86)\\cypress\\psoc creator\\4.2\\psoc creator\\import\\gnu\\arm\\5.4.
 316              		.file 3 "c:\\program files (x86)\\cypress\\psoc creator\\4.2\\psoc creator\\import\\gnu\\arm\\5.4.
 317              		.file 4 "Generated_Source\\PSoC5/cytypes.h"
 318              		.file 5 "Generated_Source\\PSoC5/core_cm3.h"
 319              		.file 6 "Generated_Source\\PSoC5/ADC.h"
 320              		.file 7 "Generated_Source\\PSoC5/UART.h"
 321              		.file 8 "Generated_Source\\PSoC5/ISR_UART_Rx.h"
 322              		.file 9 "Generated_Source\\PSoC5/led_green.h"
 323              		.file 10 "Generated_Source\\PSoC5/CyLib.h"
 324              		.file 11 "Generated_Source\\PSoC5/led_red.h"
 325              		.file 12 "Generated_Source\\PSoC5/led_yellow.h"
 326              		.section	.debug_info,"",%progbits
 327              	.Ldebug_info0:
 328 0000 BB030000 		.4byte	0x3bb
 329 0004 0400     		.2byte	0x4
 330 0006 00000000 		.4byte	.Ldebug_abbrev0
 331 000a 04       		.byte	0x4
 332 000b 01       		.uleb128 0x1
 333 000c 70000000 		.4byte	.LASF37
 334 0010 0C       		.byte	0xc
 335 0011 52020000 		.4byte	.LASF38
 336 0015 23010000 		.4byte	.LASF39
 337 0019 18000000 		.4byte	.Ldebug_ranges0+0x18
 338 001d 00000000 		.4byte	0
 339 0021 00000000 		.4byte	.Ldebug_line0
 340 0025 02       		.uleb128 0x2
 341 0026 01       		.byte	0x1
 342 0027 06       		.byte	0x6
 343 0028 97020000 		.4byte	.LASF0
 344 002c 03       		.uleb128 0x3
 345 002d 00000000 		.4byte	.LASF4
 346 0031 02       		.byte	0x2
 347 0032 1D       		.byte	0x1d
 348 0033 37000000 		.4byte	0x37
 349 0037 02       		.uleb128 0x2
 350 0038 01       		.byte	0x1
 351 0039 08       		.byte	0x8
 352 003a 62000000 		.4byte	.LASF1
 353 003e 02       		.uleb128 0x2
 354 003f 02       		.byte	0x2
 355 0040 05       		.byte	0x5
 356 0041 72020000 		.4byte	.LASF2
 357 0045 02       		.uleb128 0x2
 358 0046 02       		.byte	0x2
 359 0047 07       		.byte	0x7
 360 0048 2A000000 		.4byte	.LASF3
 361 004c 03       		.uleb128 0x3
 362 004d 16000000 		.4byte	.LASF5
 363 0051 02       		.byte	0x2
 364 0052 3F       		.byte	0x3f
 365 0053 57000000 		.4byte	0x57
 366 0057 02       		.uleb128 0x2
 367 0058 04       		.byte	0x4
 368 0059 05       		.byte	0x5
ARM GAS  C:\Users\swaga\AppData\Local\Temp\ccmBoPEP.s 			page 9


 369 005a 82020000 		.4byte	.LASF6
 370 005e 02       		.uleb128 0x2
 371 005f 04       		.byte	0x4
 372 0060 07       		.byte	0x7
 373 0061 EB010000 		.4byte	.LASF7
 374 0065 02       		.uleb128 0x2
 375 0066 08       		.byte	0x8
 376 0067 05       		.byte	0x5
 377 0068 44020000 		.4byte	.LASF8
 378 006c 02       		.uleb128 0x2
 379 006d 08       		.byte	0x8
 380 006e 07       		.byte	0x7
 381 006f 0A020000 		.4byte	.LASF9
 382 0073 04       		.uleb128 0x4
 383 0074 04       		.byte	0x4
 384 0075 05       		.byte	0x5
 385 0076 696E7400 		.ascii	"int\000"
 386 007a 02       		.uleb128 0x2
 387 007b 04       		.byte	0x4
 388 007c 07       		.byte	0x7
 389 007d FD010000 		.4byte	.LASF10
 390 0081 03       		.uleb128 0x3
 391 0082 21020000 		.4byte	.LASF11
 392 0086 03       		.byte	0x3
 393 0087 18       		.byte	0x18
 394 0088 2C000000 		.4byte	0x2c
 395 008c 03       		.uleb128 0x3
 396 008d 33020000 		.4byte	.LASF12
 397 0091 03       		.byte	0x3
 398 0092 2C       		.byte	0x2c
 399 0093 4C000000 		.4byte	0x4c
 400 0097 05       		.uleb128 0x5
 401 0098 7C020000 		.4byte	.LASF13
 402 009c 04       		.byte	0x4
 403 009d E401     		.2byte	0x1e4
 404 009f 37000000 		.4byte	0x37
 405 00a3 05       		.uleb128 0x5
 406 00a4 D0010000 		.4byte	.LASF14
 407 00a8 04       		.byte	0x4
 408 00a9 E501     		.2byte	0x1e5
 409 00ab 45000000 		.4byte	0x45
 410 00af 02       		.uleb128 0x2
 411 00b0 04       		.byte	0x4
 412 00b1 04       		.byte	0x4
 413 00b2 5C000000 		.4byte	.LASF15
 414 00b6 02       		.uleb128 0x2
 415 00b7 08       		.byte	0x8
 416 00b8 04       		.byte	0x4
 417 00b9 47000000 		.4byte	.LASF16
 418 00bd 02       		.uleb128 0x2
 419 00be 01       		.byte	0x1
 420 00bf 08       		.byte	0x8
 421 00c0 59020000 		.4byte	.LASF17
 422 00c4 02       		.uleb128 0x2
 423 00c5 08       		.byte	0x8
 424 00c6 04       		.byte	0x4
 425 00c7 8B020000 		.4byte	.LASF18
ARM GAS  C:\Users\swaga\AppData\Local\Temp\ccmBoPEP.s 			page 10


 426 00cb 02       		.uleb128 0x2
 427 00cc 04       		.byte	0x4
 428 00cd 07       		.byte	0x7
 429 00ce 3B020000 		.4byte	.LASF19
 430 00d2 06       		.uleb128 0x6
 431 00d3 0A000000 		.4byte	.LASF40
 432 00d7 01       		.byte	0x1
 433 00d8 0C       		.byte	0xc
 434 00d9 00000000 		.4byte	.LFB64
 435 00dd 0C000000 		.4byte	.LFE64-.LFB64
 436 00e1 01       		.uleb128 0x1
 437 00e2 9C       		.byte	0x9c
 438 00e3 07       		.uleb128 0x7
 439 00e4 D7010000 		.4byte	.LASF41
 440 00e8 01       		.byte	0x1
 441 00e9 17       		.byte	0x17
 442 00ea 73000000 		.4byte	0x73
 443 00ee 00000000 		.4byte	.LFB65
 444 00f2 5C010000 		.4byte	.LFE65-.LFB65
 445 00f6 01       		.uleb128 0x1
 446 00f7 9C       		.byte	0x9c
 447 00f8 02030000 		.4byte	0x302
 448 00fc 08       		.uleb128 0x8
 449 00fd AB020000 		.4byte	.LASF20
 450 0101 01       		.byte	0x1
 451 0102 1D       		.byte	0x1d
 452 0103 A3000000 		.4byte	0xa3
 453 0107 00000000 		.4byte	.LLST0
 454 010b 08       		.uleb128 0x8
 455 010c 20000000 		.4byte	.LASF21
 456 0110 01       		.byte	0x1
 457 0111 1E       		.byte	0x1e
 458 0112 AF000000 		.4byte	0xaf
 459 0116 13000000 		.4byte	.LLST1
 460 011a 08       		.uleb128 0x8
 461 011b B6020000 		.4byte	.LASF22
 462 011f 01       		.byte	0x1
 463 0120 1F       		.byte	0x1f
 464 0121 97000000 		.4byte	0x97
 465 0125 31000000 		.4byte	.LLST2
 466 0129 09       		.uleb128 0x9
 467 012a 00000000 		.4byte	.Ldebug_ranges0+0
 468 012e 5C010000 		.4byte	0x15c
 469 0132 0A       		.uleb128 0xa
 470 0133 6900     		.ascii	"i\000"
 471 0135 01       		.byte	0x1
 472 0136 30       		.byte	0x30
 473 0137 73000000 		.4byte	0x73
 474 013b 67000000 		.4byte	.LLST3
 475 013f 0B       		.uleb128 0xb
 476 0140 42000000 		.4byte	.LVL8
 477 0144 45030000 		.4byte	0x345
 478 0148 52010000 		.4byte	0x152
 479 014c 0C       		.uleb128 0xc
 480 014d 01       		.uleb128 0x1
 481 014e 50       		.byte	0x50
 482 014f 01       		.uleb128 0x1
ARM GAS  C:\Users\swaga\AppData\Local\Temp\ccmBoPEP.s 			page 11


 483 0150 30       		.byte	0x30
 484 0151 00       		.byte	0
 485 0152 0D       		.uleb128 0xd
 486 0153 46000000 		.4byte	.LVL9
 487 0157 50030000 		.4byte	0x350
 488 015b 00       		.byte	0
 489 015c 0D       		.uleb128 0xd
 490 015d 08000000 		.4byte	.LVL0
 491 0161 5B030000 		.4byte	0x35b
 492 0165 0D       		.uleb128 0xd
 493 0166 0C000000 		.4byte	.LVL1
 494 016a 66030000 		.4byte	0x366
 495 016e 0D       		.uleb128 0xd
 496 016f 10000000 		.4byte	.LVL2
 497 0173 71030000 		.4byte	0x371
 498 0177 0B       		.uleb128 0xb
 499 0178 16000000 		.4byte	.LVL3
 500 017c 7C030000 		.4byte	0x37c
 501 0180 8E010000 		.4byte	0x18e
 502 0184 0C       		.uleb128 0xc
 503 0185 01       		.uleb128 0x1
 504 0186 50       		.byte	0x50
 505 0187 05       		.uleb128 0x5
 506 0188 03       		.byte	0x3
 507 0189 00000000 		.4byte	ISR_UART_Rx
 508 018d 00       		.byte	0
 509 018e 0B       		.uleb128 0xb
 510 018f 2C000000 		.4byte	.LVL5
 511 0193 87030000 		.4byte	0x387
 512 0197 AC010000 		.4byte	0x1ac
 513 019b 0C       		.uleb128 0xc
 514 019c 01       		.uleb128 0x1
 515 019d 50       		.byte	0x50
 516 019e 05       		.uleb128 0x5
 517 019f 03       		.byte	0x3
 518 01a0 00000000 		.4byte	tx_buffer
 519 01a4 0C       		.uleb128 0xc
 520 01a5 01       		.uleb128 0x1
 521 01a6 51       		.byte	0x51
 522 01a7 03       		.uleb128 0x3
 523 01a8 0A       		.byte	0xa
 524 01a9 0002     		.2byte	0x200
 525 01ab 00       		.byte	0
 526 01ac 0D       		.uleb128 0xd
 527 01ad 5C000000 		.4byte	.LVL14
 528 01b1 71030000 		.4byte	0x371
 529 01b5 0B       		.uleb128 0xb
 530 01b6 62000000 		.4byte	.LVL15
 531 01ba 45030000 		.4byte	0x345
 532 01be C8010000 		.4byte	0x1c8
 533 01c2 0C       		.uleb128 0xc
 534 01c3 01       		.uleb128 0x1
 535 01c4 50       		.byte	0x50
 536 01c5 01       		.uleb128 0x1
 537 01c6 30       		.byte	0x30
 538 01c7 00       		.byte	0
 539 01c8 0D       		.uleb128 0xd
ARM GAS  C:\Users\swaga\AppData\Local\Temp\ccmBoPEP.s 			page 12


 540 01c9 66000000 		.4byte	.LVL16
 541 01cd 50030000 		.4byte	0x350
 542 01d1 0B       		.uleb128 0xb
 543 01d2 94000000 		.4byte	.LVL23
 544 01d6 92030000 		.4byte	0x392
 545 01da E4010000 		.4byte	0x1e4
 546 01de 0C       		.uleb128 0xc
 547 01df 01       		.uleb128 0x1
 548 01e0 50       		.byte	0x50
 549 01e1 01       		.uleb128 0x1
 550 01e2 31       		.byte	0x31
 551 01e3 00       		.byte	0
 552 01e4 0B       		.uleb128 0xb
 553 01e5 9C000000 		.4byte	.LVL24
 554 01e9 9D030000 		.4byte	0x39d
 555 01ed F9010000 		.4byte	0x1f9
 556 01f1 0C       		.uleb128 0xc
 557 01f2 01       		.uleb128 0x1
 558 01f3 50       		.byte	0x50
 559 01f4 03       		.uleb128 0x3
 560 01f5 0A       		.byte	0xa
 561 01f6 E803     		.2byte	0x3e8
 562 01f8 00       		.byte	0
 563 01f9 0B       		.uleb128 0xb
 564 01fa A2000000 		.4byte	.LVL25
 565 01fe 92030000 		.4byte	0x392
 566 0202 0C020000 		.4byte	0x20c
 567 0206 0C       		.uleb128 0xc
 568 0207 01       		.uleb128 0x1
 569 0208 50       		.byte	0x50
 570 0209 01       		.uleb128 0x1
 571 020a 30       		.byte	0x30
 572 020b 00       		.byte	0
 573 020c 0B       		.uleb128 0xb
 574 020d AA000000 		.4byte	.LVL26
 575 0211 9D030000 		.4byte	0x39d
 576 0215 21020000 		.4byte	0x221
 577 0219 0C       		.uleb128 0xc
 578 021a 01       		.uleb128 0x1
 579 021b 50       		.byte	0x50
 580 021c 03       		.uleb128 0x3
 581 021d 0A       		.byte	0xa
 582 021e E803     		.2byte	0x3e8
 583 0220 00       		.byte	0
 584 0221 0B       		.uleb128 0xb
 585 0222 B0000000 		.4byte	.LVL27
 586 0226 A8030000 		.4byte	0x3a8
 587 022a 34020000 		.4byte	0x234
 588 022e 0C       		.uleb128 0xc
 589 022f 01       		.uleb128 0x1
 590 0230 50       		.byte	0x50
 591 0231 01       		.uleb128 0x1
 592 0232 30       		.byte	0x30
 593 0233 00       		.byte	0
 594 0234 0B       		.uleb128 0xb
 595 0235 B6000000 		.4byte	.LVL28
 596 0239 B3030000 		.4byte	0x3b3
ARM GAS  C:\Users\swaga\AppData\Local\Temp\ccmBoPEP.s 			page 13


 597 023d 47020000 		.4byte	0x247
 598 0241 0C       		.uleb128 0xc
 599 0242 01       		.uleb128 0x1
 600 0243 50       		.byte	0x50
 601 0244 01       		.uleb128 0x1
 602 0245 30       		.byte	0x30
 603 0246 00       		.byte	0
 604 0247 0B       		.uleb128 0xb
 605 0248 D6000000 		.4byte	.LVL31
 606 024c 92030000 		.4byte	0x392
 607 0250 5A020000 		.4byte	0x25a
 608 0254 0C       		.uleb128 0xc
 609 0255 01       		.uleb128 0x1
 610 0256 50       		.byte	0x50
 611 0257 01       		.uleb128 0x1
 612 0258 31       		.byte	0x31
 613 0259 00       		.byte	0
 614 025a 0B       		.uleb128 0xb
 615 025b DC000000 		.4byte	.LVL32
 616 025f A8030000 		.4byte	0x3a8
 617 0263 6D020000 		.4byte	0x26d
 618 0267 0C       		.uleb128 0xc
 619 0268 01       		.uleb128 0x1
 620 0269 50       		.byte	0x50
 621 026a 01       		.uleb128 0x1
 622 026b 30       		.byte	0x30
 623 026c 00       		.byte	0
 624 026d 0B       		.uleb128 0xb
 625 026e E2000000 		.4byte	.LVL33
 626 0272 B3030000 		.4byte	0x3b3
 627 0276 80020000 		.4byte	0x280
 628 027a 0C       		.uleb128 0xc
 629 027b 01       		.uleb128 0x1
 630 027c 50       		.byte	0x50
 631 027d 01       		.uleb128 0x1
 632 027e 30       		.byte	0x30
 633 027f 00       		.byte	0
 634 0280 0B       		.uleb128 0xb
 635 0281 02010000 		.4byte	.LVL36
 636 0285 92030000 		.4byte	0x392
 637 0289 93020000 		.4byte	0x293
 638 028d 0C       		.uleb128 0xc
 639 028e 01       		.uleb128 0x1
 640 028f 50       		.byte	0x50
 641 0290 01       		.uleb128 0x1
 642 0291 30       		.byte	0x30
 643 0292 00       		.byte	0
 644 0293 0B       		.uleb128 0xb
 645 0294 08010000 		.4byte	.LVL37
 646 0298 A8030000 		.4byte	0x3a8
 647 029c A6020000 		.4byte	0x2a6
 648 02a0 0C       		.uleb128 0xc
 649 02a1 01       		.uleb128 0x1
 650 02a2 50       		.byte	0x50
 651 02a3 01       		.uleb128 0x1
 652 02a4 30       		.byte	0x30
 653 02a5 00       		.byte	0
ARM GAS  C:\Users\swaga\AppData\Local\Temp\ccmBoPEP.s 			page 14


 654 02a6 0B       		.uleb128 0xb
 655 02a7 0E010000 		.4byte	.LVL38
 656 02ab B3030000 		.4byte	0x3b3
 657 02af B9020000 		.4byte	0x2b9
 658 02b3 0C       		.uleb128 0xc
 659 02b4 01       		.uleb128 0x1
 660 02b5 50       		.byte	0x50
 661 02b6 01       		.uleb128 0x1
 662 02b7 31       		.byte	0x31
 663 02b8 00       		.byte	0
 664 02b9 0B       		.uleb128 0xb
 665 02ba 24010000 		.4byte	.LVL40
 666 02be 92030000 		.4byte	0x392
 667 02c2 CC020000 		.4byte	0x2cc
 668 02c6 0C       		.uleb128 0xc
 669 02c7 01       		.uleb128 0x1
 670 02c8 50       		.byte	0x50
 671 02c9 01       		.uleb128 0x1
 672 02ca 30       		.byte	0x30
 673 02cb 00       		.byte	0
 674 02cc 0B       		.uleb128 0xb
 675 02cd 2A010000 		.4byte	.LVL41
 676 02d1 A8030000 		.4byte	0x3a8
 677 02d5 DF020000 		.4byte	0x2df
 678 02d9 0C       		.uleb128 0xc
 679 02da 01       		.uleb128 0x1
 680 02db 50       		.byte	0x50
 681 02dc 01       		.uleb128 0x1
 682 02dd 31       		.byte	0x31
 683 02de 00       		.byte	0
 684 02df 0B       		.uleb128 0xb
 685 02e0 30010000 		.4byte	.LVL42
 686 02e4 B3030000 		.4byte	0x3b3
 687 02e8 F2020000 		.4byte	0x2f2
 688 02ec 0C       		.uleb128 0xc
 689 02ed 01       		.uleb128 0x1
 690 02ee 50       		.byte	0x50
 691 02ef 01       		.uleb128 0x1
 692 02f0 30       		.byte	0x30
 693 02f1 00       		.byte	0
 694 02f2 0E       		.uleb128 0xe
 695 02f3 36010000 		.4byte	.LVL43
 696 02f7 9D030000 		.4byte	0x39d
 697 02fb 0C       		.uleb128 0xc
 698 02fc 01       		.uleb128 0x1
 699 02fd 50       		.byte	0x50
 700 02fe 01       		.uleb128 0x1
 701 02ff 31       		.byte	0x31
 702 0300 00       		.byte	0
 703 0301 00       		.byte	0
 704 0302 0F       		.uleb128 0xf
 705 0303 92010000 		.4byte	.LASF23
 706 0307 05       		.byte	0x5
 707 0308 1207     		.2byte	0x712
 708 030a 0E030000 		.4byte	0x30e
 709 030e 10       		.uleb128 0x10
 710 030f 8C000000 		.4byte	0x8c
ARM GAS  C:\Users\swaga\AppData\Local\Temp\ccmBoPEP.s 			page 15


 711 0313 11       		.uleb128 0x11
 712 0314 DC010000 		.4byte	.LASF24
 713 0318 01       		.byte	0x1
 714 0319 07       		.byte	0x7
 715 031a 81000000 		.4byte	0x81
 716 031e 05       		.uleb128 0x5
 717 031f 03       		.byte	0x3
 718 0320 00000000 		.4byte	rx_buffer_flag
 719 0324 12       		.uleb128 0x12
 720 0325 A3000000 		.4byte	0xa3
 721 0329 34030000 		.4byte	0x334
 722 032d 13       		.uleb128 0x13
 723 032e CB000000 		.4byte	0xcb
 724 0332 FF       		.byte	0xff
 725 0333 00       		.byte	0
 726 0334 11       		.uleb128 0x11
 727 0335 3D000000 		.4byte	.LASF25
 728 0339 01       		.byte	0x1
 729 033a 08       		.byte	0x8
 730 033b 24030000 		.4byte	0x324
 731 033f 05       		.uleb128 0x5
 732 0340 03       		.byte	0x3
 733 0341 00000000 		.4byte	tx_buffer
 734 0345 14       		.uleb128 0x14
 735 0346 0F010000 		.4byte	.LASF26
 736 034a 0F010000 		.4byte	.LASF26
 737 034e 06       		.byte	0x6
 738 034f 3F       		.byte	0x3f
 739 0350 14       		.uleb128 0x14
 740 0351 9F010000 		.4byte	.LASF27
 741 0355 9F010000 		.4byte	.LASF27
 742 0359 06       		.byte	0x6
 743 035a 42       		.byte	0x42
 744 035b 14       		.uleb128 0x14
 745 035c 79010000 		.4byte	.LASF28
 746 0360 79010000 		.4byte	.LASF28
 747 0364 07       		.byte	0x7
 748 0365 54       		.byte	0x54
 749 0366 14       		.uleb128 0x14
 750 0367 29020000 		.4byte	.LASF29
 751 036b 29020000 		.4byte	.LASF29
 752 036f 06       		.byte	0x6
 753 0370 3A       		.byte	0x3a
 754 0371 14       		.uleb128 0x14
 755 0372 FE000000 		.4byte	.LASF30
 756 0376 FE000000 		.4byte	.LASF30
 757 037a 06       		.byte	0x6
 758 037b 3D       		.byte	0x3d
 759 037c 14       		.uleb128 0x14
 760 037d 5E020000 		.4byte	.LASF31
 761 0381 5E020000 		.4byte	.LASF31
 762 0385 08       		.byte	0x8
 763 0386 18       		.byte	0x18
 764 0387 14       		.uleb128 0x14
 765 0388 84010000 		.4byte	.LASF32
 766 038c 84010000 		.4byte	.LASF32
 767 0390 07       		.byte	0x7
ARM GAS  C:\Users\swaga\AppData\Local\Temp\ccmBoPEP.s 			page 16


 768 0391 8C       		.byte	0x8c
 769 0392 14       		.uleb128 0x14
 770 0393 C0010000 		.4byte	.LASF33
 771 0397 C0010000 		.4byte	.LASF33
 772 039b 09       		.byte	0x9
 773 039c 26       		.byte	0x26
 774 039d 14       		.uleb128 0x14
 775 039e A3020000 		.4byte	.LASF34
 776 03a2 A3020000 		.4byte	.LASF34
 777 03a6 0A       		.byte	0xa
 778 03a7 76       		.byte	0x76
 779 03a8 14       		.uleb128 0x14
 780 03a9 4E000000 		.4byte	.LASF35
 781 03ad 4E000000 		.4byte	.LASF35
 782 03b1 0B       		.byte	0xb
 783 03b2 26       		.byte	0x26
 784 03b3 14       		.uleb128 0x14
 785 03b4 AF010000 		.4byte	.LASF36
 786 03b8 AF010000 		.4byte	.LASF36
 787 03bc 0C       		.byte	0xc
 788 03bd 26       		.byte	0x26
 789 03be 00       		.byte	0
 790              		.section	.debug_abbrev,"",%progbits
 791              	.Ldebug_abbrev0:
 792 0000 01       		.uleb128 0x1
 793 0001 11       		.uleb128 0x11
 794 0002 01       		.byte	0x1
 795 0003 25       		.uleb128 0x25
 796 0004 0E       		.uleb128 0xe
 797 0005 13       		.uleb128 0x13
 798 0006 0B       		.uleb128 0xb
 799 0007 03       		.uleb128 0x3
 800 0008 0E       		.uleb128 0xe
 801 0009 1B       		.uleb128 0x1b
 802 000a 0E       		.uleb128 0xe
 803 000b 55       		.uleb128 0x55
 804 000c 17       		.uleb128 0x17
 805 000d 11       		.uleb128 0x11
 806 000e 01       		.uleb128 0x1
 807 000f 10       		.uleb128 0x10
 808 0010 17       		.uleb128 0x17
 809 0011 00       		.byte	0
 810 0012 00       		.byte	0
 811 0013 02       		.uleb128 0x2
 812 0014 24       		.uleb128 0x24
 813 0015 00       		.byte	0
 814 0016 0B       		.uleb128 0xb
 815 0017 0B       		.uleb128 0xb
 816 0018 3E       		.uleb128 0x3e
 817 0019 0B       		.uleb128 0xb
 818 001a 03       		.uleb128 0x3
 819 001b 0E       		.uleb128 0xe
 820 001c 00       		.byte	0
 821 001d 00       		.byte	0
 822 001e 03       		.uleb128 0x3
 823 001f 16       		.uleb128 0x16
 824 0020 00       		.byte	0
ARM GAS  C:\Users\swaga\AppData\Local\Temp\ccmBoPEP.s 			page 17


 825 0021 03       		.uleb128 0x3
 826 0022 0E       		.uleb128 0xe
 827 0023 3A       		.uleb128 0x3a
 828 0024 0B       		.uleb128 0xb
 829 0025 3B       		.uleb128 0x3b
 830 0026 0B       		.uleb128 0xb
 831 0027 49       		.uleb128 0x49
 832 0028 13       		.uleb128 0x13
 833 0029 00       		.byte	0
 834 002a 00       		.byte	0
 835 002b 04       		.uleb128 0x4
 836 002c 24       		.uleb128 0x24
 837 002d 00       		.byte	0
 838 002e 0B       		.uleb128 0xb
 839 002f 0B       		.uleb128 0xb
 840 0030 3E       		.uleb128 0x3e
 841 0031 0B       		.uleb128 0xb
 842 0032 03       		.uleb128 0x3
 843 0033 08       		.uleb128 0x8
 844 0034 00       		.byte	0
 845 0035 00       		.byte	0
 846 0036 05       		.uleb128 0x5
 847 0037 16       		.uleb128 0x16
 848 0038 00       		.byte	0
 849 0039 03       		.uleb128 0x3
 850 003a 0E       		.uleb128 0xe
 851 003b 3A       		.uleb128 0x3a
 852 003c 0B       		.uleb128 0xb
 853 003d 3B       		.uleb128 0x3b
 854 003e 05       		.uleb128 0x5
 855 003f 49       		.uleb128 0x49
 856 0040 13       		.uleb128 0x13
 857 0041 00       		.byte	0
 858 0042 00       		.byte	0
 859 0043 06       		.uleb128 0x6
 860 0044 2E       		.uleb128 0x2e
 861 0045 00       		.byte	0
 862 0046 3F       		.uleb128 0x3f
 863 0047 19       		.uleb128 0x19
 864 0048 03       		.uleb128 0x3
 865 0049 0E       		.uleb128 0xe
 866 004a 3A       		.uleb128 0x3a
 867 004b 0B       		.uleb128 0xb
 868 004c 3B       		.uleb128 0x3b
 869 004d 0B       		.uleb128 0xb
 870 004e 27       		.uleb128 0x27
 871 004f 19       		.uleb128 0x19
 872 0050 11       		.uleb128 0x11
 873 0051 01       		.uleb128 0x1
 874 0052 12       		.uleb128 0x12
 875 0053 06       		.uleb128 0x6
 876 0054 40       		.uleb128 0x40
 877 0055 18       		.uleb128 0x18
 878 0056 9742     		.uleb128 0x2117
 879 0058 19       		.uleb128 0x19
 880 0059 00       		.byte	0
 881 005a 00       		.byte	0
ARM GAS  C:\Users\swaga\AppData\Local\Temp\ccmBoPEP.s 			page 18


 882 005b 07       		.uleb128 0x7
 883 005c 2E       		.uleb128 0x2e
 884 005d 01       		.byte	0x1
 885 005e 3F       		.uleb128 0x3f
 886 005f 19       		.uleb128 0x19
 887 0060 03       		.uleb128 0x3
 888 0061 0E       		.uleb128 0xe
 889 0062 3A       		.uleb128 0x3a
 890 0063 0B       		.uleb128 0xb
 891 0064 3B       		.uleb128 0x3b
 892 0065 0B       		.uleb128 0xb
 893 0066 27       		.uleb128 0x27
 894 0067 19       		.uleb128 0x19
 895 0068 49       		.uleb128 0x49
 896 0069 13       		.uleb128 0x13
 897 006a 8701     		.uleb128 0x87
 898 006c 19       		.uleb128 0x19
 899 006d 11       		.uleb128 0x11
 900 006e 01       		.uleb128 0x1
 901 006f 12       		.uleb128 0x12
 902 0070 06       		.uleb128 0x6
 903 0071 40       		.uleb128 0x40
 904 0072 18       		.uleb128 0x18
 905 0073 9642     		.uleb128 0x2116
 906 0075 19       		.uleb128 0x19
 907 0076 01       		.uleb128 0x1
 908 0077 13       		.uleb128 0x13
 909 0078 00       		.byte	0
 910 0079 00       		.byte	0
 911 007a 08       		.uleb128 0x8
 912 007b 34       		.uleb128 0x34
 913 007c 00       		.byte	0
 914 007d 03       		.uleb128 0x3
 915 007e 0E       		.uleb128 0xe
 916 007f 3A       		.uleb128 0x3a
 917 0080 0B       		.uleb128 0xb
 918 0081 3B       		.uleb128 0x3b
 919 0082 0B       		.uleb128 0xb
 920 0083 49       		.uleb128 0x49
 921 0084 13       		.uleb128 0x13
 922 0085 02       		.uleb128 0x2
 923 0086 17       		.uleb128 0x17
 924 0087 00       		.byte	0
 925 0088 00       		.byte	0
 926 0089 09       		.uleb128 0x9
 927 008a 0B       		.uleb128 0xb
 928 008b 01       		.byte	0x1
 929 008c 55       		.uleb128 0x55
 930 008d 17       		.uleb128 0x17
 931 008e 01       		.uleb128 0x1
 932 008f 13       		.uleb128 0x13
 933 0090 00       		.byte	0
 934 0091 00       		.byte	0
 935 0092 0A       		.uleb128 0xa
 936 0093 34       		.uleb128 0x34
 937 0094 00       		.byte	0
 938 0095 03       		.uleb128 0x3
ARM GAS  C:\Users\swaga\AppData\Local\Temp\ccmBoPEP.s 			page 19


 939 0096 08       		.uleb128 0x8
 940 0097 3A       		.uleb128 0x3a
 941 0098 0B       		.uleb128 0xb
 942 0099 3B       		.uleb128 0x3b
 943 009a 0B       		.uleb128 0xb
 944 009b 49       		.uleb128 0x49
 945 009c 13       		.uleb128 0x13
 946 009d 02       		.uleb128 0x2
 947 009e 17       		.uleb128 0x17
 948 009f 00       		.byte	0
 949 00a0 00       		.byte	0
 950 00a1 0B       		.uleb128 0xb
 951 00a2 898201   		.uleb128 0x4109
 952 00a5 01       		.byte	0x1
 953 00a6 11       		.uleb128 0x11
 954 00a7 01       		.uleb128 0x1
 955 00a8 31       		.uleb128 0x31
 956 00a9 13       		.uleb128 0x13
 957 00aa 01       		.uleb128 0x1
 958 00ab 13       		.uleb128 0x13
 959 00ac 00       		.byte	0
 960 00ad 00       		.byte	0
 961 00ae 0C       		.uleb128 0xc
 962 00af 8A8201   		.uleb128 0x410a
 963 00b2 00       		.byte	0
 964 00b3 02       		.uleb128 0x2
 965 00b4 18       		.uleb128 0x18
 966 00b5 9142     		.uleb128 0x2111
 967 00b7 18       		.uleb128 0x18
 968 00b8 00       		.byte	0
 969 00b9 00       		.byte	0
 970 00ba 0D       		.uleb128 0xd
 971 00bb 898201   		.uleb128 0x4109
 972 00be 00       		.byte	0
 973 00bf 11       		.uleb128 0x11
 974 00c0 01       		.uleb128 0x1
 975 00c1 31       		.uleb128 0x31
 976 00c2 13       		.uleb128 0x13
 977 00c3 00       		.byte	0
 978 00c4 00       		.byte	0
 979 00c5 0E       		.uleb128 0xe
 980 00c6 898201   		.uleb128 0x4109
 981 00c9 01       		.byte	0x1
 982 00ca 11       		.uleb128 0x11
 983 00cb 01       		.uleb128 0x1
 984 00cc 31       		.uleb128 0x31
 985 00cd 13       		.uleb128 0x13
 986 00ce 00       		.byte	0
 987 00cf 00       		.byte	0
 988 00d0 0F       		.uleb128 0xf
 989 00d1 34       		.uleb128 0x34
 990 00d2 00       		.byte	0
 991 00d3 03       		.uleb128 0x3
 992 00d4 0E       		.uleb128 0xe
 993 00d5 3A       		.uleb128 0x3a
 994 00d6 0B       		.uleb128 0xb
 995 00d7 3B       		.uleb128 0x3b
ARM GAS  C:\Users\swaga\AppData\Local\Temp\ccmBoPEP.s 			page 20


 996 00d8 05       		.uleb128 0x5
 997 00d9 49       		.uleb128 0x49
 998 00da 13       		.uleb128 0x13
 999 00db 3F       		.uleb128 0x3f
 1000 00dc 19       		.uleb128 0x19
 1001 00dd 3C       		.uleb128 0x3c
 1002 00de 19       		.uleb128 0x19
 1003 00df 00       		.byte	0
 1004 00e0 00       		.byte	0
 1005 00e1 10       		.uleb128 0x10
 1006 00e2 35       		.uleb128 0x35
 1007 00e3 00       		.byte	0
 1008 00e4 49       		.uleb128 0x49
 1009 00e5 13       		.uleb128 0x13
 1010 00e6 00       		.byte	0
 1011 00e7 00       		.byte	0
 1012 00e8 11       		.uleb128 0x11
 1013 00e9 34       		.uleb128 0x34
 1014 00ea 00       		.byte	0
 1015 00eb 03       		.uleb128 0x3
 1016 00ec 0E       		.uleb128 0xe
 1017 00ed 3A       		.uleb128 0x3a
 1018 00ee 0B       		.uleb128 0xb
 1019 00ef 3B       		.uleb128 0x3b
 1020 00f0 0B       		.uleb128 0xb
 1021 00f1 49       		.uleb128 0x49
 1022 00f2 13       		.uleb128 0x13
 1023 00f3 3F       		.uleb128 0x3f
 1024 00f4 19       		.uleb128 0x19
 1025 00f5 02       		.uleb128 0x2
 1026 00f6 18       		.uleb128 0x18
 1027 00f7 00       		.byte	0
 1028 00f8 00       		.byte	0
 1029 00f9 12       		.uleb128 0x12
 1030 00fa 01       		.uleb128 0x1
 1031 00fb 01       		.byte	0x1
 1032 00fc 49       		.uleb128 0x49
 1033 00fd 13       		.uleb128 0x13
 1034 00fe 01       		.uleb128 0x1
 1035 00ff 13       		.uleb128 0x13
 1036 0100 00       		.byte	0
 1037 0101 00       		.byte	0
 1038 0102 13       		.uleb128 0x13
 1039 0103 21       		.uleb128 0x21
 1040 0104 00       		.byte	0
 1041 0105 49       		.uleb128 0x49
 1042 0106 13       		.uleb128 0x13
 1043 0107 2F       		.uleb128 0x2f
 1044 0108 0B       		.uleb128 0xb
 1045 0109 00       		.byte	0
 1046 010a 00       		.byte	0
 1047 010b 14       		.uleb128 0x14
 1048 010c 2E       		.uleb128 0x2e
 1049 010d 00       		.byte	0
 1050 010e 3F       		.uleb128 0x3f
 1051 010f 19       		.uleb128 0x19
 1052 0110 3C       		.uleb128 0x3c
ARM GAS  C:\Users\swaga\AppData\Local\Temp\ccmBoPEP.s 			page 21


 1053 0111 19       		.uleb128 0x19
 1054 0112 6E       		.uleb128 0x6e
 1055 0113 0E       		.uleb128 0xe
 1056 0114 03       		.uleb128 0x3
 1057 0115 0E       		.uleb128 0xe
 1058 0116 3A       		.uleb128 0x3a
 1059 0117 0B       		.uleb128 0xb
 1060 0118 3B       		.uleb128 0x3b
 1061 0119 0B       		.uleb128 0xb
 1062 011a 00       		.byte	0
 1063 011b 00       		.byte	0
 1064 011c 00       		.byte	0
 1065              		.section	.debug_loc,"",%progbits
 1066              	.Ldebug_loc0:
 1067              	.LLST0:
 1068 0000 66000000 		.4byte	.LVL16
 1069 0004 6B000000 		.4byte	.LVL17-1
 1070 0008 0100     		.2byte	0x1
 1071 000a 50       		.byte	0x50
 1072 000b 00000000 		.4byte	0
 1073 000f 00000000 		.4byte	0
 1074              	.LLST1:
 1075 0013 7A000000 		.4byte	.LVL20
 1076 0017 7D000000 		.4byte	.LVL21-1
 1077 001b 0100     		.2byte	0x1
 1078 001d 50       		.byte	0x50
 1079 001e 7D000000 		.4byte	.LVL21-1
 1080 0022 5C010000 		.4byte	.LFE65
 1081 0026 0100     		.2byte	0x1
 1082 0028 56       		.byte	0x56
 1083 0029 00000000 		.4byte	0
 1084 002d 00000000 		.4byte	0
 1085              	.LLST2:
 1086 0031 10000000 		.4byte	.LVL2
 1087 0035 18000000 		.4byte	.LVL4
 1088 0039 0200     		.2byte	0x2
 1089 003b 30       		.byte	0x30
 1090 003c 9F       		.byte	0x9f
 1091 003d 18000000 		.4byte	.LVL4
 1092 0041 2C000000 		.4byte	.LVL5
 1093 0045 0100     		.2byte	0x1
 1094 0047 57       		.byte	0x57
 1095 0048 2C000000 		.4byte	.LVL5
 1096 004c 32000000 		.4byte	.LVL6
 1097 0050 0200     		.2byte	0x2
 1098 0052 30       		.byte	0x30
 1099 0053 9F       		.byte	0x9f
 1100 0054 32000000 		.4byte	.LVL6
 1101 0058 5C010000 		.4byte	.LFE65
 1102 005c 0100     		.2byte	0x1
 1103 005e 57       		.byte	0x57
 1104 005f 00000000 		.4byte	0
 1105 0063 00000000 		.4byte	0
 1106              	.LLST3:
 1107 0067 3C000000 		.4byte	.LVL7
 1108 006b 50000000 		.4byte	.LVL11
 1109 006f 0100     		.2byte	0x1
ARM GAS  C:\Users\swaga\AppData\Local\Temp\ccmBoPEP.s 			page 22


 1110 0071 54       		.byte	0x54
 1111 0072 52000000 		.4byte	.LVL12
 1112 0076 58000000 		.4byte	.LVL13
 1113 007a 0100     		.2byte	0x1
 1114 007c 54       		.byte	0x54
 1115 007d 00000000 		.4byte	0
 1116 0081 00000000 		.4byte	0
 1117              		.section	.debug_aranges,"",%progbits
 1118 0000 24000000 		.4byte	0x24
 1119 0004 0200     		.2byte	0x2
 1120 0006 00000000 		.4byte	.Ldebug_info0
 1121 000a 04       		.byte	0x4
 1122 000b 00       		.byte	0
 1123 000c 0000     		.2byte	0
 1124 000e 0000     		.2byte	0
 1125 0010 00000000 		.4byte	.LFB64
 1126 0014 0C000000 		.4byte	.LFE64-.LFB64
 1127 0018 00000000 		.4byte	.LFB65
 1128 001c 5C010000 		.4byte	.LFE65-.LFB65
 1129 0020 00000000 		.4byte	0
 1130 0024 00000000 		.4byte	0
 1131              		.section	.debug_ranges,"",%progbits
 1132              	.Ldebug_ranges0:
 1133 0000 3C000000 		.4byte	.LBB2
 1134 0004 50000000 		.4byte	.LBE2
 1135 0008 52000000 		.4byte	.LBB3
 1136 000c 56000000 		.4byte	.LBE3
 1137 0010 00000000 		.4byte	0
 1138 0014 00000000 		.4byte	0
 1139 0018 00000000 		.4byte	.LFB64
 1140 001c 0C000000 		.4byte	.LFE64
 1141 0020 00000000 		.4byte	.LFB65
 1142 0024 5C010000 		.4byte	.LFE65
 1143 0028 00000000 		.4byte	0
 1144 002c 00000000 		.4byte	0
 1145              		.section	.debug_line,"",%progbits
 1146              	.Ldebug_line0:
 1147 0000 1B020000 		.section	.debug_str,"MS",%progbits,1
 1147      0200A701 
 1147      00000201 
 1147      FB0E0D00 
 1147      01010101 
 1148              	.LASF4:
 1149 0000 5F5F7569 		.ascii	"__uint8_t\000"
 1149      6E74385F 
 1149      7400
 1150              	.LASF40:
 1151 000a 4953525F 		.ascii	"ISR_UART_Rx\000"
 1151      55415254 
 1151      5F527800 
 1152              	.LASF5:
 1153 0016 5F5F696E 		.ascii	"__int32_t\000"
 1153      7433325F 
 1153      7400
 1154              	.LASF21:
 1155 0020 6164635F 		.ascii	"adc_to_vg\000"
 1155      746F5F76 
ARM GAS  C:\Users\swaga\AppData\Local\Temp\ccmBoPEP.s 			page 23


 1155      6700
 1156              	.LASF3:
 1157 002a 73686F72 		.ascii	"short unsigned int\000"
 1157      7420756E 
 1157      7369676E 
 1157      65642069 
 1157      6E7400
 1158              	.LASF25:
 1159 003d 74785F62 		.ascii	"tx_buffer\000"
 1159      75666665 
 1159      7200
 1160              	.LASF16:
 1161 0047 646F7562 		.ascii	"double\000"
 1161      6C6500
 1162              	.LASF35:
 1163 004e 6C65645F 		.ascii	"led_red_Write\000"
 1163      7265645F 
 1163      57726974 
 1163      6500
 1164              	.LASF15:
 1165 005c 666C6F61 		.ascii	"float\000"
 1165      7400
 1166              	.LASF1:
 1167 0062 756E7369 		.ascii	"unsigned char\000"
 1167      676E6564 
 1167      20636861 
 1167      7200
 1168              	.LASF37:
 1169 0070 474E5520 		.ascii	"GNU C11 5.4.1 20160609 (release) [ARM/embedded-5-br"
 1169      43313120 
 1169      352E342E 
 1169      31203230 
 1169      31363036 
 1170 00a3 616E6368 		.ascii	"anch revision 237715] -mcpu=cortex-m3 -mthumb -g -O"
 1170      20726576 
 1170      6973696F 
 1170      6E203233 
 1170      37373135 
 1171 00d6 67202D66 		.ascii	"g -ffunction-sections -ffat-lto-objects\000"
 1171      66756E63 
 1171      74696F6E 
 1171      2D736563 
 1171      74696F6E 
 1172              	.LASF30:
 1173 00fe 4144435F 		.ascii	"ADC_StartConvert\000"
 1173      53746172 
 1173      74436F6E 
 1173      76657274 
 1173      00
 1174              	.LASF26:
 1175 010f 4144435F 		.ascii	"ADC_IsEndConversion\000"
 1175      4973456E 
 1175      64436F6E 
 1175      76657273 
 1175      696F6E00 
 1176              	.LASF39:
 1177 0123 443A5C68 		.ascii	"D:\\h_da\\Lecturs\\Basic Embedded\\Embedded_basics\\"
ARM GAS  C:\Users\swaga\AppData\Local\Temp\ccmBoPEP.s 			page 24


 1177      5F64615C 
 1177      4C656374 
 1177      7572735C 
 1177      42617369 
 1178 0152 31335F41 		.ascii	"13_ADC_UART_MATLAB_data_transfer.cydsn\000"
 1178      44435F55 
 1178      4152545F 
 1178      4D41544C 
 1178      41425F64 
 1179              	.LASF28:
 1180 0179 55415254 		.ascii	"UART_Start\000"
 1180      5F537461 
 1180      727400
 1181              	.LASF32:
 1182 0184 55415254 		.ascii	"UART_PutArray\000"
 1182      5F507574 
 1182      41727261 
 1182      7900
 1183              	.LASF23:
 1184 0192 49544D5F 		.ascii	"ITM_RxBuffer\000"
 1184      52784275 
 1184      66666572 
 1184      00
 1185              	.LASF27:
 1186 019f 4144435F 		.ascii	"ADC_GetResult32\000"
 1186      47657452 
 1186      6573756C 
 1186      74333200 
 1187              	.LASF36:
 1188 01af 6C65645F 		.ascii	"led_yellow_Write\000"
 1188      79656C6C 
 1188      6F775F57 
 1188      72697465 
 1188      00
 1189              	.LASF33:
 1190 01c0 6C65645F 		.ascii	"led_green_Write\000"
 1190      67726565 
 1190      6E5F5772 
 1190      69746500 
 1191              	.LASF14:
 1192 01d0 75696E74 		.ascii	"uint16\000"
 1192      313600
 1193              	.LASF41:
 1194 01d7 6D61696E 		.ascii	"main\000"
 1194      00
 1195              	.LASF24:
 1196 01dc 72785F62 		.ascii	"rx_buffer_flag\000"
 1196      75666665 
 1196      725F666C 
 1196      616700
 1197              	.LASF7:
 1198 01eb 6C6F6E67 		.ascii	"long unsigned int\000"
 1198      20756E73 
 1198      69676E65 
 1198      6420696E 
 1198      7400
 1199              	.LASF10:
ARM GAS  C:\Users\swaga\AppData\Local\Temp\ccmBoPEP.s 			page 25


 1200 01fd 756E7369 		.ascii	"unsigned int\000"
 1200      676E6564 
 1200      20696E74 
 1200      00
 1201              	.LASF9:
 1202 020a 6C6F6E67 		.ascii	"long long unsigned int\000"
 1202      206C6F6E 
 1202      6720756E 
 1202      7369676E 
 1202      65642069 
 1203              	.LASF11:
 1204 0221 75696E74 		.ascii	"uint8_t\000"
 1204      385F7400 
 1205              	.LASF29:
 1206 0229 4144435F 		.ascii	"ADC_Start\000"
 1206      53746172 
 1206      7400
 1207              	.LASF12:
 1208 0233 696E7433 		.ascii	"int32_t\000"
 1208      325F7400 
 1209              	.LASF19:
 1210 023b 73697A65 		.ascii	"sizetype\000"
 1210      74797065 
 1210      00
 1211              	.LASF8:
 1212 0244 6C6F6E67 		.ascii	"long long int\000"
 1212      206C6F6E 
 1212      6720696E 
 1212      7400
 1213              	.LASF38:
 1214 0252 6D61696E 		.ascii	"main.c\000"
 1214      2E6300
 1215              	.LASF17:
 1216 0259 63686172 		.ascii	"char\000"
 1216      00
 1217              	.LASF31:
 1218 025e 4953525F 		.ascii	"ISR_UART_Rx_StartEx\000"
 1218      55415254 
 1218      5F52785F 
 1218      53746172 
 1218      74457800 
 1219              	.LASF2:
 1220 0272 73686F72 		.ascii	"short int\000"
 1220      7420696E 
 1220      7400
 1221              	.LASF13:
 1222 027c 75696E74 		.ascii	"uint8\000"
 1222      3800
 1223              	.LASF6:
 1224 0282 6C6F6E67 		.ascii	"long int\000"
 1224      20696E74 
 1224      00
 1225              	.LASF18:
 1226 028b 6C6F6E67 		.ascii	"long double\000"
 1226      20646F75 
 1226      626C6500 
 1227              	.LASF0:
ARM GAS  C:\Users\swaga\AppData\Local\Temp\ccmBoPEP.s 			page 26


 1228 0297 7369676E 		.ascii	"signed char\000"
 1228      65642063 
 1228      68617200 
 1229              	.LASF34:
 1230 02a3 43794465 		.ascii	"CyDelay\000"
 1230      6C617900 
 1231              	.LASF20:
 1232 02ab 6164635F 		.ascii	"adc_result\000"
 1232      72657375 
 1232      6C7400
 1233              	.LASF22:
 1234 02b6 6164635F 		.ascii	"adc_to_tx_buf_done\000"
 1234      746F5F74 
 1234      785F6275 
 1234      665F646F 
 1234      6E6500
 1235              		.ident	"GCC: (GNU Tools for ARM Embedded Processors) 5.4.1 20160609 (release) [ARM/embedded-5-bran
