ARM GAS  C:\Users\swaga\AppData\Local\Temp\ccnvH2cc.s 			page 1


   1              		.syntax unified
   2              		.cpu cortex-m3
   3              		.fpu softvfp
   4              		.eabi_attribute 20, 1
   5              		.eabi_attribute 21, 1
   6              		.eabi_attribute 23, 3
   7              		.eabi_attribute 24, 1
   8              		.eabi_attribute 25, 1
   9              		.eabi_attribute 26, 1
  10              		.eabi_attribute 30, 1
  11              		.eabi_attribute 34, 1
  12              		.eabi_attribute 18, 4
  13              		.thumb
  14              		.syntax unified
  15              		.file	"cymetadata.c"
  16              		.text
  17              	.Ltext0:
  18              		.cfi_sections	.debug_frame
  19              		.global	cy_metadata
  20              		.global	cy_meta_flashprotect
  21              		.global	cy_meta_wonvl
  22              		.global	cy_meta_custnvl
  23              		.global	cy_meta_configecc
  24              		.section	.cyconfigecc,"a",%progbits
  25              		.align	2
  26              		.type	cy_meta_configecc, %object
  27              		.size	cy_meta_configecc, 924
  28              	cy_meta_configecc:
  29 0000 01       		.byte	1
  30 0001 5A       		.byte	90
  31 0002 00       		.byte	0
  32 0003 40       		.byte	64
  33 0004 03       		.byte	3
  34 0005 65       		.byte	101
  35 0006 00       		.byte	0
  36 0007 40       		.byte	64
  37 0008 01       		.byte	1
  38 0009 05       		.byte	5
  39 000a 01       		.byte	1
  40 000b 40       		.byte	64
  41 000c 01       		.byte	1
  42 000d 0B       		.byte	11
  43 000e 01       		.byte	1
  44 000f 40       		.byte	64
  45 0010 01       		.byte	1
  46 0011 15       		.byte	21
  47 0012 01       		.byte	1
  48 0013 40       		.byte	64
  49 0014 02       		.byte	2
  50 0015 17       		.byte	23
  51 0016 01       		.byte	1
  52 0017 40       		.byte	64
  53 0018 15       		.byte	21
  54 0019 18       		.byte	24
  55 001a 01       		.byte	1
  56 001b 40       		.byte	64
  57 001c 38       		.byte	56
ARM GAS  C:\Users\swaga\AppData\Local\Temp\ccnvH2cc.s 			page 2


  58 001d 19       		.byte	25
  59 001e 01       		.byte	1
  60 001f 40       		.byte	64
  61 0020 70       		.byte	112
  62 0021 1A       		.byte	26
  63 0022 01       		.byte	1
  64 0023 40       		.byte	64
  65 0024 49       		.byte	73
  66 0025 1B       		.byte	27
  67 0026 01       		.byte	1
  68 0027 40       		.byte	64
  69 0028 05       		.byte	5
  70 0029 40       		.byte	64
  71 002a 01       		.byte	1
  72 002b 40       		.byte	64
  73 002c 03       		.byte	3
  74 002d 41       		.byte	65
  75 002e 01       		.byte	1
  76 002f 40       		.byte	64
  77 0030 04       		.byte	4
  78 0031 42       		.byte	66
  79 0032 01       		.byte	1
  80 0033 40       		.byte	64
  81 0034 03       		.byte	3
  82 0035 43       		.byte	67
  83 0036 01       		.byte	1
  84 0037 40       		.byte	64
  85 0038 02       		.byte	2
  86 0039 44       		.byte	68
  87 003a 01       		.byte	1
  88 003b 40       		.byte	64
  89 003c 01       		.byte	1
  90 003d 45       		.byte	69
  91 003e 01       		.byte	1
  92 003f 40       		.byte	64
  93 0040 07       		.byte	7
  94 0041 46       		.byte	70
  95 0042 01       		.byte	1
  96 0043 40       		.byte	64
  97 0044 02       		.byte	2
  98 0045 47       		.byte	71
  99 0046 01       		.byte	1
 100 0047 40       		.byte	64
 101 0048 0A       		.byte	10
 102 0049 48       		.byte	72
 103 004a 01       		.byte	1
 104 004b 40       		.byte	64
 105 004c 03       		.byte	3
 106 004d 49       		.byte	73
 107 004e 01       		.byte	1
 108 004f 40       		.byte	64
 109 0050 03       		.byte	3
 110 0051 4C       		.byte	76
 111 0052 01       		.byte	1
 112 0053 40       		.byte	64
 113 0054 0B       		.byte	11
 114 0055 4D       		.byte	77
ARM GAS  C:\Users\swaga\AppData\Local\Temp\ccnvH2cc.s 			page 3


 115 0056 01       		.byte	1
 116 0057 40       		.byte	64
 117 0058 02       		.byte	2
 118 0059 50       		.byte	80
 119 005a 01       		.byte	1
 120 005b 40       		.byte	64
 121 005c 02       		.byte	2
 122 005d 51       		.byte	81
 123 005e 01       		.byte	1
 124 005f 40       		.byte	64
 125 0060 97       		.byte	-105
 126 0061 01       		.byte	1
 127 0062 88       		.byte	-120
 128 0063 72       		.byte	114
 129 0064 89       		.byte	-119
 130 0065 38       		.byte	56
 131 0066 8B       		.byte	-117
 132 0067 0F       		.byte	15
 133 0068 E0       		.byte	-32
 134 0069 40       		.byte	64
 135 006a E0       		.byte	-32
 136 006b 40       		.byte	64
 137 006c E6       		.byte	-26
 138 006d 02       		.byte	2
 139 006e E6       		.byte	-26
 140 006f 01       		.byte	1
 141 0070 EC       		.byte	-20
 142 0071 10       		.byte	16
 143 0072 82       		.byte	-126
 144 0073 01       		.byte	1
 145 0074 84       		.byte	-124
 146 0075 04       		.byte	4
 147 0076 95       		.byte	-107
 148 0077 01       		.byte	1
 149 0078 A6       		.byte	-90
 150 0079 02       		.byte	2
 151 007a AA       		.byte	-86
 152 007b 02       		.byte	2
 153 007c AE       		.byte	-82
 154 007d 01       		.byte	1
 155 007e B2       		.byte	-78
 156 007f 04       		.byte	4
 157 0080 B4       		.byte	-76
 158 0081 01       		.byte	1
 159 0082 B6       		.byte	-74
 160 0083 02       		.byte	2
 161 0084 B7       		.byte	-73
 162 0085 01       		.byte	1
 163 0086 BA       		.byte	-70
 164 0087 02       		.byte	2
 165 0088 BE       		.byte	-66
 166 0089 54       		.byte	84
 167 008a BF       		.byte	-65
 168 008b 40       		.byte	64
 169 008c D4       		.byte	-44
 170 008d 18       		.byte	24
 171 008e D6       		.byte	-42
ARM GAS  C:\Users\swaga\AppData\Local\Temp\ccnvH2cc.s 			page 4


 172 008f 04       		.byte	4
 173 0090 D8       		.byte	-40
 174 0091 04       		.byte	4
 175 0092 D9       		.byte	-39
 176 0093 04       		.byte	4
 177 0094 DB       		.byte	-37
 178 0095 04       		.byte	4
 179 0096 DC       		.byte	-36
 180 0097 01       		.byte	1
 181 0098 DD       		.byte	-35
 182 0099 10       		.byte	16
 183 009a DF       		.byte	-33
 184 009b 01       		.byte	1
 185 009c 02       		.byte	2
 186 009d 10       		.byte	16
 187 009e 03       		.byte	3
 188 009f 80       		.byte	-128
 189 00a0 05       		.byte	5
 190 00a1 01       		.byte	1
 191 00a2 07       		.byte	7
 192 00a3 14       		.byte	20
 193 00a4 0C       		.byte	12
 194 00a5 41       		.byte	65
 195 00a6 0D       		.byte	13
 196 00a7 22       		.byte	34
 197 00a8 0E       		.byte	14
 198 00a9 20       		.byte	32
 199 00aa 0F       		.byte	15
 200 00ab 02       		.byte	2
 201 00ac 10       		.byte	16
 202 00ad 22       		.byte	34
 203 00ae 11       		.byte	17
 204 00af 20       		.byte	32
 205 00b0 15       		.byte	21
 206 00b1 01       		.byte	1
 207 00b2 16       		.byte	22
 208 00b3 01       		.byte	1
 209 00b4 17       		.byte	23
 210 00b5 28       		.byte	40
 211 00b6 18       		.byte	24
 212 00b7 05       		.byte	5
 213 00b8 19       		.byte	25
 214 00b9 08       		.byte	8
 215 00ba 1A       		.byte	26
 216 00bb 40       		.byte	64
 217 00bc 1B       		.byte	27
 218 00bd 01       		.byte	1
 219 00be 1C       		.byte	28
 220 00bf 10       		.byte	16
 221 00c0 1D       		.byte	29
 222 00c1 21       		.byte	33
 223 00c2 1F       		.byte	31
 224 00c3 90       		.byte	-112
 225 00c4 20       		.byte	32
 226 00c5 02       		.byte	2
 227 00c6 24       		.byte	36
 228 00c7 08       		.byte	8
ARM GAS  C:\Users\swaga\AppData\Local\Temp\ccnvH2cc.s 			page 5


 229 00c8 25       		.byte	37
 230 00c9 12       		.byte	18
 231 00ca 27       		.byte	39
 232 00cb 02       		.byte	2
 233 00cc 2C       		.byte	44
 234 00cd 01       		.byte	1
 235 00ce 2D       		.byte	45
 236 00cf 01       		.byte	1
 237 00d0 2F       		.byte	47
 238 00d1 54       		.byte	84
 239 00d2 32       		.byte	50
 240 00d3 04       		.byte	4
 241 00d4 35       		.byte	53
 242 00d5 01       		.byte	1
 243 00d6 36       		.byte	54
 244 00d7 80       		.byte	-128
 245 00d8 37       		.byte	55
 246 00d9 14       		.byte	20
 247 00da 3E       		.byte	62
 248 00db 6A       		.byte	106
 249 00dc 44       		.byte	68
 250 00dd 40       		.byte	64
 251 00de 45       		.byte	69
 252 00df 20       		.byte	32
 253 00e0 47       		.byte	71
 254 00e1 44       		.byte	68
 255 00e2 4C       		.byte	76
 256 00e3 24       		.byte	36
 257 00e4 54       		.byte	84
 258 00e5 02       		.byte	2
 259 00e6 5B       		.byte	91
 260 00e7 02       		.byte	2
 261 00e8 5C       		.byte	92
 262 00e9 10       		.byte	16
 263 00ea 60       		.byte	96
 264 00eb 85       		.byte	-123
 265 00ec 6D       		.byte	109
 266 00ed 90       		.byte	-112
 267 00ee 6E       		.byte	110
 268 00ef 04       		.byte	4
 269 00f0 76       		.byte	118
 270 00f1 2B       		.byte	43
 271 00f2 77       		.byte	119
 272 00f3 28       		.byte	40
 273 00f4 80       		.byte	-128
 274 00f5 80       		.byte	-128
 275 00f6 C0       		.byte	-64
 276 00f7 7C       		.byte	124
 277 00f8 C2       		.byte	-62
 278 00f9 F0       		.byte	-16
 279 00fa C4       		.byte	-60
 280 00fb F7       		.byte	-9
 281 00fc CA       		.byte	-54
 282 00fd F0       		.byte	-16
 283 00fe CC       		.byte	-52
 284 00ff F2       		.byte	-14
 285 0100 CE       		.byte	-50
ARM GAS  C:\Users\swaga\AppData\Local\Temp\ccnvH2cc.s 			page 6


 286 0101 F0       		.byte	-16
 287 0102 D0       		.byte	-48
 288 0103 F0       		.byte	-16
 289 0104 D2       		.byte	-46
 290 0105 20       		.byte	32
 291 0106 D6       		.byte	-42
 292 0107 21       		.byte	33
 293 0108 D8       		.byte	-40
 294 0109 0D       		.byte	13
 295 010a EC       		.byte	-20
 296 010b 10       		.byte	16
 297 010c 00       		.byte	0
 298 010d 0C       		.byte	12
 299 010e 02       		.byte	2
 300 010f 71       		.byte	113
 301 0110 03       		.byte	3
 302 0111 0C       		.byte	12
 303 0112 04       		.byte	4
 304 0113 14       		.byte	20
 305 0114 05       		.byte	5
 306 0115 80       		.byte	-128
 307 0116 07       		.byte	7
 308 0117 13       		.byte	19
 309 0118 09       		.byte	9
 310 0119 2C       		.byte	44
 311 011a 0B       		.byte	11
 312 011b 43       		.byte	67
 313 011c 14       		.byte	20
 314 011d 10       		.byte	16
 315 011e 16       		.byte	22
 316 011f AC       		.byte	-84
 317 0120 1A       		.byte	26
 318 0121 03       		.byte	3
 319 0122 1C       		.byte	28
 320 0123 09       		.byte	9
 321 0124 1E       		.byte	30
 322 0125 D0       		.byte	-48
 323 0126 1F       		.byte	31
 324 0127 08       		.byte	8
 325 0128 20       		.byte	32
 326 0129 10       		.byte	16
 327 012a 21       		.byte	33
 328 012b 71       		.byte	113
 329 012c 22       		.byte	34
 330 012d 40       		.byte	64
 331 012e 23       		.byte	35
 332 012f 0E       		.byte	14
 333 0130 25       		.byte	37
 334 0131 71       		.byte	113
 335 0132 26       		.byte	38
 336 0133 20       		.byte	32
 337 0134 27       		.byte	39
 338 0135 06       		.byte	6
 339 0136 28       		.byte	40
 340 0137 DC       		.byte	-36
 341 0138 2A       		.byte	42
 342 0139 22       		.byte	34
ARM GAS  C:\Users\swaga\AppData\Local\Temp\ccnvH2cc.s 			page 7


 343 013a 30       		.byte	48
 344 013b E0       		.byte	-32
 345 013c 31       		.byte	49
 346 013d C0       		.byte	-64
 347 013e 33       		.byte	51
 348 013f 0F       		.byte	15
 349 0140 34       		.byte	52
 350 0141 1F       		.byte	31
 351 0142 35       		.byte	53
 352 0143 30       		.byte	48
 353 0144 39       		.byte	57
 354 0145 22       		.byte	34
 355 0146 3A       		.byte	58
 356 0147 02       		.byte	2
 357 0148 3B       		.byte	59
 358 0149 08       		.byte	8
 359 014a 3F       		.byte	63
 360 014b 10       		.byte	16
 361 014c 40       		.byte	64
 362 014d 02       		.byte	2
 363 014e 45       		.byte	69
 364 014f 40       		.byte	64
 365 0150 49       		.byte	73
 366 0151 FF       		.byte	-1
 367 0152 4A       		.byte	74
 368 0153 07       		.byte	7
 369 0154 4B       		.byte	75
 370 0155 FF       		.byte	-1
 371 0156 4C       		.byte	76
 372 0157 40       		.byte	64
 373 0158 4D       		.byte	77
 374 0159 20       		.byte	32
 375 015a 4E       		.byte	78
 376 015b F0       		.byte	-16
 377 015c 4F       		.byte	79
 378 015d 05       		.byte	5
 379 015e 50       		.byte	80
 380 015f 08       		.byte	8
 381 0160 58       		.byte	88
 382 0161 04       		.byte	4
 383 0162 59       		.byte	89
 384 0163 04       		.byte	4
 385 0164 5A       		.byte	90
 386 0165 04       		.byte	4
 387 0166 5C       		.byte	92
 388 0167 11       		.byte	17
 389 0168 5D       		.byte	93
 390 0169 01       		.byte	1
 391 016a 5F       		.byte	95
 392 016b 01       		.byte	1
 393 016c 60       		.byte	96
 394 016d 40       		.byte	64
 395 016e 61       		.byte	97
 396 016f A8       		.byte	-88
 397 0170 62       		.byte	98
 398 0171 40       		.byte	64
 399 0172 63       		.byte	99
ARM GAS  C:\Users\swaga\AppData\Local\Temp\ccnvH2cc.s 			page 8


 400 0173 20       		.byte	32
 401 0174 80       		.byte	-128
 402 0175 13       		.byte	19
 403 0176 81       		.byte	-127
 404 0177 08       		.byte	8
 405 0178 82       		.byte	-126
 406 0179 04       		.byte	4
 407 017a 83       		.byte	-125
 408 017b 13       		.byte	19
 409 017c 84       		.byte	-124
 410 017d 80       		.byte	-128
 411 017e 85       		.byte	-123
 412 017f 38       		.byte	56
 413 0180 86       		.byte	-122
 414 0181 40       		.byte	64
 415 0182 88       		.byte	-120
 416 0183 0A       		.byte	10
 417 0184 89       		.byte	-119
 418 0185 38       		.byte	56
 419 0186 8A       		.byte	-118
 420 0187 14       		.byte	20
 421 0188 8D       		.byte	-115
 422 0189 20       		.byte	32
 423 018a 92       		.byte	-110
 424 018b 08       		.byte	8
 425 018c 94       		.byte	-108
 426 018d 13       		.byte	19
 427 018e 96       		.byte	-106
 428 018f 0C       		.byte	12
 429 0190 98       		.byte	-104
 430 0191 E0       		.byte	-32
 431 0192 99       		.byte	-103
 432 0193 10       		.byte	16
 433 0194 9B       		.byte	-101
 434 0195 0A       		.byte	10
 435 0196 9C       		.byte	-100
 436 0197 40       		.byte	64
 437 0198 9E       		.byte	-98
 438 0199 A0       		.byte	-96
 439 019a A0       		.byte	-96
 440 019b 03       		.byte	3
 441 019c A2       		.byte	-94
 442 019d 14       		.byte	20
 443 019e A3       		.byte	-93
 444 019f 04       		.byte	4
 445 01a0 A6       		.byte	-90
 446 01a1 15       		.byte	21
 447 01a2 A8       		.byte	-88
 448 01a3 E0       		.byte	-32
 449 01a4 AC       		.byte	-84
 450 01a5 20       		.byte	32
 451 01a6 AE       		.byte	-82
 452 01a7 40       		.byte	64
 453 01a8 B0       		.byte	-80
 454 01a9 10       		.byte	16
 455 01aa B1       		.byte	-79
 456 01ab 06       		.byte	6
ARM GAS  C:\Users\swaga\AppData\Local\Temp\ccnvH2cc.s 			page 9


 457 01ac B2       		.byte	-78
 458 01ad 0F       		.byte	15
 459 01ae B3       		.byte	-77
 460 01af 18       		.byte	24
 461 01b0 B5       		.byte	-75
 462 01b1 20       		.byte	32
 463 01b2 B6       		.byte	-74
 464 01b3 E0       		.byte	-32
 465 01b4 B7       		.byte	-73
 466 01b5 01       		.byte	1
 467 01b6 B8       		.byte	-72
 468 01b7 20       		.byte	32
 469 01b8 BA       		.byte	-70
 470 01b9 08       		.byte	8
 471 01ba BE       		.byte	-66
 472 01bb 11       		.byte	17
 473 01bc BF       		.byte	-65
 474 01bd 01       		.byte	1
 475 01be C0       		.byte	-64
 476 01bf 36       		.byte	54
 477 01c0 C1       		.byte	-63
 478 01c1 05       		.byte	5
 479 01c2 C5       		.byte	-59
 480 01c3 0B       		.byte	11
 481 01c4 C6       		.byte	-58
 482 01c5 EC       		.byte	-20
 483 01c6 C8       		.byte	-56
 484 01c7 0D       		.byte	13
 485 01c8 C9       		.byte	-55
 486 01c9 FF       		.byte	-1
 487 01ca CA       		.byte	-54
 488 01cb FF       		.byte	-1
 489 01cc CB       		.byte	-53
 490 01cd FF       		.byte	-1
 491 01ce CE       		.byte	-50
 492 01cf F0       		.byte	-16
 493 01d0 CF       		.byte	-49
 494 01d1 44       		.byte	68
 495 01d2 D0       		.byte	-48
 496 01d3 0C       		.byte	12
 497 01d4 D4       		.byte	-44
 498 01d5 01       		.byte	1
 499 01d6 D6       		.byte	-42
 500 01d7 04       		.byte	4
 501 01d8 D8       		.byte	-40
 502 01d9 04       		.byte	4
 503 01da D9       		.byte	-39
 504 01db 04       		.byte	4
 505 01dc DA       		.byte	-38
 506 01dd 04       		.byte	4
 507 01de DB       		.byte	-37
 508 01df 04       		.byte	4
 509 01e0 DC       		.byte	-36
 510 01e1 11       		.byte	17
 511 01e2 DD       		.byte	-35
 512 01e3 11       		.byte	17
 513 01e4 DF       		.byte	-33
ARM GAS  C:\Users\swaga\AppData\Local\Temp\ccnvH2cc.s 			page 10


 514 01e5 01       		.byte	1
 515 01e6 E6       		.byte	-26
 516 01e7 C0       		.byte	-64
 517 01e8 EA       		.byte	-22
 518 01e9 40       		.byte	64
 519 01ea EB       		.byte	-21
 520 01eb 02       		.byte	2
 521 01ec 01       		.byte	1
 522 01ed 02       		.byte	2
 523 01ee 02       		.byte	2
 524 01ef 20       		.byte	32
 525 01f0 04       		.byte	4
 526 01f1 20       		.byte	32
 527 01f2 05       		.byte	5
 528 01f3 01       		.byte	1
 529 01f4 07       		.byte	7
 530 01f5 10       		.byte	16
 531 01f6 09       		.byte	9
 532 01f7 08       		.byte	8
 533 01f8 0A       		.byte	10
 534 01f9 0A       		.byte	10
 535 01fa 0D       		.byte	13
 536 01fb 89       		.byte	-119
 537 01fc 0E       		.byte	14
 538 01fd 04       		.byte	4
 539 01fe 10       		.byte	16
 540 01ff 80       		.byte	-128
 541 0200 11       		.byte	17
 542 0201 04       		.byte	4
 543 0202 13       		.byte	19
 544 0203 10       		.byte	16
 545 0204 15       		.byte	21
 546 0205 14       		.byte	20
 547 0206 16       		.byte	22
 548 0207 82       		.byte	-126
 549 0208 19       		.byte	25
 550 0209 03       		.byte	3
 551 020a 1A       		.byte	26
 552 020b 08       		.byte	8
 553 020c 1C       		.byte	28
 554 020d 08       		.byte	8
 555 020e 1D       		.byte	29
 556 020f 8C       		.byte	-116
 557 0210 1E       		.byte	30
 558 0211 40       		.byte	64
 559 0212 1F       		.byte	31
 560 0213 40       		.byte	64
 561 0214 20       		.byte	32
 562 0215 04       		.byte	4
 563 0216 21       		.byte	33
 564 0217 01       		.byte	1
 565 0218 22       		.byte	34
 566 0219 01       		.byte	1
 567 021a 23       		.byte	35
 568 021b 10       		.byte	16
 569 021c 26       		.byte	38
 570 021d 80       		.byte	-128
ARM GAS  C:\Users\swaga\AppData\Local\Temp\ccnvH2cc.s 			page 11


 571 021e 27       		.byte	39
 572 021f 54       		.byte	84
 573 0220 29       		.byte	41
 574 0221 05       		.byte	5
 575 0222 2B       		.byte	43
 576 0223 40       		.byte	64
 577 0224 2F       		.byte	47
 578 0225 40       		.byte	64
 579 0226 30       		.byte	48
 580 0227 80       		.byte	-128
 581 0228 37       		.byte	55
 582 0229 10       		.byte	16
 583 022a 38       		.byte	56
 584 022b 28       		.byte	40
 585 022c 39       		.byte	57
 586 022d 06       		.byte	6
 587 022e 3B       		.byte	59
 588 022f 10       		.byte	16
 589 0230 3D       		.byte	61
 590 0231 90       		.byte	-112
 591 0232 3E       		.byte	62
 592 0233 06       		.byte	6
 593 0234 40       		.byte	64
 594 0235 04       		.byte	4
 595 0236 45       		.byte	69
 596 0237 08       		.byte	8
 597 0238 48       		.byte	72
 598 0239 80       		.byte	-128
 599 023a 4C       		.byte	76
 600 023b 04       		.byte	4
 601 023c 4E       		.byte	78
 602 023d 20       		.byte	32
 603 023e 4F       		.byte	79
 604 023f 80       		.byte	-128
 605 0240 50       		.byte	80
 606 0241 04       		.byte	4
 607 0242 54       		.byte	84
 608 0243 10       		.byte	16
 609 0244 56       		.byte	86
 610 0245 90       		.byte	-112
 611 0246 5D       		.byte	93
 612 0247 08       		.byte	8
 613 0248 5E       		.byte	94
 614 0249 41       		.byte	65
 615 024a 5F       		.byte	95
 616 024b 20       		.byte	32
 617 024c 67       		.byte	103
 618 024d 40       		.byte	64
 619 024e 87       		.byte	-121
 620 024f 40       		.byte	64
 621 0250 88       		.byte	-120
 622 0251 14       		.byte	20
 623 0252 8A       		.byte	-118
 624 0253 93       		.byte	-109
 625 0254 8B       		.byte	-117
 626 0255 24       		.byte	36
 627 0256 91       		.byte	-111
ARM GAS  C:\Users\swaga\AppData\Local\Temp\ccnvH2cc.s 			page 12


 628 0257 10       		.byte	16
 629 0258 92       		.byte	-110
 630 0259 04       		.byte	4
 631 025a 96       		.byte	-106
 632 025b 08       		.byte	8
 633 025c 97       		.byte	-105
 634 025d 88       		.byte	-120
 635 025e 99       		.byte	-103
 636 025f 08       		.byte	8
 637 0260 9E       		.byte	-98
 638 0261 10       		.byte	16
 639 0262 9F       		.byte	-97
 640 0263 54       		.byte	84
 641 0264 A1       		.byte	-95
 642 0265 40       		.byte	64
 643 0266 A6       		.byte	-90
 644 0267 90       		.byte	-112
 645 0268 B0       		.byte	-80
 646 0269 01       		.byte	1
 647 026a C0       		.byte	-64
 648 026b 7C       		.byte	124
 649 026c C2       		.byte	-62
 650 026d F7       		.byte	-9
 651 026e C4       		.byte	-60
 652 026f FE       		.byte	-2
 653 0270 CA       		.byte	-54
 654 0271 83       		.byte	-125
 655 0272 CC       		.byte	-52
 656 0273 28       		.byte	40
 657 0274 CE       		.byte	-50
 658 0275 F7       		.byte	-9
 659 0276 D0       		.byte	-48
 660 0277 44       		.byte	68
 661 0278 D2       		.byte	-46
 662 0279 30       		.byte	48
 663 027a D6       		.byte	-42
 664 027b F0       		.byte	-16
 665 027c D8       		.byte	-40
 666 027d 80       		.byte	-128
 667 027e 32       		.byte	50
 668 027f 40       		.byte	64
 669 0280 36       		.byte	54
 670 0281 20       		.byte	32
 671 0282 3C       		.byte	60
 672 0283 40       		.byte	64
 673 0284 CC       		.byte	-52
 674 0285 30       		.byte	48
 675 0286 CE       		.byte	-50
 676 0287 20       		.byte	32
 677 0288 94       		.byte	-108
 678 0289 40       		.byte	64
 679 028a 96       		.byte	-106
 680 028b 80       		.byte	-128
 681 028c A6       		.byte	-90
 682 028d 20       		.byte	32
 683 028e 8C       		.byte	-116
 684 028f 40       		.byte	64
ARM GAS  C:\Users\swaga\AppData\Local\Temp\ccnvH2cc.s 			page 13


 685 0290 94       		.byte	-108
 686 0291 40       		.byte	64
 687 0292 96       		.byte	-106
 688 0293 80       		.byte	-128
 689 0294 A6       		.byte	-90
 690 0295 20       		.byte	32
 691 0296 94       		.byte	-108
 692 0297 40       		.byte	64
 693 0298 96       		.byte	-106
 694 0299 80       		.byte	-128
 695 029a A6       		.byte	-90
 696 029b 20       		.byte	32
 697 029c 7C       		.byte	124
 698 029d 02       		.byte	2
 699 029e DE       		.byte	-34
 700 029f 01       		.byte	1
 701 02a0 9C       		.byte	-100
 702 02a1 02       		.byte	2
 703 02a2 33       		.byte	51
 704 02a3 80       		.byte	-128
 705 02a4 45       		.byte	69
 706 02a5 02       		.byte	2
 707 02a6 8F       		.byte	-113
 708 02a7 80       		.byte	-128
 709 02a8 9C       		.byte	-100
 710 02a9 02       		.byte	2
 711 02aa CC       		.byte	-52
 712 02ab 08       		.byte	8
 713 02ac D0       		.byte	-48
 714 02ad 01       		.byte	1
 715 02ae E0       		.byte	-32
 716 02af 02       		.byte	2
 717 02b0 9C       		.byte	-100
 718 02b1 02       		.byte	2
 719 02b2 A5       		.byte	-91
 720 02b3 02       		.byte	2
 721 02b4 24       		.byte	36
 722 02b5 40       		.byte	64
 723 02b6 27       		.byte	39
 724 02b7 04       		.byte	4
 725 02b8 82       		.byte	-126
 726 02b9 40       		.byte	64
 727 02ba 94       		.byte	-108
 728 02bb 40       		.byte	64
 729 02bc 96       		.byte	-106
 730 02bd 80       		.byte	-128
 731 02be 9F       		.byte	-97
 732 02bf 04       		.byte	4
 733 02c0 A6       		.byte	-90
 734 02c1 20       		.byte	32
 735 02c2 B7       		.byte	-73
 736 02c3 04       		.byte	4
 737 02c4 C8       		.byte	-56
 738 02c5 A0       		.byte	-96
 739 02c6 E6       		.byte	-26
 740 02c7 80       		.byte	-128
 741 02c8 86       		.byte	-122
ARM GAS  C:\Users\swaga\AppData\Local\Temp\ccnvH2cc.s 			page 14


 742 02c9 20       		.byte	32
 743 02ca A6       		.byte	-90
 744 02cb 20       		.byte	32
 745 02cc E6       		.byte	-26
 746 02cd 40       		.byte	64
 747 02ce 9C       		.byte	-100
 748 02cf 02       		.byte	2
 749 02d0 B5       		.byte	-75
 750 02d1 02       		.byte	2
 751 02d2 EC       		.byte	-20
 752 02d3 08       		.byte	8
 753 02d4 10       		.byte	16
 754 02d5 40       		.byte	64
 755 02d6 75       		.byte	117
 756 02d7 02       		.byte	2
 757 02d8 88       		.byte	-120
 758 02d9 42       		.byte	66
 759 02da 99       		.byte	-103
 760 02db 02       		.byte	2
 761 02dc 9C       		.byte	-100
 762 02dd 02       		.byte	2
 763 02de B1       		.byte	-79
 764 02df 02       		.byte	2
 765 02e0 C4       		.byte	-60
 766 02e1 08       		.byte	8
 767 02e2 DE       		.byte	-34
 768 02e3 04       		.byte	4
 769 02e4 E0       		.byte	-32
 770 02e5 04       		.byte	4
 771 02e6 E2       		.byte	-30
 772 02e7 01       		.byte	1
 773 02e8 E8       		.byte	-24
 774 02e9 01       		.byte	1
 775 02ea 10       		.byte	16
 776 02eb 02       		.byte	2
 777 02ec 1C       		.byte	28
 778 02ed 02       		.byte	2
 779 02ee 00       		.byte	0
 780 02ef 0F       		.byte	15
 781 02f0 10       		.byte	16
 782 02f1 02       		.byte	2
 783 02f2 00       		.byte	0
 784 02f3 00       		.byte	0
 785 02f4 80       		.byte	-128
 786 02f5 80       		.byte	-128
 787 02f6 00       		.byte	0
 788 02f7 00       		.byte	0
 789 02f8 40       		.byte	64
 790 02f9 00       		.byte	0
 791 02fa 00       		.byte	0
 792 02fb 00       		.byte	0
 793 02fc 1F       		.byte	31
 794 02fd 10       		.byte	16
 795 02fe 60       		.byte	96
 796 02ff 00       		.byte	0
 797 0300 02       		.byte	2
 798 0301 08       		.byte	8
ARM GAS  C:\Users\swaga\AppData\Local\Temp\ccnvH2cc.s 			page 15


 799 0302 00       		.byte	0
 800 0303 00       		.byte	0
 801 0304 00       		.byte	0
 802 0305 18       		.byte	24
 803 0306 23       		.byte	35
 804 0307 00       		.byte	0
 805 0308 00       		.byte	0
 806 0309 FF       		.byte	-1
 807 030a 00       		.byte	0
 808 030b 00       		.byte	0
 809 030c 1C       		.byte	28
 810 030d 19       		.byte	25
 811 030e 63       		.byte	99
 812 030f E2       		.byte	-30
 813 0310 01       		.byte	1
 814 0311 00       		.byte	0
 815 0312 00       		.byte	0
 816 0313 E6       		.byte	-26
 817 0314 73       		.byte	115
 818 0315 80       		.byte	-128
 819 0316 0C       		.byte	12
 820 0317 00       		.byte	0
 821 0318 7F       		.byte	127
 822 0319 00       		.byte	0
 823 031a 00       		.byte	0
 824 031b 01       		.byte	1
 825 031c 03       		.byte	3
 826 031d C0       		.byte	-64
 827 031e 00       		.byte	0
 828 031f 00       		.byte	0
 829 0320 04       		.byte	4
 830 0321 E7       		.byte	-25
 831 0322 00       		.byte	0
 832 0323 18       		.byte	24
 833 0324 0C       		.byte	12
 834 0325 41       		.byte	65
 835 0326 00       		.byte	0
 836 0327 00       		.byte	0
 837 0328 08       		.byte	8
 838 0329 39       		.byte	57
 839 032a 00       		.byte	0
 840 032b C4       		.byte	-60
 841 032c 2C       		.byte	44
 842 032d 1F       		.byte	31
 843 032e 10       		.byte	16
 844 032f 00       		.byte	0
 845 0330 0F       		.byte	15
 846 0331 38       		.byte	56
 847 0332 40       		.byte	64
 848 0333 C0       		.byte	-64
 849 0334 80       		.byte	-128
 850 0335 00       		.byte	0
 851 0336 22       		.byte	34
 852 0337 02       		.byte	2
 853 0338 00       		.byte	0
 854 0339 00       		.byte	0
 855 033a 04       		.byte	4
ARM GAS  C:\Users\swaga\AppData\Local\Temp\ccnvH2cc.s 			page 16


 856 033b 00       		.byte	0
 857 033c 23       		.byte	35
 858 033d 04       		.byte	4
 859 033e 06       		.byte	6
 860 033f 00       		.byte	0
 861 0340 01       		.byte	1
 862 0341 0C       		.byte	12
 863 0342 00       		.byte	0
 864 0343 E0       		.byte	-32
 865 0344 21       		.byte	33
 866 0345 FF       		.byte	-1
 867 0346 FF       		.byte	-1
 868 0347 FF       		.byte	-1
 869 0348 62       		.byte	98
 870 0349 A0       		.byte	-96
 871 034a F0       		.byte	-16
 872 034b 41       		.byte	65
 873 034c 0C       		.byte	12
 874 034d 00       		.byte	0
 875 034e 00       		.byte	0
 876 034f 00       		.byte	0
 877 0350 00       		.byte	0
 878 0351 00       		.byte	0
 879 0352 02       		.byte	2
 880 0353 11       		.byte	17
 881 0354 04       		.byte	4
 882 0355 04       		.byte	4
 883 0356 04       		.byte	4
 884 0357 04       		.byte	4
 885 0358 11       		.byte	17
 886 0359 11       		.byte	17
 887 035a 00       		.byte	0
 888 035b 01       		.byte	1
 889 035c 00       		.byte	0
 890 035d 00       		.byte	0
 891 035e 00       		.byte	0
 892 035f 00       		.byte	0
 893 0360 00       		.byte	0
 894 0361 00       		.byte	0
 895 0362 40       		.byte	64
 896 0363 02       		.byte	2
 897 0364 00       		.byte	0
 898 0365 10       		.byte	16
 899 0366 30       		.byte	48
 900 0367 10       		.byte	16
 901 0368 00       		.byte	0
 902 0369 10       		.byte	16
 903 036a 10       		.byte	16
 904 036b 12       		.byte	18
 905 036c 00       		.byte	0
 906 036d 00       		.byte	0
 907 036e 00       		.byte	0
 908 036f 00       		.byte	0
 909 0370 00       		.byte	0
 910 0371 00       		.byte	0
 911 0372 00       		.byte	0
 912 0373 00       		.byte	0
ARM GAS  C:\Users\swaga\AppData\Local\Temp\ccnvH2cc.s 			page 17


 913 0374 00       		.byte	0
 914 0375 00       		.byte	0
 915 0376 00       		.byte	0
 916 0377 00       		.byte	0
 917 0378 00       		.byte	0
 918 0379 00       		.byte	0
 919 037a 00       		.byte	0
 920 037b 00       		.byte	0
 921 037c 80       		.byte	-128
 922 037d 00       		.byte	0
 923 037e 40       		.byte	64
 924 037f 80       		.byte	-128
 925 0380 80       		.byte	-128
 926 0381 00       		.byte	0
 927 0382 80       		.byte	-128
 928 0383 00       		.byte	0
 929 0384 00       		.byte	0
 930 0385 00       		.byte	0
 931 0386 00       		.byte	0
 932 0387 00       		.byte	0
 933 0388 00       		.byte	0
 934 0389 8B       		.byte	-117
 935 038a 8B       		.byte	-117
 936 038b 00       		.byte	0
 937 038c 00       		.byte	0
 938 038d 00       		.byte	0
 939 038e 00       		.byte	0
 940 038f 00       		.byte	0
 941 0390 00       		.byte	0
 942 0391 03       		.byte	3
 943 0392 03       		.byte	3
 944 0393 00       		.byte	0
 945 0394 00       		.byte	0
 946 0395 00       		.byte	0
 947 0396 00       		.byte	0
 948 0397 00       		.byte	0
 949 0398 25       		.byte	37
 950 0399 00       		.byte	0
 951 039a 18       		.byte	24
 952 039b 01       		.byte	1
 953              		.section	.cywolatch,"a",%progbits
 954              		.align	2
 955              		.type	cy_meta_wonvl, %object
 956              		.size	cy_meta_wonvl, 4
 957              	cy_meta_wonvl:
 958 0000 BC       		.byte	-68
 959 0001 90       		.byte	-112
 960 0002 AC       		.byte	-84
 961 0003 AF       		.byte	-81
 962              		.section	.cycustnvl,"a",%progbits
 963              		.align	2
 964              		.type	cy_meta_custnvl, %object
 965              		.size	cy_meta_custnvl, 4
 966              	cy_meta_custnvl:
 967 0000 00       		.byte	0
 968 0001 00       		.byte	0
 969 0002 40       		.byte	64
ARM GAS  C:\Users\swaga\AppData\Local\Temp\ccnvH2cc.s 			page 18


 970 0003 05       		.byte	5
 971              		.section	.cymeta,"a",%progbits
 972              		.align	2
 973              		.type	cy_metadata, %object
 974              		.size	cy_metadata, 12
 975              	cy_metadata:
 976 0000 00       		.byte	0
 977 0001 01       		.byte	1
 978 0002 2E       		.byte	46
 979 0003 16       		.byte	22
 980 0004 10       		.byte	16
 981 0005 69       		.byte	105
 982 0006 00       		.byte	0
 983 0007 01       		.byte	1
 984 0008 00       		.byte	0
 985 0009 00       		.byte	0
 986 000a 00       		.byte	0
 987 000b 00       		.byte	0
 988              		.section	.cyflashprotect,"a",%progbits
 989              		.align	2
 990              		.type	cy_meta_flashprotect, %object
 991              		.size	cy_meta_flashprotect, 256
 992              	cy_meta_flashprotect:
 993 0000 00000000 		.space	256
 993      00000000 
 993      00000000 
 993      00000000 
 993      00000000 
 994              		.text
 995              	.Letext0:
 996              		.file 1 "c:\\program files (x86)\\cypress\\psoc creator\\4.2\\psoc creator\\import\\gnu\\arm\\5.4.
 997              		.file 2 "c:\\program files (x86)\\cypress\\psoc creator\\4.2\\psoc creator\\import\\gnu\\arm\\5.4.
 998              		.file 3 "Generated_Source\\PSoC5\\cymetadata.c"
 999              		.section	.debug_info,"",%progbits
 1000              	.Ldebug_info0:
 1001 0000 31010000 		.4byte	0x131
 1002 0004 0400     		.2byte	0x4
 1003 0006 00000000 		.4byte	.Ldebug_abbrev0
 1004 000a 04       		.byte	0x4
 1005 000b 01       		.uleb128 0x1
 1006 000c 24000000 		.4byte	.LASF17
 1007 0010 0C       		.byte	0xc
 1008 0011 D8010000 		.4byte	.LASF18
 1009 0015 25010000 		.4byte	.LASF19
 1010 0019 00000000 		.4byte	.Ldebug_line0
 1011 001d 02       		.uleb128 0x2
 1012 001e 01       		.byte	0x1
 1013 001f 06       		.byte	0x6
 1014 0020 CC010000 		.4byte	.LASF0
 1015 0024 03       		.uleb128 0x3
 1016 0025 00000000 		.4byte	.LASF9
 1017 0029 01       		.byte	0x1
 1018 002a 1D       		.byte	0x1d
 1019 002b 2F000000 		.4byte	0x2f
 1020 002f 02       		.uleb128 0x2
 1021 0030 01       		.byte	0x1
 1022 0031 08       		.byte	0x8
ARM GAS  C:\Users\swaga\AppData\Local\Temp\ccnvH2cc.s 			page 19


 1023 0032 16000000 		.4byte	.LASF1
 1024 0036 02       		.uleb128 0x2
 1025 0037 02       		.byte	0x2
 1026 0038 05       		.byte	0x5
 1027 0039 B9010000 		.4byte	.LASF2
 1028 003d 02       		.uleb128 0x2
 1029 003e 02       		.byte	0x2
 1030 003f 07       		.byte	0x7
 1031 0040 C4000000 		.4byte	.LASF3
 1032 0044 02       		.uleb128 0x2
 1033 0045 04       		.byte	0x4
 1034 0046 05       		.byte	0x5
 1035 0047 C3010000 		.4byte	.LASF4
 1036 004b 02       		.uleb128 0x2
 1037 004c 04       		.byte	0x4
 1038 004d 07       		.byte	0x7
 1039 004e B2000000 		.4byte	.LASF5
 1040 0052 02       		.uleb128 0x2
 1041 0053 08       		.byte	0x8
 1042 0054 05       		.byte	0x5
 1043 0055 AB010000 		.4byte	.LASF6
 1044 0059 02       		.uleb128 0x2
 1045 005a 08       		.byte	0x8
 1046 005b 07       		.byte	0x7
 1047 005c 06010000 		.4byte	.LASF7
 1048 0060 04       		.uleb128 0x4
 1049 0061 04       		.byte	0x4
 1050 0062 05       		.byte	0x5
 1051 0063 696E7400 		.ascii	"int\000"
 1052 0067 02       		.uleb128 0x2
 1053 0068 04       		.byte	0x4
 1054 0069 07       		.byte	0x7
 1055 006a F9000000 		.4byte	.LASF8
 1056 006e 03       		.uleb128 0x3
 1057 006f 1D010000 		.4byte	.LASF10
 1058 0073 02       		.byte	0x2
 1059 0074 18       		.byte	0x18
 1060 0075 24000000 		.4byte	0x24
 1061 0079 05       		.uleb128 0x5
 1062 007a 91000000 		.4byte	0x91
 1063 007e 8A000000 		.4byte	0x8a
 1064 0082 06       		.uleb128 0x6
 1065 0083 8A000000 		.4byte	0x8a
 1066 0087 9B03     		.2byte	0x39b
 1067 0089 00       		.byte	0
 1068 008a 02       		.uleb128 0x2
 1069 008b 04       		.byte	0x4
 1070 008c 07       		.byte	0x7
 1071 008d A2010000 		.4byte	.LASF11
 1072 0091 07       		.uleb128 0x7
 1073 0092 6E000000 		.4byte	0x6e
 1074 0096 08       		.uleb128 0x8
 1075 0097 E7000000 		.4byte	.LASF12
 1076 009b 03       		.byte	0x3
 1077 009c 1F       		.byte	0x1f
 1078 009d A7000000 		.4byte	0xa7
 1079 00a1 05       		.uleb128 0x5
ARM GAS  C:\Users\swaga\AppData\Local\Temp\ccnvH2cc.s 			page 20


 1080 00a2 03       		.byte	0x3
 1081 00a3 00000000 		.4byte	cy_meta_configecc
 1082 00a7 07       		.uleb128 0x7
 1083 00a8 79000000 		.4byte	0x79
 1084 00ac 05       		.uleb128 0x5
 1085 00ad 91000000 		.4byte	0x91
 1086 00b1 BC000000 		.4byte	0xbc
 1087 00b5 09       		.uleb128 0x9
 1088 00b6 8A000000 		.4byte	0x8a
 1089 00ba 03       		.byte	0x3
 1090 00bb 00       		.byte	0
 1091 00bc 08       		.uleb128 0x8
 1092 00bd D7000000 		.4byte	.LASF13
 1093 00c1 03       		.byte	0x3
 1094 00c2 A0       		.byte	0xa0
 1095 00c3 CD000000 		.4byte	0xcd
 1096 00c7 05       		.uleb128 0x5
 1097 00c8 03       		.byte	0x3
 1098 00c9 00000000 		.4byte	cy_meta_custnvl
 1099 00cd 07       		.uleb128 0x7
 1100 00ce AC000000 		.4byte	0xac
 1101 00d2 08       		.uleb128 0x8
 1102 00d3 94010000 		.4byte	.LASF14
 1103 00d7 03       		.byte	0x3
 1104 00d8 AE       		.byte	0xae
 1105 00d9 E3000000 		.4byte	0xe3
 1106 00dd 05       		.uleb128 0x5
 1107 00de 03       		.byte	0x3
 1108 00df 00000000 		.4byte	cy_meta_wonvl
 1109 00e3 07       		.uleb128 0x7
 1110 00e4 AC000000 		.4byte	0xac
 1111 00e8 05       		.uleb128 0x5
 1112 00e9 91000000 		.4byte	0x91
 1113 00ed F8000000 		.4byte	0xf8
 1114 00f1 09       		.uleb128 0x9
 1115 00f2 8A000000 		.4byte	0x8a
 1116 00f6 FF       		.byte	0xff
 1117 00f7 00       		.byte	0
 1118 00f8 08       		.uleb128 0x8
 1119 00f9 7F010000 		.4byte	.LASF15
 1120 00fd 03       		.byte	0x3
 1121 00fe BC       		.byte	0xbc
 1122 00ff 09010000 		.4byte	0x109
 1123 0103 05       		.uleb128 0x5
 1124 0104 03       		.byte	0x3
 1125 0105 00000000 		.4byte	cy_meta_flashprotect
 1126 0109 07       		.uleb128 0x7
 1127 010a E8000000 		.4byte	0xe8
 1128 010e 05       		.uleb128 0x5
 1129 010f 91000000 		.4byte	0x91
 1130 0113 1E010000 		.4byte	0x11e
 1131 0117 09       		.uleb128 0x9
 1132 0118 8A000000 		.4byte	0x8a
 1133 011c 0B       		.byte	0xb
 1134 011d 00       		.byte	0
 1135 011e 08       		.uleb128 0x8
 1136 011f 0A000000 		.4byte	.LASF16
ARM GAS  C:\Users\swaga\AppData\Local\Temp\ccnvH2cc.s 			page 21


 1137 0123 03       		.byte	0x3
 1138 0124 E9       		.byte	0xe9
 1139 0125 2F010000 		.4byte	0x12f
 1140 0129 05       		.uleb128 0x5
 1141 012a 03       		.byte	0x3
 1142 012b 00000000 		.4byte	cy_metadata
 1143 012f 07       		.uleb128 0x7
 1144 0130 0E010000 		.4byte	0x10e
 1145 0134 00       		.byte	0
 1146              		.section	.debug_abbrev,"",%progbits
 1147              	.Ldebug_abbrev0:
 1148 0000 01       		.uleb128 0x1
 1149 0001 11       		.uleb128 0x11
 1150 0002 01       		.byte	0x1
 1151 0003 25       		.uleb128 0x25
 1152 0004 0E       		.uleb128 0xe
 1153 0005 13       		.uleb128 0x13
 1154 0006 0B       		.uleb128 0xb
 1155 0007 03       		.uleb128 0x3
 1156 0008 0E       		.uleb128 0xe
 1157 0009 1B       		.uleb128 0x1b
 1158 000a 0E       		.uleb128 0xe
 1159 000b 10       		.uleb128 0x10
 1160 000c 17       		.uleb128 0x17
 1161 000d 00       		.byte	0
 1162 000e 00       		.byte	0
 1163 000f 02       		.uleb128 0x2
 1164 0010 24       		.uleb128 0x24
 1165 0011 00       		.byte	0
 1166 0012 0B       		.uleb128 0xb
 1167 0013 0B       		.uleb128 0xb
 1168 0014 3E       		.uleb128 0x3e
 1169 0015 0B       		.uleb128 0xb
 1170 0016 03       		.uleb128 0x3
 1171 0017 0E       		.uleb128 0xe
 1172 0018 00       		.byte	0
 1173 0019 00       		.byte	0
 1174 001a 03       		.uleb128 0x3
 1175 001b 16       		.uleb128 0x16
 1176 001c 00       		.byte	0
 1177 001d 03       		.uleb128 0x3
 1178 001e 0E       		.uleb128 0xe
 1179 001f 3A       		.uleb128 0x3a
 1180 0020 0B       		.uleb128 0xb
 1181 0021 3B       		.uleb128 0x3b
 1182 0022 0B       		.uleb128 0xb
 1183 0023 49       		.uleb128 0x49
 1184 0024 13       		.uleb128 0x13
 1185 0025 00       		.byte	0
 1186 0026 00       		.byte	0
 1187 0027 04       		.uleb128 0x4
 1188 0028 24       		.uleb128 0x24
 1189 0029 00       		.byte	0
 1190 002a 0B       		.uleb128 0xb
 1191 002b 0B       		.uleb128 0xb
 1192 002c 3E       		.uleb128 0x3e
 1193 002d 0B       		.uleb128 0xb
ARM GAS  C:\Users\swaga\AppData\Local\Temp\ccnvH2cc.s 			page 22


 1194 002e 03       		.uleb128 0x3
 1195 002f 08       		.uleb128 0x8
 1196 0030 00       		.byte	0
 1197 0031 00       		.byte	0
 1198 0032 05       		.uleb128 0x5
 1199 0033 01       		.uleb128 0x1
 1200 0034 01       		.byte	0x1
 1201 0035 49       		.uleb128 0x49
 1202 0036 13       		.uleb128 0x13
 1203 0037 01       		.uleb128 0x1
 1204 0038 13       		.uleb128 0x13
 1205 0039 00       		.byte	0
 1206 003a 00       		.byte	0
 1207 003b 06       		.uleb128 0x6
 1208 003c 21       		.uleb128 0x21
 1209 003d 00       		.byte	0
 1210 003e 49       		.uleb128 0x49
 1211 003f 13       		.uleb128 0x13
 1212 0040 2F       		.uleb128 0x2f
 1213 0041 05       		.uleb128 0x5
 1214 0042 00       		.byte	0
 1215 0043 00       		.byte	0
 1216 0044 07       		.uleb128 0x7
 1217 0045 26       		.uleb128 0x26
 1218 0046 00       		.byte	0
 1219 0047 49       		.uleb128 0x49
 1220 0048 13       		.uleb128 0x13
 1221 0049 00       		.byte	0
 1222 004a 00       		.byte	0
 1223 004b 08       		.uleb128 0x8
 1224 004c 34       		.uleb128 0x34
 1225 004d 00       		.byte	0
 1226 004e 03       		.uleb128 0x3
 1227 004f 0E       		.uleb128 0xe
 1228 0050 3A       		.uleb128 0x3a
 1229 0051 0B       		.uleb128 0xb
 1230 0052 3B       		.uleb128 0x3b
 1231 0053 0B       		.uleb128 0xb
 1232 0054 49       		.uleb128 0x49
 1233 0055 13       		.uleb128 0x13
 1234 0056 3F       		.uleb128 0x3f
 1235 0057 19       		.uleb128 0x19
 1236 0058 02       		.uleb128 0x2
 1237 0059 18       		.uleb128 0x18
 1238 005a 00       		.byte	0
 1239 005b 00       		.byte	0
 1240 005c 09       		.uleb128 0x9
 1241 005d 21       		.uleb128 0x21
 1242 005e 00       		.byte	0
 1243 005f 49       		.uleb128 0x49
 1244 0060 13       		.uleb128 0x13
 1245 0061 2F       		.uleb128 0x2f
 1246 0062 0B       		.uleb128 0xb
 1247 0063 00       		.byte	0
 1248 0064 00       		.byte	0
 1249 0065 00       		.byte	0
 1250              		.section	.debug_aranges,"",%progbits
ARM GAS  C:\Users\swaga\AppData\Local\Temp\ccnvH2cc.s 			page 23


 1251 0000 14000000 		.4byte	0x14
 1252 0004 0200     		.2byte	0x2
 1253 0006 00000000 		.4byte	.Ldebug_info0
 1254 000a 04       		.byte	0x4
 1255 000b 00       		.byte	0
 1256 000c 0000     		.2byte	0
 1257 000e 0000     		.2byte	0
 1258 0010 00000000 		.4byte	0
 1259 0014 00000000 		.4byte	0
 1260              		.section	.debug_line,"",%progbits
 1261              	.Ldebug_line0:
 1262 0000 3D010000 		.section	.debug_str,"MS",%progbits,1
 1262      02003701 
 1262      00000201 
 1262      FB0E0D00 
 1262      01010101 
 1263              	.LASF9:
 1264 0000 5F5F7569 		.ascii	"__uint8_t\000"
 1264      6E74385F 
 1264      7400
 1265              	.LASF16:
 1266 000a 63795F6D 		.ascii	"cy_metadata\000"
 1266      65746164 
 1266      61746100 
 1267              	.LASF1:
 1268 0016 756E7369 		.ascii	"unsigned char\000"
 1268      676E6564 
 1268      20636861 
 1268      7200
 1269              	.LASF17:
 1270 0024 474E5520 		.ascii	"GNU C11 5.4.1 20160609 (release) [ARM/embedded-5-br"
 1270      43313120 
 1270      352E342E 
 1270      31203230 
 1270      31363036 
 1271 0057 616E6368 		.ascii	"anch revision 237715] -mcpu=cortex-m3 -mthumb -g -O"
 1271      20726576 
 1271      6973696F 
 1271      6E203233 
 1271      37373135 
 1272 008a 67202D66 		.ascii	"g -ffunction-sections -ffat-lto-objects\000"
 1272      66756E63 
 1272      74696F6E 
 1272      2D736563 
 1272      74696F6E 
 1273              	.LASF5:
 1274 00b2 6C6F6E67 		.ascii	"long unsigned int\000"
 1274      20756E73 
 1274      69676E65 
 1274      6420696E 
 1274      7400
 1275              	.LASF3:
 1276 00c4 73686F72 		.ascii	"short unsigned int\000"
 1276      7420756E 
 1276      7369676E 
 1276      65642069 
 1276      6E7400
ARM GAS  C:\Users\swaga\AppData\Local\Temp\ccnvH2cc.s 			page 24


 1277              	.LASF13:
 1278 00d7 63795F6D 		.ascii	"cy_meta_custnvl\000"
 1278      6574615F 
 1278      63757374 
 1278      6E766C00 
 1279              	.LASF12:
 1280 00e7 63795F6D 		.ascii	"cy_meta_configecc\000"
 1280      6574615F 
 1280      636F6E66 
 1280      69676563 
 1280      6300
 1281              	.LASF8:
 1282 00f9 756E7369 		.ascii	"unsigned int\000"
 1282      676E6564 
 1282      20696E74 
 1282      00
 1283              	.LASF7:
 1284 0106 6C6F6E67 		.ascii	"long long unsigned int\000"
 1284      206C6F6E 
 1284      6720756E 
 1284      7369676E 
 1284      65642069 
 1285              	.LASF10:
 1286 011d 75696E74 		.ascii	"uint8_t\000"
 1286      385F7400 
 1287              	.LASF19:
 1288 0125 443A5C68 		.ascii	"D:\\h_da\\Lecturs\\Basic Embedded\\Embedded_basics\\"
 1288      5F64615C 
 1288      4C656374 
 1288      7572735C 
 1288      42617369 
 1289 0154 31345F44 		.ascii	"14_DAC_ADC_UART_MATLAB_data_transfer.cydsn\000"
 1289      41435F41 
 1289      44435F55 
 1289      4152545F 
 1289      4D41544C 
 1290              	.LASF15:
 1291 017f 63795F6D 		.ascii	"cy_meta_flashprotect\000"
 1291      6574615F 
 1291      666C6173 
 1291      6870726F 
 1291      74656374 
 1292              	.LASF14:
 1293 0194 63795F6D 		.ascii	"cy_meta_wonvl\000"
 1293      6574615F 
 1293      776F6E76 
 1293      6C00
 1294              	.LASF11:
 1295 01a2 73697A65 		.ascii	"sizetype\000"
 1295      74797065 
 1295      00
 1296              	.LASF6:
 1297 01ab 6C6F6E67 		.ascii	"long long int\000"
 1297      206C6F6E 
 1297      6720696E 
 1297      7400
 1298              	.LASF2:
ARM GAS  C:\Users\swaga\AppData\Local\Temp\ccnvH2cc.s 			page 25


 1299 01b9 73686F72 		.ascii	"short int\000"
 1299      7420696E 
 1299      7400
 1300              	.LASF4:
 1301 01c3 6C6F6E67 		.ascii	"long int\000"
 1301      20696E74 
 1301      00
 1302              	.LASF0:
 1303 01cc 7369676E 		.ascii	"signed char\000"
 1303      65642063 
 1303      68617200 
 1304              	.LASF18:
 1305 01d8 47656E65 		.ascii	"Generated_Source\\PSoC5\\cymetadata.c\000"
 1305      72617465 
 1305      645F536F 
 1305      75726365 
 1305      5C50536F 
 1306              		.ident	"GCC: (GNU Tools for ARM Embedded Processors) 5.4.1 20160609 (release) [ARM/embedded-5-bran
