ARM GAS  C:\Users\swaga\AppData\Local\Temp\ccoynN0A.s 			page 1


   1              		.syntax unified
   2              		.cpu cortex-m3
   3              		.fpu softvfp
   4              		.eabi_attribute 20, 1
   5              		.eabi_attribute 21, 1
   6              		.eabi_attribute 23, 3
   7              		.eabi_attribute 24, 1
   8              		.eabi_attribute 25, 1
   9              		.eabi_attribute 26, 1
  10              		.eabi_attribute 30, 1
  11              		.eabi_attribute 34, 1
  12              		.eabi_attribute 18, 4
  13              		.thumb
  14              		.syntax unified
  15              		.file	"main.c"
  16              		.text
  17              	.Ltext0:
  18              		.cfi_sections	.debug_frame
  19              		.section	.text.decToBinary,"ax",%progbits
  20              		.align	2
  21              		.global	decToBinary
  22              		.thumb
  23              		.thumb_func
  24              		.type	decToBinary, %function
  25              	decToBinary:
  26              	.LFB64:
  27              		.file 1 "main.c"
   1:main.c        **** 
   2:main.c        **** #include "project.h"
   3:main.c        **** #include<stdio.h>
   4:main.c        **** CY_ISR_PROTO(isr_button_Handler);
   5:main.c        **** uint8 button_state;
   6:main.c        **** uint8 out_array[3];
   7:main.c        **** uint8 count = 0;
   8:main.c        **** char storage[10];
   9:main.c        **** 
  10:main.c        **** // function to convert decimal to binary 
  11:main.c        **** uint8* decToBinary(uint8 num) 
  12:main.c        **** { 
  28              		.loc 1 12 0
  29              		.cfi_startproc
  30              		@ args = 0, pretend = 0, frame = 0
  31              		@ frame_needed = 0, uses_anonymous_args = 0
  32              		@ link register save eliminated.
  33              	.LVL0:
  13:main.c        ****     // array to store binary number //not required in case of global variable
  14:main.c        ****     //uint8 binaryNum[3]; 
  15:main.c        ****     // counter for binary array 
  16:main.c        ****     uint8 i = 0;
  17:main.c        ****     if (num == 0){
  34              		.loc 1 17 0
  35 0000 0246     		mov	r2, r0
  36 0002 20B9     		cbnz	r0, .L2
  18:main.c        ****     out_array[0] = out_array[1] = out_array[2] = 0;
  37              		.loc 1 18 0
  38 0004 084B     		ldr	r3, .L5
  39 0006 0021     		movs	r1, #0
ARM GAS  C:\Users\swaga\AppData\Local\Temp\ccoynN0A.s 			page 2


  40 0008 9970     		strb	r1, [r3, #2]
  41 000a 5970     		strb	r1, [r3, #1]
  42 000c 1970     		strb	r1, [r3]
  43              	.L2:
  12:main.c        ****     // array to store binary number //not required in case of global variable
  44              		.loc 1 12 0
  45 000e 0023     		movs	r3, #0
  46 0010 06E0     		b	.L3
  47              	.LVL1:
  48              	.L4:
  19:main.c        ****     
  20:main.c        ****     }
  21:main.c        ****     while (num > 0) { 
  22:main.c        ****         // storing remainder in binary array 
  23:main.c        ****         out_array[i] = num % 2; 
  49              		.loc 1 23 0
  50 0012 02F00100 		and	r0, r2, #1
  51 0016 0449     		ldr	r1, .L5
  52 0018 C854     		strb	r0, [r1, r3]
  24:main.c        ****         num = num / 2; 
  53              		.loc 1 24 0
  54 001a 5208     		lsrs	r2, r2, #1
  55              	.LVL2:
  25:main.c        ****         i++;
  56              		.loc 1 25 0
  57 001c 0133     		adds	r3, r3, #1
  58              	.LVL3:
  59 001e DBB2     		uxtb	r3, r3
  60              	.LVL4:
  61              	.L3:
  21:main.c        ****         // storing remainder in binary array 
  62              		.loc 1 21 0
  63 0020 002A     		cmp	r2, #0
  64 0022 F6D1     		bne	.L4
  26:main.c        ****     } 
  27:main.c        ****     
  28:main.c        ****     return out_array;
  29:main.c        **** }
  65              		.loc 1 29 0
  66 0024 0048     		ldr	r0, .L5
  67 0026 7047     		bx	lr
  68              	.L6:
  69              		.align	2
  70              	.L5:
  71 0028 00000000 		.word	out_array
  72              		.cfi_endproc
  73              	.LFE64:
  74              		.size	decToBinary, .-decToBinary
  75              		.section	.text.counter,"ax",%progbits
  76              		.align	2
  77              		.global	counter
  78              		.thumb
  79              		.thumb_func
  80              		.type	counter, %function
  81              	counter:
  82              	.LFB65:
  30:main.c        **** // Function for counter
ARM GAS  C:\Users\swaga\AppData\Local\Temp\ccoynN0A.s 			page 3


  31:main.c        **** uint8 counter(uint8 size,uint8 variable)
  32:main.c        **** {
  83              		.loc 1 32 0
  84              		.cfi_startproc
  85              		@ args = 0, pretend = 0, frame = 0
  86              		@ frame_needed = 0, uses_anonymous_args = 0
  87              		@ link register save eliminated.
  88              	.LVL5:
  33:main.c        ****      if (variable == size-1)
  89              		.loc 1 33 0
  90 0000 0138     		subs	r0, r0, #1
  91              	.LVL6:
  92 0002 8142     		cmp	r1, r0
  93 0004 02D0     		beq	.L9
  34:main.c        ****         variable = 0;
  35:main.c        ****      else
  36:main.c        ****         variable +=1;
  94              		.loc 1 36 0
  95 0006 0131     		adds	r1, r1, #1
  96              	.LVL7:
  97 0008 C8B2     		uxtb	r0, r1
  98              	.LVL8:
  99 000a 7047     		bx	lr
 100              	.LVL9:
 101              	.L9:
  34:main.c        ****         variable = 0;
 102              		.loc 1 34 0
 103 000c 0020     		movs	r0, #0
 104              	.LVL10:
  37:main.c        ****     return variable;
  38:main.c        **** 
  39:main.c        **** }
 105              		.loc 1 39 0
 106 000e 7047     		bx	lr
 107              		.cfi_endproc
 108              	.LFE65:
 109              		.size	counter, .-counter
 110              		.section	.text.isr_button_Handler,"ax",%progbits
 111              		.align	2
 112              		.global	isr_button_Handler
 113              		.thumb
 114              		.thumb_func
 115              		.type	isr_button_Handler, %function
 116              	isr_button_Handler:
 117              	.LFB67:
  40:main.c        ****     
  41:main.c        **** int main(void)
  42:main.c        **** {
  43:main.c        ****     CyGlobalIntEnable; /* Enable global interrupts. */
  44:main.c        ****    
  45:main.c        ****       //  uint8 led_state;
  46:main.c        ****     UART_Start();
  47:main.c        ****     isr_button_StartEx(isr_button_Handler);
  48:main.c        ****     
  49:main.c        ****    // isr_button_StartEx(isr_button_Handler);
  50:main.c        ****     for(;;)
  51:main.c        ****     {   
ARM GAS  C:\Users\swaga\AppData\Local\Temp\ccoynN0A.s 			page 4


  52:main.c        ****         decToBinary(count);
  53:main.c        ****         led_red_Write(out_array[2]);
  54:main.c        ****         led_green_Write(out_array[1]);
  55:main.c        ****         led_blue_Write(out_array[0]);
  56:main.c        ****         sprintf(storage, "%d\n", (int)count);
  57:main.c        ****         UART_PutString(storage); 
  58:main.c        ****         UART_ClearTxBuffer();
  59:main.c        ****         //UART_Stop();
  60:main.c        ****         CyDelay(50);
  61:main.c        ****         
  62:main.c        ****         /*button_state= button_Read();
  63:main.c        ****         if (button_state==0){
  64:main.c        ****              led_Write(1);
  65:main.c        ****              UART_PutString("LED ON!!!\n");
  66:main.c        ****              }
  67:main.c        ****         
  68:main.c        ****         else{
  69:main.c        ****              led_Write(0);
  70:main.c        ****              UART_PutString("LED OFF!!!\n");
  71:main.c        ****     
  72:main.c        ****            }
  73:main.c        ****         CyDelay(1000);*/
  74:main.c        ****     }
  75:main.c        ****     
  76:main.c        **** }
  77:main.c        ****     CY_ISR(isr_button_Handler)
  78:main.c        ****     {   
 118              		.loc 1 78 0
 119              		.cfi_startproc
 120              		@ args = 0, pretend = 0, frame = 0
 121              		@ frame_needed = 0, uses_anonymous_args = 0
 122 0000 10B5     		push	{r4, lr}
 123              		.cfi_def_cfa_offset 8
 124              		.cfi_offset 4, -8
 125              		.cfi_offset 14, -4
  79:main.c        ****         //button_ClearInterrupt(); //no need in case of a debouncer
  80:main.c        ****         count=counter(7,count);
 126              		.loc 1 80 0
 127 0002 034C     		ldr	r4, .L12
 128 0004 2178     		ldrb	r1, [r4]	@ zero_extendqisi2
 129 0006 0720     		movs	r0, #7
 130 0008 FFF7FEFF 		bl	counter
 131              	.LVL11:
 132 000c 2070     		strb	r0, [r4]
 133 000e 10BD     		pop	{r4, pc}
 134              	.L13:
 135              		.align	2
 136              	.L12:
 137 0010 00000000 		.word	.LANCHOR0
 138              		.cfi_endproc
 139              	.LFE67:
 140              		.size	isr_button_Handler, .-isr_button_Handler
 141              		.section	.text.main,"ax",%progbits
 142              		.align	2
 143              		.global	main
 144              		.thumb
 145              		.thumb_func
ARM GAS  C:\Users\swaga\AppData\Local\Temp\ccoynN0A.s 			page 5


 146              		.type	main, %function
 147              	main:
 148              	.LFB66:
  42:main.c        ****     CyGlobalIntEnable; /* Enable global interrupts. */
 149              		.loc 1 42 0
 150              		.cfi_startproc
 151              		@ Volatile: function does not return.
 152              		@ args = 0, pretend = 0, frame = 0
 153              		@ frame_needed = 0, uses_anonymous_args = 0
 154 0000 08B5     		push	{r3, lr}
 155              		.cfi_def_cfa_offset 8
 156              		.cfi_offset 3, -8
 157              		.cfi_offset 14, -4
  43:main.c        ****    
 158              		.loc 1 43 0
 159              		.syntax unified
 160              	@ 43 "main.c" 1
 161 0002 62B6     		CPSIE   i
 162              	@ 0 "" 2
  46:main.c        ****     isr_button_StartEx(isr_button_Handler);
 163              		.loc 1 46 0
 164              		.thumb
 165              		.syntax unified
 166 0004 FFF7FEFF 		bl	UART_Start
 167              	.LVL12:
  47:main.c        ****     
 168              		.loc 1 47 0
 169 0008 0F48     		ldr	r0, .L17
 170 000a FFF7FEFF 		bl	isr_button_StartEx
 171              	.LVL13:
 172              	.L15:
  52:main.c        ****         led_red_Write(out_array[2]);
 173              		.loc 1 52 0 discriminator 1
 174 000e 0F4D     		ldr	r5, .L17+4
 175 0010 2878     		ldrb	r0, [r5]	@ zero_extendqisi2
 176 0012 FFF7FEFF 		bl	decToBinary
 177              	.LVL14:
  53:main.c        ****         led_green_Write(out_array[1]);
 178              		.loc 1 53 0 discriminator 1
 179 0016 0E4C     		ldr	r4, .L17+8
 180 0018 A078     		ldrb	r0, [r4, #2]	@ zero_extendqisi2
 181 001a FFF7FEFF 		bl	led_red_Write
 182              	.LVL15:
  54:main.c        ****         led_blue_Write(out_array[0]);
 183              		.loc 1 54 0 discriminator 1
 184 001e 6078     		ldrb	r0, [r4, #1]	@ zero_extendqisi2
 185 0020 FFF7FEFF 		bl	led_green_Write
 186              	.LVL16:
  55:main.c        ****         sprintf(storage, "%d\n", (int)count);
 187              		.loc 1 55 0 discriminator 1
 188 0024 2078     		ldrb	r0, [r4]	@ zero_extendqisi2
 189 0026 FFF7FEFF 		bl	led_blue_Write
 190              	.LVL17:
  56:main.c        ****         UART_PutString(storage); 
 191              		.loc 1 56 0 discriminator 1
 192 002a 0A4C     		ldr	r4, .L17+12
 193 002c 2A78     		ldrb	r2, [r5]	@ zero_extendqisi2
ARM GAS  C:\Users\swaga\AppData\Local\Temp\ccoynN0A.s 			page 6


 194 002e 0A49     		ldr	r1, .L17+16
 195 0030 2046     		mov	r0, r4
 196 0032 FFF7FEFF 		bl	sprintf
 197              	.LVL18:
  57:main.c        ****         UART_ClearTxBuffer();
 198              		.loc 1 57 0 discriminator 1
 199 0036 2046     		mov	r0, r4
 200 0038 FFF7FEFF 		bl	UART_PutString
 201              	.LVL19:
  58:main.c        ****         //UART_Stop();
 202              		.loc 1 58 0 discriminator 1
 203 003c FFF7FEFF 		bl	UART_ClearTxBuffer
 204              	.LVL20:
  60:main.c        ****         
 205              		.loc 1 60 0 discriminator 1
 206 0040 3220     		movs	r0, #50
 207 0042 FFF7FEFF 		bl	CyDelay
 208              	.LVL21:
 209 0046 E2E7     		b	.L15
 210              	.L18:
 211              		.align	2
 212              	.L17:
 213 0048 00000000 		.word	isr_button_Handler
 214 004c 00000000 		.word	.LANCHOR0
 215 0050 00000000 		.word	out_array
 216 0054 00000000 		.word	storage
 217 0058 00000000 		.word	.LC0
 218              		.cfi_endproc
 219              	.LFE66:
 220              		.size	main, .-main
 221              		.comm	storage,10,4
 222              		.global	count
 223              		.comm	out_array,3,4
 224              		.comm	button_state,1,1
 225              		.section	.rodata.str1.4,"aMS",%progbits,1
 226              		.align	2
 227              	.LC0:
 228 0000 25640A00 		.ascii	"%d\012\000"
 229              		.bss
 230              		.set	.LANCHOR0,. + 0
 231              		.type	count, %object
 232              		.size	count, 1
 233              	count:
 234 0000 00       		.space	1
 235              		.text
 236              	.Letext0:
 237              		.file 2 "c:\\program files (x86)\\cypress\\psoc creator\\4.2\\psoc creator\\import\\gnu\\arm\\5.4.
 238              		.file 3 "c:\\program files (x86)\\cypress\\psoc creator\\4.2\\psoc creator\\import\\gnu\\arm\\5.4.
 239              		.file 4 "Generated_Source\\PSoC5/cytypes.h"
 240              		.file 5 "Generated_Source\\PSoC5/core_cm3.h"
 241              		.file 6 "Generated_Source\\PSoC5/UART.h"
 242              		.file 7 "Generated_Source\\PSoC5/isr_button.h"
 243              		.file 8 "Generated_Source\\PSoC5/led_red.h"
 244              		.file 9 "Generated_Source\\PSoC5/led_green.h"
 245              		.file 10 "Generated_Source\\PSoC5/led_blue.h"
 246              		.file 11 "c:\\program files (x86)\\cypress\\psoc creator\\4.2\\psoc creator\\import\\gnu\\arm\\5.4
 247              		.file 12 "Generated_Source\\PSoC5/CyLib.h"
ARM GAS  C:\Users\swaga\AppData\Local\Temp\ccoynN0A.s 			page 7


 248              		.section	.debug_info,"",%progbits
 249              	.Ldebug_info0:
 250 0000 C6020000 		.4byte	0x2c6
 251 0004 0400     		.2byte	0x4
 252 0006 00000000 		.4byte	.Ldebug_abbrev0
 253 000a 04       		.byte	0x4
 254 000b 01       		.uleb128 0x1
 255 000c A6000000 		.4byte	.LASF35
 256 0010 0C       		.byte	0xc
 257 0011 EE010000 		.4byte	.LASF36
 258 0015 1D000000 		.4byte	.LASF37
 259 0019 00000000 		.4byte	.Ldebug_ranges0+0
 260 001d 00000000 		.4byte	0
 261 0021 00000000 		.4byte	.Ldebug_line0
 262 0025 02       		.uleb128 0x2
 263 0026 01       		.byte	0x1
 264 0027 06       		.byte	0x6
 265 0028 54020000 		.4byte	.LASF0
 266 002c 02       		.uleb128 0x2
 267 002d 01       		.byte	0x1
 268 002e 08       		.byte	0x8
 269 002f 71010000 		.4byte	.LASF1
 270 0033 02       		.uleb128 0x2
 271 0034 02       		.byte	0x2
 272 0035 05       		.byte	0x5
 273 0036 00020000 		.4byte	.LASF2
 274 003a 02       		.uleb128 0x2
 275 003b 02       		.byte	0x2
 276 003c 07       		.byte	0x7
 277 003d 46010000 		.4byte	.LASF3
 278 0041 03       		.uleb128 0x3
 279 0042 13000000 		.4byte	.LASF9
 280 0046 02       		.byte	0x2
 281 0047 3F       		.byte	0x3f
 282 0048 4C000000 		.4byte	0x4c
 283 004c 02       		.uleb128 0x2
 284 004d 04       		.byte	0x4
 285 004e 05       		.byte	0x5
 286 004f 36020000 		.4byte	.LASF4
 287 0053 02       		.uleb128 0x2
 288 0054 04       		.byte	0x4
 289 0055 07       		.byte	0x7
 290 0056 34010000 		.4byte	.LASF5
 291 005a 02       		.uleb128 0x2
 292 005b 08       		.byte	0x8
 293 005c 05       		.byte	0x5
 294 005d E0010000 		.4byte	.LASF6
 295 0061 02       		.uleb128 0x2
 296 0062 08       		.byte	0x8
 297 0063 07       		.byte	0x7
 298 0064 B8010000 		.4byte	.LASF7
 299 0068 04       		.uleb128 0x4
 300 0069 04       		.byte	0x4
 301 006a 05       		.byte	0x5
 302 006b 696E7400 		.ascii	"int\000"
 303 006f 02       		.uleb128 0x2
 304 0070 04       		.byte	0x4
ARM GAS  C:\Users\swaga\AppData\Local\Temp\ccoynN0A.s 			page 8


 305 0071 07       		.byte	0x7
 306 0072 AB010000 		.4byte	.LASF8
 307 0076 03       		.uleb128 0x3
 308 0077 CF010000 		.4byte	.LASF10
 309 007b 03       		.byte	0x3
 310 007c 2C       		.byte	0x2c
 311 007d 41000000 		.4byte	0x41
 312 0081 05       		.uleb128 0x5
 313 0082 1D020000 		.4byte	.LASF11
 314 0086 04       		.byte	0x4
 315 0087 E401     		.2byte	0x1e4
 316 0089 2C000000 		.4byte	0x2c
 317 008d 02       		.uleb128 0x2
 318 008e 04       		.byte	0x4
 319 008f 04       		.byte	0x4
 320 0090 87000000 		.4byte	.LASF12
 321 0094 02       		.uleb128 0x2
 322 0095 08       		.byte	0x8
 323 0096 04       		.byte	0x4
 324 0097 63000000 		.4byte	.LASF13
 325 009b 02       		.uleb128 0x2
 326 009c 01       		.byte	0x1
 327 009d 08       		.byte	0x8
 328 009e F5010000 		.4byte	.LASF14
 329 00a2 02       		.uleb128 0x2
 330 00a3 08       		.byte	0x8
 331 00a4 04       		.byte	0x4
 332 00a5 48020000 		.4byte	.LASF15
 333 00a9 02       		.uleb128 0x2
 334 00aa 04       		.byte	0x4
 335 00ab 07       		.byte	0x7
 336 00ac D7010000 		.4byte	.LASF16
 337 00b0 06       		.uleb128 0x6
 338 00b1 95000000 		.4byte	.LASF17
 339 00b5 01       		.byte	0x1
 340 00b6 0B       		.byte	0xb
 341 00b7 E6000000 		.4byte	0xe6
 342 00bb 00000000 		.4byte	.LFB64
 343 00bf 2C000000 		.4byte	.LFE64-.LFB64
 344 00c3 01       		.uleb128 0x1
 345 00c4 9C       		.byte	0x9c
 346 00c5 E6000000 		.4byte	0xe6
 347 00c9 07       		.uleb128 0x7
 348 00ca 6E756D00 		.ascii	"num\000"
 349 00ce 01       		.byte	0x1
 350 00cf 0B       		.byte	0xb
 351 00d0 81000000 		.4byte	0x81
 352 00d4 00000000 		.4byte	.LLST0
 353 00d8 08       		.uleb128 0x8
 354 00d9 6900     		.ascii	"i\000"
 355 00db 01       		.byte	0x1
 356 00dc 10       		.byte	0x10
 357 00dd 81000000 		.4byte	0x81
 358 00e1 1E000000 		.4byte	.LLST1
 359 00e5 00       		.byte	0
 360 00e6 09       		.uleb128 0x9
 361 00e7 04       		.byte	0x4
ARM GAS  C:\Users\swaga\AppData\Local\Temp\ccoynN0A.s 			page 9


 362 00e8 81000000 		.4byte	0x81
 363 00ec 06       		.uleb128 0x6
 364 00ed 8D000000 		.4byte	.LASF18
 365 00f1 01       		.byte	0x1
 366 00f2 1F       		.byte	0x1f
 367 00f3 81000000 		.4byte	0x81
 368 00f7 00000000 		.4byte	.LFB65
 369 00fb 10000000 		.4byte	.LFE65-.LFB65
 370 00ff 01       		.uleb128 0x1
 371 0100 9C       		.byte	0x9c
 372 0101 24010000 		.4byte	0x124
 373 0105 0A       		.uleb128 0xa
 374 0106 A1000000 		.4byte	.LASF19
 375 010a 01       		.byte	0x1
 376 010b 1F       		.byte	0x1f
 377 010c 81000000 		.4byte	0x81
 378 0110 48000000 		.4byte	.LLST2
 379 0114 0A       		.uleb128 0xa
 380 0115 3F020000 		.4byte	.LASF20
 381 0119 01       		.byte	0x1
 382 011a 1F       		.byte	0x1f
 383 011b 81000000 		.4byte	0x81
 384 011f 69000000 		.4byte	.LLST3
 385 0123 00       		.byte	0
 386 0124 0B       		.uleb128 0xb
 387 0125 00000000 		.4byte	.LASF38
 388 0129 01       		.byte	0x1
 389 012a 4D       		.byte	0x4d
 390 012b 00000000 		.4byte	.LFB67
 391 012f 14000000 		.4byte	.LFE67-.LFB67
 392 0133 01       		.uleb128 0x1
 393 0134 9C       		.byte	0x9c
 394 0135 49010000 		.4byte	0x149
 395 0139 0C       		.uleb128 0xc
 396 013a 0C000000 		.4byte	.LVL11
 397 013e EC000000 		.4byte	0xec
 398 0142 0D       		.uleb128 0xd
 399 0143 01       		.uleb128 0x1
 400 0144 50       		.byte	0x50
 401 0145 01       		.uleb128 0x1
 402 0146 37       		.byte	0x37
 403 0147 00       		.byte	0
 404 0148 00       		.byte	0
 405 0149 0E       		.uleb128 0xe
 406 014a 99010000 		.4byte	.LASF39
 407 014e 01       		.byte	0x1
 408 014f 29       		.byte	0x29
 409 0150 68000000 		.4byte	0x68
 410 0154 00000000 		.4byte	.LFB66
 411 0158 5C000000 		.4byte	.LFE66-.LFB66
 412 015c 01       		.uleb128 0x1
 413 015d 9C       		.byte	0x9c
 414 015e F1010000 		.4byte	0x1f1
 415 0162 0F       		.uleb128 0xf
 416 0163 08000000 		.4byte	.LVL12
 417 0167 66020000 		.4byte	0x266
 418 016b 10       		.uleb128 0x10
ARM GAS  C:\Users\swaga\AppData\Local\Temp\ccoynN0A.s 			page 10


 419 016c 0E000000 		.4byte	.LVL13
 420 0170 71020000 		.4byte	0x271
 421 0174 82010000 		.4byte	0x182
 422 0178 0D       		.uleb128 0xd
 423 0179 01       		.uleb128 0x1
 424 017a 50       		.byte	0x50
 425 017b 05       		.uleb128 0x5
 426 017c 03       		.byte	0x3
 427 017d 00000000 		.4byte	isr_button_Handler
 428 0181 00       		.byte	0
 429 0182 0F       		.uleb128 0xf
 430 0183 16000000 		.4byte	.LVL14
 431 0187 B0000000 		.4byte	0xb0
 432 018b 0F       		.uleb128 0xf
 433 018c 1E000000 		.4byte	.LVL15
 434 0190 7C020000 		.4byte	0x27c
 435 0194 0F       		.uleb128 0xf
 436 0195 24000000 		.4byte	.LVL16
 437 0199 87020000 		.4byte	0x287
 438 019d 0F       		.uleb128 0xf
 439 019e 2A000000 		.4byte	.LVL17
 440 01a2 92020000 		.4byte	0x292
 441 01a6 10       		.uleb128 0x10
 442 01a7 36000000 		.4byte	.LVL18
 443 01ab 9D020000 		.4byte	0x29d
 444 01af C3010000 		.4byte	0x1c3
 445 01b3 0D       		.uleb128 0xd
 446 01b4 01       		.uleb128 0x1
 447 01b5 50       		.byte	0x50
 448 01b6 02       		.uleb128 0x2
 449 01b7 74       		.byte	0x74
 450 01b8 00       		.sleb128 0
 451 01b9 0D       		.uleb128 0xd
 452 01ba 01       		.uleb128 0x1
 453 01bb 51       		.byte	0x51
 454 01bc 05       		.uleb128 0x5
 455 01bd 03       		.byte	0x3
 456 01be 00000000 		.4byte	.LC0
 457 01c2 00       		.byte	0
 458 01c3 10       		.uleb128 0x10
 459 01c4 3C000000 		.4byte	.LVL19
 460 01c8 A8020000 		.4byte	0x2a8
 461 01cc D7010000 		.4byte	0x1d7
 462 01d0 0D       		.uleb128 0xd
 463 01d1 01       		.uleb128 0x1
 464 01d2 50       		.byte	0x50
 465 01d3 02       		.uleb128 0x2
 466 01d4 74       		.byte	0x74
 467 01d5 00       		.sleb128 0
 468 01d6 00       		.byte	0
 469 01d7 0F       		.uleb128 0xf
 470 01d8 40000000 		.4byte	.LVL20
 471 01dc B3020000 		.4byte	0x2b3
 472 01e0 0C       		.uleb128 0xc
 473 01e1 46000000 		.4byte	.LVL21
 474 01e5 BE020000 		.4byte	0x2be
 475 01e9 0D       		.uleb128 0xd
ARM GAS  C:\Users\swaga\AppData\Local\Temp\ccoynN0A.s 			page 11


 476 01ea 01       		.uleb128 0x1
 477 01eb 50       		.byte	0x50
 478 01ec 02       		.uleb128 0x2
 479 01ed 08       		.byte	0x8
 480 01ee 32       		.byte	0x32
 481 01ef 00       		.byte	0
 482 01f0 00       		.byte	0
 483 01f1 11       		.uleb128 0x11
 484 01f2 64010000 		.4byte	.LASF21
 485 01f6 05       		.byte	0x5
 486 01f7 1207     		.2byte	0x712
 487 01f9 FD010000 		.4byte	0x1fd
 488 01fd 12       		.uleb128 0x12
 489 01fe 76000000 		.4byte	0x76
 490 0202 13       		.uleb128 0x13
 491 0203 9E010000 		.4byte	.LASF22
 492 0207 01       		.byte	0x1
 493 0208 05       		.byte	0x5
 494 0209 81000000 		.4byte	0x81
 495 020d 05       		.uleb128 0x5
 496 020e 03       		.byte	0x3
 497 020f 00000000 		.4byte	button_state
 498 0213 14       		.uleb128 0x14
 499 0214 81000000 		.4byte	0x81
 500 0218 23020000 		.4byte	0x223
 501 021c 15       		.uleb128 0x15
 502 021d A9000000 		.4byte	0xa9
 503 0221 02       		.byte	0x2
 504 0222 00       		.byte	0
 505 0223 13       		.uleb128 0x13
 506 0224 8F010000 		.4byte	.LASF23
 507 0228 01       		.byte	0x1
 508 0229 06       		.byte	0x6
 509 022a 13020000 		.4byte	0x213
 510 022e 05       		.uleb128 0x5
 511 022f 03       		.byte	0x3
 512 0230 00000000 		.4byte	out_array
 513 0234 13       		.uleb128 0x13
 514 0235 FA010000 		.4byte	.LASF24
 515 0239 01       		.byte	0x1
 516 023a 07       		.byte	0x7
 517 023b 81000000 		.4byte	0x81
 518 023f 05       		.uleb128 0x5
 519 0240 03       		.byte	0x3
 520 0241 00000000 		.4byte	count
 521 0245 14       		.uleb128 0x14
 522 0246 9B000000 		.4byte	0x9b
 523 024a 55020000 		.4byte	0x255
 524 024e 15       		.uleb128 0x15
 525 024f A9000000 		.4byte	0xa9
 526 0253 09       		.byte	0x9
 527 0254 00       		.byte	0
 528 0255 13       		.uleb128 0x13
 529 0256 6F020000 		.4byte	.LASF25
 530 025a 01       		.byte	0x1
 531 025b 08       		.byte	0x8
 532 025c 45020000 		.4byte	0x245
ARM GAS  C:\Users\swaga\AppData\Local\Temp\ccoynN0A.s 			page 12


 533 0260 05       		.uleb128 0x5
 534 0261 03       		.byte	0x3
 535 0262 00000000 		.4byte	storage
 536 0266 16       		.uleb128 0x16
 537 0267 59010000 		.4byte	.LASF26
 538 026b 59010000 		.4byte	.LASF26
 539 026f 06       		.byte	0x6
 540 0270 54       		.byte	0x54
 541 0271 16       		.uleb128 0x16
 542 0272 23020000 		.4byte	.LASF27
 543 0276 23020000 		.4byte	.LASF27
 544 027a 07       		.byte	0x7
 545 027b 18       		.byte	0x18
 546 027c 16       		.uleb128 0x16
 547 027d 79000000 		.4byte	.LASF28
 548 0281 79000000 		.4byte	.LASF28
 549 0285 08       		.byte	0x8
 550 0286 26       		.byte	0x26
 551 0287 16       		.uleb128 0x16
 552 0288 7F010000 		.4byte	.LASF29
 553 028c 7F010000 		.4byte	.LASF29
 554 0290 09       		.byte	0x9
 555 0291 26       		.byte	0x26
 556 0292 16       		.uleb128 0x16
 557 0293 6A000000 		.4byte	.LASF30
 558 0297 6A000000 		.4byte	.LASF30
 559 029b 0A       		.byte	0xa
 560 029c 26       		.byte	0x26
 561 029d 16       		.uleb128 0x16
 562 029e 77020000 		.4byte	.LASF31
 563 02a2 77020000 		.4byte	.LASF31
 564 02a6 0B       		.byte	0xb
 565 02a7 E7       		.byte	0xe7
 566 02a8 16       		.uleb128 0x16
 567 02a9 60020000 		.4byte	.LASF32
 568 02ad 60020000 		.4byte	.LASF32
 569 02b1 06       		.byte	0x6
 570 02b2 8B       		.byte	0x8b
 571 02b3 16       		.uleb128 0x16
 572 02b4 0A020000 		.4byte	.LASF33
 573 02b8 0A020000 		.4byte	.LASF33
 574 02bc 06       		.byte	0x6
 575 02bd 8F       		.byte	0x8f
 576 02be 16       		.uleb128 0x16
 577 02bf 7F020000 		.4byte	.LASF34
 578 02c3 7F020000 		.4byte	.LASF34
 579 02c7 0C       		.byte	0xc
 580 02c8 76       		.byte	0x76
 581 02c9 00       		.byte	0
 582              		.section	.debug_abbrev,"",%progbits
 583              	.Ldebug_abbrev0:
 584 0000 01       		.uleb128 0x1
 585 0001 11       		.uleb128 0x11
 586 0002 01       		.byte	0x1
 587 0003 25       		.uleb128 0x25
 588 0004 0E       		.uleb128 0xe
 589 0005 13       		.uleb128 0x13
ARM GAS  C:\Users\swaga\AppData\Local\Temp\ccoynN0A.s 			page 13


 590 0006 0B       		.uleb128 0xb
 591 0007 03       		.uleb128 0x3
 592 0008 0E       		.uleb128 0xe
 593 0009 1B       		.uleb128 0x1b
 594 000a 0E       		.uleb128 0xe
 595 000b 55       		.uleb128 0x55
 596 000c 17       		.uleb128 0x17
 597 000d 11       		.uleb128 0x11
 598 000e 01       		.uleb128 0x1
 599 000f 10       		.uleb128 0x10
 600 0010 17       		.uleb128 0x17
 601 0011 00       		.byte	0
 602 0012 00       		.byte	0
 603 0013 02       		.uleb128 0x2
 604 0014 24       		.uleb128 0x24
 605 0015 00       		.byte	0
 606 0016 0B       		.uleb128 0xb
 607 0017 0B       		.uleb128 0xb
 608 0018 3E       		.uleb128 0x3e
 609 0019 0B       		.uleb128 0xb
 610 001a 03       		.uleb128 0x3
 611 001b 0E       		.uleb128 0xe
 612 001c 00       		.byte	0
 613 001d 00       		.byte	0
 614 001e 03       		.uleb128 0x3
 615 001f 16       		.uleb128 0x16
 616 0020 00       		.byte	0
 617 0021 03       		.uleb128 0x3
 618 0022 0E       		.uleb128 0xe
 619 0023 3A       		.uleb128 0x3a
 620 0024 0B       		.uleb128 0xb
 621 0025 3B       		.uleb128 0x3b
 622 0026 0B       		.uleb128 0xb
 623 0027 49       		.uleb128 0x49
 624 0028 13       		.uleb128 0x13
 625 0029 00       		.byte	0
 626 002a 00       		.byte	0
 627 002b 04       		.uleb128 0x4
 628 002c 24       		.uleb128 0x24
 629 002d 00       		.byte	0
 630 002e 0B       		.uleb128 0xb
 631 002f 0B       		.uleb128 0xb
 632 0030 3E       		.uleb128 0x3e
 633 0031 0B       		.uleb128 0xb
 634 0032 03       		.uleb128 0x3
 635 0033 08       		.uleb128 0x8
 636 0034 00       		.byte	0
 637 0035 00       		.byte	0
 638 0036 05       		.uleb128 0x5
 639 0037 16       		.uleb128 0x16
 640 0038 00       		.byte	0
 641 0039 03       		.uleb128 0x3
 642 003a 0E       		.uleb128 0xe
 643 003b 3A       		.uleb128 0x3a
 644 003c 0B       		.uleb128 0xb
 645 003d 3B       		.uleb128 0x3b
 646 003e 05       		.uleb128 0x5
ARM GAS  C:\Users\swaga\AppData\Local\Temp\ccoynN0A.s 			page 14


 647 003f 49       		.uleb128 0x49
 648 0040 13       		.uleb128 0x13
 649 0041 00       		.byte	0
 650 0042 00       		.byte	0
 651 0043 06       		.uleb128 0x6
 652 0044 2E       		.uleb128 0x2e
 653 0045 01       		.byte	0x1
 654 0046 3F       		.uleb128 0x3f
 655 0047 19       		.uleb128 0x19
 656 0048 03       		.uleb128 0x3
 657 0049 0E       		.uleb128 0xe
 658 004a 3A       		.uleb128 0x3a
 659 004b 0B       		.uleb128 0xb
 660 004c 3B       		.uleb128 0x3b
 661 004d 0B       		.uleb128 0xb
 662 004e 27       		.uleb128 0x27
 663 004f 19       		.uleb128 0x19
 664 0050 49       		.uleb128 0x49
 665 0051 13       		.uleb128 0x13
 666 0052 11       		.uleb128 0x11
 667 0053 01       		.uleb128 0x1
 668 0054 12       		.uleb128 0x12
 669 0055 06       		.uleb128 0x6
 670 0056 40       		.uleb128 0x40
 671 0057 18       		.uleb128 0x18
 672 0058 9742     		.uleb128 0x2117
 673 005a 19       		.uleb128 0x19
 674 005b 01       		.uleb128 0x1
 675 005c 13       		.uleb128 0x13
 676 005d 00       		.byte	0
 677 005e 00       		.byte	0
 678 005f 07       		.uleb128 0x7
 679 0060 05       		.uleb128 0x5
 680 0061 00       		.byte	0
 681 0062 03       		.uleb128 0x3
 682 0063 08       		.uleb128 0x8
 683 0064 3A       		.uleb128 0x3a
 684 0065 0B       		.uleb128 0xb
 685 0066 3B       		.uleb128 0x3b
 686 0067 0B       		.uleb128 0xb
 687 0068 49       		.uleb128 0x49
 688 0069 13       		.uleb128 0x13
 689 006a 02       		.uleb128 0x2
 690 006b 17       		.uleb128 0x17
 691 006c 00       		.byte	0
 692 006d 00       		.byte	0
 693 006e 08       		.uleb128 0x8
 694 006f 34       		.uleb128 0x34
 695 0070 00       		.byte	0
 696 0071 03       		.uleb128 0x3
 697 0072 08       		.uleb128 0x8
 698 0073 3A       		.uleb128 0x3a
 699 0074 0B       		.uleb128 0xb
 700 0075 3B       		.uleb128 0x3b
 701 0076 0B       		.uleb128 0xb
 702 0077 49       		.uleb128 0x49
 703 0078 13       		.uleb128 0x13
ARM GAS  C:\Users\swaga\AppData\Local\Temp\ccoynN0A.s 			page 15


 704 0079 02       		.uleb128 0x2
 705 007a 17       		.uleb128 0x17
 706 007b 00       		.byte	0
 707 007c 00       		.byte	0
 708 007d 09       		.uleb128 0x9
 709 007e 0F       		.uleb128 0xf
 710 007f 00       		.byte	0
 711 0080 0B       		.uleb128 0xb
 712 0081 0B       		.uleb128 0xb
 713 0082 49       		.uleb128 0x49
 714 0083 13       		.uleb128 0x13
 715 0084 00       		.byte	0
 716 0085 00       		.byte	0
 717 0086 0A       		.uleb128 0xa
 718 0087 05       		.uleb128 0x5
 719 0088 00       		.byte	0
 720 0089 03       		.uleb128 0x3
 721 008a 0E       		.uleb128 0xe
 722 008b 3A       		.uleb128 0x3a
 723 008c 0B       		.uleb128 0xb
 724 008d 3B       		.uleb128 0x3b
 725 008e 0B       		.uleb128 0xb
 726 008f 49       		.uleb128 0x49
 727 0090 13       		.uleb128 0x13
 728 0091 02       		.uleb128 0x2
 729 0092 17       		.uleb128 0x17
 730 0093 00       		.byte	0
 731 0094 00       		.byte	0
 732 0095 0B       		.uleb128 0xb
 733 0096 2E       		.uleb128 0x2e
 734 0097 01       		.byte	0x1
 735 0098 3F       		.uleb128 0x3f
 736 0099 19       		.uleb128 0x19
 737 009a 03       		.uleb128 0x3
 738 009b 0E       		.uleb128 0xe
 739 009c 3A       		.uleb128 0x3a
 740 009d 0B       		.uleb128 0xb
 741 009e 3B       		.uleb128 0x3b
 742 009f 0B       		.uleb128 0xb
 743 00a0 27       		.uleb128 0x27
 744 00a1 19       		.uleb128 0x19
 745 00a2 11       		.uleb128 0x11
 746 00a3 01       		.uleb128 0x1
 747 00a4 12       		.uleb128 0x12
 748 00a5 06       		.uleb128 0x6
 749 00a6 40       		.uleb128 0x40
 750 00a7 18       		.uleb128 0x18
 751 00a8 9742     		.uleb128 0x2117
 752 00aa 19       		.uleb128 0x19
 753 00ab 01       		.uleb128 0x1
 754 00ac 13       		.uleb128 0x13
 755 00ad 00       		.byte	0
 756 00ae 00       		.byte	0
 757 00af 0C       		.uleb128 0xc
 758 00b0 898201   		.uleb128 0x4109
 759 00b3 01       		.byte	0x1
 760 00b4 11       		.uleb128 0x11
ARM GAS  C:\Users\swaga\AppData\Local\Temp\ccoynN0A.s 			page 16


 761 00b5 01       		.uleb128 0x1
 762 00b6 31       		.uleb128 0x31
 763 00b7 13       		.uleb128 0x13
 764 00b8 00       		.byte	0
 765 00b9 00       		.byte	0
 766 00ba 0D       		.uleb128 0xd
 767 00bb 8A8201   		.uleb128 0x410a
 768 00be 00       		.byte	0
 769 00bf 02       		.uleb128 0x2
 770 00c0 18       		.uleb128 0x18
 771 00c1 9142     		.uleb128 0x2111
 772 00c3 18       		.uleb128 0x18
 773 00c4 00       		.byte	0
 774 00c5 00       		.byte	0
 775 00c6 0E       		.uleb128 0xe
 776 00c7 2E       		.uleb128 0x2e
 777 00c8 01       		.byte	0x1
 778 00c9 3F       		.uleb128 0x3f
 779 00ca 19       		.uleb128 0x19
 780 00cb 03       		.uleb128 0x3
 781 00cc 0E       		.uleb128 0xe
 782 00cd 3A       		.uleb128 0x3a
 783 00ce 0B       		.uleb128 0xb
 784 00cf 3B       		.uleb128 0x3b
 785 00d0 0B       		.uleb128 0xb
 786 00d1 27       		.uleb128 0x27
 787 00d2 19       		.uleb128 0x19
 788 00d3 49       		.uleb128 0x49
 789 00d4 13       		.uleb128 0x13
 790 00d5 8701     		.uleb128 0x87
 791 00d7 19       		.uleb128 0x19
 792 00d8 11       		.uleb128 0x11
 793 00d9 01       		.uleb128 0x1
 794 00da 12       		.uleb128 0x12
 795 00db 06       		.uleb128 0x6
 796 00dc 40       		.uleb128 0x40
 797 00dd 18       		.uleb128 0x18
 798 00de 9742     		.uleb128 0x2117
 799 00e0 19       		.uleb128 0x19
 800 00e1 01       		.uleb128 0x1
 801 00e2 13       		.uleb128 0x13
 802 00e3 00       		.byte	0
 803 00e4 00       		.byte	0
 804 00e5 0F       		.uleb128 0xf
 805 00e6 898201   		.uleb128 0x4109
 806 00e9 00       		.byte	0
 807 00ea 11       		.uleb128 0x11
 808 00eb 01       		.uleb128 0x1
 809 00ec 31       		.uleb128 0x31
 810 00ed 13       		.uleb128 0x13
 811 00ee 00       		.byte	0
 812 00ef 00       		.byte	0
 813 00f0 10       		.uleb128 0x10
 814 00f1 898201   		.uleb128 0x4109
 815 00f4 01       		.byte	0x1
 816 00f5 11       		.uleb128 0x11
 817 00f6 01       		.uleb128 0x1
ARM GAS  C:\Users\swaga\AppData\Local\Temp\ccoynN0A.s 			page 17


 818 00f7 31       		.uleb128 0x31
 819 00f8 13       		.uleb128 0x13
 820 00f9 01       		.uleb128 0x1
 821 00fa 13       		.uleb128 0x13
 822 00fb 00       		.byte	0
 823 00fc 00       		.byte	0
 824 00fd 11       		.uleb128 0x11
 825 00fe 34       		.uleb128 0x34
 826 00ff 00       		.byte	0
 827 0100 03       		.uleb128 0x3
 828 0101 0E       		.uleb128 0xe
 829 0102 3A       		.uleb128 0x3a
 830 0103 0B       		.uleb128 0xb
 831 0104 3B       		.uleb128 0x3b
 832 0105 05       		.uleb128 0x5
 833 0106 49       		.uleb128 0x49
 834 0107 13       		.uleb128 0x13
 835 0108 3F       		.uleb128 0x3f
 836 0109 19       		.uleb128 0x19
 837 010a 3C       		.uleb128 0x3c
 838 010b 19       		.uleb128 0x19
 839 010c 00       		.byte	0
 840 010d 00       		.byte	0
 841 010e 12       		.uleb128 0x12
 842 010f 35       		.uleb128 0x35
 843 0110 00       		.byte	0
 844 0111 49       		.uleb128 0x49
 845 0112 13       		.uleb128 0x13
 846 0113 00       		.byte	0
 847 0114 00       		.byte	0
 848 0115 13       		.uleb128 0x13
 849 0116 34       		.uleb128 0x34
 850 0117 00       		.byte	0
 851 0118 03       		.uleb128 0x3
 852 0119 0E       		.uleb128 0xe
 853 011a 3A       		.uleb128 0x3a
 854 011b 0B       		.uleb128 0xb
 855 011c 3B       		.uleb128 0x3b
 856 011d 0B       		.uleb128 0xb
 857 011e 49       		.uleb128 0x49
 858 011f 13       		.uleb128 0x13
 859 0120 3F       		.uleb128 0x3f
 860 0121 19       		.uleb128 0x19
 861 0122 02       		.uleb128 0x2
 862 0123 18       		.uleb128 0x18
 863 0124 00       		.byte	0
 864 0125 00       		.byte	0
 865 0126 14       		.uleb128 0x14
 866 0127 01       		.uleb128 0x1
 867 0128 01       		.byte	0x1
 868 0129 49       		.uleb128 0x49
 869 012a 13       		.uleb128 0x13
 870 012b 01       		.uleb128 0x1
 871 012c 13       		.uleb128 0x13
 872 012d 00       		.byte	0
 873 012e 00       		.byte	0
 874 012f 15       		.uleb128 0x15
ARM GAS  C:\Users\swaga\AppData\Local\Temp\ccoynN0A.s 			page 18


 875 0130 21       		.uleb128 0x21
 876 0131 00       		.byte	0
 877 0132 49       		.uleb128 0x49
 878 0133 13       		.uleb128 0x13
 879 0134 2F       		.uleb128 0x2f
 880 0135 0B       		.uleb128 0xb
 881 0136 00       		.byte	0
 882 0137 00       		.byte	0
 883 0138 16       		.uleb128 0x16
 884 0139 2E       		.uleb128 0x2e
 885 013a 00       		.byte	0
 886 013b 3F       		.uleb128 0x3f
 887 013c 19       		.uleb128 0x19
 888 013d 3C       		.uleb128 0x3c
 889 013e 19       		.uleb128 0x19
 890 013f 6E       		.uleb128 0x6e
 891 0140 0E       		.uleb128 0xe
 892 0141 03       		.uleb128 0x3
 893 0142 0E       		.uleb128 0xe
 894 0143 3A       		.uleb128 0x3a
 895 0144 0B       		.uleb128 0xb
 896 0145 3B       		.uleb128 0x3b
 897 0146 0B       		.uleb128 0xb
 898 0147 00       		.byte	0
 899 0148 00       		.byte	0
 900 0149 00       		.byte	0
 901              		.section	.debug_loc,"",%progbits
 902              	.Ldebug_loc0:
 903              	.LLST0:
 904 0000 00000000 		.4byte	.LVL0
 905 0004 12000000 		.4byte	.LVL1
 906 0008 0100     		.2byte	0x1
 907 000a 50       		.byte	0x50
 908 000b 12000000 		.4byte	.LVL1
 909 000f 2C000000 		.4byte	.LFE64
 910 0013 0100     		.2byte	0x1
 911 0015 52       		.byte	0x52
 912 0016 00000000 		.4byte	0
 913 001a 00000000 		.4byte	0
 914              	.LLST1:
 915 001e 00000000 		.4byte	.LVL0
 916 0022 12000000 		.4byte	.LVL1
 917 0026 0200     		.2byte	0x2
 918 0028 30       		.byte	0x30
 919 0029 9F       		.byte	0x9f
 920 002a 12000000 		.4byte	.LVL1
 921 002e 1E000000 		.4byte	.LVL3
 922 0032 0100     		.2byte	0x1
 923 0034 53       		.byte	0x53
 924 0035 20000000 		.4byte	.LVL4
 925 0039 2C000000 		.4byte	.LFE64
 926 003d 0100     		.2byte	0x1
 927 003f 53       		.byte	0x53
 928 0040 00000000 		.4byte	0
 929 0044 00000000 		.4byte	0
 930              	.LLST2:
 931 0048 00000000 		.4byte	.LVL5
ARM GAS  C:\Users\swaga\AppData\Local\Temp\ccoynN0A.s 			page 19


 932 004c 02000000 		.4byte	.LVL6
 933 0050 0100     		.2byte	0x1
 934 0052 50       		.byte	0x50
 935 0053 02000000 		.4byte	.LVL6
 936 0057 10000000 		.4byte	.LFE65
 937 005b 0400     		.2byte	0x4
 938 005d F3       		.byte	0xf3
 939 005e 01       		.uleb128 0x1
 940 005f 50       		.byte	0x50
 941 0060 9F       		.byte	0x9f
 942 0061 00000000 		.4byte	0
 943 0065 00000000 		.4byte	0
 944              	.LLST3:
 945 0069 00000000 		.4byte	.LVL5
 946 006d 08000000 		.4byte	.LVL7
 947 0071 0100     		.2byte	0x1
 948 0073 51       		.byte	0x51
 949 0074 08000000 		.4byte	.LVL7
 950 0078 0A000000 		.4byte	.LVL8
 951 007c 0400     		.2byte	0x4
 952 007e F3       		.byte	0xf3
 953 007f 01       		.uleb128 0x1
 954 0080 51       		.byte	0x51
 955 0081 9F       		.byte	0x9f
 956 0082 0A000000 		.4byte	.LVL8
 957 0086 0C000000 		.4byte	.LVL9
 958 008a 0100     		.2byte	0x1
 959 008c 50       		.byte	0x50
 960 008d 0C000000 		.4byte	.LVL9
 961 0091 0E000000 		.4byte	.LVL10
 962 0095 0100     		.2byte	0x1
 963 0097 51       		.byte	0x51
 964 0098 0E000000 		.4byte	.LVL10
 965 009c 10000000 		.4byte	.LFE65
 966 00a0 0100     		.2byte	0x1
 967 00a2 50       		.byte	0x50
 968 00a3 00000000 		.4byte	0
 969 00a7 00000000 		.4byte	0
 970              		.section	.debug_aranges,"",%progbits
 971 0000 34000000 		.4byte	0x34
 972 0004 0200     		.2byte	0x2
 973 0006 00000000 		.4byte	.Ldebug_info0
 974 000a 04       		.byte	0x4
 975 000b 00       		.byte	0
 976 000c 0000     		.2byte	0
 977 000e 0000     		.2byte	0
 978 0010 00000000 		.4byte	.LFB64
 979 0014 2C000000 		.4byte	.LFE64-.LFB64
 980 0018 00000000 		.4byte	.LFB65
 981 001c 10000000 		.4byte	.LFE65-.LFB65
 982 0020 00000000 		.4byte	.LFB67
 983 0024 14000000 		.4byte	.LFE67-.LFB67
 984 0028 00000000 		.4byte	.LFB66
 985 002c 5C000000 		.4byte	.LFE66-.LFB66
 986 0030 00000000 		.4byte	0
 987 0034 00000000 		.4byte	0
 988              		.section	.debug_ranges,"",%progbits
ARM GAS  C:\Users\swaga\AppData\Local\Temp\ccoynN0A.s 			page 20


 989              	.Ldebug_ranges0:
 990 0000 00000000 		.4byte	.LFB64
 991 0004 2C000000 		.4byte	.LFE64
 992 0008 00000000 		.4byte	.LFB65
 993 000c 10000000 		.4byte	.LFE65
 994 0010 00000000 		.4byte	.LFB67
 995 0014 14000000 		.4byte	.LFE67
 996 0018 00000000 		.4byte	.LFB66
 997 001c 5C000000 		.4byte	.LFE66
 998 0020 00000000 		.4byte	0
 999 0024 00000000 		.4byte	0
 1000              		.section	.debug_line,"",%progbits
 1001              	.Ldebug_line0:
 1002 0000 8D020000 		.section	.debug_str,"MS",%progbits,1
 1002      02000E02 
 1002      00000201 
 1002      FB0E0D00 
 1002      01010101 
 1003              	.LASF38:
 1004 0000 6973725F 		.ascii	"isr_button_Handler\000"
 1004      62757474 
 1004      6F6E5F48 
 1004      616E646C 
 1004      657200
 1005              	.LASF9:
 1006 0013 5F5F696E 		.ascii	"__int32_t\000"
 1006      7433325F 
 1006      7400
 1007              	.LASF37:
 1008 001d 443A5C68 		.ascii	"D:\\h_da\\Lecturs\\Basic Embedded\\Embedded_basics\\"
 1008      5F64615C 
 1008      4C656374 
 1008      7572735C 
 1008      42617369 
 1009 004c 30395F33 		.ascii	"09_3_bit_counter.cydsn\000"
 1009      5F626974 
 1009      5F636F75 
 1009      6E746572 
 1009      2E637964 
 1010              	.LASF13:
 1011 0063 646F7562 		.ascii	"double\000"
 1011      6C6500
 1012              	.LASF30:
 1013 006a 6C65645F 		.ascii	"led_blue_Write\000"
 1013      626C7565 
 1013      5F577269 
 1013      746500
 1014              	.LASF28:
 1015 0079 6C65645F 		.ascii	"led_red_Write\000"
 1015      7265645F 
 1015      57726974 
 1015      6500
 1016              	.LASF12:
 1017 0087 666C6F61 		.ascii	"float\000"
 1017      7400
 1018              	.LASF18:
 1019 008d 636F756E 		.ascii	"counter\000"
ARM GAS  C:\Users\swaga\AppData\Local\Temp\ccoynN0A.s 			page 21


 1019      74657200 
 1020              	.LASF17:
 1021 0095 64656354 		.ascii	"decToBinary\000"
 1021      6F42696E 
 1021      61727900 
 1022              	.LASF19:
 1023 00a1 73697A65 		.ascii	"size\000"
 1023      00
 1024              	.LASF35:
 1025 00a6 474E5520 		.ascii	"GNU C11 5.4.1 20160609 (release) [ARM/embedded-5-br"
 1025      43313120 
 1025      352E342E 
 1025      31203230 
 1025      31363036 
 1026 00d9 616E6368 		.ascii	"anch revision 237715] -mcpu=cortex-m3 -mthumb -g -O"
 1026      20726576 
 1026      6973696F 
 1026      6E203233 
 1026      37373135 
 1027 010c 67202D66 		.ascii	"g -ffunction-sections -ffat-lto-objects\000"
 1027      66756E63 
 1027      74696F6E 
 1027      2D736563 
 1027      74696F6E 
 1028              	.LASF5:
 1029 0134 6C6F6E67 		.ascii	"long unsigned int\000"
 1029      20756E73 
 1029      69676E65 
 1029      6420696E 
 1029      7400
 1030              	.LASF3:
 1031 0146 73686F72 		.ascii	"short unsigned int\000"
 1031      7420756E 
 1031      7369676E 
 1031      65642069 
 1031      6E7400
 1032              	.LASF26:
 1033 0159 55415254 		.ascii	"UART_Start\000"
 1033      5F537461 
 1033      727400
 1034              	.LASF21:
 1035 0164 49544D5F 		.ascii	"ITM_RxBuffer\000"
 1035      52784275 
 1035      66666572 
 1035      00
 1036              	.LASF1:
 1037 0171 756E7369 		.ascii	"unsigned char\000"
 1037      676E6564 
 1037      20636861 
 1037      7200
 1038              	.LASF29:
 1039 017f 6C65645F 		.ascii	"led_green_Write\000"
 1039      67726565 
 1039      6E5F5772 
 1039      69746500 
 1040              	.LASF23:
 1041 018f 6F75745F 		.ascii	"out_array\000"
ARM GAS  C:\Users\swaga\AppData\Local\Temp\ccoynN0A.s 			page 22


 1041      61727261 
 1041      7900
 1042              	.LASF39:
 1043 0199 6D61696E 		.ascii	"main\000"
 1043      00
 1044              	.LASF22:
 1045 019e 62757474 		.ascii	"button_state\000"
 1045      6F6E5F73 
 1045      74617465 
 1045      00
 1046              	.LASF8:
 1047 01ab 756E7369 		.ascii	"unsigned int\000"
 1047      676E6564 
 1047      20696E74 
 1047      00
 1048              	.LASF7:
 1049 01b8 6C6F6E67 		.ascii	"long long unsigned int\000"
 1049      206C6F6E 
 1049      6720756E 
 1049      7369676E 
 1049      65642069 
 1050              	.LASF10:
 1051 01cf 696E7433 		.ascii	"int32_t\000"
 1051      325F7400 
 1052              	.LASF16:
 1053 01d7 73697A65 		.ascii	"sizetype\000"
 1053      74797065 
 1053      00
 1054              	.LASF6:
 1055 01e0 6C6F6E67 		.ascii	"long long int\000"
 1055      206C6F6E 
 1055      6720696E 
 1055      7400
 1056              	.LASF36:
 1057 01ee 6D61696E 		.ascii	"main.c\000"
 1057      2E6300
 1058              	.LASF14:
 1059 01f5 63686172 		.ascii	"char\000"
 1059      00
 1060              	.LASF24:
 1061 01fa 636F756E 		.ascii	"count\000"
 1061      7400
 1062              	.LASF2:
 1063 0200 73686F72 		.ascii	"short int\000"
 1063      7420696E 
 1063      7400
 1064              	.LASF33:
 1065 020a 55415254 		.ascii	"UART_ClearTxBuffer\000"
 1065      5F436C65 
 1065      61725478 
 1065      42756666 
 1065      657200
 1066              	.LASF11:
 1067 021d 75696E74 		.ascii	"uint8\000"
 1067      3800
 1068              	.LASF27:
 1069 0223 6973725F 		.ascii	"isr_button_StartEx\000"
ARM GAS  C:\Users\swaga\AppData\Local\Temp\ccoynN0A.s 			page 23


 1069      62757474 
 1069      6F6E5F53 
 1069      74617274 
 1069      457800
 1070              	.LASF4:
 1071 0236 6C6F6E67 		.ascii	"long int\000"
 1071      20696E74 
 1071      00
 1072              	.LASF20:
 1073 023f 76617269 		.ascii	"variable\000"
 1073      61626C65 
 1073      00
 1074              	.LASF15:
 1075 0248 6C6F6E67 		.ascii	"long double\000"
 1075      20646F75 
 1075      626C6500 
 1076              	.LASF0:
 1077 0254 7369676E 		.ascii	"signed char\000"
 1077      65642063 
 1077      68617200 
 1078              	.LASF32:
 1079 0260 55415254 		.ascii	"UART_PutString\000"
 1079      5F507574 
 1079      53747269 
 1079      6E6700
 1080              	.LASF25:
 1081 026f 73746F72 		.ascii	"storage\000"
 1081      61676500 
 1082              	.LASF31:
 1083 0277 73707269 		.ascii	"sprintf\000"
 1083      6E746600 
 1084              	.LASF34:
 1085 027f 43794465 		.ascii	"CyDelay\000"
 1085      6C617900 
 1086              		.ident	"GCC: (GNU Tools for ARM Embedded Processors) 5.4.1 20160609 (release) [ARM/embedded-5-bran
