ARM GAS  C:\Users\swaga\AppData\Local\Temp\ccLqBMUd.s 			page 1


   1              		.syntax unified
   2              		.cpu cortex-m3
   3              		.fpu softvfp
   4              		.eabi_attribute 20, 1
   5              		.eabi_attribute 21, 1
   6              		.eabi_attribute 23, 3
   7              		.eabi_attribute 24, 1
   8              		.eabi_attribute 25, 1
   9              		.eabi_attribute 26, 1
  10              		.eabi_attribute 30, 1
  11              		.eabi_attribute 34, 1
  12              		.eabi_attribute 18, 4
  13              		.thumb
  14              		.syntax unified
  15              		.file	"cymetadata.c"
  16              		.text
  17              	.Ltext0:
  18              		.cfi_sections	.debug_frame
  19              		.global	cy_metadata
  20              		.global	cy_meta_flashprotect
  21              		.global	cy_meta_wonvl
  22              		.global	cy_meta_custnvl
  23              		.global	cy_meta_configecc
  24              		.section	.cyconfigecc,"a",%progbits
  25              		.align	2
  26              		.type	cy_meta_configecc, %object
  27              		.size	cy_meta_configecc, 856
  28              	cy_meta_configecc:
  29 0000 03       		.byte	3
  30 0001 65       		.byte	101
  31 0002 00       		.byte	0
  32 0003 40       		.byte	64
  33 0004 01       		.byte	1
  34 0005 15       		.byte	21
  35 0006 01       		.byte	1
  36 0007 40       		.byte	64
  37 0008 01       		.byte	1
  38 0009 17       		.byte	23
  39 000a 01       		.byte	1
  40 000b 40       		.byte	64
  41 000c 16       		.byte	22
  42 000d 18       		.byte	24
  43 000e 01       		.byte	1
  44 000f 40       		.byte	64
  45 0010 42       		.byte	66
  46 0011 19       		.byte	25
  47 0012 01       		.byte	1
  48 0013 40       		.byte	64
  49 0014 71       		.byte	113
  50 0015 1A       		.byte	26
  51 0016 01       		.byte	1
  52 0017 40       		.byte	64
  53 0018 53       		.byte	83
  54 0019 1B       		.byte	27
  55 001a 01       		.byte	1
  56 001b 40       		.byte	64
  57 001c 03       		.byte	3
ARM GAS  C:\Users\swaga\AppData\Local\Temp\ccLqBMUd.s 			page 2


  58 001d 40       		.byte	64
  59 001e 01       		.byte	1
  60 001f 40       		.byte	64
  61 0020 02       		.byte	2
  62 0021 41       		.byte	65
  63 0022 01       		.byte	1
  64 0023 40       		.byte	64
  65 0024 02       		.byte	2
  66 0025 42       		.byte	66
  67 0026 01       		.byte	1
  68 0027 40       		.byte	64
  69 0028 02       		.byte	2
  70 0029 43       		.byte	67
  71 002a 01       		.byte	1
  72 002b 40       		.byte	64
  73 002c 04       		.byte	4
  74 002d 48       		.byte	72
  75 002e 01       		.byte	1
  76 002f 40       		.byte	64
  77 0030 03       		.byte	3
  78 0031 49       		.byte	73
  79 0032 01       		.byte	1
  80 0033 40       		.byte	64
  81 0034 09       		.byte	9
  82 0035 4D       		.byte	77
  83 0036 01       		.byte	1
  84 0037 40       		.byte	64
  85 0038 02       		.byte	2
  86 0039 50       		.byte	80
  87 003a 01       		.byte	1
  88 003b 40       		.byte	64
  89 003c 01       		.byte	1
  90 003d 51       		.byte	81
  91 003e 01       		.byte	1
  92 003f 40       		.byte	64
  93 0040 88       		.byte	-120
  94 0041 72       		.byte	114
  95 0042 89       		.byte	-119
  96 0043 38       		.byte	56
  97 0044 8B       		.byte	-117
  98 0045 0F       		.byte	15
  99 0046 E6       		.byte	-26
 100 0047 02       		.byte	2
 101 0048 E6       		.byte	-26
 102 0049 01       		.byte	1
 103 004a 80       		.byte	-128
 104 004b 08       		.byte	8
 105 004c 8E       		.byte	-114
 106 004d 04       		.byte	4
 107 004e 91       		.byte	-111
 108 004f 01       		.byte	1
 109 0050 92       		.byte	-110
 110 0051 04       		.byte	4
 111 0052 96       		.byte	-106
 112 0053 02       		.byte	2
 113 0054 9A       		.byte	-102
 114 0055 02       		.byte	2
ARM GAS  C:\Users\swaga\AppData\Local\Temp\ccLqBMUd.s 			page 3


 115 0056 A4       		.byte	-92
 116 0057 01       		.byte	1
 117 0058 A8       		.byte	-88
 118 0059 01       		.byte	1
 119 005a AC       		.byte	-84
 120 005b 01       		.byte	1
 121 005c B0       		.byte	-80
 122 005d 02       		.byte	2
 123 005e B2       		.byte	-78
 124 005f 01       		.byte	1
 125 0060 B4       		.byte	-76
 126 0061 04       		.byte	4
 127 0062 B5       		.byte	-75
 128 0063 01       		.byte	1
 129 0064 B6       		.byte	-74
 130 0065 08       		.byte	8
 131 0066 BE       		.byte	-66
 132 0067 51       		.byte	81
 133 0068 BF       		.byte	-65
 134 0069 10       		.byte	16
 135 006a D4       		.byte	-44
 136 006b 18       		.byte	24
 137 006c D6       		.byte	-42
 138 006d 04       		.byte	4
 139 006e D8       		.byte	-40
 140 006f 04       		.byte	4
 141 0070 D9       		.byte	-39
 142 0071 04       		.byte	4
 143 0072 DB       		.byte	-37
 144 0073 04       		.byte	4
 145 0074 DF       		.byte	-33
 146 0075 01       		.byte	1
 147 0076 00       		.byte	0
 148 0077 01       		.byte	1
 149 0078 02       		.byte	2
 150 0079 02       		.byte	2
 151 007a 05       		.byte	5
 152 007b 11       		.byte	17
 153 007c 06       		.byte	6
 154 007d 02       		.byte	2
 155 007e 07       		.byte	7
 156 007f 10       		.byte	16
 157 0080 09       		.byte	9
 158 0081 11       		.byte	17
 159 0082 0A       		.byte	10
 160 0083 20       		.byte	32
 161 0084 0C       		.byte	12
 162 0085 40       		.byte	64
 163 0086 0D       		.byte	13
 164 0087 08       		.byte	8
 165 0088 0E       		.byte	14
 166 0089 08       		.byte	8
 167 008a 10       		.byte	16
 168 008b 22       		.byte	34
 169 008c 11       		.byte	17
 170 008d 10       		.byte	16
 171 008e 15       		.byte	21
ARM GAS  C:\Users\swaga\AppData\Local\Temp\ccLqBMUd.s 			page 4


 172 008f 01       		.byte	1
 173 0090 16       		.byte	22
 174 0091 01       		.byte	1
 175 0092 17       		.byte	23
 176 0093 24       		.byte	36
 177 0094 18       		.byte	24
 178 0095 04       		.byte	4
 179 0096 19       		.byte	25
 180 0097 40       		.byte	64
 181 0098 1B       		.byte	27
 182 0099 09       		.byte	9
 183 009a 1D       		.byte	29
 184 009b 29       		.byte	41
 185 009c 1E       		.byte	30
 186 009d 09       		.byte	9
 187 009e 1F       		.byte	31
 188 009f 10       		.byte	16
 189 00a0 23       		.byte	35
 190 00a1 04       		.byte	4
 191 00a2 25       		.byte	37
 192 00a3 10       		.byte	16
 193 00a4 26       		.byte	38
 194 00a5 0A       		.byte	10
 195 00a6 27       		.byte	39
 196 00a7 10       		.byte	16
 197 00a8 2C       		.byte	44
 198 00a9 01       		.byte	1
 199 00aa 2E       		.byte	46
 200 00ab 02       		.byte	2
 201 00ac 2F       		.byte	47
 202 00ad 18       		.byte	24
 203 00ae 32       		.byte	50
 204 00af 04       		.byte	4
 205 00b0 33       		.byte	51
 206 00b1 0A       		.byte	10
 207 00b2 35       		.byte	53
 208 00b3 81       		.byte	-127
 209 00b4 36       		.byte	54
 210 00b5 08       		.byte	8
 211 00b6 3C       		.byte	60
 212 00b7 40       		.byte	64
 213 00b8 3D       		.byte	61
 214 00b9 08       		.byte	8
 215 00ba 3E       		.byte	62
 216 00bb 20       		.byte	32
 217 00bc 45       		.byte	69
 218 00bd 18       		.byte	24
 219 00be 46       		.byte	70
 220 00bf 40       		.byte	64
 221 00c0 47       		.byte	71
 222 00c1 40       		.byte	64
 223 00c2 4E       		.byte	78
 224 00c3 14       		.byte	20
 225 00c4 55       		.byte	85
 226 00c5 01       		.byte	1
 227 00c6 5B       		.byte	91
 228 00c7 01       		.byte	1
ARM GAS  C:\Users\swaga\AppData\Local\Temp\ccLqBMUd.s 			page 5


 229 00c8 5E       		.byte	94
 230 00c9 01       		.byte	1
 231 00ca 60       		.byte	96
 232 00cb 84       		.byte	-124
 233 00cc 63       		.byte	99
 234 00cd 02       		.byte	2
 235 00ce 6C       		.byte	108
 236 00cf 22       		.byte	34
 237 00d0 6D       		.byte	109
 238 00d1 10       		.byte	16
 239 00d2 6E       		.byte	110
 240 00d3 04       		.byte	4
 241 00d4 75       		.byte	117
 242 00d5 90       		.byte	-112
 243 00d6 76       		.byte	118
 244 00d7 21       		.byte	33
 245 00d8 77       		.byte	119
 246 00d9 20       		.byte	32
 247 00da 80       		.byte	-128
 248 00db 80       		.byte	-128
 249 00dc 88       		.byte	-120
 250 00dd 41       		.byte	65
 251 00de 89       		.byte	-119
 252 00df 28       		.byte	40
 253 00e0 8A       		.byte	-118
 254 00e1 44       		.byte	68
 255 00e2 8C       		.byte	-116
 256 00e3 40       		.byte	64
 257 00e4 8D       		.byte	-115
 258 00e5 10       		.byte	16
 259 00e6 C0       		.byte	-64
 260 00e7 F9       		.byte	-7
 261 00e8 C2       		.byte	-62
 262 00e9 EE       		.byte	-18
 263 00ea C4       		.byte	-60
 264 00eb F7       		.byte	-9
 265 00ec CA       		.byte	-54
 266 00ed F0       		.byte	-16
 267 00ee CC       		.byte	-52
 268 00ef D1       		.byte	-47
 269 00f0 CE       		.byte	-50
 270 00f1 70       		.byte	112
 271 00f2 D0       		.byte	-48
 272 00f3 F0       		.byte	-16
 273 00f4 D2       		.byte	-46
 274 00f5 20       		.byte	32
 275 00f6 D6       		.byte	-42
 276 00f7 81       		.byte	-127
 277 00f8 D8       		.byte	-40
 278 00f9 0D       		.byte	13
 279 00fa 02       		.byte	2
 280 00fb 03       		.byte	3
 281 00fc 04       		.byte	4
 282 00fd 10       		.byte	16
 283 00fe 05       		.byte	5
 284 00ff 80       		.byte	-128
 285 0100 06       		.byte	6
ARM GAS  C:\Users\swaga\AppData\Local\Temp\ccLqBMUd.s 			page 6


 286 0101 AC       		.byte	-84
 287 0102 07       		.byte	7
 288 0103 13       		.byte	19
 289 0104 0C       		.byte	12
 290 0105 0C       		.byte	12
 291 0106 0E       		.byte	14
 292 0107 71       		.byte	113
 293 0108 0F       		.byte	15
 294 0109 0C       		.byte	12
 295 010a 14       		.byte	20
 296 010b 14       		.byte	20
 297 010c 15       		.byte	21
 298 010d 2C       		.byte	44
 299 010e 17       		.byte	23
 300 010f 43       		.byte	67
 301 0110 19       		.byte	25
 302 0111 71       		.byte	113
 303 0112 1B       		.byte	27
 304 0113 06       		.byte	6
 305 0114 1C       		.byte	28
 306 0115 09       		.byte	9
 307 0116 1E       		.byte	30
 308 0117 D0       		.byte	-48
 309 0118 1F       		.byte	31
 310 0119 08       		.byte	8
 311 011a 20       		.byte	32
 312 011b 10       		.byte	16
 313 011c 21       		.byte	33
 314 011d 71       		.byte	113
 315 011e 22       		.byte	34
 316 011f 40       		.byte	64
 317 0120 23       		.byte	35
 318 0121 0E       		.byte	14
 319 0122 26       		.byte	38
 320 0123 20       		.byte	32
 321 0124 28       		.byte	40
 322 0125 DC       		.byte	-36
 323 0126 2A       		.byte	42
 324 0127 22       		.byte	34
 325 0128 30       		.byte	48
 326 0129 E0       		.byte	-32
 327 012a 31       		.byte	49
 328 012b C0       		.byte	-64
 329 012c 33       		.byte	51
 330 012d 0F       		.byte	15
 331 012e 35       		.byte	53
 332 012f 30       		.byte	48
 333 0130 36       		.byte	54
 334 0131 1F       		.byte	31
 335 0132 39       		.byte	57
 336 0133 22       		.byte	34
 337 0134 3A       		.byte	58
 338 0135 02       		.byte	2
 339 0136 3B       		.byte	59
 340 0137 08       		.byte	8
 341 0138 3F       		.byte	63
 342 0139 10       		.byte	16
ARM GAS  C:\Users\swaga\AppData\Local\Temp\ccLqBMUd.s 			page 7


 343 013a 40       		.byte	64
 344 013b 02       		.byte	2
 345 013c 45       		.byte	69
 346 013d 40       		.byte	64
 347 013e 49       		.byte	73
 348 013f FF       		.byte	-1
 349 0140 4A       		.byte	74
 350 0141 07       		.byte	7
 351 0142 4B       		.byte	75
 352 0143 FF       		.byte	-1
 353 0144 4C       		.byte	76
 354 0145 40       		.byte	64
 355 0146 4D       		.byte	77
 356 0147 20       		.byte	32
 357 0148 4E       		.byte	78
 358 0149 F0       		.byte	-16
 359 014a 4F       		.byte	79
 360 014b 05       		.byte	5
 361 014c 50       		.byte	80
 362 014d 08       		.byte	8
 363 014e 58       		.byte	88
 364 014f 04       		.byte	4
 365 0150 59       		.byte	89
 366 0151 04       		.byte	4
 367 0152 5A       		.byte	90
 368 0153 04       		.byte	4
 369 0154 5F       		.byte	95
 370 0155 01       		.byte	1
 371 0156 60       		.byte	96
 372 0157 40       		.byte	64
 373 0158 61       		.byte	97
 374 0159 A8       		.byte	-88
 375 015a 62       		.byte	98
 376 015b 40       		.byte	64
 377 015c 63       		.byte	99
 378 015d 20       		.byte	32
 379 015e 80       		.byte	-128
 380 015f 13       		.byte	19
 381 0160 81       		.byte	-127
 382 0161 11       		.byte	17
 383 0162 82       		.byte	-126
 384 0163 04       		.byte	4
 385 0164 83       		.byte	-125
 386 0165 64       		.byte	100
 387 0166 84       		.byte	-124
 388 0167 0A       		.byte	10
 389 0168 85       		.byte	-123
 390 0169 30       		.byte	48
 391 016a 86       		.byte	-122
 392 016b 14       		.byte	20
 393 016c 88       		.byte	-120
 394 016d 13       		.byte	19
 395 016e 89       		.byte	-119
 396 016f 30       		.byte	48
 397 0170 8A       		.byte	-118
 398 0171 0C       		.byte	12
 399 0172 8E       		.byte	-114
ARM GAS  C:\Users\swaga\AppData\Local\Temp\ccLqBMUd.s 			page 8


 400 0173 08       		.byte	8
 401 0174 90       		.byte	-112
 402 0175 03       		.byte	3
 403 0176 92       		.byte	-110
 404 0177 14       		.byte	20
 405 0178 93       		.byte	-109
 406 0179 03       		.byte	3
 407 017a 97       		.byte	-105
 408 017b 03       		.byte	3
 409 017c 98       		.byte	-104
 410 017d E0       		.byte	-32
 411 017e 99       		.byte	-103
 412 017f 22       		.byte	34
 413 0180 9B       		.byte	-101
 414 0181 14       		.byte	20
 415 0182 9C       		.byte	-100
 416 0183 80       		.byte	-128
 417 0184 9E       		.byte	-98
 418 0185 40       		.byte	64
 419 0186 9F       		.byte	-97
 420 0187 03       		.byte	3
 421 0188 A0       		.byte	-96
 422 0189 40       		.byte	64
 423 018a A1       		.byte	-95
 424 018b 03       		.byte	3
 425 018c A2       		.byte	-94
 426 018d A0       		.byte	-96
 427 018e A3       		.byte	-93
 428 018f 08       		.byte	8
 429 0190 A5       		.byte	-91
 430 0191 03       		.byte	3
 431 0192 A6       		.byte	-90
 432 0193 15       		.byte	21
 433 0194 A8       		.byte	-88
 434 0195 E0       		.byte	-32
 435 0196 AC       		.byte	-84
 436 0197 20       		.byte	32
 437 0198 AD       		.byte	-83
 438 0199 03       		.byte	3
 439 019a AE       		.byte	-82
 440 019b 40       		.byte	64
 441 019c B0       		.byte	-80
 442 019d 10       		.byte	16
 443 019e B1       		.byte	-79
 444 019f 0C       		.byte	12
 445 01a0 B3       		.byte	-77
 446 01a1 40       		.byte	64
 447 01a2 B4       		.byte	-76
 448 01a3 0F       		.byte	15
 449 01a4 B5       		.byte	-75
 450 01a5 30       		.byte	48
 451 01a6 B6       		.byte	-74
 452 01a7 E0       		.byte	-32
 453 01a8 B7       		.byte	-73
 454 01a9 03       		.byte	3
 455 01aa BA       		.byte	-70
 456 01ab 20       		.byte	32
ARM GAS  C:\Users\swaga\AppData\Local\Temp\ccLqBMUd.s 			page 9


 457 01ac BE       		.byte	-66
 458 01ad 01       		.byte	1
 459 01ae BF       		.byte	-65
 460 01af 01       		.byte	1
 461 01b0 C0       		.byte	-64
 462 01b1 26       		.byte	38
 463 01b2 C1       		.byte	-63
 464 01b3 01       		.byte	1
 465 01b4 C5       		.byte	-59
 466 01b5 0B       		.byte	11
 467 01b6 C6       		.byte	-58
 468 01b7 0C       		.byte	12
 469 01b8 C7       		.byte	-57
 470 01b9 E0       		.byte	-32
 471 01ba C8       		.byte	-56
 472 01bb 25       		.byte	37
 473 01bc C9       		.byte	-55
 474 01bd FF       		.byte	-1
 475 01be CA       		.byte	-54
 476 01bf FF       		.byte	-1
 477 01c0 CB       		.byte	-53
 478 01c1 FF       		.byte	-1
 479 01c2 CE       		.byte	-50
 480 01c3 F0       		.byte	-16
 481 01c4 CF       		.byte	-49
 482 01c5 44       		.byte	68
 483 01c6 D0       		.byte	-48
 484 01c7 0C       		.byte	12
 485 01c8 D4       		.byte	-44
 486 01c9 01       		.byte	1
 487 01ca D6       		.byte	-42
 488 01cb 04       		.byte	4
 489 01cc D8       		.byte	-40
 490 01cd 04       		.byte	4
 491 01ce D9       		.byte	-39
 492 01cf 04       		.byte	4
 493 01d0 DA       		.byte	-38
 494 01d1 04       		.byte	4
 495 01d2 DB       		.byte	-37
 496 01d3 04       		.byte	4
 497 01d4 DF       		.byte	-33
 498 01d5 01       		.byte	1
 499 01d6 E6       		.byte	-26
 500 01d7 C0       		.byte	-64
 501 01d8 EA       		.byte	-22
 502 01d9 40       		.byte	64
 503 01da EB       		.byte	-21
 504 01db 02       		.byte	2
 505 01dc 00       		.byte	0
 506 01dd 01       		.byte	1
 507 01de 02       		.byte	2
 508 01df 01       		.byte	1
 509 01e0 03       		.byte	3
 510 01e1 10       		.byte	16
 511 01e2 04       		.byte	4
 512 01e3 40       		.byte	64
 513 01e4 05       		.byte	5
ARM GAS  C:\Users\swaga\AppData\Local\Temp\ccLqBMUd.s 			page 10


 514 01e5 12       		.byte	18
 515 01e6 07       		.byte	7
 516 01e7 20       		.byte	32
 517 01e8 0A       		.byte	10
 518 01e9 22       		.byte	34
 519 01ea 0E       		.byte	14
 520 01eb 06       		.byte	6
 521 01ec 0F       		.byte	15
 522 01ed 80       		.byte	-128
 523 01ee 10       		.byte	16
 524 01ef 80       		.byte	-128
 525 01f0 11       		.byte	17
 526 01f1 04       		.byte	4
 527 01f2 13       		.byte	19
 528 01f3 20       		.byte	32
 529 01f4 15       		.byte	21
 530 01f5 15       		.byte	21
 531 01f6 16       		.byte	22
 532 01f7 02       		.byte	2
 533 01f8 18       		.byte	24
 534 01f9 01       		.byte	1
 535 01fa 19       		.byte	25
 536 01fb 02       		.byte	2
 537 01fc 1D       		.byte	29
 538 01fd 10       		.byte	16
 539 01fe 1E       		.byte	30
 540 01ff 40       		.byte	64
 541 0200 1F       		.byte	31
 542 0201 40       		.byte	64
 543 0202 20       		.byte	32
 544 0203 44       		.byte	68
 545 0204 21       		.byte	33
 546 0205 08       		.byte	8
 547 0206 22       		.byte	34
 548 0207 01       		.byte	1
 549 0208 23       		.byte	35
 550 0209 20       		.byte	32
 551 020a 25       		.byte	37
 552 020b 04       		.byte	4
 553 020c 26       		.byte	38
 554 020d 20       		.byte	32
 555 020e 27       		.byte	39
 556 020f 45       		.byte	69
 557 0210 28       		.byte	40
 558 0211 02       		.byte	2
 559 0212 29       		.byte	41
 560 0213 02       		.byte	2
 561 0214 2A       		.byte	42
 562 0215 01       		.byte	1
 563 0216 2B       		.byte	43
 564 0217 02       		.byte	2
 565 0218 2C       		.byte	44
 566 0219 01       		.byte	1
 567 021a 2D       		.byte	45
 568 021b 01       		.byte	1
 569 021c 2F       		.byte	47
 570 021d 50       		.byte	80
ARM GAS  C:\Users\swaga\AppData\Local\Temp\ccLqBMUd.s 			page 11


 571 021e 30       		.byte	48
 572 021f 80       		.byte	-128
 573 0220 31       		.byte	49
 574 0221 18       		.byte	24
 575 0222 33       		.byte	51
 576 0223 10       		.byte	16
 577 0224 34       		.byte	52
 578 0225 40       		.byte	64
 579 0226 35       		.byte	53
 580 0227 01       		.byte	1
 581 0228 36       		.byte	54
 582 0229 28       		.byte	40
 583 022a 38       		.byte	56
 584 022b 48       		.byte	72
 585 022c 39       		.byte	57
 586 022d 04       		.byte	4
 587 022e 3D       		.byte	61
 588 022f 10       		.byte	16
 589 0230 3E       		.byte	62
 590 0231 06       		.byte	6
 591 0232 40       		.byte	64
 592 0233 04       		.byte	4
 593 0234 46       		.byte	70
 594 0235 01       		.byte	1
 595 0236 47       		.byte	71
 596 0237 10       		.byte	16
 597 0238 48       		.byte	72
 598 0239 80       		.byte	-128
 599 023a 4C       		.byte	76
 600 023b 04       		.byte	4
 601 023c 4E       		.byte	78
 602 023d 10       		.byte	16
 603 023e 50       		.byte	80
 604 023f 04       		.byte	4
 605 0240 57       		.byte	87
 606 0241 C2       		.byte	-62
 607 0242 5C       		.byte	92
 608 0243 22       		.byte	34
 609 0244 5E       		.byte	94
 610 0245 40       		.byte	64
 611 0246 5F       		.byte	95
 612 0247 04       		.byte	4
 613 0248 67       		.byte	103
 614 0249 40       		.byte	64
 615 024a 82       		.byte	-126
 616 024b 21       		.byte	33
 617 024c 87       		.byte	-121
 618 024d 40       		.byte	64
 619 024e 8A       		.byte	-118
 620 024f 02       		.byte	2
 621 0250 8C       		.byte	-116
 622 0251 20       		.byte	32
 623 0252 8F       		.byte	-113
 624 0253 80       		.byte	-128
 625 0254 91       		.byte	-111
 626 0255 10       		.byte	16
 627 0256 92       		.byte	-110
ARM GAS  C:\Users\swaga\AppData\Local\Temp\ccLqBMUd.s 			page 12


 628 0257 04       		.byte	4
 629 0258 93       		.byte	-109
 630 0259 24       		.byte	36
 631 025a 94       		.byte	-108
 632 025b 01       		.byte	1
 633 025c 95       		.byte	-107
 634 025d 01       		.byte	1
 635 025e 98       		.byte	-104
 636 025f 41       		.byte	65
 637 0260 99       		.byte	-103
 638 0261 01       		.byte	1
 639 0262 9E       		.byte	-98
 640 0263 02       		.byte	2
 641 0264 9F       		.byte	-97
 642 0265 45       		.byte	69
 643 0266 A2       		.byte	-94
 644 0267 08       		.byte	8
 645 0268 A5       		.byte	-91
 646 0269 04       		.byte	4
 647 026a A7       		.byte	-89
 648 026b 02       		.byte	2
 649 026c B1       		.byte	-79
 650 026d 40       		.byte	64
 651 026e C0       		.byte	-64
 652 026f FD       		.byte	-3
 653 0270 C2       		.byte	-62
 654 0271 D5       		.byte	-43
 655 0272 C4       		.byte	-60
 656 0273 FE       		.byte	-2
 657 0274 CA       		.byte	-54
 658 0275 D1       		.byte	-47
 659 0276 CC       		.byte	-52
 660 0277 FE       		.byte	-2
 661 0278 CE       		.byte	-50
 662 0279 EA       		.byte	-22
 663 027a D0       		.byte	-48
 664 027b 34       		.byte	52
 665 027c D2       		.byte	-46
 666 027d 20       		.byte	32
 667 027e D6       		.byte	-42
 668 027f F0       		.byte	-16
 669 0280 D8       		.byte	-40
 670 0281 80       		.byte	-128
 671 0282 32       		.byte	50
 672 0283 40       		.byte	64
 673 0284 36       		.byte	54
 674 0285 20       		.byte	32
 675 0286 CC       		.byte	-52
 676 0287 30       		.byte	48
 677 0288 96       		.byte	-106
 678 0289 80       		.byte	-128
 679 028a A6       		.byte	-90
 680 028b 20       		.byte	32
 681 028c 96       		.byte	-106
 682 028d 80       		.byte	-128
 683 028e A6       		.byte	-90
 684 028f 20       		.byte	32
ARM GAS  C:\Users\swaga\AppData\Local\Temp\ccLqBMUd.s 			page 13


 685 0290 96       		.byte	-106
 686 0291 80       		.byte	-128
 687 0292 A6       		.byte	-90
 688 0293 20       		.byte	32
 689 0294 82       		.byte	-126
 690 0295 40       		.byte	64
 691 0296 96       		.byte	-106
 692 0297 80       		.byte	-128
 693 0298 A6       		.byte	-90
 694 0299 20       		.byte	32
 695 029a E6       		.byte	-26
 696 029b 80       		.byte	-128
 697 029c 86       		.byte	-122
 698 029d 20       		.byte	32
 699 029e A6       		.byte	-90
 700 029f 20       		.byte	32
 701 02a0 E6       		.byte	-26
 702 02a1 40       		.byte	64
 703 02a2 10       		.byte	16
 704 02a3 40       		.byte	64
 705 02a4 75       		.byte	117
 706 02a5 02       		.byte	2
 707 02a6 88       		.byte	-120
 708 02a7 40       		.byte	64
 709 02a8 99       		.byte	-103
 710 02a9 02       		.byte	2
 711 02aa B1       		.byte	-79
 712 02ab 02       		.byte	2
 713 02ac C4       		.byte	-60
 714 02ad 08       		.byte	8
 715 02ae DE       		.byte	-34
 716 02af 04       		.byte	4
 717 02b0 E2       		.byte	-30
 718 02b1 01       		.byte	1
 719 02b2 E8       		.byte	-24
 720 02b3 01       		.byte	1
 721 02b4 10       		.byte	16
 722 02b5 01       		.byte	1
 723 02b6 1C       		.byte	28
 724 02b7 01       		.byte	1
 725 02b8 00       		.byte	0
 726 02b9 0F       		.byte	15
 727 02ba 00       		.byte	0
 728 02bb 00       		.byte	0
 729 02bc 80       		.byte	-128
 730 02bd 80       		.byte	-128
 731 02be 00       		.byte	0
 732 02bf 00       		.byte	0
 733 02c0 40       		.byte	64
 734 02c1 00       		.byte	0
 735 02c2 00       		.byte	0
 736 02c3 00       		.byte	0
 737 02c4 1F       		.byte	31
 738 02c5 00       		.byte	0
 739 02c6 20       		.byte	32
 740 02c7 00       		.byte	0
 741 02c8 1C       		.byte	28
ARM GAS  C:\Users\swaga\AppData\Local\Temp\ccLqBMUd.s 			page 14


 742 02c9 00       		.byte	0
 743 02ca 23       		.byte	35
 744 02cb 01       		.byte	1
 745 02cc 04       		.byte	4
 746 02cd 18       		.byte	24
 747 02ce 00       		.byte	0
 748 02cf 00       		.byte	0
 749 02d0 01       		.byte	1
 750 02d1 08       		.byte	8
 751 02d2 00       		.byte	0
 752 02d3 00       		.byte	0
 753 02d4 00       		.byte	0
 754 02d5 19       		.byte	25
 755 02d6 00       		.byte	0
 756 02d7 62       		.byte	98
 757 02d8 3F       		.byte	63
 758 02d9 39       		.byte	57
 759 02da 00       		.byte	0
 760 02db 44       		.byte	68
 761 02dc 33       		.byte	51
 762 02dd 00       		.byte	0
 763 02de 0C       		.byte	12
 764 02df 00       		.byte	0
 765 02e0 00       		.byte	0
 766 02e1 10       		.byte	16
 767 02e2 23       		.byte	35
 768 02e3 00       		.byte	0
 769 02e4 03       		.byte	3
 770 02e5 01       		.byte	1
 771 02e6 00       		.byte	0
 772 02e7 00       		.byte	0
 773 02e8 02       		.byte	2
 774 02e9 67       		.byte	103
 775 02ea 00       		.byte	0
 776 02eb 18       		.byte	24
 777 02ec 0C       		.byte	12
 778 02ed 00       		.byte	0
 779 02ee 00       		.byte	0
 780 02ef 26       		.byte	38
 781 02f0 08       		.byte	8
 782 02f1 7F       		.byte	127
 783 02f2 00       		.byte	0
 784 02f3 00       		.byte	0
 785 02f4 2C       		.byte	44
 786 02f5 40       		.byte	64
 787 02f6 00       		.byte	0
 788 02f7 1F       		.byte	31
 789 02f8 0F       		.byte	15
 790 02f9 38       		.byte	56
 791 02fa 10       		.byte	16
 792 02fb 00       		.byte	0
 793 02fc 00       		.byte	0
 794 02fd 02       		.byte	2
 795 02fe 2A       		.byte	42
 796 02ff 08       		.byte	8
 797 0300 00       		.byte	0
 798 0301 00       		.byte	0
ARM GAS  C:\Users\swaga\AppData\Local\Temp\ccLqBMUd.s 			page 15


 799 0302 40       		.byte	64
 800 0303 00       		.byte	0
 801 0304 46       		.byte	70
 802 0305 03       		.byte	3
 803 0306 02       		.byte	2
 804 0307 00       		.byte	0
 805 0308 01       		.byte	1
 806 0309 0C       		.byte	12
 807 030a 00       		.byte	0
 808 030b E0       		.byte	-32
 809 030c 21       		.byte	33
 810 030d FF       		.byte	-1
 811 030e FF       		.byte	-1
 812 030f FF       		.byte	-1
 813 0310 62       		.byte	98
 814 0311 A0       		.byte	-96
 815 0312 F0       		.byte	-16
 816 0313 41       		.byte	65
 817 0314 0C       		.byte	12
 818 0315 00       		.byte	0
 819 0316 00       		.byte	0
 820 0317 00       		.byte	0
 821 0318 00       		.byte	0
 822 0319 00       		.byte	0
 823 031a 02       		.byte	2
 824 031b 13       		.byte	19
 825 031c 04       		.byte	4
 826 031d 04       		.byte	4
 827 031e 04       		.byte	4
 828 031f 04       		.byte	4
 829 0320 00       		.byte	0
 830 0321 00       		.byte	0
 831 0322 00       		.byte	0
 832 0323 01       		.byte	1
 833 0324 00       		.byte	0
 834 0325 00       		.byte	0
 835 0326 00       		.byte	0
 836 0327 00       		.byte	0
 837 0328 00       		.byte	0
 838 0329 00       		.byte	0
 839 032a 40       		.byte	64
 840 032b 02       		.byte	2
 841 032c 00       		.byte	0
 842 032d 10       		.byte	16
 843 032e 30       		.byte	48
 844 032f 10       		.byte	16
 845 0330 00       		.byte	0
 846 0331 10       		.byte	16
 847 0332 10       		.byte	16
 848 0333 12       		.byte	18
 849 0334 00       		.byte	0
 850 0335 00       		.byte	0
 851 0336 00       		.byte	0
 852 0337 00       		.byte	0
 853 0338 00       		.byte	0
 854 0339 00       		.byte	0
 855 033a 00       		.byte	0
ARM GAS  C:\Users\swaga\AppData\Local\Temp\ccLqBMUd.s 			page 16


 856 033b 00       		.byte	0
 857 033c 00       		.byte	0
 858 033d 00       		.byte	0
 859 033e 00       		.byte	0
 860 033f 00       		.byte	0
 861 0340 00       		.byte	0
 862 0341 00       		.byte	0
 863 0342 00       		.byte	0
 864 0343 00       		.byte	0
 865 0344 80       		.byte	-128
 866 0345 00       		.byte	0
 867 0346 40       		.byte	64
 868 0347 80       		.byte	-128
 869 0348 80       		.byte	-128
 870 0349 00       		.byte	0
 871 034a 80       		.byte	-128
 872 034b 00       		.byte	0
 873 034c 00       		.byte	0
 874 034d 00       		.byte	0
 875 034e 00       		.byte	0
 876 034f 00       		.byte	0
 877 0350 00       		.byte	0
 878 0351 0B       		.byte	11
 879 0352 0B       		.byte	11
 880 0353 00       		.byte	0
 881 0354 00       		.byte	0
 882 0355 00       		.byte	0
 883 0356 00       		.byte	0
 884 0357 00       		.byte	0
 885              		.section	.cywolatch,"a",%progbits
 886              		.align	2
 887              		.type	cy_meta_wonvl, %object
 888              		.size	cy_meta_wonvl, 4
 889              	cy_meta_wonvl:
 890 0000 BC       		.byte	-68
 891 0001 90       		.byte	-112
 892 0002 AC       		.byte	-84
 893 0003 AF       		.byte	-81
 894              		.section	.cycustnvl,"a",%progbits
 895              		.align	2
 896              		.type	cy_meta_custnvl, %object
 897              		.size	cy_meta_custnvl, 4
 898              	cy_meta_custnvl:
 899 0000 00       		.byte	0
 900 0001 00       		.byte	0
 901 0002 40       		.byte	64
 902 0003 05       		.byte	5
 903              		.section	.cymeta,"a",%progbits
 904              		.align	2
 905              		.type	cy_metadata, %object
 906              		.size	cy_metadata, 12
 907              	cy_metadata:
 908 0000 00       		.byte	0
 909 0001 01       		.byte	1
 910 0002 2E       		.byte	46
 911 0003 16       		.byte	22
 912 0004 10       		.byte	16
ARM GAS  C:\Users\swaga\AppData\Local\Temp\ccLqBMUd.s 			page 17


 913 0005 69       		.byte	105
 914 0006 00       		.byte	0
 915 0007 01       		.byte	1
 916 0008 00       		.byte	0
 917 0009 00       		.byte	0
 918 000a 00       		.byte	0
 919 000b 00       		.byte	0
 920              		.section	.cyflashprotect,"a",%progbits
 921              		.align	2
 922              		.type	cy_meta_flashprotect, %object
 923              		.size	cy_meta_flashprotect, 256
 924              	cy_meta_flashprotect:
 925 0000 00000000 		.space	256
 925      00000000 
 925      00000000 
 925      00000000 
 925      00000000 
 926              		.text
 927              	.Letext0:
 928              		.file 1 "c:\\program files (x86)\\cypress\\psoc creator\\4.2\\psoc creator\\import\\gnu\\arm\\5.4.
 929              		.file 2 "c:\\program files (x86)\\cypress\\psoc creator\\4.2\\psoc creator\\import\\gnu\\arm\\5.4.
 930              		.file 3 "Generated_Source\\PSoC5\\cymetadata.c"
 931              		.section	.debug_info,"",%progbits
 932              	.Ldebug_info0:
 933 0000 31010000 		.4byte	0x131
 934 0004 0400     		.2byte	0x4
 935 0006 00000000 		.4byte	.Ldebug_abbrev0
 936 000a 04       		.byte	0x4
 937 000b 01       		.uleb128 0x1
 938 000c 24000000 		.4byte	.LASF17
 939 0010 0C       		.byte	0xc
 940 0011 DD010000 		.4byte	.LASF18
 941 0015 D7000000 		.4byte	.LASF19
 942 0019 00000000 		.4byte	.Ldebug_line0
 943 001d 02       		.uleb128 0x2
 944 001e 01       		.byte	0x1
 945 001f 06       		.byte	0x6
 946 0020 D1010000 		.4byte	.LASF0
 947 0024 03       		.uleb128 0x3
 948 0025 00000000 		.4byte	.LASF9
 949 0029 01       		.byte	0x1
 950 002a 1D       		.byte	0x1d
 951 002b 2F000000 		.4byte	0x2f
 952 002f 02       		.uleb128 0x2
 953 0030 01       		.byte	0x1
 954 0031 08       		.byte	0x8
 955 0032 16000000 		.4byte	.LASF1
 956 0036 02       		.uleb128 0x2
 957 0037 02       		.byte	0x2
 958 0038 05       		.byte	0x5
 959 0039 BE010000 		.4byte	.LASF2
 960 003d 02       		.uleb128 0x2
 961 003e 02       		.byte	0x2
 962 003f 07       		.byte	0x7
 963 0040 C4000000 		.4byte	.LASF3
 964 0044 02       		.uleb128 0x2
 965 0045 04       		.byte	0x4
ARM GAS  C:\Users\swaga\AppData\Local\Temp\ccLqBMUd.s 			page 18


 966 0046 05       		.byte	0x5
 967 0047 C8010000 		.4byte	.LASF4
 968 004b 02       		.uleb128 0x2
 969 004c 04       		.byte	0x4
 970 004d 07       		.byte	0x7
 971 004e B2000000 		.4byte	.LASF5
 972 0052 02       		.uleb128 0x2
 973 0053 08       		.byte	0x8
 974 0054 05       		.byte	0x5
 975 0055 B0010000 		.4byte	.LASF6
 976 0059 02       		.uleb128 0x2
 977 005a 08       		.byte	0x8
 978 005b 07       		.byte	0x7
 979 005c 65010000 		.4byte	.LASF7
 980 0060 04       		.uleb128 0x4
 981 0061 04       		.byte	0x4
 982 0062 05       		.byte	0x5
 983 0063 696E7400 		.ascii	"int\000"
 984 0067 02       		.uleb128 0x2
 985 0068 04       		.byte	0x4
 986 0069 07       		.byte	0x7
 987 006a 58010000 		.4byte	.LASF8
 988 006e 03       		.uleb128 0x3
 989 006f 7C010000 		.4byte	.LASF10
 990 0073 02       		.byte	0x2
 991 0074 18       		.byte	0x18
 992 0075 24000000 		.4byte	0x24
 993 0079 05       		.uleb128 0x5
 994 007a 91000000 		.4byte	0x91
 995 007e 8A000000 		.4byte	0x8a
 996 0082 06       		.uleb128 0x6
 997 0083 8A000000 		.4byte	0x8a
 998 0087 5703     		.2byte	0x357
 999 0089 00       		.byte	0
 1000 008a 02       		.uleb128 0x2
 1001 008b 04       		.byte	0x4
 1002 008c 07       		.byte	0x7
 1003 008d A7010000 		.4byte	.LASF11
 1004 0091 07       		.uleb128 0x7
 1005 0092 6E000000 		.4byte	0x6e
 1006 0096 08       		.uleb128 0x8
 1007 0097 46010000 		.4byte	.LASF12
 1008 009b 03       		.byte	0x3
 1009 009c 1F       		.byte	0x1f
 1010 009d A7000000 		.4byte	0xa7
 1011 00a1 05       		.uleb128 0x5
 1012 00a2 03       		.byte	0x3
 1013 00a3 00000000 		.4byte	cy_meta_configecc
 1014 00a7 07       		.uleb128 0x7
 1015 00a8 79000000 		.4byte	0x79
 1016 00ac 05       		.uleb128 0x5
 1017 00ad 91000000 		.4byte	0x91
 1018 00b1 BC000000 		.4byte	0xbc
 1019 00b5 09       		.uleb128 0x9
 1020 00b6 8A000000 		.4byte	0x8a
 1021 00ba 03       		.byte	0x3
 1022 00bb 00       		.byte	0
ARM GAS  C:\Users\swaga\AppData\Local\Temp\ccLqBMUd.s 			page 19


 1023 00bc 08       		.uleb128 0x8
 1024 00bd 36010000 		.4byte	.LASF13
 1025 00c1 03       		.byte	0x3
 1026 00c2 97       		.byte	0x97
 1027 00c3 CD000000 		.4byte	0xcd
 1028 00c7 05       		.uleb128 0x5
 1029 00c8 03       		.byte	0x3
 1030 00c9 00000000 		.4byte	cy_meta_custnvl
 1031 00cd 07       		.uleb128 0x7
 1032 00ce AC000000 		.4byte	0xac
 1033 00d2 08       		.uleb128 0x8
 1034 00d3 99010000 		.4byte	.LASF14
 1035 00d7 03       		.byte	0x3
 1036 00d8 A5       		.byte	0xa5
 1037 00d9 E3000000 		.4byte	0xe3
 1038 00dd 05       		.uleb128 0x5
 1039 00de 03       		.byte	0x3
 1040 00df 00000000 		.4byte	cy_meta_wonvl
 1041 00e3 07       		.uleb128 0x7
 1042 00e4 AC000000 		.4byte	0xac
 1043 00e8 05       		.uleb128 0x5
 1044 00e9 91000000 		.4byte	0x91
 1045 00ed F8000000 		.4byte	0xf8
 1046 00f1 09       		.uleb128 0x9
 1047 00f2 8A000000 		.4byte	0x8a
 1048 00f6 FF       		.byte	0xff
 1049 00f7 00       		.byte	0
 1050 00f8 08       		.uleb128 0x8
 1051 00f9 84010000 		.4byte	.LASF15
 1052 00fd 03       		.byte	0x3
 1053 00fe B3       		.byte	0xb3
 1054 00ff 09010000 		.4byte	0x109
 1055 0103 05       		.uleb128 0x5
 1056 0104 03       		.byte	0x3
 1057 0105 00000000 		.4byte	cy_meta_flashprotect
 1058 0109 07       		.uleb128 0x7
 1059 010a E8000000 		.4byte	0xe8
 1060 010e 05       		.uleb128 0x5
 1061 010f 91000000 		.4byte	0x91
 1062 0113 1E010000 		.4byte	0x11e
 1063 0117 09       		.uleb128 0x9
 1064 0118 8A000000 		.4byte	0x8a
 1065 011c 0B       		.byte	0xb
 1066 011d 00       		.byte	0
 1067 011e 08       		.uleb128 0x8
 1068 011f 0A000000 		.4byte	.LASF16
 1069 0123 03       		.byte	0x3
 1070 0124 E0       		.byte	0xe0
 1071 0125 2F010000 		.4byte	0x12f
 1072 0129 05       		.uleb128 0x5
 1073 012a 03       		.byte	0x3
 1074 012b 00000000 		.4byte	cy_metadata
 1075 012f 07       		.uleb128 0x7
 1076 0130 0E010000 		.4byte	0x10e
 1077 0134 00       		.byte	0
 1078              		.section	.debug_abbrev,"",%progbits
 1079              	.Ldebug_abbrev0:
ARM GAS  C:\Users\swaga\AppData\Local\Temp\ccLqBMUd.s 			page 20


 1080 0000 01       		.uleb128 0x1
 1081 0001 11       		.uleb128 0x11
 1082 0002 01       		.byte	0x1
 1083 0003 25       		.uleb128 0x25
 1084 0004 0E       		.uleb128 0xe
 1085 0005 13       		.uleb128 0x13
 1086 0006 0B       		.uleb128 0xb
 1087 0007 03       		.uleb128 0x3
 1088 0008 0E       		.uleb128 0xe
 1089 0009 1B       		.uleb128 0x1b
 1090 000a 0E       		.uleb128 0xe
 1091 000b 10       		.uleb128 0x10
 1092 000c 17       		.uleb128 0x17
 1093 000d 00       		.byte	0
 1094 000e 00       		.byte	0
 1095 000f 02       		.uleb128 0x2
 1096 0010 24       		.uleb128 0x24
 1097 0011 00       		.byte	0
 1098 0012 0B       		.uleb128 0xb
 1099 0013 0B       		.uleb128 0xb
 1100 0014 3E       		.uleb128 0x3e
 1101 0015 0B       		.uleb128 0xb
 1102 0016 03       		.uleb128 0x3
 1103 0017 0E       		.uleb128 0xe
 1104 0018 00       		.byte	0
 1105 0019 00       		.byte	0
 1106 001a 03       		.uleb128 0x3
 1107 001b 16       		.uleb128 0x16
 1108 001c 00       		.byte	0
 1109 001d 03       		.uleb128 0x3
 1110 001e 0E       		.uleb128 0xe
 1111 001f 3A       		.uleb128 0x3a
 1112 0020 0B       		.uleb128 0xb
 1113 0021 3B       		.uleb128 0x3b
 1114 0022 0B       		.uleb128 0xb
 1115 0023 49       		.uleb128 0x49
 1116 0024 13       		.uleb128 0x13
 1117 0025 00       		.byte	0
 1118 0026 00       		.byte	0
 1119 0027 04       		.uleb128 0x4
 1120 0028 24       		.uleb128 0x24
 1121 0029 00       		.byte	0
 1122 002a 0B       		.uleb128 0xb
 1123 002b 0B       		.uleb128 0xb
 1124 002c 3E       		.uleb128 0x3e
 1125 002d 0B       		.uleb128 0xb
 1126 002e 03       		.uleb128 0x3
 1127 002f 08       		.uleb128 0x8
 1128 0030 00       		.byte	0
 1129 0031 00       		.byte	0
 1130 0032 05       		.uleb128 0x5
 1131 0033 01       		.uleb128 0x1
 1132 0034 01       		.byte	0x1
 1133 0035 49       		.uleb128 0x49
 1134 0036 13       		.uleb128 0x13
 1135 0037 01       		.uleb128 0x1
 1136 0038 13       		.uleb128 0x13
ARM GAS  C:\Users\swaga\AppData\Local\Temp\ccLqBMUd.s 			page 21


 1137 0039 00       		.byte	0
 1138 003a 00       		.byte	0
 1139 003b 06       		.uleb128 0x6
 1140 003c 21       		.uleb128 0x21
 1141 003d 00       		.byte	0
 1142 003e 49       		.uleb128 0x49
 1143 003f 13       		.uleb128 0x13
 1144 0040 2F       		.uleb128 0x2f
 1145 0041 05       		.uleb128 0x5
 1146 0042 00       		.byte	0
 1147 0043 00       		.byte	0
 1148 0044 07       		.uleb128 0x7
 1149 0045 26       		.uleb128 0x26
 1150 0046 00       		.byte	0
 1151 0047 49       		.uleb128 0x49
 1152 0048 13       		.uleb128 0x13
 1153 0049 00       		.byte	0
 1154 004a 00       		.byte	0
 1155 004b 08       		.uleb128 0x8
 1156 004c 34       		.uleb128 0x34
 1157 004d 00       		.byte	0
 1158 004e 03       		.uleb128 0x3
 1159 004f 0E       		.uleb128 0xe
 1160 0050 3A       		.uleb128 0x3a
 1161 0051 0B       		.uleb128 0xb
 1162 0052 3B       		.uleb128 0x3b
 1163 0053 0B       		.uleb128 0xb
 1164 0054 49       		.uleb128 0x49
 1165 0055 13       		.uleb128 0x13
 1166 0056 3F       		.uleb128 0x3f
 1167 0057 19       		.uleb128 0x19
 1168 0058 02       		.uleb128 0x2
 1169 0059 18       		.uleb128 0x18
 1170 005a 00       		.byte	0
 1171 005b 00       		.byte	0
 1172 005c 09       		.uleb128 0x9
 1173 005d 21       		.uleb128 0x21
 1174 005e 00       		.byte	0
 1175 005f 49       		.uleb128 0x49
 1176 0060 13       		.uleb128 0x13
 1177 0061 2F       		.uleb128 0x2f
 1178 0062 0B       		.uleb128 0xb
 1179 0063 00       		.byte	0
 1180 0064 00       		.byte	0
 1181 0065 00       		.byte	0
 1182              		.section	.debug_aranges,"",%progbits
 1183 0000 14000000 		.4byte	0x14
 1184 0004 0200     		.2byte	0x2
 1185 0006 00000000 		.4byte	.Ldebug_info0
 1186 000a 04       		.byte	0x4
 1187 000b 00       		.byte	0
 1188 000c 0000     		.2byte	0
 1189 000e 0000     		.2byte	0
 1190 0010 00000000 		.4byte	0
 1191 0014 00000000 		.4byte	0
 1192              		.section	.debug_line,"",%progbits
 1193              	.Ldebug_line0:
ARM GAS  C:\Users\swaga\AppData\Local\Temp\ccLqBMUd.s 			page 22


 1194 0000 3D010000 		.section	.debug_str,"MS",%progbits,1
 1194      02003701 
 1194      00000201 
 1194      FB0E0D00 
 1194      01010101 
 1195              	.LASF9:
 1196 0000 5F5F7569 		.ascii	"__uint8_t\000"
 1196      6E74385F 
 1196      7400
 1197              	.LASF16:
 1198 000a 63795F6D 		.ascii	"cy_metadata\000"
 1198      65746164 
 1198      61746100 
 1199              	.LASF1:
 1200 0016 756E7369 		.ascii	"unsigned char\000"
 1200      676E6564 
 1200      20636861 
 1200      7200
 1201              	.LASF17:
 1202 0024 474E5520 		.ascii	"GNU C11 5.4.1 20160609 (release) [ARM/embedded-5-br"
 1202      43313120 
 1202      352E342E 
 1202      31203230 
 1202      31363036 
 1203 0057 616E6368 		.ascii	"anch revision 237715] -mcpu=cortex-m3 -mthumb -g -O"
 1203      20726576 
 1203      6973696F 
 1203      6E203233 
 1203      37373135 
 1204 008a 67202D66 		.ascii	"g -ffunction-sections -ffat-lto-objects\000"
 1204      66756E63 
 1204      74696F6E 
 1204      2D736563 
 1204      74696F6E 
 1205              	.LASF5:
 1206 00b2 6C6F6E67 		.ascii	"long unsigned int\000"
 1206      20756E73 
 1206      69676E65 
 1206      6420696E 
 1206      7400
 1207              	.LASF3:
 1208 00c4 73686F72 		.ascii	"short unsigned int\000"
 1208      7420756E 
 1208      7369676E 
 1208      65642069 
 1208      6E7400
 1209              	.LASF19:
 1210 00d7 443A5C68 		.ascii	"D:\\h_da\\Lecturs\\Basic Embedded\\Embedded_basics\\"
 1210      5F64615C 
 1210      4C656374 
 1210      7572735C 
 1210      42617369 
 1211 0106 31305F55 		.ascii	"10_UART_with_swbuffer_talkback_capitalize.cydsn\000"
 1211      4152545F 
 1211      77697468 
 1211      5F737762 
 1211      75666665 
ARM GAS  C:\Users\swaga\AppData\Local\Temp\ccLqBMUd.s 			page 23


 1212              	.LASF13:
 1213 0136 63795F6D 		.ascii	"cy_meta_custnvl\000"
 1213      6574615F 
 1213      63757374 
 1213      6E766C00 
 1214              	.LASF12:
 1215 0146 63795F6D 		.ascii	"cy_meta_configecc\000"
 1215      6574615F 
 1215      636F6E66 
 1215      69676563 
 1215      6300
 1216              	.LASF8:
 1217 0158 756E7369 		.ascii	"unsigned int\000"
 1217      676E6564 
 1217      20696E74 
 1217      00
 1218              	.LASF7:
 1219 0165 6C6F6E67 		.ascii	"long long unsigned int\000"
 1219      206C6F6E 
 1219      6720756E 
 1219      7369676E 
 1219      65642069 
 1220              	.LASF10:
 1221 017c 75696E74 		.ascii	"uint8_t\000"
 1221      385F7400 
 1222              	.LASF15:
 1223 0184 63795F6D 		.ascii	"cy_meta_flashprotect\000"
 1223      6574615F 
 1223      666C6173 
 1223      6870726F 
 1223      74656374 
 1224              	.LASF14:
 1225 0199 63795F6D 		.ascii	"cy_meta_wonvl\000"
 1225      6574615F 
 1225      776F6E76 
 1225      6C00
 1226              	.LASF11:
 1227 01a7 73697A65 		.ascii	"sizetype\000"
 1227      74797065 
 1227      00
 1228              	.LASF6:
 1229 01b0 6C6F6E67 		.ascii	"long long int\000"
 1229      206C6F6E 
 1229      6720696E 
 1229      7400
 1230              	.LASF2:
 1231 01be 73686F72 		.ascii	"short int\000"
 1231      7420696E 
 1231      7400
 1232              	.LASF4:
 1233 01c8 6C6F6E67 		.ascii	"long int\000"
 1233      20696E74 
 1233      00
 1234              	.LASF0:
 1235 01d1 7369676E 		.ascii	"signed char\000"
 1235      65642063 
 1235      68617200 
ARM GAS  C:\Users\swaga\AppData\Local\Temp\ccLqBMUd.s 			page 24


 1236              	.LASF18:
 1237 01dd 47656E65 		.ascii	"Generated_Source\\PSoC5\\cymetadata.c\000"
 1237      72617465 
 1237      645F536F 
 1237      75726365 
 1237      5C50536F 
 1238              		.ident	"GCC: (GNU Tools for ARM Embedded Processors) 5.4.1 20160609 (release) [ARM/embedded-5-bran
