ARM GAS  C:\Users\swaga\AppData\Local\Temp\ccuQ7zRO.s 			page 1


   1              		.syntax unified
   2              		.cpu cortex-m3
   3              		.fpu softvfp
   4              		.eabi_attribute 20, 1
   5              		.eabi_attribute 21, 1
   6              		.eabi_attribute 23, 3
   7              		.eabi_attribute 24, 1
   8              		.eabi_attribute 25, 1
   9              		.eabi_attribute 26, 1
  10              		.eabi_attribute 30, 1
  11              		.eabi_attribute 34, 1
  12              		.eabi_attribute 18, 4
  13              		.thumb
  14              		.syntax unified
  15              		.file	"main.c"
  16              		.text
  17              	.Ltext0:
  18              		.cfi_sections	.debug_frame
  19              		.section	.text.ISR_UART_Rx,"ax",%progbits
  20              		.align	2
  21              		.global	ISR_UART_Rx
  22              		.thumb
  23              		.thumb_func
  24              		.type	ISR_UART_Rx, %function
  25              	ISR_UART_Rx:
  26              	.LFB64:
  27              		.file 1 "main.c"
   1:main.c        **** 
   2:main.c        **** #include "project.h"
   3:main.c        **** #include<stdio.h>
   4:main.c        **** char buffer[100];
   5:main.c        **** uint8_t buffer_index = 0;// software buffer
   6:main.c        **** 
   7:main.c        **** // Interrupt function to be activcated ever time a Byte is received
   8:main.c        **** void ISR_UART_Rx(void){
  28              		.loc 1 8 0
  29              		.cfi_startproc
  30              		@ args = 0, pretend = 0, frame = 0
  31              		@ frame_needed = 0, uses_anonymous_args = 0
  32 0000 10B5     		push	{r4, lr}
  33              		.cfi_def_cfa_offset 8
  34              		.cfi_offset 4, -8
  35              		.cfi_offset 14, -4
   9:main.c        ****     if (buffer_index < 100){
  36              		.loc 1 9 0
  37 0002 064B     		ldr	r3, .L4
  38 0004 1C78     		ldrb	r4, [r3]	@ zero_extendqisi2
  39 0006 632C     		cmp	r4, #99
  40 0008 07D8     		bhi	.L1
  10:main.c        ****     buffer[buffer_index] = UART_GetByte();
  41              		.loc 1 10 0
  42 000a FFF7FEFF 		bl	UART_GetByte
  43              	.LVL0:
  44 000e 044B     		ldr	r3, .L4+4
  45 0010 1855     		strb	r0, [r3, r4]
  11:main.c        ****     buffer_index++;
  46              		.loc 1 11 0
ARM GAS  C:\Users\swaga\AppData\Local\Temp\ccuQ7zRO.s 			page 2


  47 0012 024A     		ldr	r2, .L4
  48 0014 1378     		ldrb	r3, [r2]	@ zero_extendqisi2
  49 0016 0133     		adds	r3, r3, #1
  50 0018 1370     		strb	r3, [r2]
  51              	.L1:
  52 001a 10BD     		pop	{r4, pc}
  53              	.L5:
  54              		.align	2
  55              	.L4:
  56 001c 00000000 		.word	.LANCHOR0
  57 0020 00000000 		.word	buffer
  58              		.cfi_endproc
  59              	.LFE64:
  60              		.size	ISR_UART_Rx, .-ISR_UART_Rx
  61              		.section	.text.lower_to_upper,"ax",%progbits
  62              		.align	2
  63              		.global	lower_to_upper
  64              		.thumb
  65              		.thumb_func
  66              		.type	lower_to_upper, %function
  67              	lower_to_upper:
  68              	.LFB65:
  12:main.c        ****     }
  13:main.c        **** }
  14:main.c        **** 
  15:main.c        **** // upper to lower case conversion
  16:main.c        **** char* lower_to_upper(char* string,int current_index){
  69              		.loc 1 16 0
  70              		.cfi_startproc
  71              		@ args = 0, pretend = 0, frame = 0
  72              		@ frame_needed = 0, uses_anonymous_args = 0
  73              		@ link register save eliminated.
  74              	.LVL1:
  75 0000 30B4     		push	{r4, r5}
  76              		.cfi_def_cfa_offset 8
  77              		.cfi_offset 4, -8
  78              		.cfi_offset 5, -4
  79              	.LVL2:
  80              	.LBB2:
  17:main.c        ****       for (int i= 0 ; ((string[i] !='\0') && (i<= current_index));i++)
  81              		.loc 1 17 0
  82 0002 0023     		movs	r3, #0
  83 0004 07E0     		b	.L7
  84              	.LVL3:
  85              	.L10:
  18:main.c        ****            { 
  19:main.c        ****         if (string[i]>=97 && string[i]<=122)
  86              		.loc 1 19 0
  87 0006 A2F16104 		sub	r4, r2, #97
  88 000a E4B2     		uxtb	r4, r4
  89 000c 192C     		cmp	r4, #25
  90 000e 01D8     		bhi	.L8
  20:main.c        ****                string[i] = (string[i] - ('a' - 'A')) ;
  91              		.loc 1 20 0
  92 0010 203A     		subs	r2, r2, #32
  93 0012 2A70     		strb	r2, [r5]
  94              	.L8:
ARM GAS  C:\Users\swaga\AppData\Local\Temp\ccuQ7zRO.s 			page 3


  17:main.c        ****       for (int i= 0 ; ((string[i] !='\0') && (i<= current_index));i++)
  95              		.loc 1 17 0 discriminator 2
  96 0014 0133     		adds	r3, r3, #1
  97              	.LVL4:
  98              	.L7:
  17:main.c        ****       for (int i= 0 ; ((string[i] !='\0') && (i<= current_index));i++)
  99              		.loc 1 17 0 is_stmt 0 discriminator 1
 100 0016 C518     		adds	r5, r0, r3
 101 0018 C25C     		ldrb	r2, [r0, r3]	@ zero_extendqisi2
 102 001a 0AB1     		cbz	r2, .L9
  17:main.c        ****       for (int i= 0 ; ((string[i] !='\0') && (i<= current_index));i++)
 103              		.loc 1 17 0 discriminator 3
 104 001c 8B42     		cmp	r3, r1
 105 001e F2DD     		ble	.L10
 106              	.L9:
 107              	.LBE2:
  21:main.c        ****            
  22:main.c        ****         else{
  23:main.c        ****                 string[i] = string[i];
  24:main.c        ****         }
  25:main.c        ****         }
  26:main.c        ****     return string;
  27:main.c        ****     }
 108              		.loc 1 27 0 is_stmt 1
 109 0020 30BC     		pop	{r4, r5}
 110              		.cfi_restore 5
 111              		.cfi_restore 4
 112              		.cfi_def_cfa_offset 0
 113 0022 7047     		bx	lr
 114              		.cfi_endproc
 115              	.LFE65:
 116              		.size	lower_to_upper, .-lower_to_upper
 117              		.section	.text.main,"ax",%progbits
 118              		.align	2
 119              		.global	main
 120              		.thumb
 121              		.thumb_func
 122              		.type	main, %function
 123              	main:
 124              	.LFB66:
  28:main.c        **** 
  29:main.c        **** 
  30:main.c        **** int main(void)
  31:main.c        **** {
 125              		.loc 1 31 0
 126              		.cfi_startproc
 127              		@ args = 0, pretend = 0, frame = 0
 128              		@ frame_needed = 0, uses_anonymous_args = 0
 129 0000 10B5     		push	{r4, lr}
 130              		.cfi_def_cfa_offset 8
 131              		.cfi_offset 4, -8
 132              		.cfi_offset 14, -4
  32:main.c        ****     CyGlobalIntEnable; /* Enable global interrupts. */
 133              		.loc 1 32 0
 134              		.syntax unified
 135              	@ 32 "main.c" 1
 136 0002 62B6     		CPSIE   i
ARM GAS  C:\Users\swaga\AppData\Local\Temp\ccuQ7zRO.s 			page 4


 137              	@ 0 "" 2
  33:main.c        **** 
  34:main.c        ****     UART_Start();
 138              		.loc 1 34 0
 139              		.thumb
 140              		.syntax unified
 141 0004 FFF7FEFF 		bl	UART_Start
 142              	.LVL5:
  35:main.c        ****     
  36:main.c        ****     // Interrupt function to be activcated ever time a Byte is received
  37:main.c        ****     ISR_UART_Rx_StartEx(ISR_UART_Rx);
 143              		.loc 1 37 0
 144 0008 1848     		ldr	r0, .L21
 145 000a FFF7FEFF 		bl	ISR_UART_Rx_StartEx
 146              	.LVL6:
 147              	.L18:
  38:main.c        ****     
  39:main.c        ****     for(;;){ 
  40:main.c        ****         
  41:main.c        ****         // transmit the data only when data is received
  42:main.c        ****         if(buffer_index >0){
 148              		.loc 1 42 0
 149 000e 184B     		ldr	r3, .L21+4
 150 0010 1B78     		ldrb	r3, [r3]	@ zero_extendqisi2
 151 0012 33B9     		cbnz	r3, .L19
 152 0014 24E0     		b	.L14
 153              	.LVL7:
 154              	.L15:
 155              	.LBB3:
  43:main.c        ****             for(int i = 0;i<buffer_index;i++){
  44:main.c        ****                 UART_PutChar(buffer[i]);//<------------------------------------ original data
 156              		.loc 1 44 0 discriminator 3
 157 0016 174B     		ldr	r3, .L21+8
 158 0018 185D     		ldrb	r0, [r3, r4]	@ zero_extendqisi2
 159 001a FFF7FEFF 		bl	UART_PutChar
 160              	.LVL8:
  43:main.c        ****             for(int i = 0;i<buffer_index;i++){
 161              		.loc 1 43 0 discriminator 3
 162 001e 0134     		adds	r4, r4, #1
 163              	.LVL9:
 164 0020 00E0     		b	.L13
 165              	.LVL10:
 166              	.L19:
 167              	.LBE3:
 168 0022 0024     		movs	r4, #0
 169              	.L13:
 170              	.LVL11:
 171              	.LBB4:
  43:main.c        ****             for(int i = 0;i<buffer_index;i++){
 172              		.loc 1 43 0 is_stmt 0 discriminator 1
 173 0024 124B     		ldr	r3, .L21+4
 174 0026 1B78     		ldrb	r3, [r3]	@ zero_extendqisi2
 175 0028 9C42     		cmp	r4, r3
 176 002a F4DB     		blt	.L15
 177              	.LBE4:
  45:main.c        ****             }
  46:main.c        ****             
ARM GAS  C:\Users\swaga\AppData\Local\Temp\ccuQ7zRO.s 			page 5


  47:main.c        ****             UART_PutChar('\n');
 178              		.loc 1 47 0 is_stmt 1
 179 002c 0A20     		movs	r0, #10
 180 002e FFF7FEFF 		bl	UART_PutChar
 181              	.LVL12:
  48:main.c        ****             UART_PutString(lower_to_upper(buffer,buffer_index));//<-------- converted data
 182              		.loc 1 48 0
 183 0032 0F4B     		ldr	r3, .L21+4
 184 0034 1978     		ldrb	r1, [r3]	@ zero_extendqisi2
 185 0036 0F48     		ldr	r0, .L21+8
 186 0038 FFF7FEFF 		bl	lower_to_upper
 187              	.LVL13:
 188 003c FFF7FEFF 		bl	UART_PutString
 189              	.LVL14:
  49:main.c        ****             UART_PutChar('\n');
 190              		.loc 1 49 0
 191 0040 0A20     		movs	r0, #10
 192 0042 FFF7FEFF 		bl	UART_PutChar
 193              	.LVL15:
 194              	.LBB5:
  50:main.c        ****             // RESETING/Emptying buffer to null after transmission of data
  51:main.c        ****             for(int i = 0;i<buffer_index;i++){
 195              		.loc 1 51 0
 196 0046 0023     		movs	r3, #0
 197 0048 03E0     		b	.L16
 198              	.LVL16:
 199              	.L17:
  52:main.c        ****                 buffer[i] ='\0';}
 200              		.loc 1 52 0 discriminator 3
 201 004a 0021     		movs	r1, #0
 202 004c 094A     		ldr	r2, .L21+8
 203 004e D154     		strb	r1, [r2, r3]
  51:main.c        ****                 buffer[i] ='\0';}
 204              		.loc 1 51 0 discriminator 3
 205 0050 0133     		adds	r3, r3, #1
 206              	.LVL17:
 207              	.L16:
  51:main.c        ****                 buffer[i] ='\0';}
 208              		.loc 1 51 0 is_stmt 0 discriminator 1
 209 0052 074A     		ldr	r2, .L21+4
 210 0054 1278     		ldrb	r2, [r2]	@ zero_extendqisi2
 211 0056 9342     		cmp	r3, r2
 212 0058 F7DB     		blt	.L17
 213              	.LBE5:
  53:main.c        ****             //Reseting buffer index to 0
  54:main.c        ****             buffer_index = 0;
 214              		.loc 1 54 0 is_stmt 1
 215 005a 0022     		movs	r2, #0
 216 005c 044B     		ldr	r3, .L21+4
 217              	.LVL18:
 218 005e 1A70     		strb	r2, [r3]
 219              	.LVL19:
 220              	.L14:
  55:main.c        ****         }
  56:main.c        ****         //optional else block to transmit data after the delay when ever.. 
  57:main.c        ****                                                   // .. the buffer is empty 
  58:main.c        ****         else{
ARM GAS  C:\Users\swaga\AppData\Local\Temp\ccuQ7zRO.s 			page 6


  59:main.c        ****                //UART_PutString("No Data \n");
  60:main.c        ****             }
  61:main.c        ****         //some other process the processor can do when idle
  62:main.c        ****         CyDelay(1000);
 221              		.loc 1 62 0
 222 0060 4FF47A70 		mov	r0, #1000
 223 0064 FFF7FEFF 		bl	CyDelay
 224              	.LVL20:
  63:main.c        ****     }
 225              		.loc 1 63 0
 226 0068 D1E7     		b	.L18
 227              	.L22:
 228 006a 00BF     		.align	2
 229              	.L21:
 230 006c 00000000 		.word	ISR_UART_Rx
 231 0070 00000000 		.word	.LANCHOR0
 232 0074 00000000 		.word	buffer
 233              		.cfi_endproc
 234              	.LFE66:
 235              		.size	main, .-main
 236              		.global	buffer_index
 237              		.comm	buffer,100,4
 238              		.bss
 239              		.set	.LANCHOR0,. + 0
 240              		.type	buffer_index, %object
 241              		.size	buffer_index, 1
 242              	buffer_index:
 243 0000 00       		.space	1
 244              		.text
 245              	.Letext0:
 246              		.file 2 "c:\\program files (x86)\\cypress\\psoc creator\\4.2\\psoc creator\\import\\gnu\\arm\\5.4.
 247              		.file 3 "c:\\program files (x86)\\cypress\\psoc creator\\4.2\\psoc creator\\import\\gnu\\arm\\5.4.
 248              		.file 4 "Generated_Source\\PSoC5/core_cm3.h"
 249              		.file 5 "Generated_Source\\PSoC5/UART.h"
 250              		.file 6 "Generated_Source\\PSoC5/ISR_UART_Rx.h"
 251              		.file 7 "Generated_Source\\PSoC5/CyLib.h"
 252              		.section	.debug_info,"",%progbits
 253              	.Ldebug_info0:
 254 0000 78020000 		.4byte	0x278
 255 0004 0400     		.2byte	0x4
 256 0006 00000000 		.4byte	.Ldebug_abbrev0
 257 000a 04       		.byte	0x4
 258 000b 01       		.uleb128 0x1
 259 000c 58000000 		.4byte	.LASF29
 260 0010 0C       		.byte	0xc
 261 0011 F3010000 		.4byte	.LASF30
 262 0015 16010000 		.4byte	.LASF31
 263 0019 18000000 		.4byte	.Ldebug_ranges0+0x18
 264 001d 00000000 		.4byte	0
 265 0021 00000000 		.4byte	.Ldebug_line0
 266 0025 02       		.uleb128 0x2
 267 0026 01       		.byte	0x1
 268 0027 06       		.byte	0x6
 269 0028 46020000 		.4byte	.LASF0
 270 002c 03       		.uleb128 0x3
 271 002d 0F000000 		.4byte	.LASF4
 272 0031 02       		.byte	0x2
ARM GAS  C:\Users\swaga\AppData\Local\Temp\ccuQ7zRO.s 			page 7


 273 0032 1D       		.byte	0x1d
 274 0033 37000000 		.4byte	0x37
 275 0037 02       		.uleb128 0x2
 276 0038 01       		.byte	0x1
 277 0039 08       		.byte	0x8
 278 003a 4A000000 		.4byte	.LASF1
 279 003e 02       		.uleb128 0x2
 280 003f 02       		.byte	0x2
 281 0040 05       		.byte	0x5
 282 0041 20020000 		.4byte	.LASF2
 283 0045 02       		.uleb128 0x2
 284 0046 02       		.byte	0x2
 285 0047 07       		.byte	0x7
 286 0048 F8000000 		.4byte	.LASF3
 287 004c 03       		.uleb128 0x3
 288 004d 33000000 		.4byte	.LASF5
 289 0051 02       		.byte	0x2
 290 0052 3F       		.byte	0x3f
 291 0053 57000000 		.4byte	0x57
 292 0057 02       		.uleb128 0x2
 293 0058 04       		.byte	0x4
 294 0059 05       		.byte	0x5
 295 005a 31020000 		.4byte	.LASF6
 296 005e 02       		.uleb128 0x2
 297 005f 04       		.byte	0x4
 298 0060 07       		.byte	0x7
 299 0061 E6000000 		.4byte	.LASF7
 300 0065 02       		.uleb128 0x2
 301 0066 08       		.byte	0x8
 302 0067 05       		.byte	0x5
 303 0068 E5010000 		.4byte	.LASF8
 304 006c 02       		.uleb128 0x2
 305 006d 08       		.byte	0x8
 306 006e 07       		.byte	0x7
 307 006f A8010000 		.4byte	.LASF9
 308 0073 04       		.uleb128 0x4
 309 0074 04       		.byte	0x4
 310 0075 05       		.byte	0x5
 311 0076 696E7400 		.ascii	"int\000"
 312 007a 02       		.uleb128 0x2
 313 007b 04       		.byte	0x4
 314 007c 07       		.byte	0x7
 315 007d 9B010000 		.4byte	.LASF10
 316 0081 03       		.uleb128 0x3
 317 0082 BF010000 		.4byte	.LASF11
 318 0086 03       		.byte	0x3
 319 0087 18       		.byte	0x18
 320 0088 2C000000 		.4byte	0x2c
 321 008c 03       		.uleb128 0x3
 322 008d C7010000 		.4byte	.LASF12
 323 0091 03       		.byte	0x3
 324 0092 2C       		.byte	0x2c
 325 0093 4C000000 		.4byte	0x4c
 326 0097 02       		.uleb128 0x2
 327 0098 04       		.byte	0x4
 328 0099 04       		.byte	0x4
 329 009a 44000000 		.4byte	.LASF13
ARM GAS  C:\Users\swaga\AppData\Local\Temp\ccuQ7zRO.s 			page 8


 330 009e 02       		.uleb128 0x2
 331 009f 08       		.byte	0x8
 332 00a0 04       		.byte	0x4
 333 00a1 82010000 		.4byte	.LASF14
 334 00a5 02       		.uleb128 0x2
 335 00a6 01       		.byte	0x1
 336 00a7 08       		.byte	0x8
 337 00a8 FA010000 		.4byte	.LASF15
 338 00ac 02       		.uleb128 0x2
 339 00ad 08       		.byte	0x8
 340 00ae 04       		.byte	0x4
 341 00af 3A020000 		.4byte	.LASF16
 342 00b3 02       		.uleb128 0x2
 343 00b4 04       		.byte	0x4
 344 00b5 07       		.byte	0x7
 345 00b6 DC010000 		.4byte	.LASF17
 346 00ba 05       		.uleb128 0x5
 347 00bb 04       		.byte	0x4
 348 00bc A5000000 		.4byte	0xa5
 349 00c0 06       		.uleb128 0x6
 350 00c1 27000000 		.4byte	.LASF32
 351 00c5 01       		.byte	0x1
 352 00c6 08       		.byte	0x8
 353 00c7 00000000 		.4byte	.LFB64
 354 00cb 24000000 		.4byte	.LFE64-.LFB64
 355 00cf 01       		.uleb128 0x1
 356 00d0 9C       		.byte	0x9c
 357 00d1 DF000000 		.4byte	0xdf
 358 00d5 07       		.uleb128 0x7
 359 00d6 0E000000 		.4byte	.LVL0
 360 00da 39020000 		.4byte	0x239
 361 00de 00       		.byte	0
 362 00df 08       		.uleb128 0x8
 363 00e0 00000000 		.4byte	.LASF33
 364 00e4 01       		.byte	0x1
 365 00e5 10       		.byte	0x10
 366 00e6 BA000000 		.4byte	0xba
 367 00ea 00000000 		.4byte	.LFB65
 368 00ee 24000000 		.4byte	.LFE65-.LFB65
 369 00f2 01       		.uleb128 0x1
 370 00f3 9C       		.byte	0x9c
 371 00f4 2A010000 		.4byte	0x12a
 372 00f8 09       		.uleb128 0x9
 373 00f9 3D000000 		.4byte	.LASF18
 374 00fd 01       		.byte	0x1
 375 00fe 10       		.byte	0x10
 376 00ff BA000000 		.4byte	0xba
 377 0103 01       		.uleb128 0x1
 378 0104 50       		.byte	0x50
 379 0105 09       		.uleb128 0x9
 380 0106 19000000 		.4byte	.LASF19
 381 010a 01       		.byte	0x1
 382 010b 10       		.byte	0x10
 383 010c 73000000 		.4byte	0x73
 384 0110 01       		.uleb128 0x1
 385 0111 51       		.byte	0x51
 386 0112 0A       		.uleb128 0xa
ARM GAS  C:\Users\swaga\AppData\Local\Temp\ccuQ7zRO.s 			page 9


 387 0113 02000000 		.4byte	.LBB2
 388 0117 1E000000 		.4byte	.LBE2-.LBB2
 389 011b 0B       		.uleb128 0xb
 390 011c 6900     		.ascii	"i\000"
 391 011e 01       		.byte	0x1
 392 011f 11       		.byte	0x11
 393 0120 73000000 		.4byte	0x73
 394 0124 00000000 		.4byte	.LLST0
 395 0128 00       		.byte	0
 396 0129 00       		.byte	0
 397 012a 0C       		.uleb128 0xc
 398 012b 89010000 		.4byte	.LASF34
 399 012f 01       		.byte	0x1
 400 0130 1E       		.byte	0x1e
 401 0131 73000000 		.4byte	0x73
 402 0135 00000000 		.4byte	.LFB66
 403 0139 78000000 		.4byte	.LFE66-.LFB66
 404 013d 01       		.uleb128 0x1
 405 013e 9C       		.byte	0x9c
 406 013f F6010000 		.4byte	0x1f6
 407 0143 0D       		.uleb128 0xd
 408 0144 00000000 		.4byte	.Ldebug_ranges0+0
 409 0148 63010000 		.4byte	0x163
 410 014c 0B       		.uleb128 0xb
 411 014d 6900     		.ascii	"i\000"
 412 014f 01       		.byte	0x1
 413 0150 2B       		.byte	0x2b
 414 0151 73000000 		.4byte	0x73
 415 0155 1F000000 		.4byte	.LLST1
 416 0159 07       		.uleb128 0x7
 417 015a 1E000000 		.4byte	.LVL8
 418 015e 44020000 		.4byte	0x244
 419 0162 00       		.byte	0
 420 0163 0E       		.uleb128 0xe
 421 0164 46000000 		.4byte	.LBB5
 422 0168 14000000 		.4byte	.LBE5-.LBB5
 423 016c 7E010000 		.4byte	0x17e
 424 0170 0B       		.uleb128 0xb
 425 0171 6900     		.ascii	"i\000"
 426 0173 01       		.byte	0x1
 427 0174 33       		.byte	0x33
 428 0175 73000000 		.4byte	0x73
 429 0179 3D000000 		.4byte	.LLST2
 430 017d 00       		.byte	0
 431 017e 07       		.uleb128 0x7
 432 017f 08000000 		.4byte	.LVL5
 433 0183 4F020000 		.4byte	0x24f
 434 0187 0F       		.uleb128 0xf
 435 0188 0E000000 		.4byte	.LVL6
 436 018c 5A020000 		.4byte	0x25a
 437 0190 9E010000 		.4byte	0x19e
 438 0194 10       		.uleb128 0x10
 439 0195 01       		.uleb128 0x1
 440 0196 50       		.byte	0x50
 441 0197 05       		.uleb128 0x5
 442 0198 03       		.byte	0x3
 443 0199 00000000 		.4byte	ISR_UART_Rx
ARM GAS  C:\Users\swaga\AppData\Local\Temp\ccuQ7zRO.s 			page 10


 444 019d 00       		.byte	0
 445 019e 0F       		.uleb128 0xf
 446 019f 32000000 		.4byte	.LVL12
 447 01a3 44020000 		.4byte	0x244
 448 01a7 B1010000 		.4byte	0x1b1
 449 01ab 10       		.uleb128 0x10
 450 01ac 01       		.uleb128 0x1
 451 01ad 50       		.byte	0x50
 452 01ae 01       		.uleb128 0x1
 453 01af 3A       		.byte	0x3a
 454 01b0 00       		.byte	0
 455 01b1 0F       		.uleb128 0xf
 456 01b2 3C000000 		.4byte	.LVL13
 457 01b6 DF000000 		.4byte	0xdf
 458 01ba C8010000 		.4byte	0x1c8
 459 01be 10       		.uleb128 0x10
 460 01bf 01       		.uleb128 0x1
 461 01c0 50       		.byte	0x50
 462 01c1 05       		.uleb128 0x5
 463 01c2 03       		.byte	0x3
 464 01c3 00000000 		.4byte	buffer
 465 01c7 00       		.byte	0
 466 01c8 07       		.uleb128 0x7
 467 01c9 40000000 		.4byte	.LVL14
 468 01cd 65020000 		.4byte	0x265
 469 01d1 0F       		.uleb128 0xf
 470 01d2 46000000 		.4byte	.LVL15
 471 01d6 44020000 		.4byte	0x244
 472 01da E4010000 		.4byte	0x1e4
 473 01de 10       		.uleb128 0x10
 474 01df 01       		.uleb128 0x1
 475 01e0 50       		.byte	0x50
 476 01e1 01       		.uleb128 0x1
 477 01e2 3A       		.byte	0x3a
 478 01e3 00       		.byte	0
 479 01e4 11       		.uleb128 0x11
 480 01e5 68000000 		.4byte	.LVL20
 481 01e9 70020000 		.4byte	0x270
 482 01ed 10       		.uleb128 0x10
 483 01ee 01       		.uleb128 0x1
 484 01ef 50       		.byte	0x50
 485 01f0 03       		.uleb128 0x3
 486 01f1 0A       		.byte	0xa
 487 01f2 E803     		.2byte	0x3e8
 488 01f4 00       		.byte	0
 489 01f5 00       		.byte	0
 490 01f6 12       		.uleb128 0x12
 491 01f7 75010000 		.4byte	.LASF20
 492 01fb 04       		.byte	0x4
 493 01fc 1207     		.2byte	0x712
 494 01fe 02020000 		.4byte	0x202
 495 0202 13       		.uleb128 0x13
 496 0203 8C000000 		.4byte	0x8c
 497 0207 14       		.uleb128 0x14
 498 0208 A5000000 		.4byte	0xa5
 499 020c 17020000 		.4byte	0x217
 500 0210 15       		.uleb128 0x15
ARM GAS  C:\Users\swaga\AppData\Local\Temp\ccuQ7zRO.s 			page 11


 501 0211 B3000000 		.4byte	0xb3
 502 0215 63       		.byte	0x63
 503 0216 00       		.byte	0
 504 0217 16       		.uleb128 0x16
 505 0218 2A020000 		.4byte	.LASF21
 506 021c 01       		.byte	0x1
 507 021d 04       		.byte	0x4
 508 021e 07020000 		.4byte	0x207
 509 0222 05       		.uleb128 0x5
 510 0223 03       		.byte	0x3
 511 0224 00000000 		.4byte	buffer
 512 0228 16       		.uleb128 0x16
 513 0229 FF010000 		.4byte	.LASF22
 514 022d 01       		.byte	0x1
 515 022e 05       		.byte	0x5
 516 022f 81000000 		.4byte	0x81
 517 0233 05       		.uleb128 0x5
 518 0234 03       		.byte	0x3
 519 0235 00000000 		.4byte	buffer_index
 520 0239 17       		.uleb128 0x17
 521 023a 8E010000 		.4byte	.LASF23
 522 023e 8E010000 		.4byte	.LASF23
 523 0242 05       		.byte	0x5
 524 0243 72       		.byte	0x72
 525 0244 17       		.uleb128 0x17
 526 0245 CF010000 		.4byte	.LASF24
 527 0249 CF010000 		.4byte	.LASF24
 528 024d 05       		.byte	0x5
 529 024e 8A       		.byte	0x8a
 530 024f 17       		.uleb128 0x17
 531 0250 0B010000 		.4byte	.LASF25
 532 0254 0B010000 		.4byte	.LASF25
 533 0258 05       		.byte	0x5
 534 0259 54       		.byte	0x54
 535 025a 17       		.uleb128 0x17
 536 025b 0C020000 		.4byte	.LASF26
 537 025f 0C020000 		.4byte	.LASF26
 538 0263 06       		.byte	0x6
 539 0264 18       		.byte	0x18
 540 0265 17       		.uleb128 0x17
 541 0266 52020000 		.4byte	.LASF27
 542 026a 52020000 		.4byte	.LASF27
 543 026e 05       		.byte	0x5
 544 026f 8B       		.byte	0x8b
 545 0270 17       		.uleb128 0x17
 546 0271 61020000 		.4byte	.LASF28
 547 0275 61020000 		.4byte	.LASF28
 548 0279 07       		.byte	0x7
 549 027a 76       		.byte	0x76
 550 027b 00       		.byte	0
 551              		.section	.debug_abbrev,"",%progbits
 552              	.Ldebug_abbrev0:
 553 0000 01       		.uleb128 0x1
 554 0001 11       		.uleb128 0x11
 555 0002 01       		.byte	0x1
 556 0003 25       		.uleb128 0x25
 557 0004 0E       		.uleb128 0xe
ARM GAS  C:\Users\swaga\AppData\Local\Temp\ccuQ7zRO.s 			page 12


 558 0005 13       		.uleb128 0x13
 559 0006 0B       		.uleb128 0xb
 560 0007 03       		.uleb128 0x3
 561 0008 0E       		.uleb128 0xe
 562 0009 1B       		.uleb128 0x1b
 563 000a 0E       		.uleb128 0xe
 564 000b 55       		.uleb128 0x55
 565 000c 17       		.uleb128 0x17
 566 000d 11       		.uleb128 0x11
 567 000e 01       		.uleb128 0x1
 568 000f 10       		.uleb128 0x10
 569 0010 17       		.uleb128 0x17
 570 0011 00       		.byte	0
 571 0012 00       		.byte	0
 572 0013 02       		.uleb128 0x2
 573 0014 24       		.uleb128 0x24
 574 0015 00       		.byte	0
 575 0016 0B       		.uleb128 0xb
 576 0017 0B       		.uleb128 0xb
 577 0018 3E       		.uleb128 0x3e
 578 0019 0B       		.uleb128 0xb
 579 001a 03       		.uleb128 0x3
 580 001b 0E       		.uleb128 0xe
 581 001c 00       		.byte	0
 582 001d 00       		.byte	0
 583 001e 03       		.uleb128 0x3
 584 001f 16       		.uleb128 0x16
 585 0020 00       		.byte	0
 586 0021 03       		.uleb128 0x3
 587 0022 0E       		.uleb128 0xe
 588 0023 3A       		.uleb128 0x3a
 589 0024 0B       		.uleb128 0xb
 590 0025 3B       		.uleb128 0x3b
 591 0026 0B       		.uleb128 0xb
 592 0027 49       		.uleb128 0x49
 593 0028 13       		.uleb128 0x13
 594 0029 00       		.byte	0
 595 002a 00       		.byte	0
 596 002b 04       		.uleb128 0x4
 597 002c 24       		.uleb128 0x24
 598 002d 00       		.byte	0
 599 002e 0B       		.uleb128 0xb
 600 002f 0B       		.uleb128 0xb
 601 0030 3E       		.uleb128 0x3e
 602 0031 0B       		.uleb128 0xb
 603 0032 03       		.uleb128 0x3
 604 0033 08       		.uleb128 0x8
 605 0034 00       		.byte	0
 606 0035 00       		.byte	0
 607 0036 05       		.uleb128 0x5
 608 0037 0F       		.uleb128 0xf
 609 0038 00       		.byte	0
 610 0039 0B       		.uleb128 0xb
 611 003a 0B       		.uleb128 0xb
 612 003b 49       		.uleb128 0x49
 613 003c 13       		.uleb128 0x13
 614 003d 00       		.byte	0
ARM GAS  C:\Users\swaga\AppData\Local\Temp\ccuQ7zRO.s 			page 13


 615 003e 00       		.byte	0
 616 003f 06       		.uleb128 0x6
 617 0040 2E       		.uleb128 0x2e
 618 0041 01       		.byte	0x1
 619 0042 3F       		.uleb128 0x3f
 620 0043 19       		.uleb128 0x19
 621 0044 03       		.uleb128 0x3
 622 0045 0E       		.uleb128 0xe
 623 0046 3A       		.uleb128 0x3a
 624 0047 0B       		.uleb128 0xb
 625 0048 3B       		.uleb128 0x3b
 626 0049 0B       		.uleb128 0xb
 627 004a 27       		.uleb128 0x27
 628 004b 19       		.uleb128 0x19
 629 004c 11       		.uleb128 0x11
 630 004d 01       		.uleb128 0x1
 631 004e 12       		.uleb128 0x12
 632 004f 06       		.uleb128 0x6
 633 0050 40       		.uleb128 0x40
 634 0051 18       		.uleb128 0x18
 635 0052 9742     		.uleb128 0x2117
 636 0054 19       		.uleb128 0x19
 637 0055 01       		.uleb128 0x1
 638 0056 13       		.uleb128 0x13
 639 0057 00       		.byte	0
 640 0058 00       		.byte	0
 641 0059 07       		.uleb128 0x7
 642 005a 898201   		.uleb128 0x4109
 643 005d 00       		.byte	0
 644 005e 11       		.uleb128 0x11
 645 005f 01       		.uleb128 0x1
 646 0060 31       		.uleb128 0x31
 647 0061 13       		.uleb128 0x13
 648 0062 00       		.byte	0
 649 0063 00       		.byte	0
 650 0064 08       		.uleb128 0x8
 651 0065 2E       		.uleb128 0x2e
 652 0066 01       		.byte	0x1
 653 0067 3F       		.uleb128 0x3f
 654 0068 19       		.uleb128 0x19
 655 0069 03       		.uleb128 0x3
 656 006a 0E       		.uleb128 0xe
 657 006b 3A       		.uleb128 0x3a
 658 006c 0B       		.uleb128 0xb
 659 006d 3B       		.uleb128 0x3b
 660 006e 0B       		.uleb128 0xb
 661 006f 27       		.uleb128 0x27
 662 0070 19       		.uleb128 0x19
 663 0071 49       		.uleb128 0x49
 664 0072 13       		.uleb128 0x13
 665 0073 11       		.uleb128 0x11
 666 0074 01       		.uleb128 0x1
 667 0075 12       		.uleb128 0x12
 668 0076 06       		.uleb128 0x6
 669 0077 40       		.uleb128 0x40
 670 0078 18       		.uleb128 0x18
 671 0079 9742     		.uleb128 0x2117
ARM GAS  C:\Users\swaga\AppData\Local\Temp\ccuQ7zRO.s 			page 14


 672 007b 19       		.uleb128 0x19
 673 007c 01       		.uleb128 0x1
 674 007d 13       		.uleb128 0x13
 675 007e 00       		.byte	0
 676 007f 00       		.byte	0
 677 0080 09       		.uleb128 0x9
 678 0081 05       		.uleb128 0x5
 679 0082 00       		.byte	0
 680 0083 03       		.uleb128 0x3
 681 0084 0E       		.uleb128 0xe
 682 0085 3A       		.uleb128 0x3a
 683 0086 0B       		.uleb128 0xb
 684 0087 3B       		.uleb128 0x3b
 685 0088 0B       		.uleb128 0xb
 686 0089 49       		.uleb128 0x49
 687 008a 13       		.uleb128 0x13
 688 008b 02       		.uleb128 0x2
 689 008c 18       		.uleb128 0x18
 690 008d 00       		.byte	0
 691 008e 00       		.byte	0
 692 008f 0A       		.uleb128 0xa
 693 0090 0B       		.uleb128 0xb
 694 0091 01       		.byte	0x1
 695 0092 11       		.uleb128 0x11
 696 0093 01       		.uleb128 0x1
 697 0094 12       		.uleb128 0x12
 698 0095 06       		.uleb128 0x6
 699 0096 00       		.byte	0
 700 0097 00       		.byte	0
 701 0098 0B       		.uleb128 0xb
 702 0099 34       		.uleb128 0x34
 703 009a 00       		.byte	0
 704 009b 03       		.uleb128 0x3
 705 009c 08       		.uleb128 0x8
 706 009d 3A       		.uleb128 0x3a
 707 009e 0B       		.uleb128 0xb
 708 009f 3B       		.uleb128 0x3b
 709 00a0 0B       		.uleb128 0xb
 710 00a1 49       		.uleb128 0x49
 711 00a2 13       		.uleb128 0x13
 712 00a3 02       		.uleb128 0x2
 713 00a4 17       		.uleb128 0x17
 714 00a5 00       		.byte	0
 715 00a6 00       		.byte	0
 716 00a7 0C       		.uleb128 0xc
 717 00a8 2E       		.uleb128 0x2e
 718 00a9 01       		.byte	0x1
 719 00aa 3F       		.uleb128 0x3f
 720 00ab 19       		.uleb128 0x19
 721 00ac 03       		.uleb128 0x3
 722 00ad 0E       		.uleb128 0xe
 723 00ae 3A       		.uleb128 0x3a
 724 00af 0B       		.uleb128 0xb
 725 00b0 3B       		.uleb128 0x3b
 726 00b1 0B       		.uleb128 0xb
 727 00b2 27       		.uleb128 0x27
 728 00b3 19       		.uleb128 0x19
ARM GAS  C:\Users\swaga\AppData\Local\Temp\ccuQ7zRO.s 			page 15


 729 00b4 49       		.uleb128 0x49
 730 00b5 13       		.uleb128 0x13
 731 00b6 8701     		.uleb128 0x87
 732 00b8 19       		.uleb128 0x19
 733 00b9 11       		.uleb128 0x11
 734 00ba 01       		.uleb128 0x1
 735 00bb 12       		.uleb128 0x12
 736 00bc 06       		.uleb128 0x6
 737 00bd 40       		.uleb128 0x40
 738 00be 18       		.uleb128 0x18
 739 00bf 9742     		.uleb128 0x2117
 740 00c1 19       		.uleb128 0x19
 741 00c2 01       		.uleb128 0x1
 742 00c3 13       		.uleb128 0x13
 743 00c4 00       		.byte	0
 744 00c5 00       		.byte	0
 745 00c6 0D       		.uleb128 0xd
 746 00c7 0B       		.uleb128 0xb
 747 00c8 01       		.byte	0x1
 748 00c9 55       		.uleb128 0x55
 749 00ca 17       		.uleb128 0x17
 750 00cb 01       		.uleb128 0x1
 751 00cc 13       		.uleb128 0x13
 752 00cd 00       		.byte	0
 753 00ce 00       		.byte	0
 754 00cf 0E       		.uleb128 0xe
 755 00d0 0B       		.uleb128 0xb
 756 00d1 01       		.byte	0x1
 757 00d2 11       		.uleb128 0x11
 758 00d3 01       		.uleb128 0x1
 759 00d4 12       		.uleb128 0x12
 760 00d5 06       		.uleb128 0x6
 761 00d6 01       		.uleb128 0x1
 762 00d7 13       		.uleb128 0x13
 763 00d8 00       		.byte	0
 764 00d9 00       		.byte	0
 765 00da 0F       		.uleb128 0xf
 766 00db 898201   		.uleb128 0x4109
 767 00de 01       		.byte	0x1
 768 00df 11       		.uleb128 0x11
 769 00e0 01       		.uleb128 0x1
 770 00e1 31       		.uleb128 0x31
 771 00e2 13       		.uleb128 0x13
 772 00e3 01       		.uleb128 0x1
 773 00e4 13       		.uleb128 0x13
 774 00e5 00       		.byte	0
 775 00e6 00       		.byte	0
 776 00e7 10       		.uleb128 0x10
 777 00e8 8A8201   		.uleb128 0x410a
 778 00eb 00       		.byte	0
 779 00ec 02       		.uleb128 0x2
 780 00ed 18       		.uleb128 0x18
 781 00ee 9142     		.uleb128 0x2111
 782 00f0 18       		.uleb128 0x18
 783 00f1 00       		.byte	0
 784 00f2 00       		.byte	0
 785 00f3 11       		.uleb128 0x11
ARM GAS  C:\Users\swaga\AppData\Local\Temp\ccuQ7zRO.s 			page 16


 786 00f4 898201   		.uleb128 0x4109
 787 00f7 01       		.byte	0x1
 788 00f8 11       		.uleb128 0x11
 789 00f9 01       		.uleb128 0x1
 790 00fa 31       		.uleb128 0x31
 791 00fb 13       		.uleb128 0x13
 792 00fc 00       		.byte	0
 793 00fd 00       		.byte	0
 794 00fe 12       		.uleb128 0x12
 795 00ff 34       		.uleb128 0x34
 796 0100 00       		.byte	0
 797 0101 03       		.uleb128 0x3
 798 0102 0E       		.uleb128 0xe
 799 0103 3A       		.uleb128 0x3a
 800 0104 0B       		.uleb128 0xb
 801 0105 3B       		.uleb128 0x3b
 802 0106 05       		.uleb128 0x5
 803 0107 49       		.uleb128 0x49
 804 0108 13       		.uleb128 0x13
 805 0109 3F       		.uleb128 0x3f
 806 010a 19       		.uleb128 0x19
 807 010b 3C       		.uleb128 0x3c
 808 010c 19       		.uleb128 0x19
 809 010d 00       		.byte	0
 810 010e 00       		.byte	0
 811 010f 13       		.uleb128 0x13
 812 0110 35       		.uleb128 0x35
 813 0111 00       		.byte	0
 814 0112 49       		.uleb128 0x49
 815 0113 13       		.uleb128 0x13
 816 0114 00       		.byte	0
 817 0115 00       		.byte	0
 818 0116 14       		.uleb128 0x14
 819 0117 01       		.uleb128 0x1
 820 0118 01       		.byte	0x1
 821 0119 49       		.uleb128 0x49
 822 011a 13       		.uleb128 0x13
 823 011b 01       		.uleb128 0x1
 824 011c 13       		.uleb128 0x13
 825 011d 00       		.byte	0
 826 011e 00       		.byte	0
 827 011f 15       		.uleb128 0x15
 828 0120 21       		.uleb128 0x21
 829 0121 00       		.byte	0
 830 0122 49       		.uleb128 0x49
 831 0123 13       		.uleb128 0x13
 832 0124 2F       		.uleb128 0x2f
 833 0125 0B       		.uleb128 0xb
 834 0126 00       		.byte	0
 835 0127 00       		.byte	0
 836 0128 16       		.uleb128 0x16
 837 0129 34       		.uleb128 0x34
 838 012a 00       		.byte	0
 839 012b 03       		.uleb128 0x3
 840 012c 0E       		.uleb128 0xe
 841 012d 3A       		.uleb128 0x3a
 842 012e 0B       		.uleb128 0xb
ARM GAS  C:\Users\swaga\AppData\Local\Temp\ccuQ7zRO.s 			page 17


 843 012f 3B       		.uleb128 0x3b
 844 0130 0B       		.uleb128 0xb
 845 0131 49       		.uleb128 0x49
 846 0132 13       		.uleb128 0x13
 847 0133 3F       		.uleb128 0x3f
 848 0134 19       		.uleb128 0x19
 849 0135 02       		.uleb128 0x2
 850 0136 18       		.uleb128 0x18
 851 0137 00       		.byte	0
 852 0138 00       		.byte	0
 853 0139 17       		.uleb128 0x17
 854 013a 2E       		.uleb128 0x2e
 855 013b 00       		.byte	0
 856 013c 3F       		.uleb128 0x3f
 857 013d 19       		.uleb128 0x19
 858 013e 3C       		.uleb128 0x3c
 859 013f 19       		.uleb128 0x19
 860 0140 6E       		.uleb128 0x6e
 861 0141 0E       		.uleb128 0xe
 862 0142 03       		.uleb128 0x3
 863 0143 0E       		.uleb128 0xe
 864 0144 3A       		.uleb128 0x3a
 865 0145 0B       		.uleb128 0xb
 866 0146 3B       		.uleb128 0x3b
 867 0147 0B       		.uleb128 0xb
 868 0148 00       		.byte	0
 869 0149 00       		.byte	0
 870 014a 00       		.byte	0
 871              		.section	.debug_loc,"",%progbits
 872              	.Ldebug_loc0:
 873              	.LLST0:
 874 0000 02000000 		.4byte	.LVL2
 875 0004 06000000 		.4byte	.LVL3
 876 0008 0200     		.2byte	0x2
 877 000a 30       		.byte	0x30
 878 000b 9F       		.byte	0x9f
 879 000c 06000000 		.4byte	.LVL3
 880 0010 24000000 		.4byte	.LFE65
 881 0014 0100     		.2byte	0x1
 882 0016 53       		.byte	0x53
 883 0017 00000000 		.4byte	0
 884 001b 00000000 		.4byte	0
 885              	.LLST1:
 886 001f 16000000 		.4byte	.LVL7
 887 0023 22000000 		.4byte	.LVL10
 888 0027 0100     		.2byte	0x1
 889 0029 54       		.byte	0x54
 890 002a 24000000 		.4byte	.LVL11
 891 002e 60000000 		.4byte	.LVL19
 892 0032 0100     		.2byte	0x1
 893 0034 54       		.byte	0x54
 894 0035 00000000 		.4byte	0
 895 0039 00000000 		.4byte	0
 896              	.LLST2:
 897 003d 46000000 		.4byte	.LVL15
 898 0041 4A000000 		.4byte	.LVL16
 899 0045 0200     		.2byte	0x2
ARM GAS  C:\Users\swaga\AppData\Local\Temp\ccuQ7zRO.s 			page 18


 900 0047 30       		.byte	0x30
 901 0048 9F       		.byte	0x9f
 902 0049 4A000000 		.4byte	.LVL16
 903 004d 5E000000 		.4byte	.LVL18
 904 0051 0100     		.2byte	0x1
 905 0053 53       		.byte	0x53
 906 0054 00000000 		.4byte	0
 907 0058 00000000 		.4byte	0
 908              		.section	.debug_aranges,"",%progbits
 909 0000 2C000000 		.4byte	0x2c
 910 0004 0200     		.2byte	0x2
 911 0006 00000000 		.4byte	.Ldebug_info0
 912 000a 04       		.byte	0x4
 913 000b 00       		.byte	0
 914 000c 0000     		.2byte	0
 915 000e 0000     		.2byte	0
 916 0010 00000000 		.4byte	.LFB64
 917 0014 24000000 		.4byte	.LFE64-.LFB64
 918 0018 00000000 		.4byte	.LFB65
 919 001c 24000000 		.4byte	.LFE65-.LFB65
 920 0020 00000000 		.4byte	.LFB66
 921 0024 78000000 		.4byte	.LFE66-.LFB66
 922 0028 00000000 		.4byte	0
 923 002c 00000000 		.4byte	0
 924              		.section	.debug_ranges,"",%progbits
 925              	.Ldebug_ranges0:
 926 0000 16000000 		.4byte	.LBB3
 927 0004 22000000 		.4byte	.LBE3
 928 0008 24000000 		.4byte	.LBB4
 929 000c 2C000000 		.4byte	.LBE4
 930 0010 00000000 		.4byte	0
 931 0014 00000000 		.4byte	0
 932 0018 00000000 		.4byte	.LFB64
 933 001c 24000000 		.4byte	.LFE64
 934 0020 00000000 		.4byte	.LFB65
 935 0024 24000000 		.4byte	.LFE65
 936 0028 00000000 		.4byte	.LFB66
 937 002c 78000000 		.4byte	.LFE66
 938 0030 00000000 		.4byte	0
 939 0034 00000000 		.4byte	0
 940              		.section	.debug_line,"",%progbits
 941              	.Ldebug_line0:
 942 0000 DD010000 		.section	.debug_str,"MS",%progbits,1
 942      02006501 
 942      00000201 
 942      FB0E0D00 
 942      01010101 
 943              	.LASF33:
 944 0000 6C6F7765 		.ascii	"lower_to_upper\000"
 944      725F746F 
 944      5F757070 
 944      657200
 945              	.LASF4:
 946 000f 5F5F7569 		.ascii	"__uint8_t\000"
 946      6E74385F 
 946      7400
 947              	.LASF19:
ARM GAS  C:\Users\swaga\AppData\Local\Temp\ccuQ7zRO.s 			page 19


 948 0019 63757272 		.ascii	"current_index\000"
 948      656E745F 
 948      696E6465 
 948      7800
 949              	.LASF32:
 950 0027 4953525F 		.ascii	"ISR_UART_Rx\000"
 950      55415254 
 950      5F527800 
 951              	.LASF5:
 952 0033 5F5F696E 		.ascii	"__int32_t\000"
 952      7433325F 
 952      7400
 953              	.LASF18:
 954 003d 73747269 		.ascii	"string\000"
 954      6E6700
 955              	.LASF13:
 956 0044 666C6F61 		.ascii	"float\000"
 956      7400
 957              	.LASF1:
 958 004a 756E7369 		.ascii	"unsigned char\000"
 958      676E6564 
 958      20636861 
 958      7200
 959              	.LASF29:
 960 0058 474E5520 		.ascii	"GNU C11 5.4.1 20160609 (release) [ARM/embedded-5-br"
 960      43313120 
 960      352E342E 
 960      31203230 
 960      31363036 
 961 008b 616E6368 		.ascii	"anch revision 237715] -mcpu=cortex-m3 -mthumb -g -O"
 961      20726576 
 961      6973696F 
 961      6E203233 
 961      37373135 
 962 00be 67202D66 		.ascii	"g -ffunction-sections -ffat-lto-objects\000"
 962      66756E63 
 962      74696F6E 
 962      2D736563 
 962      74696F6E 
 963              	.LASF7:
 964 00e6 6C6F6E67 		.ascii	"long unsigned int\000"
 964      20756E73 
 964      69676E65 
 964      6420696E 
 964      7400
 965              	.LASF3:
 966 00f8 73686F72 		.ascii	"short unsigned int\000"
 966      7420756E 
 966      7369676E 
 966      65642069 
 966      6E7400
 967              	.LASF25:
 968 010b 55415254 		.ascii	"UART_Start\000"
 968      5F537461 
 968      727400
 969              	.LASF31:
 970 0116 443A5C68 		.ascii	"D:\\h_da\\Lecturs\\Basic Embedded\\Embedded_basics\\"
ARM GAS  C:\Users\swaga\AppData\Local\Temp\ccuQ7zRO.s 			page 20


 970      5F64615C 
 970      4C656374 
 970      7572735C 
 970      42617369 
 971 0145 31305F55 		.ascii	"10_UART_with_swbuffer_talkback_capitalize.cydsn\000"
 971      4152545F 
 971      77697468 
 971      5F737762 
 971      75666665 
 972              	.LASF20:
 973 0175 49544D5F 		.ascii	"ITM_RxBuffer\000"
 973      52784275 
 973      66666572 
 973      00
 974              	.LASF14:
 975 0182 646F7562 		.ascii	"double\000"
 975      6C6500
 976              	.LASF34:
 977 0189 6D61696E 		.ascii	"main\000"
 977      00
 978              	.LASF23:
 979 018e 55415254 		.ascii	"UART_GetByte\000"
 979      5F476574 
 979      42797465 
 979      00
 980              	.LASF10:
 981 019b 756E7369 		.ascii	"unsigned int\000"
 981      676E6564 
 981      20696E74 
 981      00
 982              	.LASF9:
 983 01a8 6C6F6E67 		.ascii	"long long unsigned int\000"
 983      206C6F6E 
 983      6720756E 
 983      7369676E 
 983      65642069 
 984              	.LASF11:
 985 01bf 75696E74 		.ascii	"uint8_t\000"
 985      385F7400 
 986              	.LASF12:
 987 01c7 696E7433 		.ascii	"int32_t\000"
 987      325F7400 
 988              	.LASF24:
 989 01cf 55415254 		.ascii	"UART_PutChar\000"
 989      5F507574 
 989      43686172 
 989      00
 990              	.LASF17:
 991 01dc 73697A65 		.ascii	"sizetype\000"
 991      74797065 
 991      00
 992              	.LASF8:
 993 01e5 6C6F6E67 		.ascii	"long long int\000"
 993      206C6F6E 
 993      6720696E 
 993      7400
 994              	.LASF30:
ARM GAS  C:\Users\swaga\AppData\Local\Temp\ccuQ7zRO.s 			page 21


 995 01f3 6D61696E 		.ascii	"main.c\000"
 995      2E6300
 996              	.LASF15:
 997 01fa 63686172 		.ascii	"char\000"
 997      00
 998              	.LASF22:
 999 01ff 62756666 		.ascii	"buffer_index\000"
 999      65725F69 
 999      6E646578 
 999      00
 1000              	.LASF26:
 1001 020c 4953525F 		.ascii	"ISR_UART_Rx_StartEx\000"
 1001      55415254 
 1001      5F52785F 
 1001      53746172 
 1001      74457800 
 1002              	.LASF2:
 1003 0220 73686F72 		.ascii	"short int\000"
 1003      7420696E 
 1003      7400
 1004              	.LASF21:
 1005 022a 62756666 		.ascii	"buffer\000"
 1005      657200
 1006              	.LASF6:
 1007 0231 6C6F6E67 		.ascii	"long int\000"
 1007      20696E74 
 1007      00
 1008              	.LASF16:
 1009 023a 6C6F6E67 		.ascii	"long double\000"
 1009      20646F75 
 1009      626C6500 
 1010              	.LASF0:
 1011 0246 7369676E 		.ascii	"signed char\000"
 1011      65642063 
 1011      68617200 
 1012              	.LASF27:
 1013 0252 55415254 		.ascii	"UART_PutString\000"
 1013      5F507574 
 1013      53747269 
 1013      6E6700
 1014              	.LASF28:
 1015 0261 43794465 		.ascii	"CyDelay\000"
 1015      6C617900 
 1016              		.ident	"GCC: (GNU Tools for ARM Embedded Processors) 5.4.1 20160609 (release) [ARM/embedded-5-bran
