ARM GAS  C:\Users\swaga\AppData\Local\Temp\ccyRYyDp.s 			page 1


   1              		.syntax unified
   2              		.cpu cortex-m3
   3              		.fpu softvfp
   4              		.eabi_attribute 20, 1
   5              		.eabi_attribute 21, 1
   6              		.eabi_attribute 23, 3
   7              		.eabi_attribute 24, 1
   8              		.eabi_attribute 25, 1
   9              		.eabi_attribute 26, 1
  10              		.eabi_attribute 30, 1
  11              		.eabi_attribute 34, 1
  12              		.eabi_attribute 18, 4
  13              		.thumb
  14              		.syntax unified
  15              		.file	"cymetadata.c"
  16              		.text
  17              	.Ltext0:
  18              		.cfi_sections	.debug_frame
  19              		.global	cy_metadata
  20              		.global	cy_meta_flashprotect
  21              		.global	cy_meta_wonvl
  22              		.global	cy_meta_custnvl
  23              		.global	cy_meta_configecc
  24              		.section	.cyconfigecc,"a",%progbits
  25              		.align	2
  26              		.type	cy_meta_configecc, %object
  27              		.size	cy_meta_configecc, 796
  28              	cy_meta_configecc:
  29 0000 03       		.byte	3
  30 0001 65       		.byte	101
  31 0002 00       		.byte	0
  32 0003 40       		.byte	64
  33 0004 01       		.byte	1
  34 0005 17       		.byte	23
  35 0006 01       		.byte	1
  36 0007 40       		.byte	64
  37 0008 5F       		.byte	95
  38 0009 18       		.byte	24
  39 000a 01       		.byte	1
  40 000b 40       		.byte	64
  41 000c 3E       		.byte	62
  42 000d 19       		.byte	25
  43 000e 01       		.byte	1
  44 000f 40       		.byte	64
  45 0010 22       		.byte	34
  46 0011 1A       		.byte	26
  47 0012 01       		.byte	1
  48 0013 40       		.byte	64
  49 0014 48       		.byte	72
  50 0015 1B       		.byte	27
  51 0016 01       		.byte	1
  52 0017 40       		.byte	64
  53 0018 02       		.byte	2
  54 0019 40       		.byte	64
  55 001a 01       		.byte	1
  56 001b 40       		.byte	64
  57 001c 01       		.byte	1
ARM GAS  C:\Users\swaga\AppData\Local\Temp\ccyRYyDp.s 			page 2


  58 001d 41       		.byte	65
  59 001e 01       		.byte	1
  60 001f 40       		.byte	64
  61 0020 01       		.byte	1
  62 0021 42       		.byte	66
  63 0022 01       		.byte	1
  64 0023 40       		.byte	64
  65 0024 01       		.byte	1
  66 0025 43       		.byte	67
  67 0026 01       		.byte	1
  68 0027 40       		.byte	64
  69 0028 03       		.byte	3
  70 0029 48       		.byte	72
  71 002a 01       		.byte	1
  72 002b 40       		.byte	64
  73 002c 09       		.byte	9
  74 002d 4D       		.byte	77
  75 002e 01       		.byte	1
  76 002f 40       		.byte	64
  77 0030 02       		.byte	2
  78 0031 50       		.byte	80
  79 0032 01       		.byte	1
  80 0033 40       		.byte	64
  81 0034 01       		.byte	1
  82 0035 51       		.byte	81
  83 0036 01       		.byte	1
  84 0037 40       		.byte	64
  85 0038 88       		.byte	-120
  86 0039 0F       		.byte	15
  87 003a 89       		.byte	-119
  88 003b 38       		.byte	56
  89 003c 8A       		.byte	-118
  90 003d 72       		.byte	114
  91 003e E6       		.byte	-26
  92 003f 01       		.byte	1
  93 0040 01       		.byte	1
  94 0041 20       		.byte	32
  95 0042 03       		.byte	3
  96 0043 03       		.byte	3
  97 0044 04       		.byte	4
  98 0045 03       		.byte	3
  99 0046 06       		.byte	6
 100 0047 14       		.byte	20
 101 0048 09       		.byte	9
 102 0049 10       		.byte	16
 103 004a 0B       		.byte	11
 104 004b 0C       		.byte	12
 105 004c 0D       		.byte	13
 106 004d 14       		.byte	20
 107 004e 11       		.byte	17
 108 004f 1C       		.byte	28
 109 0050 13       		.byte	19
 110 0051 02       		.byte	2
 111 0052 14       		.byte	20
 112 0053 53       		.byte	83
 113 0054 16       		.byte	22
 114 0055 04       		.byte	4
ARM GAS  C:\Users\swaga\AppData\Local\Temp\ccyRYyDp.s 			page 3


 115 0056 18       		.byte	24
 116 0057 80       		.byte	-128
 117 0058 19       		.byte	25
 118 0059 0C       		.byte	12
 119 005a 1A       		.byte	26
 120 005b 15       		.byte	21
 121 005c 1B       		.byte	27
 122 005d 11       		.byte	17
 123 005e 1E       		.byte	30
 124 005f 08       		.byte	8
 125 0060 20       		.byte	32
 126 0061 0A       		.byte	10
 127 0062 21       		.byte	33
 128 0063 09       		.byte	9
 129 0064 22       		.byte	34
 130 0065 54       		.byte	84
 131 0066 23       		.byte	35
 132 0067 10       		.byte	16
 133 0068 24       		.byte	36
 134 0069 53       		.byte	83
 135 006a 26       		.byte	38
 136 006b 0C       		.byte	12
 137 006c 29       		.byte	41
 138 006d 10       		.byte	16
 139 006e 2C       		.byte	44
 140 006f 20       		.byte	32
 141 0070 30       		.byte	48
 142 0071 10       		.byte	16
 143 0072 31       		.byte	49
 144 0073 1F       		.byte	31
 145 0074 32       		.byte	50
 146 0075 0F       		.byte	15
 147 0076 33       		.byte	51
 148 0077 20       		.byte	32
 149 0078 34       		.byte	52
 150 0079 20       		.byte	32
 151 007a 36       		.byte	54
 152 007b C0       		.byte	-64
 153 007c 38       		.byte	56
 154 007d 80       		.byte	-128
 155 007e 3A       		.byte	58
 156 007f 08       		.byte	8
 157 0080 3E       		.byte	62
 158 0081 11       		.byte	17
 159 0082 3F       		.byte	63
 160 0083 04       		.byte	4
 161 0084 40       		.byte	64
 162 0085 32       		.byte	50
 163 0086 41       		.byte	65
 164 0087 06       		.byte	6
 165 0088 46       		.byte	70
 166 0089 CB       		.byte	-53
 167 008a 47       		.byte	71
 168 008b E0       		.byte	-32
 169 008c 48       		.byte	72
 170 008d 2C       		.byte	44
 171 008e 49       		.byte	73
ARM GAS  C:\Users\swaga\AppData\Local\Temp\ccyRYyDp.s 			page 4


 172 008f FF       		.byte	-1
 173 0090 4A       		.byte	74
 174 0091 FF       		.byte	-1
 175 0092 4B       		.byte	75
 176 0093 FF       		.byte	-1
 177 0094 4E       		.byte	78
 178 0095 F0       		.byte	-16
 179 0096 4F       		.byte	79
 180 0097 44       		.byte	68
 181 0098 50       		.byte	80
 182 0099 0C       		.byte	12
 183 009a 54       		.byte	84
 184 009b 01       		.byte	1
 185 009c 58       		.byte	88
 186 009d 04       		.byte	4
 187 009e 59       		.byte	89
 188 009f 04       		.byte	4
 189 00a0 5A       		.byte	90
 190 00a1 04       		.byte	4
 191 00a2 5B       		.byte	91
 192 00a3 04       		.byte	4
 193 00a4 5F       		.byte	95
 194 00a5 01       		.byte	1
 195 00a6 66       		.byte	102
 196 00a7 C0       		.byte	-64
 197 00a8 6A       		.byte	106
 198 00a9 40       		.byte	64
 199 00aa 6B       		.byte	107
 200 00ab 02       		.byte	2
 201 00ac 81       		.byte	-127
 202 00ad 04       		.byte	4
 203 00ae 83       		.byte	-125
 204 00af 08       		.byte	8
 205 00b0 86       		.byte	-122
 206 00b1 10       		.byte	16
 207 00b2 88       		.byte	-120
 208 00b3 03       		.byte	3
 209 00b4 8B       		.byte	-117
 210 00b5 02       		.byte	2
 211 00b6 8C       		.byte	-116
 212 00b7 02       		.byte	2
 213 00b8 8D       		.byte	-115
 214 00b9 08       		.byte	8
 215 00ba 8E       		.byte	-114
 216 00bb 01       		.byte	1
 217 00bc 8F       		.byte	-113
 218 00bd 14       		.byte	20
 219 00be 94       		.byte	-108
 220 00bf 02       		.byte	2
 221 00c0 95       		.byte	-107
 222 00c1 1D       		.byte	29
 223 00c2 96       		.byte	-106
 224 00c3 01       		.byte	1
 225 00c4 98       		.byte	-104
 226 00c5 03       		.byte	3
 227 00c6 99       		.byte	-103
 228 00c7 1D       		.byte	29
ARM GAS  C:\Users\swaga\AppData\Local\Temp\ccyRYyDp.s 			page 5


 229 00c8 9C       		.byte	-100
 230 00c9 08       		.byte	8
 231 00ca 9D       		.byte	-99
 232 00cb 01       		.byte	1
 233 00cc 9E       		.byte	-98
 234 00cd 04       		.byte	4
 235 00ce A2       		.byte	-94
 236 00cf 10       		.byte	16
 237 00d0 A3       		.byte	-93
 238 00d1 02       		.byte	2
 239 00d2 A4       		.byte	-92
 240 00d3 0C       		.byte	12
 241 00d4 A8       		.byte	-88
 242 00d5 0C       		.byte	12
 243 00d6 AC       		.byte	-84
 244 00d7 04       		.byte	4
 245 00d8 AD       		.byte	-83
 246 00d9 10       		.byte	16
 247 00da AE       		.byte	-82
 248 00db 08       		.byte	8
 249 00dc AF       		.byte	-81
 250 00dd 08       		.byte	8
 251 00de B0       		.byte	-80
 252 00df 02       		.byte	2
 253 00e0 B1       		.byte	-79
 254 00e1 1C       		.byte	28
 255 00e2 B2       		.byte	-78
 256 00e3 01       		.byte	1
 257 00e4 B3       		.byte	-77
 258 00e5 02       		.byte	2
 259 00e6 B4       		.byte	-76
 260 00e7 10       		.byte	16
 261 00e8 B6       		.byte	-74
 262 00e9 0C       		.byte	12
 263 00ea B7       		.byte	-73
 264 00eb 01       		.byte	1
 265 00ec B8       		.byte	-72
 266 00ed 08       		.byte	8
 267 00ee BE       		.byte	-66
 268 00ef 11       		.byte	17
 269 00f0 BF       		.byte	-65
 270 00f1 04       		.byte	4
 271 00f2 D4       		.byte	-44
 272 00f3 18       		.byte	24
 273 00f4 D6       		.byte	-42
 274 00f5 04       		.byte	4
 275 00f6 D8       		.byte	-40
 276 00f7 04       		.byte	4
 277 00f8 D9       		.byte	-39
 278 00f9 04       		.byte	4
 279 00fa DB       		.byte	-37
 280 00fb 04       		.byte	4
 281 00fc DF       		.byte	-33
 282 00fd 01       		.byte	1
 283 00fe 00       		.byte	0
 284 00ff 20       		.byte	32
 285 0100 01       		.byte	1
ARM GAS  C:\Users\swaga\AppData\Local\Temp\ccyRYyDp.s 			page 6


 286 0101 88       		.byte	-120
 287 0102 06       		.byte	6
 288 0103 10       		.byte	16
 289 0104 07       		.byte	7
 290 0105 20       		.byte	32
 291 0106 09       		.byte	9
 292 0107 08       		.byte	8
 293 0108 0A       		.byte	10
 294 0109 06       		.byte	6
 295 010a 0D       		.byte	13
 296 010b A0       		.byte	-96
 297 010c 0E       		.byte	14
 298 010d 20       		.byte	32
 299 010e 0F       		.byte	15
 300 010f 14       		.byte	20
 301 0110 10       		.byte	16
 302 0111 14       		.byte	20
 303 0112 11       		.byte	17
 304 0113 40       		.byte	64
 305 0114 12       		.byte	18
 306 0115 40       		.byte	64
 307 0116 14       		.byte	20
 308 0117 22       		.byte	34
 309 0118 16       		.byte	22
 310 0119 02       		.byte	2
 311 011a 17       		.byte	23
 312 011b 01       		.byte	1
 313 011c 18       		.byte	24
 314 011d 04       		.byte	4
 315 011e 19       		.byte	25
 316 011f 4A       		.byte	74
 317 0120 1A       		.byte	26
 318 0121 02       		.byte	2
 319 0122 1D       		.byte	29
 320 0123 84       		.byte	-124
 321 0124 1E       		.byte	30
 322 0125 48       		.byte	72
 323 0126 1F       		.byte	31
 324 0127 40       		.byte	64
 325 0128 20       		.byte	32
 326 0129 42       		.byte	66
 327 012a 22       		.byte	34
 328 012b 04       		.byte	4
 329 012c 24       		.byte	36
 330 012d 20       		.byte	32
 331 012e 25       		.byte	37
 332 012f 01       		.byte	1
 333 0130 29       		.byte	41
 334 0131 40       		.byte	64
 335 0132 2A       		.byte	42
 336 0133 01       		.byte	1
 337 0134 2F       		.byte	47
 338 0135 48       		.byte	72
 339 0136 30       		.byte	48
 340 0137 14       		.byte	20
 341 0138 32       		.byte	50
 342 0139 40       		.byte	64
ARM GAS  C:\Users\swaga\AppData\Local\Temp\ccyRYyDp.s 			page 7


 343 013a 33       		.byte	51
 344 013b 14       		.byte	20
 345 013c 36       		.byte	54
 346 013d 10       		.byte	16
 347 013e 37       		.byte	55
 348 013f 01       		.byte	1
 349 0140 38       		.byte	56
 350 0141 42       		.byte	66
 351 0142 39       		.byte	57
 352 0143 20       		.byte	32
 353 0144 3D       		.byte	61
 354 0145 02       		.byte	2
 355 0146 3F       		.byte	63
 356 0147 A0       		.byte	-96
 357 0148 44       		.byte	68
 358 0149 20       		.byte	32
 359 014a 45       		.byte	69
 360 014b 20       		.byte	32
 361 014c 4F       		.byte	79
 362 014d 10       		.byte	16
 363 014e 56       		.byte	86
 364 014f 12       		.byte	18
 365 0150 57       		.byte	87
 366 0151 40       		.byte	64
 367 0152 59       		.byte	89
 368 0153 01       		.byte	1
 369 0154 5C       		.byte	92
 370 0155 02       		.byte	2
 371 0156 5E       		.byte	94
 372 0157 48       		.byte	72
 373 0158 5F       		.byte	95
 374 0159 20       		.byte	32
 375 015a 60       		.byte	96
 376 015b A4       		.byte	-92
 377 015c 61       		.byte	97
 378 015d 04       		.byte	4
 379 015e 62       		.byte	98
 380 015f 80       		.byte	-128
 381 0160 63       		.byte	99
 382 0161 20       		.byte	32
 383 0162 80       		.byte	-128
 384 0163 80       		.byte	-128
 385 0164 8A       		.byte	-118
 386 0165 84       		.byte	-124
 387 0166 C0       		.byte	-64
 388 0167 27       		.byte	39
 389 0168 C2       		.byte	-62
 390 0169 E7       		.byte	-25
 391 016a C4       		.byte	-60
 392 016b BF       		.byte	-65
 393 016c CA       		.byte	-54
 394 016d A9       		.byte	-87
 395 016e CC       		.byte	-52
 396 016f AE       		.byte	-82
 397 0170 CE       		.byte	-50
 398 0171 BD       		.byte	-67
 399 0172 D0       		.byte	-48
ARM GAS  C:\Users\swaga\AppData\Local\Temp\ccyRYyDp.s 			page 8


 400 0173 60       		.byte	96
 401 0174 D2       		.byte	-46
 402 0175 20       		.byte	32
 403 0176 D6       		.byte	-42
 404 0177 F1       		.byte	-15
 405 0178 D8       		.byte	-40
 406 0179 0D       		.byte	13
 407 017a 87       		.byte	-121
 408 017b 13       		.byte	19
 409 017c 91       		.byte	-111
 410 017d 6C       		.byte	108
 411 017e 93       		.byte	-109
 412 017f 03       		.byte	3
 413 0180 95       		.byte	-107
 414 0181 31       		.byte	49
 415 0182 97       		.byte	-105
 416 0183 46       		.byte	70
 417 0184 99       		.byte	-103
 418 0185 31       		.byte	49
 419 0186 9B       		.byte	-101
 420 0187 0E       		.byte	14
 421 0188 A3       		.byte	-93
 422 0189 4C       		.byte	76
 423 018a AB       		.byte	-85
 424 018b 08       		.byte	8
 425 018c B3       		.byte	-77
 426 018d 30       		.byte	48
 427 018e B5       		.byte	-75
 428 018f 4A       		.byte	74
 429 0190 B7       		.byte	-73
 430 0191 0F       		.byte	15
 431 0192 B9       		.byte	-71
 432 0193 08       		.byte	8
 433 0194 BA       		.byte	-70
 434 0195 08       		.byte	8
 435 0196 BB       		.byte	-69
 436 0197 A0       		.byte	-96
 437 0198 BF       		.byte	-65
 438 0199 04       		.byte	4
 439 019a C0       		.byte	-64
 440 019b 02       		.byte	2
 441 019c C7       		.byte	-57
 442 019d 04       		.byte	4
 443 019e C9       		.byte	-55
 444 019f FF       		.byte	-1
 445 01a0 CA       		.byte	-54
 446 01a1 07       		.byte	7
 447 01a2 CB       		.byte	-53
 448 01a3 FF       		.byte	-1
 449 01a4 CC       		.byte	-52
 450 01a5 40       		.byte	64
 451 01a6 CD       		.byte	-51
 452 01a7 20       		.byte	32
 453 01a8 CE       		.byte	-50
 454 01a9 F0       		.byte	-16
 455 01aa CF       		.byte	-49
 456 01ab 05       		.byte	5
ARM GAS  C:\Users\swaga\AppData\Local\Temp\ccyRYyDp.s 			page 9


 457 01ac D0       		.byte	-48
 458 01ad 08       		.byte	8
 459 01ae D8       		.byte	-40
 460 01af 04       		.byte	4
 461 01b0 D9       		.byte	-39
 462 01b1 04       		.byte	4
 463 01b2 DA       		.byte	-38
 464 01b3 04       		.byte	4
 465 01b4 DF       		.byte	-33
 466 01b5 01       		.byte	1
 467 01b6 E0       		.byte	-32
 468 01b7 40       		.byte	64
 469 01b8 E1       		.byte	-31
 470 01b9 A8       		.byte	-88
 471 01ba E2       		.byte	-30
 472 01bb 40       		.byte	64
 473 01bc E3       		.byte	-29
 474 01bd 20       		.byte	32
 475 01be 00       		.byte	0
 476 01bf 62       		.byte	98
 477 01c0 02       		.byte	2
 478 01c1 04       		.byte	4
 479 01c2 03       		.byte	3
 480 01c3 80       		.byte	-128
 481 01c4 08       		.byte	8
 482 01c5 01       		.byte	1
 483 01c6 09       		.byte	9
 484 01c7 08       		.byte	8
 485 01c8 0A       		.byte	10
 486 01c9 06       		.byte	6
 487 01ca 10       		.byte	16
 488 01cb 80       		.byte	-128
 489 01cc 11       		.byte	17
 490 01cd 40       		.byte	64
 491 01ce 13       		.byte	19
 492 01cf 18       		.byte	24
 493 01d0 19       		.byte	25
 494 01d1 A1       		.byte	-95
 495 01d2 1A       		.byte	26
 496 01d3 24       		.byte	36
 497 01d4 1C       		.byte	28
 498 01d5 20       		.byte	32
 499 01d6 1E       		.byte	30
 500 01d7 10       		.byte	16
 501 01d8 20       		.byte	32
 502 01d9 01       		.byte	1
 503 01da 21       		.byte	33
 504 01db 18       		.byte	24
 505 01dc 26       		.byte	38
 506 01dd 10       		.byte	16
 507 01de 27       		.byte	39
 508 01df 21       		.byte	33
 509 01e0 28       		.byte	40
 510 01e1 01       		.byte	1
 511 01e2 29       		.byte	41
 512 01e3 A0       		.byte	-96
 513 01e4 2A       		.byte	42
ARM GAS  C:\Users\swaga\AppData\Local\Temp\ccyRYyDp.s 			page 10


 514 01e5 04       		.byte	4
 515 01e6 2B       		.byte	43
 516 01e7 80       		.byte	-128
 517 01e8 2F       		.byte	47
 518 01e9 48       		.byte	72
 519 01ea 30       		.byte	48
 520 01eb 80       		.byte	-128
 521 01ec 31       		.byte	49
 522 01ed 08       		.byte	8
 523 01ee 32       		.byte	50
 524 01ef 11       		.byte	17
 525 01f0 35       		.byte	53
 526 01f1 04       		.byte	4
 527 01f2 36       		.byte	54
 528 01f3 10       		.byte	16
 529 01f4 37       		.byte	55
 530 01f5 01       		.byte	1
 531 01f6 38       		.byte	56
 532 01f7 6A       		.byte	106
 533 01f8 3F       		.byte	63
 534 01f9 04       		.byte	4
 535 01fa 40       		.byte	64
 536 01fb 01       		.byte	1
 537 01fc 41       		.byte	65
 538 01fd 10       		.byte	16
 539 01fe 42       		.byte	66
 540 01ff 10       		.byte	16
 541 0200 47       		.byte	71
 542 0201 20       		.byte	32
 543 0202 48       		.byte	72
 544 0203 01       		.byte	1
 545 0204 49       		.byte	73
 546 0205 20       		.byte	32
 547 0206 4F       		.byte	79
 548 0207 04       		.byte	4
 549 0208 52       		.byte	82
 550 0209 41       		.byte	65
 551 020a 57       		.byte	87
 552 020b 08       		.byte	8
 553 020c 59       		.byte	89
 554 020d 02       		.byte	2
 555 020e 6A       		.byte	106
 556 020f 80       		.byte	-128
 557 0210 6B       		.byte	107
 558 0211 14       		.byte	20
 559 0212 70       		.byte	112
 560 0213 94       		.byte	-108
 561 0214 73       		.byte	115
 562 0215 18       		.byte	24
 563 0216 8C       		.byte	-116
 564 0217 01       		.byte	1
 565 0218 8D       		.byte	-115
 566 0219 40       		.byte	64
 567 021a 90       		.byte	-112
 568 021b 40       		.byte	64
 569 021c 92       		.byte	-110
 570 021d 02       		.byte	2
ARM GAS  C:\Users\swaga\AppData\Local\Temp\ccyRYyDp.s 			page 11


 571 021e 93       		.byte	-109
 572 021f 80       		.byte	-128
 573 0220 94       		.byte	-108
 574 0221 02       		.byte	2
 575 0222 95       		.byte	-107
 576 0223 60       		.byte	96
 577 0224 96       		.byte	-106
 578 0225 84       		.byte	-124
 579 0226 97       		.byte	-105
 580 0227 04       		.byte	4
 581 0228 99       		.byte	-103
 582 0229 06       		.byte	6
 583 022a 9D       		.byte	-99
 584 022b 81       		.byte	-127
 585 022c 9E       		.byte	-98
 586 022d 41       		.byte	65
 587 022e 9F       		.byte	-97
 588 022f 15       		.byte	21
 589 0230 A0       		.byte	-96
 590 0231 01       		.byte	1
 591 0232 A4       		.byte	-92
 592 0233 10       		.byte	16
 593 0234 A5       		.byte	-91
 594 0235 08       		.byte	8
 595 0236 A6       		.byte	-90
 596 0237 10       		.byte	16
 597 0238 A7       		.byte	-89
 598 0239 08       		.byte	8
 599 023a B4       		.byte	-76
 600 023b 10       		.byte	16
 601 023c C0       		.byte	-64
 602 023d 0B       		.byte	11
 603 023e C2       		.byte	-62
 604 023f 0F       		.byte	15
 605 0240 C4       		.byte	-60
 606 0241 0F       		.byte	15
 607 0242 CA       		.byte	-54
 608 0243 AF       		.byte	-81
 609 0244 CC       		.byte	-52
 610 0245 EF       		.byte	-17
 611 0246 CE       		.byte	-50
 612 0247 4F       		.byte	79
 613 0248 D0       		.byte	-48
 614 0249 2E       		.byte	46
 615 024a D2       		.byte	-46
 616 024b 0C       		.byte	12
 617 024c D6       		.byte	-42
 618 024d 01       		.byte	1
 619 024e 32       		.byte	50
 620 024f 40       		.byte	64
 621 0250 CC       		.byte	-52
 622 0251 10       		.byte	16
 623 0252 96       		.byte	-106
 624 0253 80       		.byte	-128
 625 0254 96       		.byte	-106
 626 0255 80       		.byte	-128
 627 0256 96       		.byte	-106
ARM GAS  C:\Users\swaga\AppData\Local\Temp\ccyRYyDp.s 			page 12


 628 0257 80       		.byte	-128
 629 0258 82       		.byte	-126
 630 0259 40       		.byte	64
 631 025a 96       		.byte	-106
 632 025b 80       		.byte	-128
 633 025c E6       		.byte	-26
 634 025d 80       		.byte	-128
 635 025e 12       		.byte	18
 636 025f 80       		.byte	-128
 637 0260 75       		.byte	117
 638 0261 01       		.byte	1
 639 0262 8E       		.byte	-114
 640 0263 80       		.byte	-128
 641 0264 99       		.byte	-103
 642 0265 01       		.byte	1
 643 0266 B5       		.byte	-75
 644 0267 01       		.byte	1
 645 0268 C4       		.byte	-60
 646 0269 08       		.byte	8
 647 026a DE       		.byte	-34
 648 026b 04       		.byte	4
 649 026c E2       		.byte	-30
 650 026d 02       		.byte	2
 651 026e EC       		.byte	-20
 652 026f 02       		.byte	2
 653 0270 10       		.byte	16
 654 0271 01       		.byte	1
 655 0272 1C       		.byte	28
 656 0273 01       		.byte	1
 657 0274 00       		.byte	0
 658 0275 03       		.byte	3
 659 0276 00       		.byte	0
 660 0277 00       		.byte	0
 661 0278 80       		.byte	-128
 662 0279 80       		.byte	-128
 663 027a 00       		.byte	0
 664 027b 00       		.byte	0
 665 027c 40       		.byte	64
 666 027d 00       		.byte	0
 667 027e 00       		.byte	0
 668 027f 00       		.byte	0
 669 0280 00       		.byte	0
 670 0281 01       		.byte	1
 671 0282 E3       		.byte	-29
 672 0283 40       		.byte	64
 673 0284 00       		.byte	0
 674 0285 18       		.byte	24
 675 0286 00       		.byte	0
 676 0287 00       		.byte	0
 677 0288 EF       		.byte	-17
 678 0289 08       		.byte	8
 679 028a 00       		.byte	0
 680 028b 00       		.byte	0
 681 028c C3       		.byte	-61
 682 028d 00       		.byte	0
 683 028e 00       		.byte	0
 684 028f 80       		.byte	-128
ARM GAS  C:\Users\swaga\AppData\Local\Temp\ccyRYyDp.s 			page 13


 685 0290 0F       		.byte	15
 686 0291 00       		.byte	0
 687 0292 E0       		.byte	-32
 688 0293 40       		.byte	64
 689 0294 0C       		.byte	12
 690 0295 39       		.byte	57
 691 0296 E3       		.byte	-29
 692 0297 04       		.byte	4
 693 0298 E3       		.byte	-29
 694 0299 00       		.byte	0
 695 029a 0C       		.byte	12
 696 029b 01       		.byte	1
 697 029c 82       		.byte	-126
 698 029d 10       		.byte	16
 699 029e 00       		.byte	0
 700 029f 00       		.byte	0
 701 02a0 08       		.byte	8
 702 02a1 00       		.byte	0
 703 02a2 00       		.byte	0
 704 02a3 26       		.byte	38
 705 02a4 04       		.byte	4
 706 02a5 3F       		.byte	63
 707 02a6 00       		.byte	0
 708 02a7 00       		.byte	0
 709 02a8 0C       		.byte	12
 710 02a9 27       		.byte	39
 711 02aa 00       		.byte	0
 712 02ab 18       		.byte	24
 713 02ac 41       		.byte	65
 714 02ad 19       		.byte	25
 715 02ae 10       		.byte	16
 716 02af 22       		.byte	34
 717 02b0 C0       		.byte	-64
 718 02b1 00       		.byte	0
 719 02b2 10       		.byte	16
 720 02b3 1F       		.byte	31
 721 02b4 0F       		.byte	15
 722 02b5 38       		.byte	56
 723 02b6 2C       		.byte	44
 724 02b7 C0       		.byte	-64
 725 02b8 00       		.byte	0
 726 02b9 00       		.byte	0
 727 02ba A0       		.byte	-96
 728 02bb 08       		.byte	8
 729 02bc 00       		.byte	0
 730 02bd 00       		.byte	0
 731 02be 00       		.byte	0
 732 02bf 40       		.byte	64
 733 02c0 65       		.byte	101
 734 02c1 03       		.byte	3
 735 02c2 02       		.byte	2
 736 02c3 00       		.byte	0
 737 02c4 01       		.byte	1
 738 02c5 00       		.byte	0
 739 02c6 0E       		.byte	14
 740 02c7 C0       		.byte	-64
 741 02c8 24       		.byte	36
ARM GAS  C:\Users\swaga\AppData\Local\Temp\ccyRYyDp.s 			page 14


 742 02c9 FF       		.byte	-1
 743 02ca FF       		.byte	-1
 744 02cb FF       		.byte	-1
 745 02cc 62       		.byte	98
 746 02cd A0       		.byte	-96
 747 02ce F0       		.byte	-16
 748 02cf 41       		.byte	65
 749 02d0 0C       		.byte	12
 750 02d1 00       		.byte	0
 751 02d2 00       		.byte	0
 752 02d3 00       		.byte	0
 753 02d4 00       		.byte	0
 754 02d5 00       		.byte	0
 755 02d6 02       		.byte	2
 756 02d7 13       		.byte	19
 757 02d8 04       		.byte	4
 758 02d9 04       		.byte	4
 759 02da 04       		.byte	4
 760 02db 04       		.byte	4
 761 02dc 00       		.byte	0
 762 02dd 00       		.byte	0
 763 02de 00       		.byte	0
 764 02df 01       		.byte	1
 765 02e0 00       		.byte	0
 766 02e1 00       		.byte	0
 767 02e2 00       		.byte	0
 768 02e3 00       		.byte	0
 769 02e4 00       		.byte	0
 770 02e5 00       		.byte	0
 771 02e6 40       		.byte	64
 772 02e7 02       		.byte	2
 773 02e8 00       		.byte	0
 774 02e9 10       		.byte	16
 775 02ea 30       		.byte	48
 776 02eb 10       		.byte	16
 777 02ec 00       		.byte	0
 778 02ed 10       		.byte	16
 779 02ee 10       		.byte	16
 780 02ef 12       		.byte	18
 781 02f0 00       		.byte	0
 782 02f1 00       		.byte	0
 783 02f2 00       		.byte	0
 784 02f3 00       		.byte	0
 785 02f4 00       		.byte	0
 786 02f5 00       		.byte	0
 787 02f6 00       		.byte	0
 788 02f7 00       		.byte	0
 789 02f8 00       		.byte	0
 790 02f9 00       		.byte	0
 791 02fa 00       		.byte	0
 792 02fb 00       		.byte	0
 793 02fc 00       		.byte	0
 794 02fd 00       		.byte	0
 795 02fe 00       		.byte	0
 796 02ff 00       		.byte	0
 797 0300 80       		.byte	-128
 798 0301 00       		.byte	0
ARM GAS  C:\Users\swaga\AppData\Local\Temp\ccyRYyDp.s 			page 15


 799 0302 40       		.byte	64
 800 0303 80       		.byte	-128
 801 0304 80       		.byte	-128
 802 0305 00       		.byte	0
 803 0306 80       		.byte	-128
 804 0307 00       		.byte	0
 805 0308 00       		.byte	0
 806 0309 00       		.byte	0
 807 030a 00       		.byte	0
 808 030b 00       		.byte	0
 809 030c 00       		.byte	0
 810 030d CB       		.byte	-53
 811 030e CB       		.byte	-53
 812 030f 00       		.byte	0
 813 0310 00       		.byte	0
 814 0311 00       		.byte	0
 815 0312 00       		.byte	0
 816 0313 00       		.byte	0
 817 0314 00       		.byte	0
 818 0315 01       		.byte	1
 819 0316 01       		.byte	1
 820 0317 00       		.byte	0
 821 0318 00       		.byte	0
 822 0319 00       		.byte	0
 823 031a 00       		.byte	0
 824 031b 00       		.byte	0
 825              		.section	.cywolatch,"a",%progbits
 826              		.align	2
 827              		.type	cy_meta_wonvl, %object
 828              		.size	cy_meta_wonvl, 4
 829              	cy_meta_wonvl:
 830 0000 BC       		.byte	-68
 831 0001 90       		.byte	-112
 832 0002 AC       		.byte	-84
 833 0003 AF       		.byte	-81
 834              		.section	.cycustnvl,"a",%progbits
 835              		.align	2
 836              		.type	cy_meta_custnvl, %object
 837              		.size	cy_meta_custnvl, 4
 838              	cy_meta_custnvl:
 839 0000 00       		.byte	0
 840 0001 00       		.byte	0
 841 0002 40       		.byte	64
 842 0003 05       		.byte	5
 843              		.section	.cymeta,"a",%progbits
 844              		.align	2
 845              		.type	cy_metadata, %object
 846              		.size	cy_metadata, 12
 847              	cy_metadata:
 848 0000 00       		.byte	0
 849 0001 01       		.byte	1
 850 0002 2E       		.byte	46
 851 0003 16       		.byte	22
 852 0004 10       		.byte	16
 853 0005 69       		.byte	105
 854 0006 00       		.byte	0
 855 0007 01       		.byte	1
ARM GAS  C:\Users\swaga\AppData\Local\Temp\ccyRYyDp.s 			page 16


 856 0008 00       		.byte	0
 857 0009 00       		.byte	0
 858 000a 00       		.byte	0
 859 000b 00       		.byte	0
 860              		.section	.cyflashprotect,"a",%progbits
 861              		.align	2
 862              		.type	cy_meta_flashprotect, %object
 863              		.size	cy_meta_flashprotect, 256
 864              	cy_meta_flashprotect:
 865 0000 00000000 		.space	256
 865      00000000 
 865      00000000 
 865      00000000 
 865      00000000 
 866              		.text
 867              	.Letext0:
 868              		.file 1 "c:\\program files (x86)\\cypress\\psoc creator\\4.2\\psoc creator\\import\\gnu\\arm\\5.4.
 869              		.file 2 "c:\\program files (x86)\\cypress\\psoc creator\\4.2\\psoc creator\\import\\gnu\\arm\\5.4.
 870              		.file 3 "Generated_Source\\PSoC5\\cymetadata.c"
 871              		.section	.debug_info,"",%progbits
 872              	.Ldebug_info0:
 873 0000 31010000 		.4byte	0x131
 874 0004 0400     		.2byte	0x4
 875 0006 00000000 		.4byte	.Ldebug_abbrev0
 876 000a 04       		.byte	0x4
 877 000b 01       		.uleb128 0x1
 878 000c 24000000 		.4byte	.LASF17
 879 0010 0C       		.byte	0xc
 880 0011 D0010000 		.4byte	.LASF18
 881 0015 D7000000 		.4byte	.LASF19
 882 0019 00000000 		.4byte	.Ldebug_line0
 883 001d 02       		.uleb128 0x2
 884 001e 01       		.byte	0x1
 885 001f 06       		.byte	0x6
 886 0020 C4010000 		.4byte	.LASF0
 887 0024 03       		.uleb128 0x3
 888 0025 00000000 		.4byte	.LASF9
 889 0029 01       		.byte	0x1
 890 002a 1D       		.byte	0x1d
 891 002b 2F000000 		.4byte	0x2f
 892 002f 02       		.uleb128 0x2
 893 0030 01       		.byte	0x1
 894 0031 08       		.byte	0x8
 895 0032 16000000 		.4byte	.LASF1
 896 0036 02       		.uleb128 0x2
 897 0037 02       		.byte	0x2
 898 0038 05       		.byte	0x5
 899 0039 B1010000 		.4byte	.LASF2
 900 003d 02       		.uleb128 0x2
 901 003e 02       		.byte	0x2
 902 003f 07       		.byte	0x7
 903 0040 C4000000 		.4byte	.LASF3
 904 0044 02       		.uleb128 0x2
 905 0045 04       		.byte	0x4
 906 0046 05       		.byte	0x5
 907 0047 BB010000 		.4byte	.LASF4
 908 004b 02       		.uleb128 0x2
ARM GAS  C:\Users\swaga\AppData\Local\Temp\ccyRYyDp.s 			page 17


 909 004c 04       		.byte	0x4
 910 004d 07       		.byte	0x7
 911 004e B2000000 		.4byte	.LASF5
 912 0052 02       		.uleb128 0x2
 913 0053 08       		.byte	0x8
 914 0054 05       		.byte	0x5
 915 0055 A3010000 		.4byte	.LASF6
 916 0059 02       		.uleb128 0x2
 917 005a 08       		.byte	0x8
 918 005b 07       		.byte	0x7
 919 005c 58010000 		.4byte	.LASF7
 920 0060 04       		.uleb128 0x4
 921 0061 04       		.byte	0x4
 922 0062 05       		.byte	0x5
 923 0063 696E7400 		.ascii	"int\000"
 924 0067 02       		.uleb128 0x2
 925 0068 04       		.byte	0x4
 926 0069 07       		.byte	0x7
 927 006a 4B010000 		.4byte	.LASF8
 928 006e 03       		.uleb128 0x3
 929 006f 6F010000 		.4byte	.LASF10
 930 0073 02       		.byte	0x2
 931 0074 18       		.byte	0x18
 932 0075 24000000 		.4byte	0x24
 933 0079 05       		.uleb128 0x5
 934 007a 91000000 		.4byte	0x91
 935 007e 8A000000 		.4byte	0x8a
 936 0082 06       		.uleb128 0x6
 937 0083 8A000000 		.4byte	0x8a
 938 0087 1B03     		.2byte	0x31b
 939 0089 00       		.byte	0
 940 008a 02       		.uleb128 0x2
 941 008b 04       		.byte	0x4
 942 008c 07       		.byte	0x7
 943 008d 9A010000 		.4byte	.LASF11
 944 0091 07       		.uleb128 0x7
 945 0092 6E000000 		.4byte	0x6e
 946 0096 08       		.uleb128 0x8
 947 0097 39010000 		.4byte	.LASF12
 948 009b 03       		.byte	0x3
 949 009c 1F       		.byte	0x1f
 950 009d A7000000 		.4byte	0xa7
 951 00a1 05       		.uleb128 0x5
 952 00a2 03       		.byte	0x3
 953 00a3 00000000 		.4byte	cy_meta_configecc
 954 00a7 07       		.uleb128 0x7
 955 00a8 79000000 		.4byte	0x79
 956 00ac 05       		.uleb128 0x5
 957 00ad 91000000 		.4byte	0x91
 958 00b1 BC000000 		.4byte	0xbc
 959 00b5 09       		.uleb128 0x9
 960 00b6 8A000000 		.4byte	0x8a
 961 00ba 03       		.byte	0x3
 962 00bb 00       		.byte	0
 963 00bc 08       		.uleb128 0x8
 964 00bd 29010000 		.4byte	.LASF13
 965 00c1 03       		.byte	0x3
ARM GAS  C:\Users\swaga\AppData\Local\Temp\ccyRYyDp.s 			page 18


 966 00c2 90       		.byte	0x90
 967 00c3 CD000000 		.4byte	0xcd
 968 00c7 05       		.uleb128 0x5
 969 00c8 03       		.byte	0x3
 970 00c9 00000000 		.4byte	cy_meta_custnvl
 971 00cd 07       		.uleb128 0x7
 972 00ce AC000000 		.4byte	0xac
 973 00d2 08       		.uleb128 0x8
 974 00d3 8C010000 		.4byte	.LASF14
 975 00d7 03       		.byte	0x3
 976 00d8 9E       		.byte	0x9e
 977 00d9 E3000000 		.4byte	0xe3
 978 00dd 05       		.uleb128 0x5
 979 00de 03       		.byte	0x3
 980 00df 00000000 		.4byte	cy_meta_wonvl
 981 00e3 07       		.uleb128 0x7
 982 00e4 AC000000 		.4byte	0xac
 983 00e8 05       		.uleb128 0x5
 984 00e9 91000000 		.4byte	0x91
 985 00ed F8000000 		.4byte	0xf8
 986 00f1 09       		.uleb128 0x9
 987 00f2 8A000000 		.4byte	0x8a
 988 00f6 FF       		.byte	0xff
 989 00f7 00       		.byte	0
 990 00f8 08       		.uleb128 0x8
 991 00f9 77010000 		.4byte	.LASF15
 992 00fd 03       		.byte	0x3
 993 00fe AC       		.byte	0xac
 994 00ff 09010000 		.4byte	0x109
 995 0103 05       		.uleb128 0x5
 996 0104 03       		.byte	0x3
 997 0105 00000000 		.4byte	cy_meta_flashprotect
 998 0109 07       		.uleb128 0x7
 999 010a E8000000 		.4byte	0xe8
 1000 010e 05       		.uleb128 0x5
 1001 010f 91000000 		.4byte	0x91
 1002 0113 1E010000 		.4byte	0x11e
 1003 0117 09       		.uleb128 0x9
 1004 0118 8A000000 		.4byte	0x8a
 1005 011c 0B       		.byte	0xb
 1006 011d 00       		.byte	0
 1007 011e 08       		.uleb128 0x8
 1008 011f 0A000000 		.4byte	.LASF16
 1009 0123 03       		.byte	0x3
 1010 0124 D9       		.byte	0xd9
 1011 0125 2F010000 		.4byte	0x12f
 1012 0129 05       		.uleb128 0x5
 1013 012a 03       		.byte	0x3
 1014 012b 00000000 		.4byte	cy_metadata
 1015 012f 07       		.uleb128 0x7
 1016 0130 0E010000 		.4byte	0x10e
 1017 0134 00       		.byte	0
 1018              		.section	.debug_abbrev,"",%progbits
 1019              	.Ldebug_abbrev0:
 1020 0000 01       		.uleb128 0x1
 1021 0001 11       		.uleb128 0x11
 1022 0002 01       		.byte	0x1
ARM GAS  C:\Users\swaga\AppData\Local\Temp\ccyRYyDp.s 			page 19


 1023 0003 25       		.uleb128 0x25
 1024 0004 0E       		.uleb128 0xe
 1025 0005 13       		.uleb128 0x13
 1026 0006 0B       		.uleb128 0xb
 1027 0007 03       		.uleb128 0x3
 1028 0008 0E       		.uleb128 0xe
 1029 0009 1B       		.uleb128 0x1b
 1030 000a 0E       		.uleb128 0xe
 1031 000b 10       		.uleb128 0x10
 1032 000c 17       		.uleb128 0x17
 1033 000d 00       		.byte	0
 1034 000e 00       		.byte	0
 1035 000f 02       		.uleb128 0x2
 1036 0010 24       		.uleb128 0x24
 1037 0011 00       		.byte	0
 1038 0012 0B       		.uleb128 0xb
 1039 0013 0B       		.uleb128 0xb
 1040 0014 3E       		.uleb128 0x3e
 1041 0015 0B       		.uleb128 0xb
 1042 0016 03       		.uleb128 0x3
 1043 0017 0E       		.uleb128 0xe
 1044 0018 00       		.byte	0
 1045 0019 00       		.byte	0
 1046 001a 03       		.uleb128 0x3
 1047 001b 16       		.uleb128 0x16
 1048 001c 00       		.byte	0
 1049 001d 03       		.uleb128 0x3
 1050 001e 0E       		.uleb128 0xe
 1051 001f 3A       		.uleb128 0x3a
 1052 0020 0B       		.uleb128 0xb
 1053 0021 3B       		.uleb128 0x3b
 1054 0022 0B       		.uleb128 0xb
 1055 0023 49       		.uleb128 0x49
 1056 0024 13       		.uleb128 0x13
 1057 0025 00       		.byte	0
 1058 0026 00       		.byte	0
 1059 0027 04       		.uleb128 0x4
 1060 0028 24       		.uleb128 0x24
 1061 0029 00       		.byte	0
 1062 002a 0B       		.uleb128 0xb
 1063 002b 0B       		.uleb128 0xb
 1064 002c 3E       		.uleb128 0x3e
 1065 002d 0B       		.uleb128 0xb
 1066 002e 03       		.uleb128 0x3
 1067 002f 08       		.uleb128 0x8
 1068 0030 00       		.byte	0
 1069 0031 00       		.byte	0
 1070 0032 05       		.uleb128 0x5
 1071 0033 01       		.uleb128 0x1
 1072 0034 01       		.byte	0x1
 1073 0035 49       		.uleb128 0x49
 1074 0036 13       		.uleb128 0x13
 1075 0037 01       		.uleb128 0x1
 1076 0038 13       		.uleb128 0x13
 1077 0039 00       		.byte	0
 1078 003a 00       		.byte	0
 1079 003b 06       		.uleb128 0x6
ARM GAS  C:\Users\swaga\AppData\Local\Temp\ccyRYyDp.s 			page 20


 1080 003c 21       		.uleb128 0x21
 1081 003d 00       		.byte	0
 1082 003e 49       		.uleb128 0x49
 1083 003f 13       		.uleb128 0x13
 1084 0040 2F       		.uleb128 0x2f
 1085 0041 05       		.uleb128 0x5
 1086 0042 00       		.byte	0
 1087 0043 00       		.byte	0
 1088 0044 07       		.uleb128 0x7
 1089 0045 26       		.uleb128 0x26
 1090 0046 00       		.byte	0
 1091 0047 49       		.uleb128 0x49
 1092 0048 13       		.uleb128 0x13
 1093 0049 00       		.byte	0
 1094 004a 00       		.byte	0
 1095 004b 08       		.uleb128 0x8
 1096 004c 34       		.uleb128 0x34
 1097 004d 00       		.byte	0
 1098 004e 03       		.uleb128 0x3
 1099 004f 0E       		.uleb128 0xe
 1100 0050 3A       		.uleb128 0x3a
 1101 0051 0B       		.uleb128 0xb
 1102 0052 3B       		.uleb128 0x3b
 1103 0053 0B       		.uleb128 0xb
 1104 0054 49       		.uleb128 0x49
 1105 0055 13       		.uleb128 0x13
 1106 0056 3F       		.uleb128 0x3f
 1107 0057 19       		.uleb128 0x19
 1108 0058 02       		.uleb128 0x2
 1109 0059 18       		.uleb128 0x18
 1110 005a 00       		.byte	0
 1111 005b 00       		.byte	0
 1112 005c 09       		.uleb128 0x9
 1113 005d 21       		.uleb128 0x21
 1114 005e 00       		.byte	0
 1115 005f 49       		.uleb128 0x49
 1116 0060 13       		.uleb128 0x13
 1117 0061 2F       		.uleb128 0x2f
 1118 0062 0B       		.uleb128 0xb
 1119 0063 00       		.byte	0
 1120 0064 00       		.byte	0
 1121 0065 00       		.byte	0
 1122              		.section	.debug_aranges,"",%progbits
 1123 0000 14000000 		.4byte	0x14
 1124 0004 0200     		.2byte	0x2
 1125 0006 00000000 		.4byte	.Ldebug_info0
 1126 000a 04       		.byte	0x4
 1127 000b 00       		.byte	0
 1128 000c 0000     		.2byte	0
 1129 000e 0000     		.2byte	0
 1130 0010 00000000 		.4byte	0
 1131 0014 00000000 		.4byte	0
 1132              		.section	.debug_line,"",%progbits
 1133              	.Ldebug_line0:
 1134 0000 3D010000 		.section	.debug_str,"MS",%progbits,1
 1134      02003701 
 1134      00000201 
ARM GAS  C:\Users\swaga\AppData\Local\Temp\ccyRYyDp.s 			page 21


 1134      FB0E0D00 
 1134      01010101 
 1135              	.LASF9:
 1136 0000 5F5F7569 		.ascii	"__uint8_t\000"
 1136      6E74385F 
 1136      7400
 1137              	.LASF16:
 1138 000a 63795F6D 		.ascii	"cy_metadata\000"
 1138      65746164 
 1138      61746100 
 1139              	.LASF1:
 1140 0016 756E7369 		.ascii	"unsigned char\000"
 1140      676E6564 
 1140      20636861 
 1140      7200
 1141              	.LASF17:
 1142 0024 474E5520 		.ascii	"GNU C11 5.4.1 20160609 (release) [ARM/embedded-5-br"
 1142      43313120 
 1142      352E342E 
 1142      31203230 
 1142      31363036 
 1143 0057 616E6368 		.ascii	"anch revision 237715] -mcpu=cortex-m3 -mthumb -g -O"
 1143      20726576 
 1143      6973696F 
 1143      6E203233 
 1143      37373135 
 1144 008a 67202D66 		.ascii	"g -ffunction-sections -ffat-lto-objects\000"
 1144      66756E63 
 1144      74696F6E 
 1144      2D736563 
 1144      74696F6E 
 1145              	.LASF5:
 1146 00b2 6C6F6E67 		.ascii	"long unsigned int\000"
 1146      20756E73 
 1146      69676E65 
 1146      6420696E 
 1146      7400
 1147              	.LASF3:
 1148 00c4 73686F72 		.ascii	"short unsigned int\000"
 1148      7420756E 
 1148      7369676E 
 1148      65642069 
 1148      6E7400
 1149              	.LASF19:
 1150 00d7 443A5C68 		.ascii	"D:\\h_da\\Lecturs\\Basic Embedded\\Embedded_basics\\"
 1150      5F64615C 
 1150      4C656374 
 1150      7572735C 
 1150      42617369 
 1151 0106 30375F55 		.ascii	"07_UART_LED_CONTROL_KEYBOARD.cydsn\000"
 1151      4152545F 
 1151      4C45445F 
 1151      434F4E54 
 1151      524F4C5F 
 1152              	.LASF13:
 1153 0129 63795F6D 		.ascii	"cy_meta_custnvl\000"
 1153      6574615F 
ARM GAS  C:\Users\swaga\AppData\Local\Temp\ccyRYyDp.s 			page 22


 1153      63757374 
 1153      6E766C00 
 1154              	.LASF12:
 1155 0139 63795F6D 		.ascii	"cy_meta_configecc\000"
 1155      6574615F 
 1155      636F6E66 
 1155      69676563 
 1155      6300
 1156              	.LASF8:
 1157 014b 756E7369 		.ascii	"unsigned int\000"
 1157      676E6564 
 1157      20696E74 
 1157      00
 1158              	.LASF7:
 1159 0158 6C6F6E67 		.ascii	"long long unsigned int\000"
 1159      206C6F6E 
 1159      6720756E 
 1159      7369676E 
 1159      65642069 
 1160              	.LASF10:
 1161 016f 75696E74 		.ascii	"uint8_t\000"
 1161      385F7400 
 1162              	.LASF15:
 1163 0177 63795F6D 		.ascii	"cy_meta_flashprotect\000"
 1163      6574615F 
 1163      666C6173 
 1163      6870726F 
 1163      74656374 
 1164              	.LASF14:
 1165 018c 63795F6D 		.ascii	"cy_meta_wonvl\000"
 1165      6574615F 
 1165      776F6E76 
 1165      6C00
 1166              	.LASF11:
 1167 019a 73697A65 		.ascii	"sizetype\000"
 1167      74797065 
 1167      00
 1168              	.LASF6:
 1169 01a3 6C6F6E67 		.ascii	"long long int\000"
 1169      206C6F6E 
 1169      6720696E 
 1169      7400
 1170              	.LASF2:
 1171 01b1 73686F72 		.ascii	"short int\000"
 1171      7420696E 
 1171      7400
 1172              	.LASF4:
 1173 01bb 6C6F6E67 		.ascii	"long int\000"
 1173      20696E74 
 1173      00
 1174              	.LASF0:
 1175 01c4 7369676E 		.ascii	"signed char\000"
 1175      65642063 
 1175      68617200 
 1176              	.LASF18:
 1177 01d0 47656E65 		.ascii	"Generated_Source\\PSoC5\\cymetadata.c\000"
 1177      72617465 
ARM GAS  C:\Users\swaga\AppData\Local\Temp\ccyRYyDp.s 			page 23


 1177      645F536F 
 1177      75726365 
 1177      5C50536F 
 1178              		.ident	"GCC: (GNU Tools for ARM Embedded Processors) 5.4.1 20160609 (release) [ARM/embedded-5-bran
