ARM GAS  C:\Users\swaga\AppData\Local\Temp\cc8Grb8t.s 			page 1


   1              		.syntax unified
   2              		.cpu cortex-m3
   3              		.fpu softvfp
   4              		.eabi_attribute 20, 1
   5              		.eabi_attribute 21, 1
   6              		.eabi_attribute 23, 3
   7              		.eabi_attribute 24, 1
   8              		.eabi_attribute 25, 1
   9              		.eabi_attribute 26, 1
  10              		.eabi_attribute 30, 1
  11              		.eabi_attribute 34, 1
  12              		.eabi_attribute 18, 4
  13              		.thumb
  14              		.syntax unified
  15              		.file	"main.c"
  16              		.text
  17              	.Ltext0:
  18              		.cfi_sections	.debug_frame
  19              		.section	.text.isr_Handler,"ax",%progbits
  20              		.align	2
  21              		.global	isr_Handler
  22              		.thumb
  23              		.thumb_func
  24              		.type	isr_Handler, %function
  25              	isr_Handler:
  26              	.LFB64:
  27              		.file 1 "main.c"
   1:main.c        **** 
   2:main.c        **** #include "project.h"
   3:main.c        **** CY_ISR_PROTO(isr_Handler);
   4:main.c        **** char buffer;
   5:main.c        **** //uint8 button_state;
   6:main.c        **** int main(void)
   7:main.c        **** {
   8:main.c        ****     CyGlobalIntEnable; /* Enable global interrupts. */
   9:main.c        **** 
  10:main.c        ****    
  11:main.c        ****       //  uint8 led_state;
  12:main.c        ****     UART_Start();
  13:main.c        ****     isr_StartEx(isr_Handler);
  14:main.c        ****     //UART_EnableRxInt();
  15:main.c        ****     //UART_SetRxInterruptMode(UART_RX_STS_FIFO_NOTEMPTY);
  16:main.c        ****     for(;;)
  17:main.c        ****     {   
  18:main.c        ****         
  19:main.c        ****         /*button_state= button_Read();
  20:main.c        ****         if (UART_GetChar()=='0'){
  21:main.c        ****              led_red_Write(1);
  22:main.c        ****              led_green_Write(0);
  23:main.c        ****              led_blue_Write(0);
  24:main.c        ****              UART_PutString("LED RED ON!!!\n");
  25:main.c        ****              }
  26:main.c        ****         
  27:main.c        ****         else if(UART_GetChar()=='1')
  28:main.c        ****            {
  29:main.c        ****              led_red_Write(0);
  30:main.c        ****              led_green_Write(1);
ARM GAS  C:\Users\swaga\AppData\Local\Temp\cc8Grb8t.s 			page 2


  31:main.c        ****              led_blue_Write(0);
  32:main.c        ****              UART_PutString("LED GREEN ON!!!\n");
  33:main.c        ****             }
  34:main.c        ****         else if(UART_GetChar()=='2')
  35:main.c        ****            {
  36:main.c        ****              led_red_Write(0);
  37:main.c        ****              led_green_Write(0);
  38:main.c        ****              led_blue_Write(1);
  39:main.c        ****              UART_PutString("LED BLUE ON!!!\n");*/
  40:main.c        ****             }
  41:main.c        ****         }
  42:main.c        ****        // CyDelay(1000);
  43:main.c        ****     
  44:main.c        ****     
  45:main.c        **** 
  46:main.c        ****     CY_ISR(isr_Handler) {  
  28              		.loc 1 46 0
  29              		.cfi_startproc
  30              		@ args = 0, pretend = 0, frame = 0
  31              		@ frame_needed = 0, uses_anonymous_args = 0
  32 0000 08B5     		push	{r3, lr}
  33              		.cfi_def_cfa_offset 8
  34              		.cfi_offset 3, -8
  35              		.cfi_offset 14, -4
  47:main.c        ****         buffer = UART_GetChar();
  36              		.loc 1 47 0
  37 0002 FFF7FEFF 		bl	UART_GetChar
  38              	.LVL0:
  39 0006 174B     		ldr	r3, .L6
  40 0008 1870     		strb	r0, [r3]
  48:main.c        ****         //rx_interrupt_ClearInterrupt();
  49:main.c        ****         if (buffer=='0'){
  41              		.loc 1 49 0
  42 000a 3028     		cmp	r0, #48
  43 000c 0CD1     		bne	.L2
  50:main.c        ****              led_red_Write(1);
  44              		.loc 1 50 0
  45 000e 0120     		movs	r0, #1
  46 0010 FFF7FEFF 		bl	led_red_Write
  47              	.LVL1:
  51:main.c        ****              led_green_Write(0);
  48              		.loc 1 51 0
  49 0014 0020     		movs	r0, #0
  50 0016 FFF7FEFF 		bl	led_green_Write
  51              	.LVL2:
  52:main.c        ****              led_blue_Write(0);
  52              		.loc 1 52 0
  53 001a 0020     		movs	r0, #0
  54 001c FFF7FEFF 		bl	led_blue_Write
  55              	.LVL3:
  53:main.c        ****              UART_PutString("LED RED ON!!!\n");
  56              		.loc 1 53 0
  57 0020 1148     		ldr	r0, .L6+4
  58 0022 FFF7FEFF 		bl	UART_PutString
  59              	.LVL4:
  60 0026 08BD     		pop	{r3, pc}
  61              	.L2:
ARM GAS  C:\Users\swaga\AppData\Local\Temp\cc8Grb8t.s 			page 3


  54:main.c        ****              }
  55:main.c        ****         
  56:main.c        ****         else if(buffer=='1')
  62              		.loc 1 56 0
  63 0028 3128     		cmp	r0, #49
  64 002a 0CD1     		bne	.L4
  57:main.c        ****            {
  58:main.c        ****              led_red_Write(0);
  65              		.loc 1 58 0
  66 002c 0020     		movs	r0, #0
  67 002e FFF7FEFF 		bl	led_red_Write
  68              	.LVL5:
  59:main.c        ****              led_green_Write(1);
  69              		.loc 1 59 0
  70 0032 0120     		movs	r0, #1
  71 0034 FFF7FEFF 		bl	led_green_Write
  72              	.LVL6:
  60:main.c        ****              led_blue_Write(0);
  73              		.loc 1 60 0
  74 0038 0020     		movs	r0, #0
  75 003a FFF7FEFF 		bl	led_blue_Write
  76              	.LVL7:
  61:main.c        ****              UART_PutString("LED GREEN ON!!!\n");
  77              		.loc 1 61 0
  78 003e 0B48     		ldr	r0, .L6+8
  79 0040 FFF7FEFF 		bl	UART_PutString
  80              	.LVL8:
  81 0044 08BD     		pop	{r3, pc}
  82              	.L4:
  62:main.c        ****             }
  63:main.c        ****         else if(buffer=='2')
  83              		.loc 1 63 0
  84 0046 3228     		cmp	r0, #50
  85 0048 0BD1     		bne	.L1
  64:main.c        ****            {
  65:main.c        ****              led_red_Write(0);
  86              		.loc 1 65 0
  87 004a 0020     		movs	r0, #0
  88 004c FFF7FEFF 		bl	led_red_Write
  89              	.LVL9:
  66:main.c        ****              led_green_Write(0);
  90              		.loc 1 66 0
  91 0050 0020     		movs	r0, #0
  92 0052 FFF7FEFF 		bl	led_green_Write
  93              	.LVL10:
  67:main.c        ****              led_blue_Write(1);
  94              		.loc 1 67 0
  95 0056 0120     		movs	r0, #1
  96 0058 FFF7FEFF 		bl	led_blue_Write
  97              	.LVL11:
  68:main.c        ****              UART_PutString("LED BLUE ON!!!\n");
  98              		.loc 1 68 0
  99 005c 0448     		ldr	r0, .L6+12
 100 005e FFF7FEFF 		bl	UART_PutString
 101              	.LVL12:
 102              	.L1:
 103 0062 08BD     		pop	{r3, pc}
ARM GAS  C:\Users\swaga\AppData\Local\Temp\cc8Grb8t.s 			page 4


 104              	.L7:
 105              		.align	2
 106              	.L6:
 107 0064 00000000 		.word	buffer
 108 0068 00000000 		.word	.LC0
 109 006c 10000000 		.word	.LC1
 110 0070 24000000 		.word	.LC2
 111              		.cfi_endproc
 112              	.LFE64:
 113              		.size	isr_Handler, .-isr_Handler
 114              		.section	.text.main,"ax",%progbits
 115              		.align	2
 116              		.global	main
 117              		.thumb
 118              		.thumb_func
 119              		.type	main, %function
 120              	main:
 121              	.LFB63:
   7:main.c        ****     CyGlobalIntEnable; /* Enable global interrupts. */
 122              		.loc 1 7 0
 123              		.cfi_startproc
 124              		@ Volatile: function does not return.
 125              		@ args = 0, pretend = 0, frame = 0
 126              		@ frame_needed = 0, uses_anonymous_args = 0
 127 0000 08B5     		push	{r3, lr}
 128              		.cfi_def_cfa_offset 8
 129              		.cfi_offset 3, -8
 130              		.cfi_offset 14, -4
   8:main.c        **** 
 131              		.loc 1 8 0
 132              		.syntax unified
 133              	@ 8 "main.c" 1
 134 0002 62B6     		CPSIE   i
 135              	@ 0 "" 2
  12:main.c        ****     isr_StartEx(isr_Handler);
 136              		.loc 1 12 0
 137              		.thumb
 138              		.syntax unified
 139 0004 FFF7FEFF 		bl	UART_Start
 140              	.LVL13:
  13:main.c        ****     //UART_EnableRxInt();
 141              		.loc 1 13 0
 142 0008 0148     		ldr	r0, .L11
 143 000a FFF7FEFF 		bl	isr_StartEx
 144              	.LVL14:
 145              	.L9:
 146 000e FEE7     		b	.L9
 147              	.L12:
 148              		.align	2
 149              	.L11:
 150 0010 00000000 		.word	isr_Handler
 151              		.cfi_endproc
 152              	.LFE63:
 153              		.size	main, .-main
 154              		.comm	buffer,1,1
 155              		.section	.rodata.str1.4,"aMS",%progbits,1
 156              		.align	2
ARM GAS  C:\Users\swaga\AppData\Local\Temp\cc8Grb8t.s 			page 5


 157              	.LC0:
 158 0000 4C454420 		.ascii	"LED RED ON!!!\012\000"
 158      52454420 
 158      4F4E2121 
 158      210A00
 159 000f 00       		.space	1
 160              	.LC1:
 161 0010 4C454420 		.ascii	"LED GREEN ON!!!\012\000"
 161      47524545 
 161      4E204F4E 
 161      2121210A 
 161      00
 162 0021 000000   		.space	3
 163              	.LC2:
 164 0024 4C454420 		.ascii	"LED BLUE ON!!!\012\000"
 164      424C5545 
 164      204F4E21 
 164      21210A00 
 165              		.text
 166              	.Letext0:
 167              		.file 2 "c:\\program files (x86)\\cypress\\psoc creator\\4.2\\psoc creator\\import\\gnu\\arm\\5.4.
 168              		.file 3 "c:\\program files (x86)\\cypress\\psoc creator\\4.2\\psoc creator\\import\\gnu\\arm\\5.4.
 169              		.file 4 "Generated_Source\\PSoC5/core_cm3.h"
 170              		.file 5 "Generated_Source\\PSoC5/UART.h"
 171              		.file 6 "Generated_Source\\PSoC5/led_red.h"
 172              		.file 7 "Generated_Source\\PSoC5/led_green.h"
 173              		.file 8 "Generated_Source\\PSoC5/led_blue.h"
 174              		.file 9 "Generated_Source\\PSoC5/isr.h"
 175              		.section	.debug_info,"",%progbits
 176              	.Ldebug_info0:
 177 0000 51020000 		.4byte	0x251
 178 0004 0400     		.2byte	0x4
 179 0006 00000000 		.4byte	.Ldebug_abbrev0
 180 000a 04       		.byte	0x4
 181 000b 01       		.uleb128 0x1
 182 000c 4B000000 		.4byte	.LASF25
 183 0010 0C       		.byte	0xc
 184 0011 C3010000 		.4byte	.LASF26
 185 0015 1D010000 		.4byte	.LASF27
 186 0019 00000000 		.4byte	.Ldebug_ranges0+0
 187 001d 00000000 		.4byte	0
 188 0021 00000000 		.4byte	.Ldebug_line0
 189 0025 02       		.uleb128 0x2
 190 0026 01       		.byte	0x1
 191 0027 06       		.byte	0x6
 192 0028 0E020000 		.4byte	.LASF0
 193 002c 02       		.uleb128 0x2
 194 002d 01       		.byte	0x1
 195 002e 08       		.byte	0x8
 196 002f 3D000000 		.4byte	.LASF1
 197 0033 02       		.uleb128 0x2
 198 0034 02       		.byte	0x2
 199 0035 05       		.byte	0x5
 200 0036 DC010000 		.4byte	.LASF2
 201 003a 02       		.uleb128 0x2
 202 003b 02       		.byte	0x2
 203 003c 07       		.byte	0x7
ARM GAS  C:\Users\swaga\AppData\Local\Temp\cc8Grb8t.s 			page 6


 204 003d EB000000 		.4byte	.LASF3
 205 0041 03       		.uleb128 0x3
 206 0042 10000000 		.4byte	.LASF9
 207 0046 02       		.byte	0x2
 208 0047 3F       		.byte	0x3f
 209 0048 4C000000 		.4byte	0x4c
 210 004c 02       		.uleb128 0x2
 211 004d 04       		.byte	0x4
 212 004e 05       		.byte	0x5
 213 004f ED010000 		.4byte	.LASF4
 214 0053 02       		.uleb128 0x2
 215 0054 04       		.byte	0x4
 216 0055 07       		.byte	0x7
 217 0056 D9000000 		.4byte	.LASF5
 218 005a 02       		.uleb128 0x2
 219 005b 08       		.byte	0x8
 220 005c 05       		.byte	0x5
 221 005d B5010000 		.4byte	.LASF6
 222 0061 02       		.uleb128 0x2
 223 0062 08       		.byte	0x8
 224 0063 07       		.byte	0x7
 225 0064 8D010000 		.4byte	.LASF7
 226 0068 04       		.uleb128 0x4
 227 0069 04       		.byte	0x4
 228 006a 05       		.byte	0x5
 229 006b 696E7400 		.ascii	"int\000"
 230 006f 02       		.uleb128 0x2
 231 0070 04       		.byte	0x4
 232 0071 07       		.byte	0x7
 233 0072 80010000 		.4byte	.LASF8
 234 0076 03       		.uleb128 0x3
 235 0077 A4010000 		.4byte	.LASF10
 236 007b 03       		.byte	0x3
 237 007c 2C       		.byte	0x2c
 238 007d 41000000 		.4byte	0x41
 239 0081 02       		.uleb128 0x2
 240 0082 04       		.byte	0x4
 241 0083 04       		.byte	0x4
 242 0084 37000000 		.4byte	.LASF11
 243 0088 02       		.uleb128 0x2
 244 0089 08       		.byte	0x8
 245 008a 04       		.byte	0x4
 246 008b 16010000 		.4byte	.LASF12
 247 008f 02       		.uleb128 0x2
 248 0090 01       		.byte	0x1
 249 0091 08       		.byte	0x8
 250 0092 CA010000 		.4byte	.LASF13
 251 0096 02       		.uleb128 0x2
 252 0097 08       		.byte	0x8
 253 0098 04       		.byte	0x4
 254 0099 02020000 		.4byte	.LASF14
 255 009d 02       		.uleb128 0x2
 256 009e 04       		.byte	0x4
 257 009f 07       		.byte	0x7
 258 00a0 AC010000 		.4byte	.LASF15
 259 00a4 05       		.uleb128 0x5
 260 00a5 F6010000 		.4byte	.LASF28
ARM GAS  C:\Users\swaga\AppData\Local\Temp\cc8Grb8t.s 			page 7


 261 00a9 01       		.byte	0x1
 262 00aa 2E       		.byte	0x2e
 263 00ab 00000000 		.4byte	.LFB64
 264 00af 74000000 		.4byte	.LFE64-.LFB64
 265 00b3 01       		.uleb128 0x1
 266 00b4 9C       		.byte	0x9c
 267 00b5 AF010000 		.4byte	0x1af
 268 00b9 06       		.uleb128 0x6
 269 00ba 06000000 		.4byte	.LVL0
 270 00be 07020000 		.4byte	0x207
 271 00c2 07       		.uleb128 0x7
 272 00c3 14000000 		.4byte	.LVL1
 273 00c7 12020000 		.4byte	0x212
 274 00cb D5000000 		.4byte	0xd5
 275 00cf 08       		.uleb128 0x8
 276 00d0 01       		.uleb128 0x1
 277 00d1 50       		.byte	0x50
 278 00d2 01       		.uleb128 0x1
 279 00d3 31       		.byte	0x31
 280 00d4 00       		.byte	0
 281 00d5 07       		.uleb128 0x7
 282 00d6 1A000000 		.4byte	.LVL2
 283 00da 1D020000 		.4byte	0x21d
 284 00de E8000000 		.4byte	0xe8
 285 00e2 08       		.uleb128 0x8
 286 00e3 01       		.uleb128 0x1
 287 00e4 50       		.byte	0x50
 288 00e5 01       		.uleb128 0x1
 289 00e6 30       		.byte	0x30
 290 00e7 00       		.byte	0
 291 00e8 07       		.uleb128 0x7
 292 00e9 20000000 		.4byte	.LVL3
 293 00ed 28020000 		.4byte	0x228
 294 00f1 FB000000 		.4byte	0xfb
 295 00f5 08       		.uleb128 0x8
 296 00f6 01       		.uleb128 0x1
 297 00f7 50       		.byte	0x50
 298 00f8 01       		.uleb128 0x1
 299 00f9 30       		.byte	0x30
 300 00fa 00       		.byte	0
 301 00fb 07       		.uleb128 0x7
 302 00fc 26000000 		.4byte	.LVL4
 303 0100 33020000 		.4byte	0x233
 304 0104 12010000 		.4byte	0x112
 305 0108 08       		.uleb128 0x8
 306 0109 01       		.uleb128 0x1
 307 010a 50       		.byte	0x50
 308 010b 05       		.uleb128 0x5
 309 010c 03       		.byte	0x3
 310 010d 00000000 		.4byte	.LC0
 311 0111 00       		.byte	0
 312 0112 07       		.uleb128 0x7
 313 0113 32000000 		.4byte	.LVL5
 314 0117 12020000 		.4byte	0x212
 315 011b 25010000 		.4byte	0x125
 316 011f 08       		.uleb128 0x8
 317 0120 01       		.uleb128 0x1
ARM GAS  C:\Users\swaga\AppData\Local\Temp\cc8Grb8t.s 			page 8


 318 0121 50       		.byte	0x50
 319 0122 01       		.uleb128 0x1
 320 0123 30       		.byte	0x30
 321 0124 00       		.byte	0
 322 0125 07       		.uleb128 0x7
 323 0126 38000000 		.4byte	.LVL6
 324 012a 1D020000 		.4byte	0x21d
 325 012e 38010000 		.4byte	0x138
 326 0132 08       		.uleb128 0x8
 327 0133 01       		.uleb128 0x1
 328 0134 50       		.byte	0x50
 329 0135 01       		.uleb128 0x1
 330 0136 31       		.byte	0x31
 331 0137 00       		.byte	0
 332 0138 07       		.uleb128 0x7
 333 0139 3E000000 		.4byte	.LVL7
 334 013d 28020000 		.4byte	0x228
 335 0141 4B010000 		.4byte	0x14b
 336 0145 08       		.uleb128 0x8
 337 0146 01       		.uleb128 0x1
 338 0147 50       		.byte	0x50
 339 0148 01       		.uleb128 0x1
 340 0149 30       		.byte	0x30
 341 014a 00       		.byte	0
 342 014b 07       		.uleb128 0x7
 343 014c 44000000 		.4byte	.LVL8
 344 0150 33020000 		.4byte	0x233
 345 0154 62010000 		.4byte	0x162
 346 0158 08       		.uleb128 0x8
 347 0159 01       		.uleb128 0x1
 348 015a 50       		.byte	0x50
 349 015b 05       		.uleb128 0x5
 350 015c 03       		.byte	0x3
 351 015d 10000000 		.4byte	.LC1
 352 0161 00       		.byte	0
 353 0162 07       		.uleb128 0x7
 354 0163 50000000 		.4byte	.LVL9
 355 0167 12020000 		.4byte	0x212
 356 016b 75010000 		.4byte	0x175
 357 016f 08       		.uleb128 0x8
 358 0170 01       		.uleb128 0x1
 359 0171 50       		.byte	0x50
 360 0172 01       		.uleb128 0x1
 361 0173 30       		.byte	0x30
 362 0174 00       		.byte	0
 363 0175 07       		.uleb128 0x7
 364 0176 56000000 		.4byte	.LVL10
 365 017a 1D020000 		.4byte	0x21d
 366 017e 88010000 		.4byte	0x188
 367 0182 08       		.uleb128 0x8
 368 0183 01       		.uleb128 0x1
 369 0184 50       		.byte	0x50
 370 0185 01       		.uleb128 0x1
 371 0186 30       		.byte	0x30
 372 0187 00       		.byte	0
 373 0188 07       		.uleb128 0x7
 374 0189 5C000000 		.4byte	.LVL11
ARM GAS  C:\Users\swaga\AppData\Local\Temp\cc8Grb8t.s 			page 9


 375 018d 28020000 		.4byte	0x228
 376 0191 9B010000 		.4byte	0x19b
 377 0195 08       		.uleb128 0x8
 378 0196 01       		.uleb128 0x1
 379 0197 50       		.byte	0x50
 380 0198 01       		.uleb128 0x1
 381 0199 31       		.byte	0x31
 382 019a 00       		.byte	0
 383 019b 09       		.uleb128 0x9
 384 019c 62000000 		.4byte	.LVL12
 385 01a0 33020000 		.4byte	0x233
 386 01a4 08       		.uleb128 0x8
 387 01a5 01       		.uleb128 0x1
 388 01a6 50       		.byte	0x50
 389 01a7 05       		.uleb128 0x5
 390 01a8 03       		.byte	0x3
 391 01a9 24000000 		.4byte	.LC2
 392 01ad 00       		.byte	0
 393 01ae 00       		.byte	0
 394 01af 0A       		.uleb128 0xa
 395 01b0 6F010000 		.4byte	.LASF29
 396 01b4 01       		.byte	0x1
 397 01b5 06       		.byte	0x6
 398 01b6 68000000 		.4byte	0x68
 399 01ba 00000000 		.4byte	.LFB63
 400 01be 14000000 		.4byte	.LFE63-.LFB63
 401 01c2 01       		.uleb128 0x1
 402 01c3 9C       		.byte	0x9c
 403 01c4 E5010000 		.4byte	0x1e5
 404 01c8 06       		.uleb128 0x6
 405 01c9 08000000 		.4byte	.LVL13
 406 01cd 3E020000 		.4byte	0x23e
 407 01d1 09       		.uleb128 0x9
 408 01d2 0E000000 		.4byte	.LVL14
 409 01d6 49020000 		.4byte	0x249
 410 01da 08       		.uleb128 0x8
 411 01db 01       		.uleb128 0x1
 412 01dc 50       		.byte	0x50
 413 01dd 05       		.uleb128 0x5
 414 01de 03       		.byte	0x3
 415 01df 00000000 		.4byte	isr_Handler
 416 01e3 00       		.byte	0
 417 01e4 00       		.byte	0
 418 01e5 0B       		.uleb128 0xb
 419 01e6 09010000 		.4byte	.LASF16
 420 01ea 04       		.byte	0x4
 421 01eb 1207     		.2byte	0x712
 422 01ed F1010000 		.4byte	0x1f1
 423 01f1 0C       		.uleb128 0xc
 424 01f2 76000000 		.4byte	0x76
 425 01f6 0D       		.uleb128 0xd
 426 01f7 E6010000 		.4byte	.LASF17
 427 01fb 01       		.byte	0x1
 428 01fc 04       		.byte	0x4
 429 01fd 8F000000 		.4byte	0x8f
 430 0201 05       		.uleb128 0x5
 431 0202 03       		.byte	0x3
ARM GAS  C:\Users\swaga\AppData\Local\Temp\cc8Grb8t.s 			page 10


 432 0203 00000000 		.4byte	buffer
 433 0207 0E       		.uleb128 0xe
 434 0208 CF010000 		.4byte	.LASF18
 435 020c CF010000 		.4byte	.LASF18
 436 0210 05       		.byte	0x5
 437 0211 71       		.byte	0x71
 438 0212 0E       		.uleb128 0xe
 439 0213 29000000 		.4byte	.LASF19
 440 0217 29000000 		.4byte	.LASF19
 441 021b 06       		.byte	0x6
 442 021c 26       		.byte	0x26
 443 021d 0E       		.uleb128 0xe
 444 021e 00000000 		.4byte	.LASF20
 445 0222 00000000 		.4byte	.LASF20
 446 0226 07       		.byte	0x7
 447 0227 26       		.byte	0x26
 448 0228 0E       		.uleb128 0xe
 449 0229 1A000000 		.4byte	.LASF21
 450 022d 1A000000 		.4byte	.LASF21
 451 0231 08       		.byte	0x8
 452 0232 26       		.byte	0x26
 453 0233 0E       		.uleb128 0xe
 454 0234 1A020000 		.4byte	.LASF22
 455 0238 1A020000 		.4byte	.LASF22
 456 023c 05       		.byte	0x5
 457 023d 8B       		.byte	0x8b
 458 023e 0E       		.uleb128 0xe
 459 023f FE000000 		.4byte	.LASF23
 460 0243 FE000000 		.4byte	.LASF23
 461 0247 05       		.byte	0x5
 462 0248 54       		.byte	0x54
 463 0249 0E       		.uleb128 0xe
 464 024a 74010000 		.4byte	.LASF24
 465 024e 74010000 		.4byte	.LASF24
 466 0252 09       		.byte	0x9
 467 0253 18       		.byte	0x18
 468 0254 00       		.byte	0
 469              		.section	.debug_abbrev,"",%progbits
 470              	.Ldebug_abbrev0:
 471 0000 01       		.uleb128 0x1
 472 0001 11       		.uleb128 0x11
 473 0002 01       		.byte	0x1
 474 0003 25       		.uleb128 0x25
 475 0004 0E       		.uleb128 0xe
 476 0005 13       		.uleb128 0x13
 477 0006 0B       		.uleb128 0xb
 478 0007 03       		.uleb128 0x3
 479 0008 0E       		.uleb128 0xe
 480 0009 1B       		.uleb128 0x1b
 481 000a 0E       		.uleb128 0xe
 482 000b 55       		.uleb128 0x55
 483 000c 17       		.uleb128 0x17
 484 000d 11       		.uleb128 0x11
 485 000e 01       		.uleb128 0x1
 486 000f 10       		.uleb128 0x10
 487 0010 17       		.uleb128 0x17
 488 0011 00       		.byte	0
ARM GAS  C:\Users\swaga\AppData\Local\Temp\cc8Grb8t.s 			page 11


 489 0012 00       		.byte	0
 490 0013 02       		.uleb128 0x2
 491 0014 24       		.uleb128 0x24
 492 0015 00       		.byte	0
 493 0016 0B       		.uleb128 0xb
 494 0017 0B       		.uleb128 0xb
 495 0018 3E       		.uleb128 0x3e
 496 0019 0B       		.uleb128 0xb
 497 001a 03       		.uleb128 0x3
 498 001b 0E       		.uleb128 0xe
 499 001c 00       		.byte	0
 500 001d 00       		.byte	0
 501 001e 03       		.uleb128 0x3
 502 001f 16       		.uleb128 0x16
 503 0020 00       		.byte	0
 504 0021 03       		.uleb128 0x3
 505 0022 0E       		.uleb128 0xe
 506 0023 3A       		.uleb128 0x3a
 507 0024 0B       		.uleb128 0xb
 508 0025 3B       		.uleb128 0x3b
 509 0026 0B       		.uleb128 0xb
 510 0027 49       		.uleb128 0x49
 511 0028 13       		.uleb128 0x13
 512 0029 00       		.byte	0
 513 002a 00       		.byte	0
 514 002b 04       		.uleb128 0x4
 515 002c 24       		.uleb128 0x24
 516 002d 00       		.byte	0
 517 002e 0B       		.uleb128 0xb
 518 002f 0B       		.uleb128 0xb
 519 0030 3E       		.uleb128 0x3e
 520 0031 0B       		.uleb128 0xb
 521 0032 03       		.uleb128 0x3
 522 0033 08       		.uleb128 0x8
 523 0034 00       		.byte	0
 524 0035 00       		.byte	0
 525 0036 05       		.uleb128 0x5
 526 0037 2E       		.uleb128 0x2e
 527 0038 01       		.byte	0x1
 528 0039 3F       		.uleb128 0x3f
 529 003a 19       		.uleb128 0x19
 530 003b 03       		.uleb128 0x3
 531 003c 0E       		.uleb128 0xe
 532 003d 3A       		.uleb128 0x3a
 533 003e 0B       		.uleb128 0xb
 534 003f 3B       		.uleb128 0x3b
 535 0040 0B       		.uleb128 0xb
 536 0041 27       		.uleb128 0x27
 537 0042 19       		.uleb128 0x19
 538 0043 11       		.uleb128 0x11
 539 0044 01       		.uleb128 0x1
 540 0045 12       		.uleb128 0x12
 541 0046 06       		.uleb128 0x6
 542 0047 40       		.uleb128 0x40
 543 0048 18       		.uleb128 0x18
 544 0049 9742     		.uleb128 0x2117
 545 004b 19       		.uleb128 0x19
ARM GAS  C:\Users\swaga\AppData\Local\Temp\cc8Grb8t.s 			page 12


 546 004c 01       		.uleb128 0x1
 547 004d 13       		.uleb128 0x13
 548 004e 00       		.byte	0
 549 004f 00       		.byte	0
 550 0050 06       		.uleb128 0x6
 551 0051 898201   		.uleb128 0x4109
 552 0054 00       		.byte	0
 553 0055 11       		.uleb128 0x11
 554 0056 01       		.uleb128 0x1
 555 0057 31       		.uleb128 0x31
 556 0058 13       		.uleb128 0x13
 557 0059 00       		.byte	0
 558 005a 00       		.byte	0
 559 005b 07       		.uleb128 0x7
 560 005c 898201   		.uleb128 0x4109
 561 005f 01       		.byte	0x1
 562 0060 11       		.uleb128 0x11
 563 0061 01       		.uleb128 0x1
 564 0062 31       		.uleb128 0x31
 565 0063 13       		.uleb128 0x13
 566 0064 01       		.uleb128 0x1
 567 0065 13       		.uleb128 0x13
 568 0066 00       		.byte	0
 569 0067 00       		.byte	0
 570 0068 08       		.uleb128 0x8
 571 0069 8A8201   		.uleb128 0x410a
 572 006c 00       		.byte	0
 573 006d 02       		.uleb128 0x2
 574 006e 18       		.uleb128 0x18
 575 006f 9142     		.uleb128 0x2111
 576 0071 18       		.uleb128 0x18
 577 0072 00       		.byte	0
 578 0073 00       		.byte	0
 579 0074 09       		.uleb128 0x9
 580 0075 898201   		.uleb128 0x4109
 581 0078 01       		.byte	0x1
 582 0079 11       		.uleb128 0x11
 583 007a 01       		.uleb128 0x1
 584 007b 31       		.uleb128 0x31
 585 007c 13       		.uleb128 0x13
 586 007d 00       		.byte	0
 587 007e 00       		.byte	0
 588 007f 0A       		.uleb128 0xa
 589 0080 2E       		.uleb128 0x2e
 590 0081 01       		.byte	0x1
 591 0082 3F       		.uleb128 0x3f
 592 0083 19       		.uleb128 0x19
 593 0084 03       		.uleb128 0x3
 594 0085 0E       		.uleb128 0xe
 595 0086 3A       		.uleb128 0x3a
 596 0087 0B       		.uleb128 0xb
 597 0088 3B       		.uleb128 0x3b
 598 0089 0B       		.uleb128 0xb
 599 008a 27       		.uleb128 0x27
 600 008b 19       		.uleb128 0x19
 601 008c 49       		.uleb128 0x49
 602 008d 13       		.uleb128 0x13
ARM GAS  C:\Users\swaga\AppData\Local\Temp\cc8Grb8t.s 			page 13


 603 008e 8701     		.uleb128 0x87
 604 0090 19       		.uleb128 0x19
 605 0091 11       		.uleb128 0x11
 606 0092 01       		.uleb128 0x1
 607 0093 12       		.uleb128 0x12
 608 0094 06       		.uleb128 0x6
 609 0095 40       		.uleb128 0x40
 610 0096 18       		.uleb128 0x18
 611 0097 9742     		.uleb128 0x2117
 612 0099 19       		.uleb128 0x19
 613 009a 01       		.uleb128 0x1
 614 009b 13       		.uleb128 0x13
 615 009c 00       		.byte	0
 616 009d 00       		.byte	0
 617 009e 0B       		.uleb128 0xb
 618 009f 34       		.uleb128 0x34
 619 00a0 00       		.byte	0
 620 00a1 03       		.uleb128 0x3
 621 00a2 0E       		.uleb128 0xe
 622 00a3 3A       		.uleb128 0x3a
 623 00a4 0B       		.uleb128 0xb
 624 00a5 3B       		.uleb128 0x3b
 625 00a6 05       		.uleb128 0x5
 626 00a7 49       		.uleb128 0x49
 627 00a8 13       		.uleb128 0x13
 628 00a9 3F       		.uleb128 0x3f
 629 00aa 19       		.uleb128 0x19
 630 00ab 3C       		.uleb128 0x3c
 631 00ac 19       		.uleb128 0x19
 632 00ad 00       		.byte	0
 633 00ae 00       		.byte	0
 634 00af 0C       		.uleb128 0xc
 635 00b0 35       		.uleb128 0x35
 636 00b1 00       		.byte	0
 637 00b2 49       		.uleb128 0x49
 638 00b3 13       		.uleb128 0x13
 639 00b4 00       		.byte	0
 640 00b5 00       		.byte	0
 641 00b6 0D       		.uleb128 0xd
 642 00b7 34       		.uleb128 0x34
 643 00b8 00       		.byte	0
 644 00b9 03       		.uleb128 0x3
 645 00ba 0E       		.uleb128 0xe
 646 00bb 3A       		.uleb128 0x3a
 647 00bc 0B       		.uleb128 0xb
 648 00bd 3B       		.uleb128 0x3b
 649 00be 0B       		.uleb128 0xb
 650 00bf 49       		.uleb128 0x49
 651 00c0 13       		.uleb128 0x13
 652 00c1 3F       		.uleb128 0x3f
 653 00c2 19       		.uleb128 0x19
 654 00c3 02       		.uleb128 0x2
 655 00c4 18       		.uleb128 0x18
 656 00c5 00       		.byte	0
 657 00c6 00       		.byte	0
 658 00c7 0E       		.uleb128 0xe
 659 00c8 2E       		.uleb128 0x2e
ARM GAS  C:\Users\swaga\AppData\Local\Temp\cc8Grb8t.s 			page 14


 660 00c9 00       		.byte	0
 661 00ca 3F       		.uleb128 0x3f
 662 00cb 19       		.uleb128 0x19
 663 00cc 3C       		.uleb128 0x3c
 664 00cd 19       		.uleb128 0x19
 665 00ce 6E       		.uleb128 0x6e
 666 00cf 0E       		.uleb128 0xe
 667 00d0 03       		.uleb128 0x3
 668 00d1 0E       		.uleb128 0xe
 669 00d2 3A       		.uleb128 0x3a
 670 00d3 0B       		.uleb128 0xb
 671 00d4 3B       		.uleb128 0x3b
 672 00d5 0B       		.uleb128 0xb
 673 00d6 00       		.byte	0
 674 00d7 00       		.byte	0
 675 00d8 00       		.byte	0
 676              		.section	.debug_aranges,"",%progbits
 677 0000 24000000 		.4byte	0x24
 678 0004 0200     		.2byte	0x2
 679 0006 00000000 		.4byte	.Ldebug_info0
 680 000a 04       		.byte	0x4
 681 000b 00       		.byte	0
 682 000c 0000     		.2byte	0
 683 000e 0000     		.2byte	0
 684 0010 00000000 		.4byte	.LFB64
 685 0014 74000000 		.4byte	.LFE64-.LFB64
 686 0018 00000000 		.4byte	.LFB63
 687 001c 14000000 		.4byte	.LFE63-.LFB63
 688 0020 00000000 		.4byte	0
 689 0024 00000000 		.4byte	0
 690              		.section	.debug_ranges,"",%progbits
 691              	.Ldebug_ranges0:
 692 0000 00000000 		.4byte	.LFB64
 693 0004 74000000 		.4byte	.LFE64
 694 0008 00000000 		.4byte	.LFB63
 695 000c 14000000 		.4byte	.LFE63
 696 0010 00000000 		.4byte	0
 697 0014 00000000 		.4byte	0
 698              		.section	.debug_line,"",%progbits
 699              	.Ldebug_line0:
 700 0000 B1010000 		.section	.debug_str,"MS",%progbits,1
 700      02007C01 
 700      00000201 
 700      FB0E0D00 
 700      01010101 
 701              	.LASF20:
 702 0000 6C65645F 		.ascii	"led_green_Write\000"
 702      67726565 
 702      6E5F5772 
 702      69746500 
 703              	.LASF9:
 704 0010 5F5F696E 		.ascii	"__int32_t\000"
 704      7433325F 
 704      7400
 705              	.LASF21:
 706 001a 6C65645F 		.ascii	"led_blue_Write\000"
 706      626C7565 
ARM GAS  C:\Users\swaga\AppData\Local\Temp\cc8Grb8t.s 			page 15


 706      5F577269 
 706      746500
 707              	.LASF19:
 708 0029 6C65645F 		.ascii	"led_red_Write\000"
 708      7265645F 
 708      57726974 
 708      6500
 709              	.LASF11:
 710 0037 666C6F61 		.ascii	"float\000"
 710      7400
 711              	.LASF1:
 712 003d 756E7369 		.ascii	"unsigned char\000"
 712      676E6564 
 712      20636861 
 712      7200
 713              	.LASF25:
 714 004b 474E5520 		.ascii	"GNU C11 5.4.1 20160609 (release) [ARM/embedded-5-br"
 714      43313120 
 714      352E342E 
 714      31203230 
 714      31363036 
 715 007e 616E6368 		.ascii	"anch revision 237715] -mcpu=cortex-m3 -mthumb -g -O"
 715      20726576 
 715      6973696F 
 715      6E203233 
 715      37373135 
 716 00b1 67202D66 		.ascii	"g -ffunction-sections -ffat-lto-objects\000"
 716      66756E63 
 716      74696F6E 
 716      2D736563 
 716      74696F6E 
 717              	.LASF5:
 718 00d9 6C6F6E67 		.ascii	"long unsigned int\000"
 718      20756E73 
 718      69676E65 
 718      6420696E 
 718      7400
 719              	.LASF3:
 720 00eb 73686F72 		.ascii	"short unsigned int\000"
 720      7420756E 
 720      7369676E 
 720      65642069 
 720      6E7400
 721              	.LASF23:
 722 00fe 55415254 		.ascii	"UART_Start\000"
 722      5F537461 
 722      727400
 723              	.LASF16:
 724 0109 49544D5F 		.ascii	"ITM_RxBuffer\000"
 724      52784275 
 724      66666572 
 724      00
 725              	.LASF12:
 726 0116 646F7562 		.ascii	"double\000"
 726      6C6500
 727              	.LASF27:
 728 011d 443A5C68 		.ascii	"D:\\h_da\\Lecturs\\Basic Embedded\\Embedded_basics\\"
ARM GAS  C:\Users\swaga\AppData\Local\Temp\cc8Grb8t.s 			page 16


 728      5F64615C 
 728      4C656374 
 728      7572735C 
 728      42617369 
 729 014c 30375F55 		.ascii	"07_UART_LED_CONTROL_KEYBOARD.cydsn\000"
 729      4152545F 
 729      4C45445F 
 729      434F4E54 
 729      524F4C5F 
 730              	.LASF29:
 731 016f 6D61696E 		.ascii	"main\000"
 731      00
 732              	.LASF24:
 733 0174 6973725F 		.ascii	"isr_StartEx\000"
 733      53746172 
 733      74457800 
 734              	.LASF8:
 735 0180 756E7369 		.ascii	"unsigned int\000"
 735      676E6564 
 735      20696E74 
 735      00
 736              	.LASF7:
 737 018d 6C6F6E67 		.ascii	"long long unsigned int\000"
 737      206C6F6E 
 737      6720756E 
 737      7369676E 
 737      65642069 
 738              	.LASF10:
 739 01a4 696E7433 		.ascii	"int32_t\000"
 739      325F7400 
 740              	.LASF15:
 741 01ac 73697A65 		.ascii	"sizetype\000"
 741      74797065 
 741      00
 742              	.LASF6:
 743 01b5 6C6F6E67 		.ascii	"long long int\000"
 743      206C6F6E 
 743      6720696E 
 743      7400
 744              	.LASF26:
 745 01c3 6D61696E 		.ascii	"main.c\000"
 745      2E6300
 746              	.LASF13:
 747 01ca 63686172 		.ascii	"char\000"
 747      00
 748              	.LASF18:
 749 01cf 55415254 		.ascii	"UART_GetChar\000"
 749      5F476574 
 749      43686172 
 749      00
 750              	.LASF2:
 751 01dc 73686F72 		.ascii	"short int\000"
 751      7420696E 
 751      7400
 752              	.LASF17:
 753 01e6 62756666 		.ascii	"buffer\000"
 753      657200
ARM GAS  C:\Users\swaga\AppData\Local\Temp\cc8Grb8t.s 			page 17


 754              	.LASF4:
 755 01ed 6C6F6E67 		.ascii	"long int\000"
 755      20696E74 
 755      00
 756              	.LASF28:
 757 01f6 6973725F 		.ascii	"isr_Handler\000"
 757      48616E64 
 757      6C657200 
 758              	.LASF14:
 759 0202 6C6F6E67 		.ascii	"long double\000"
 759      20646F75 
 759      626C6500 
 760              	.LASF0:
 761 020e 7369676E 		.ascii	"signed char\000"
 761      65642063 
 761      68617200 
 762              	.LASF22:
 763 021a 55415254 		.ascii	"UART_PutString\000"
 763      5F507574 
 763      53747269 
 763      6E6700
 764              		.ident	"GCC: (GNU Tools for ARM Embedded Processors) 5.4.1 20160609 (release) [ARM/embedded-5-bran
