ARM GAS  C:\Users\swaga\AppData\Local\Temp\ccFj6sTB.s 			page 1


   1              		.syntax unified
   2              		.cpu cortex-m3
   3              		.fpu softvfp
   4              		.eabi_attribute 20, 1
   5              		.eabi_attribute 21, 1
   6              		.eabi_attribute 23, 3
   7              		.eabi_attribute 24, 1
   8              		.eabi_attribute 25, 1
   9              		.eabi_attribute 26, 1
  10              		.eabi_attribute 30, 1
  11              		.eabi_attribute 34, 1
  12              		.eabi_attribute 18, 4
  13              		.thumb
  14              		.syntax unified
  15              		.file	"main.c"
  16              		.text
  17              	.Ltext0:
  18              		.cfi_sections	.debug_frame
  19              		.section	.text.main,"ax",%progbits
  20              		.align	2
  21              		.global	main
  22              		.thumb
  23              		.thumb_func
  24              		.type	main, %function
  25              	main:
  26              	.LFB63:
  27              		.file 1 "main.c"
   1:main.c        **** /* ========================================
   2:main.c        ****  *
   3:main.c        ****  * Copyright YOUR COMPANY, THE YEAR
   4:main.c        ****  * All Rights Reserved
   5:main.c        ****  * UNPUBLISHED, LICENSED SOFTWARE.
   6:main.c        ****  *
   7:main.c        ****  * CONFIDENTIAL AND PROPRIETARY INFORMATION
   8:main.c        ****  * WHICH IS THE PROPERTY OF your company.
   9:main.c        ****  *
  10:main.c        ****  * ========================================
  11:main.c        **** */
  12:main.c        **** #include "project.h"
  13:main.c        **** 
  14:main.c        **** int main(void)
  15:main.c        **** {
  28              		.loc 1 15 0
  29              		.cfi_startproc
  30              		@ Volatile: function does not return.
  31              		@ args = 0, pretend = 0, frame = 0
  32              		@ frame_needed = 0, uses_anonymous_args = 0
  33 0000 08B5     		push	{r3, lr}
  34              		.cfi_def_cfa_offset 8
  35              		.cfi_offset 3, -8
  36              		.cfi_offset 14, -4
  16:main.c        ****     CyGlobalIntEnable; /* Enable global interrupts. */
  37              		.loc 1 16 0
  38              		.syntax unified
  39              	@ 16 "main.c" 1
  40 0002 62B6     		CPSIE   i
  41              	@ 0 "" 2
ARM GAS  C:\Users\swaga\AppData\Local\Temp\ccFj6sTB.s 			page 2


  42              		.thumb
  43              		.syntax unified
  44              	.L2:
  17:main.c        **** 
  18:main.c        ****     
  19:main.c        **** 
  20:main.c        ****     for(;;)
  21:main.c        ****     {
  22:main.c        ****         UART_Start();
  45              		.loc 1 22 0 discriminator 1
  46 0004 FFF7FEFF 		bl	UART_Start
  47              	.LVL0:
  23:main.c        ****         UART_PutString("Hello World\n");
  48              		.loc 1 23 0 discriminator 1
  49 0008 0448     		ldr	r0, .L4
  50 000a FFF7FEFF 		bl	UART_PutString
  51              	.LVL1:
  24:main.c        ****         CyDelay(2000);
  52              		.loc 1 24 0 discriminator 1
  53 000e 4FF4FA60 		mov	r0, #2000
  54 0012 FFF7FEFF 		bl	CyDelay
  55              	.LVL2:
  25:main.c        ****         UART_ClearTxBuffer();
  56              		.loc 1 25 0 discriminator 1
  57 0016 FFF7FEFF 		bl	UART_ClearTxBuffer
  58              	.LVL3:
  59 001a F3E7     		b	.L2
  60              	.L5:
  61              		.align	2
  62              	.L4:
  63 001c 00000000 		.word	.LC0
  64              		.cfi_endproc
  65              	.LFE63:
  66              		.size	main, .-main
  67              		.section	.rodata.str1.4,"aMS",%progbits,1
  68              		.align	2
  69              	.LC0:
  70 0000 48656C6C 		.ascii	"Hello World\012\000"
  70      6F20576F 
  70      726C640A 
  70      00
  71              		.text
  72              	.Letext0:
  73              		.file 2 "c:\\program files (x86)\\cypress\\psoc creator\\4.2\\psoc creator\\import\\gnu\\arm\\5.4.
  74              		.file 3 "c:\\program files (x86)\\cypress\\psoc creator\\4.2\\psoc creator\\import\\gnu\\arm\\5.4.
  75              		.file 4 "Generated_Source\\PSoC5/UART.h"
  76              		.file 5 "Generated_Source\\PSoC5/CyLib.h"
  77              		.file 6 "Generated_Source\\PSoC5/core_cm3.h"
  78              		.section	.debug_info,"",%progbits
  79              	.Ldebug_info0:
  80 0000 36010000 		.4byte	0x136
  81 0004 0400     		.2byte	0x4
  82 0006 00000000 		.4byte	.Ldebug_abbrev0
  83 000a 04       		.byte	0x4
  84 000b 01       		.uleb128 0x1
  85 000c 3A000000 		.4byte	.LASF20
  86 0010 0C       		.byte	0xc
ARM GAS  C:\Users\swaga\AppData\Local\Temp\ccFj6sTB.s 			page 3


  87 0011 2E000000 		.4byte	.LASF21
  88 0015 33010000 		.4byte	.LASF22
  89 0019 00000000 		.4byte	.Ldebug_ranges0+0
  90 001d 00000000 		.4byte	0
  91 0021 00000000 		.4byte	.Ldebug_line0
  92 0025 02       		.uleb128 0x2
  93 0026 01       		.byte	0x1
  94 0027 06       		.byte	0x6
  95 0028 99010000 		.4byte	.LASF0
  96 002c 02       		.uleb128 0x2
  97 002d 01       		.byte	0x1
  98 002e 08       		.byte	0x8
  99 002f 04010000 		.4byte	.LASF1
 100 0033 02       		.uleb128 0x2
 101 0034 02       		.byte	0x2
 102 0035 05       		.byte	0x5
 103 0036 C1010000 		.4byte	.LASF2
 104 003a 02       		.uleb128 0x2
 105 003b 02       		.byte	0x2
 106 003c 07       		.byte	0x7
 107 003d 0E000000 		.4byte	.LASF3
 108 0041 03       		.uleb128 0x3
 109 0042 B1010000 		.4byte	.LASF9
 110 0046 02       		.byte	0x2
 111 0047 3F       		.byte	0x3f
 112 0048 4C000000 		.4byte	0x4c
 113 004c 02       		.uleb128 0x2
 114 004d 04       		.byte	0x4
 115 004e 05       		.byte	0x5
 116 004f 17010000 		.4byte	.LASF4
 117 0053 02       		.uleb128 0x2
 118 0054 04       		.byte	0x4
 119 0055 07       		.byte	0x7
 120 0056 D0000000 		.4byte	.LASF5
 121 005a 02       		.uleb128 0x2
 122 005b 08       		.byte	0x8
 123 005c 05       		.byte	0x5
 124 005d 00000000 		.4byte	.LASF6
 125 0061 02       		.uleb128 0x2
 126 0062 08       		.byte	0x8
 127 0063 07       		.byte	0x7
 128 0064 E2000000 		.4byte	.LASF7
 129 0068 04       		.uleb128 0x4
 130 0069 04       		.byte	0x4
 131 006a 05       		.byte	0x5
 132 006b 696E7400 		.ascii	"int\000"
 133 006f 02       		.uleb128 0x2
 134 0070 04       		.byte	0x4
 135 0071 07       		.byte	0x7
 136 0072 21000000 		.4byte	.LASF8
 137 0076 03       		.uleb128 0x3
 138 0077 CB010000 		.4byte	.LASF10
 139 007b 03       		.byte	0x3
 140 007c 2C       		.byte	0x2c
 141 007d 41000000 		.4byte	0x41
 142 0081 02       		.uleb128 0x2
 143 0082 04       		.byte	0x4
ARM GAS  C:\Users\swaga\AppData\Local\Temp\ccFj6sTB.s 			page 4


 144 0083 04       		.byte	0x4
 145 0084 BB010000 		.4byte	.LASF11
 146 0088 02       		.uleb128 0x2
 147 0089 08       		.byte	0x8
 148 008a 04       		.byte	0x4
 149 008b 76010000 		.4byte	.LASF12
 150 008f 02       		.uleb128 0x2
 151 0090 01       		.byte	0x1
 152 0091 08       		.byte	0x8
 153 0092 12010000 		.4byte	.LASF13
 154 0096 02       		.uleb128 0x2
 155 0097 08       		.byte	0x8
 156 0098 04       		.byte	0x4
 157 0099 A5010000 		.4byte	.LASF14
 158 009d 02       		.uleb128 0x2
 159 009e 04       		.byte	0x4
 160 009f 07       		.byte	0x7
 161 00a0 D3010000 		.4byte	.LASF15
 162 00a4 05       		.uleb128 0x5
 163 00a5 35000000 		.4byte	.LASF23
 164 00a9 01       		.byte	0x1
 165 00aa 0E       		.byte	0xe
 166 00ab 68000000 		.4byte	0x68
 167 00af 00000000 		.4byte	.LFB63
 168 00b3 20000000 		.4byte	.LFE63-.LFB63
 169 00b7 01       		.uleb128 0x1
 170 00b8 9C       		.byte	0x9c
 171 00b9 FC000000 		.4byte	0xfc
 172 00bd 06       		.uleb128 0x6
 173 00be 08000000 		.4byte	.LVL0
 174 00c2 0D010000 		.4byte	0x10d
 175 00c6 07       		.uleb128 0x7
 176 00c7 0E000000 		.4byte	.LVL1
 177 00cb 18010000 		.4byte	0x118
 178 00cf DD000000 		.4byte	0xdd
 179 00d3 08       		.uleb128 0x8
 180 00d4 01       		.uleb128 0x1
 181 00d5 50       		.byte	0x50
 182 00d6 05       		.uleb128 0x5
 183 00d7 03       		.byte	0x3
 184 00d8 00000000 		.4byte	.LC0
 185 00dc 00       		.byte	0
 186 00dd 07       		.uleb128 0x7
 187 00de 16000000 		.4byte	.LVL2
 188 00e2 23010000 		.4byte	0x123
 189 00e6 F2000000 		.4byte	0xf2
 190 00ea 08       		.uleb128 0x8
 191 00eb 01       		.uleb128 0x1
 192 00ec 50       		.byte	0x50
 193 00ed 03       		.uleb128 0x3
 194 00ee 0A       		.byte	0xa
 195 00ef D007     		.2byte	0x7d0
 196 00f1 00       		.byte	0
 197 00f2 06       		.uleb128 0x6
 198 00f3 1A000000 		.4byte	.LVL3
 199 00f7 2E010000 		.4byte	0x12e
 200 00fb 00       		.byte	0
ARM GAS  C:\Users\swaga\AppData\Local\Temp\ccFj6sTB.s 			page 5


 201 00fc 09       		.uleb128 0x9
 202 00fd 8C010000 		.4byte	.LASF24
 203 0101 06       		.byte	0x6
 204 0102 1207     		.2byte	0x712
 205 0104 08010000 		.4byte	0x108
 206 0108 0A       		.uleb128 0xa
 207 0109 76000000 		.4byte	0x76
 208 010d 0B       		.uleb128 0xb
 209 010e F9000000 		.4byte	.LASF16
 210 0112 F9000000 		.4byte	.LASF16
 211 0116 04       		.byte	0x4
 212 0117 54       		.byte	0x54
 213 0118 0B       		.uleb128 0xb
 214 0119 7D010000 		.4byte	.LASF17
 215 011d 7D010000 		.4byte	.LASF17
 216 0121 04       		.byte	0x4
 217 0122 8B       		.byte	0x8b
 218 0123 0B       		.uleb128 0xb
 219 0124 C8000000 		.4byte	.LASF18
 220 0128 C8000000 		.4byte	.LASF18
 221 012c 05       		.byte	0x5
 222 012d 76       		.byte	0x76
 223 012e 0B       		.uleb128 0xb
 224 012f 20010000 		.4byte	.LASF19
 225 0133 20010000 		.4byte	.LASF19
 226 0137 04       		.byte	0x4
 227 0138 8F       		.byte	0x8f
 228 0139 00       		.byte	0
 229              		.section	.debug_abbrev,"",%progbits
 230              	.Ldebug_abbrev0:
 231 0000 01       		.uleb128 0x1
 232 0001 11       		.uleb128 0x11
 233 0002 01       		.byte	0x1
 234 0003 25       		.uleb128 0x25
 235 0004 0E       		.uleb128 0xe
 236 0005 13       		.uleb128 0x13
 237 0006 0B       		.uleb128 0xb
 238 0007 03       		.uleb128 0x3
 239 0008 0E       		.uleb128 0xe
 240 0009 1B       		.uleb128 0x1b
 241 000a 0E       		.uleb128 0xe
 242 000b 55       		.uleb128 0x55
 243 000c 17       		.uleb128 0x17
 244 000d 11       		.uleb128 0x11
 245 000e 01       		.uleb128 0x1
 246 000f 10       		.uleb128 0x10
 247 0010 17       		.uleb128 0x17
 248 0011 00       		.byte	0
 249 0012 00       		.byte	0
 250 0013 02       		.uleb128 0x2
 251 0014 24       		.uleb128 0x24
 252 0015 00       		.byte	0
 253 0016 0B       		.uleb128 0xb
 254 0017 0B       		.uleb128 0xb
 255 0018 3E       		.uleb128 0x3e
 256 0019 0B       		.uleb128 0xb
 257 001a 03       		.uleb128 0x3
ARM GAS  C:\Users\swaga\AppData\Local\Temp\ccFj6sTB.s 			page 6


 258 001b 0E       		.uleb128 0xe
 259 001c 00       		.byte	0
 260 001d 00       		.byte	0
 261 001e 03       		.uleb128 0x3
 262 001f 16       		.uleb128 0x16
 263 0020 00       		.byte	0
 264 0021 03       		.uleb128 0x3
 265 0022 0E       		.uleb128 0xe
 266 0023 3A       		.uleb128 0x3a
 267 0024 0B       		.uleb128 0xb
 268 0025 3B       		.uleb128 0x3b
 269 0026 0B       		.uleb128 0xb
 270 0027 49       		.uleb128 0x49
 271 0028 13       		.uleb128 0x13
 272 0029 00       		.byte	0
 273 002a 00       		.byte	0
 274 002b 04       		.uleb128 0x4
 275 002c 24       		.uleb128 0x24
 276 002d 00       		.byte	0
 277 002e 0B       		.uleb128 0xb
 278 002f 0B       		.uleb128 0xb
 279 0030 3E       		.uleb128 0x3e
 280 0031 0B       		.uleb128 0xb
 281 0032 03       		.uleb128 0x3
 282 0033 08       		.uleb128 0x8
 283 0034 00       		.byte	0
 284 0035 00       		.byte	0
 285 0036 05       		.uleb128 0x5
 286 0037 2E       		.uleb128 0x2e
 287 0038 01       		.byte	0x1
 288 0039 3F       		.uleb128 0x3f
 289 003a 19       		.uleb128 0x19
 290 003b 03       		.uleb128 0x3
 291 003c 0E       		.uleb128 0xe
 292 003d 3A       		.uleb128 0x3a
 293 003e 0B       		.uleb128 0xb
 294 003f 3B       		.uleb128 0x3b
 295 0040 0B       		.uleb128 0xb
 296 0041 27       		.uleb128 0x27
 297 0042 19       		.uleb128 0x19
 298 0043 49       		.uleb128 0x49
 299 0044 13       		.uleb128 0x13
 300 0045 8701     		.uleb128 0x87
 301 0047 19       		.uleb128 0x19
 302 0048 11       		.uleb128 0x11
 303 0049 01       		.uleb128 0x1
 304 004a 12       		.uleb128 0x12
 305 004b 06       		.uleb128 0x6
 306 004c 40       		.uleb128 0x40
 307 004d 18       		.uleb128 0x18
 308 004e 9742     		.uleb128 0x2117
 309 0050 19       		.uleb128 0x19
 310 0051 01       		.uleb128 0x1
 311 0052 13       		.uleb128 0x13
 312 0053 00       		.byte	0
 313 0054 00       		.byte	0
 314 0055 06       		.uleb128 0x6
ARM GAS  C:\Users\swaga\AppData\Local\Temp\ccFj6sTB.s 			page 7


 315 0056 898201   		.uleb128 0x4109
 316 0059 00       		.byte	0
 317 005a 11       		.uleb128 0x11
 318 005b 01       		.uleb128 0x1
 319 005c 31       		.uleb128 0x31
 320 005d 13       		.uleb128 0x13
 321 005e 00       		.byte	0
 322 005f 00       		.byte	0
 323 0060 07       		.uleb128 0x7
 324 0061 898201   		.uleb128 0x4109
 325 0064 01       		.byte	0x1
 326 0065 11       		.uleb128 0x11
 327 0066 01       		.uleb128 0x1
 328 0067 31       		.uleb128 0x31
 329 0068 13       		.uleb128 0x13
 330 0069 01       		.uleb128 0x1
 331 006a 13       		.uleb128 0x13
 332 006b 00       		.byte	0
 333 006c 00       		.byte	0
 334 006d 08       		.uleb128 0x8
 335 006e 8A8201   		.uleb128 0x410a
 336 0071 00       		.byte	0
 337 0072 02       		.uleb128 0x2
 338 0073 18       		.uleb128 0x18
 339 0074 9142     		.uleb128 0x2111
 340 0076 18       		.uleb128 0x18
 341 0077 00       		.byte	0
 342 0078 00       		.byte	0
 343 0079 09       		.uleb128 0x9
 344 007a 34       		.uleb128 0x34
 345 007b 00       		.byte	0
 346 007c 03       		.uleb128 0x3
 347 007d 0E       		.uleb128 0xe
 348 007e 3A       		.uleb128 0x3a
 349 007f 0B       		.uleb128 0xb
 350 0080 3B       		.uleb128 0x3b
 351 0081 05       		.uleb128 0x5
 352 0082 49       		.uleb128 0x49
 353 0083 13       		.uleb128 0x13
 354 0084 3F       		.uleb128 0x3f
 355 0085 19       		.uleb128 0x19
 356 0086 3C       		.uleb128 0x3c
 357 0087 19       		.uleb128 0x19
 358 0088 00       		.byte	0
 359 0089 00       		.byte	0
 360 008a 0A       		.uleb128 0xa
 361 008b 35       		.uleb128 0x35
 362 008c 00       		.byte	0
 363 008d 49       		.uleb128 0x49
 364 008e 13       		.uleb128 0x13
 365 008f 00       		.byte	0
 366 0090 00       		.byte	0
 367 0091 0B       		.uleb128 0xb
 368 0092 2E       		.uleb128 0x2e
 369 0093 00       		.byte	0
 370 0094 3F       		.uleb128 0x3f
 371 0095 19       		.uleb128 0x19
ARM GAS  C:\Users\swaga\AppData\Local\Temp\ccFj6sTB.s 			page 8


 372 0096 3C       		.uleb128 0x3c
 373 0097 19       		.uleb128 0x19
 374 0098 6E       		.uleb128 0x6e
 375 0099 0E       		.uleb128 0xe
 376 009a 03       		.uleb128 0x3
 377 009b 0E       		.uleb128 0xe
 378 009c 3A       		.uleb128 0x3a
 379 009d 0B       		.uleb128 0xb
 380 009e 3B       		.uleb128 0x3b
 381 009f 0B       		.uleb128 0xb
 382 00a0 00       		.byte	0
 383 00a1 00       		.byte	0
 384 00a2 00       		.byte	0
 385              		.section	.debug_aranges,"",%progbits
 386 0000 1C000000 		.4byte	0x1c
 387 0004 0200     		.2byte	0x2
 388 0006 00000000 		.4byte	.Ldebug_info0
 389 000a 04       		.byte	0x4
 390 000b 00       		.byte	0
 391 000c 0000     		.2byte	0
 392 000e 0000     		.2byte	0
 393 0010 00000000 		.4byte	.LFB63
 394 0014 20000000 		.4byte	.LFE63-.LFB63
 395 0018 00000000 		.4byte	0
 396 001c 00000000 		.4byte	0
 397              		.section	.debug_ranges,"",%progbits
 398              	.Ldebug_ranges0:
 399 0000 00000000 		.4byte	.LFB63
 400 0004 20000000 		.4byte	.LFE63
 401 0008 00000000 		.4byte	0
 402 000c 00000000 		.4byte	0
 403              		.section	.debug_line,"",%progbits
 404              	.Ldebug_line0:
 405 0000 7E010000 		.section	.debug_str,"MS",%progbits,1
 405      02005401 
 405      00000201 
 405      FB0E0D00 
 405      01010101 
 406              	.LASF6:
 407 0000 6C6F6E67 		.ascii	"long long int\000"
 407      206C6F6E 
 407      6720696E 
 407      7400
 408              	.LASF3:
 409 000e 73686F72 		.ascii	"short unsigned int\000"
 409      7420756E 
 409      7369676E 
 409      65642069 
 409      6E7400
 410              	.LASF8:
 411 0021 756E7369 		.ascii	"unsigned int\000"
 411      676E6564 
 411      20696E74 
 411      00
 412              	.LASF21:
 413 002e 6D61696E 		.ascii	"main.c\000"
 413      2E6300
ARM GAS  C:\Users\swaga\AppData\Local\Temp\ccFj6sTB.s 			page 9


 414              	.LASF23:
 415 0035 6D61696E 		.ascii	"main\000"
 415      00
 416              	.LASF20:
 417 003a 474E5520 		.ascii	"GNU C11 5.4.1 20160609 (release) [ARM/embedded-5-br"
 417      43313120 
 417      352E342E 
 417      31203230 
 417      31363036 
 418 006d 616E6368 		.ascii	"anch revision 237715] -mcpu=cortex-m3 -mthumb -g -O"
 418      20726576 
 418      6973696F 
 418      6E203233 
 418      37373135 
 419 00a0 67202D66 		.ascii	"g -ffunction-sections -ffat-lto-objects\000"
 419      66756E63 
 419      74696F6E 
 419      2D736563 
 419      74696F6E 
 420              	.LASF18:
 421 00c8 43794465 		.ascii	"CyDelay\000"
 421      6C617900 
 422              	.LASF5:
 423 00d0 6C6F6E67 		.ascii	"long unsigned int\000"
 423      20756E73 
 423      69676E65 
 423      6420696E 
 423      7400
 424              	.LASF7:
 425 00e2 6C6F6E67 		.ascii	"long long unsigned int\000"
 425      206C6F6E 
 425      6720756E 
 425      7369676E 
 425      65642069 
 426              	.LASF16:
 427 00f9 55415254 		.ascii	"UART_Start\000"
 427      5F537461 
 427      727400
 428              	.LASF1:
 429 0104 756E7369 		.ascii	"unsigned char\000"
 429      676E6564 
 429      20636861 
 429      7200
 430              	.LASF13:
 431 0112 63686172 		.ascii	"char\000"
 431      00
 432              	.LASF4:
 433 0117 6C6F6E67 		.ascii	"long int\000"
 433      20696E74 
 433      00
 434              	.LASF19:
 435 0120 55415254 		.ascii	"UART_ClearTxBuffer\000"
 435      5F436C65 
 435      61725478 
 435      42756666 
 435      657200
 436              	.LASF22:
ARM GAS  C:\Users\swaga\AppData\Local\Temp\ccFj6sTB.s 			page 10


 437 0133 443A5C68 		.ascii	"D:\\h_da\\Lecturs\\Basic Embedded\\Embedded_basics\\"
 437      5F64615C 
 437      4C656374 
 437      7572735C 
 437      42617369 
 438 0162 30355F55 		.ascii	"05_UART_INTRO.cydsn\000"
 438      4152545F 
 438      494E5452 
 438      4F2E6379 
 438      64736E00 
 439              	.LASF12:
 440 0176 646F7562 		.ascii	"double\000"
 440      6C6500
 441              	.LASF17:
 442 017d 55415254 		.ascii	"UART_PutString\000"
 442      5F507574 
 442      53747269 
 442      6E6700
 443              	.LASF24:
 444 018c 49544D5F 		.ascii	"ITM_RxBuffer\000"
 444      52784275 
 444      66666572 
 444      00
 445              	.LASF0:
 446 0199 7369676E 		.ascii	"signed char\000"
 446      65642063 
 446      68617200 
 447              	.LASF14:
 448 01a5 6C6F6E67 		.ascii	"long double\000"
 448      20646F75 
 448      626C6500 
 449              	.LASF9:
 450 01b1 5F5F696E 		.ascii	"__int32_t\000"
 450      7433325F 
 450      7400
 451              	.LASF11:
 452 01bb 666C6F61 		.ascii	"float\000"
 452      7400
 453              	.LASF2:
 454 01c1 73686F72 		.ascii	"short int\000"
 454      7420696E 
 454      7400
 455              	.LASF10:
 456 01cb 696E7433 		.ascii	"int32_t\000"
 456      325F7400 
 457              	.LASF15:
 458 01d3 73697A65 		.ascii	"sizetype\000"
 458      74797065 
 458      00
 459              		.ident	"GCC: (GNU Tools for ARM Embedded Processors) 5.4.1 20160609 (release) [ARM/embedded-5-bran
