ARM GAS  C:\Users\swaga\AppData\Local\Temp\cc2jIU5p.s 			page 1


   1              		.syntax unified
   2              		.cpu cortex-m3
   3              		.fpu softvfp
   4              		.eabi_attribute 20, 1
   5              		.eabi_attribute 21, 1
   6              		.eabi_attribute 23, 3
   7              		.eabi_attribute 24, 1
   8              		.eabi_attribute 25, 1
   9              		.eabi_attribute 26, 1
  10              		.eabi_attribute 30, 1
  11              		.eabi_attribute 34, 1
  12              		.eabi_attribute 18, 4
  13              		.thumb
  14              		.syntax unified
  15              		.file	"cymetadata.c"
  16              		.text
  17              	.Ltext0:
  18              		.cfi_sections	.debug_frame
  19              		.global	cy_metadata
  20              		.global	cy_meta_flashprotect
  21              		.global	cy_meta_wonvl
  22              		.global	cy_meta_custnvl
  23              		.global	cy_meta_configecc
  24              		.section	.cyconfigecc,"a",%progbits
  25              		.align	2
  26              		.type	cy_meta_configecc, %object
  27              		.size	cy_meta_configecc, 784
  28              	cy_meta_configecc:
  29 0000 01       		.byte	1
  30 0001 45       		.byte	69
  31 0002 00       		.byte	0
  32 0003 40       		.byte	64
  33 0004 03       		.byte	3
  34 0005 65       		.byte	101
  35 0006 00       		.byte	0
  36 0007 40       		.byte	64
  37 0008 51       		.byte	81
  38 0009 18       		.byte	24
  39 000a 01       		.byte	1
  40 000b 40       		.byte	64
  41 000c 3A       		.byte	58
  42 000d 19       		.byte	25
  43 000e 01       		.byte	1
  44 000f 40       		.byte	64
  45 0010 32       		.byte	50
  46 0011 1A       		.byte	26
  47 0012 01       		.byte	1
  48 0013 40       		.byte	64
  49 0014 55       		.byte	85
  50 0015 1B       		.byte	27
  51 0016 01       		.byte	1
  52 0017 40       		.byte	64
  53 0018 02       		.byte	2
  54 0019 4C       		.byte	76
  55 001a 01       		.byte	1
  56 001b 40       		.byte	64
  57 001c 07       		.byte	7
ARM GAS  C:\Users\swaga\AppData\Local\Temp\cc2jIU5p.s 			page 2


  58 001d 4D       		.byte	77
  59 001e 01       		.byte	1
  60 001f 40       		.byte	64
  61 0020 02       		.byte	2
  62 0021 50       		.byte	80
  63 0022 01       		.byte	1
  64 0023 40       		.byte	64
  65 0024 12       		.byte	18
  66 0025 03       		.byte	3
  67 0026 88       		.byte	-120
  68 0027 0F       		.byte	15
  69 0028 89       		.byte	-119
  70 0029 38       		.byte	56
  71 002a 8A       		.byte	-118
  72 002b 72       		.byte	114
  73 002c 01       		.byte	1
  74 002d 04       		.byte	4
  75 002e 02       		.byte	2
  76 002f 15       		.byte	21
  77 0030 05       		.byte	5
  78 0031 01       		.byte	1
  79 0032 08       		.byte	8
  80 0033 13       		.byte	19
  81 0034 0A       		.byte	10
  82 0035 04       		.byte	4
  83 0036 0B       		.byte	11
  84 0037 02       		.byte	2
  85 0038 10       		.byte	16
  86 0039 13       		.byte	19
  87 003a 11       		.byte	17
  88 003b 01       		.byte	1
  89 003c 12       		.byte	18
  90 003d 0C       		.byte	12
  91 003e 17       		.byte	23
  92 003f 02       		.byte	2
  93 0040 18       		.byte	24
  94 0041 03       		.byte	3
  95 0042 1A       		.byte	26
  96 0043 14       		.byte	20
  97 0044 22       		.byte	34
  98 0045 08       		.byte	8
  99 0046 24       		.byte	36
 100 0047 0A       		.byte	10
 101 0048 25       		.byte	37
 102 0049 08       		.byte	8
 103 004a 26       		.byte	38
 104 004b 14       		.byte	20
 105 004c 29       		.byte	41
 106 004d 01       		.byte	1
 107 004e 30       		.byte	48
 108 004f 10       		.byte	16
 109 0050 31       		.byte	49
 110 0051 01       		.byte	1
 111 0052 33       		.byte	51
 112 0053 08       		.byte	8
 113 0054 35       		.byte	53
 114 0055 04       		.byte	4
ARM GAS  C:\Users\swaga\AppData\Local\Temp\cc2jIU5p.s 			page 3


 115 0056 36       		.byte	54
 116 0057 0F       		.byte	15
 117 0058 37       		.byte	55
 118 0059 02       		.byte	2
 119 005a 3A       		.byte	58
 120 005b 80       		.byte	-128
 121 005c 3E       		.byte	62
 122 005d 01       		.byte	1
 123 005e 3F       		.byte	63
 124 005f 54       		.byte	84
 125 0060 40       		.byte	64
 126 0061 54       		.byte	84
 127 0062 41       		.byte	65
 128 0063 06       		.byte	6
 129 0064 45       		.byte	69
 130 0065 EC       		.byte	-20
 131 0066 47       		.byte	71
 132 0067 B0       		.byte	-80
 133 0068 48       		.byte	72
 134 0069 23       		.byte	35
 135 006a 49       		.byte	73
 136 006b FF       		.byte	-1
 137 006c 4A       		.byte	74
 138 006d FF       		.byte	-1
 139 006e 4B       		.byte	75
 140 006f FF       		.byte	-1
 141 0070 4E       		.byte	78
 142 0071 F0       		.byte	-16
 143 0072 4F       		.byte	79
 144 0073 44       		.byte	68
 145 0074 50       		.byte	80
 146 0075 0C       		.byte	12
 147 0076 54       		.byte	84
 148 0077 01       		.byte	1
 149 0078 58       		.byte	88
 150 0079 04       		.byte	4
 151 007a 59       		.byte	89
 152 007b 04       		.byte	4
 153 007c 5A       		.byte	90
 154 007d 04       		.byte	4
 155 007e 5B       		.byte	91
 156 007f 04       		.byte	4
 157 0080 5F       		.byte	95
 158 0081 01       		.byte	1
 159 0082 66       		.byte	102
 160 0083 C0       		.byte	-64
 161 0084 6A       		.byte	106
 162 0085 40       		.byte	64
 163 0086 6B       		.byte	107
 164 0087 02       		.byte	2
 165 0088 80       		.byte	-128
 166 0089 0A       		.byte	10
 167 008a 81       		.byte	-127
 168 008b 01       		.byte	1
 169 008c 82       		.byte	-126
 170 008d 10       		.byte	16
 171 008e 83       		.byte	-125
ARM GAS  C:\Users\swaga\AppData\Local\Temp\cc2jIU5p.s 			page 4


 172 008f 02       		.byte	2
 173 0090 84       		.byte	-124
 174 0091 06       		.byte	6
 175 0092 89       		.byte	-119
 176 0093 07       		.byte	7
 177 0094 8A       		.byte	-118
 178 0095 20       		.byte	32
 179 0096 8E       		.byte	-114
 180 0097 06       		.byte	6
 181 0098 92       		.byte	-110
 182 0099 07       		.byte	7
 183 009a 94       		.byte	-108
 184 009b 07       		.byte	7
 185 009c 95       		.byte	-107
 186 009d 07       		.byte	7
 187 009e 98       		.byte	-104
 188 009f 18       		.byte	24
 189 00a0 99       		.byte	-103
 190 00a1 02       		.byte	2
 191 00a2 9B       		.byte	-101
 192 00a3 05       		.byte	5
 193 00a4 9E       		.byte	-98
 194 00a5 20       		.byte	32
 195 00a6 A2       		.byte	-94
 196 00a7 07       		.byte	7
 197 00a8 A4       		.byte	-92
 198 00a9 07       		.byte	7
 199 00aa A8       		.byte	-88
 200 00ab 18       		.byte	24
 201 00ac AC       		.byte	-84
 202 00ad 14       		.byte	20
 203 00ae AD       		.byte	-83
 204 00af 04       		.byte	4
 205 00b0 AE       		.byte	-82
 206 00b1 08       		.byte	8
 207 00b2 AF       		.byte	-81
 208 00b3 02       		.byte	2
 209 00b4 B0       		.byte	-80
 210 00b5 06       		.byte	6
 211 00b6 B2       		.byte	-78
 212 00b7 01       		.byte	1
 213 00b8 B4       		.byte	-76
 214 00b9 20       		.byte	32
 215 00ba B5       		.byte	-75
 216 00bb 07       		.byte	7
 217 00bc B6       		.byte	-74
 218 00bd 18       		.byte	24
 219 00be B8       		.byte	-72
 220 00bf 08       		.byte	8
 221 00c0 BB       		.byte	-69
 222 00c1 08       		.byte	8
 223 00c2 BE       		.byte	-66
 224 00c3 10       		.byte	16
 225 00c4 D4       		.byte	-44
 226 00c5 18       		.byte	24
 227 00c6 D8       		.byte	-40
 228 00c7 04       		.byte	4
ARM GAS  C:\Users\swaga\AppData\Local\Temp\cc2jIU5p.s 			page 5


 229 00c8 D9       		.byte	-39
 230 00c9 04       		.byte	4
 231 00ca DB       		.byte	-37
 232 00cb 04       		.byte	4
 233 00cc DF       		.byte	-33
 234 00cd 01       		.byte	1
 235 00ce 00       		.byte	0
 236 00cf 48       		.byte	72
 237 00d0 03       		.byte	3
 238 00d1 88       		.byte	-120
 239 00d2 05       		.byte	5
 240 00d3 30       		.byte	48
 241 00d4 06       		.byte	6
 242 00d5 40       		.byte	64
 243 00d6 09       		.byte	9
 244 00d7 0A       		.byte	10
 245 00d8 0A       		.byte	10
 246 00d9 0C       		.byte	12
 247 00da 0B       		.byte	11
 248 00db 02       		.byte	2
 249 00dc 0F       		.byte	15
 250 00dd 48       		.byte	72
 251 00de 10       		.byte	16
 252 00df 41       		.byte	65
 253 00e0 11       		.byte	17
 254 00e1 10       		.byte	16
 255 00e2 12       		.byte	18
 256 00e3 10       		.byte	16
 257 00e4 17       		.byte	23
 258 00e5 06       		.byte	6
 259 00e6 18       		.byte	24
 260 00e7 04       		.byte	4
 261 00e8 19       		.byte	25
 262 00e9 41       		.byte	65
 263 00ea 1B       		.byte	27
 264 00eb 08       		.byte	8
 265 00ec 1E       		.byte	30
 266 00ed 80       		.byte	-128
 267 00ee 1F       		.byte	31
 268 00ef 40       		.byte	64
 269 00f0 20       		.byte	32
 270 00f1 28       		.byte	40
 271 00f2 21       		.byte	33
 272 00f3 08       		.byte	8
 273 00f4 22       		.byte	34
 274 00f5 10       		.byte	16
 275 00f6 24       		.byte	36
 276 00f7 40       		.byte	64
 277 00f8 26       		.byte	38
 278 00f9 80       		.byte	-128
 279 00fa 27       		.byte	39
 280 00fb 18       		.byte	24
 281 00fc 28       		.byte	40
 282 00fd 01       		.byte	1
 283 00fe 29       		.byte	41
 284 00ff 40       		.byte	64
 285 0100 2C       		.byte	44
ARM GAS  C:\Users\swaga\AppData\Local\Temp\cc2jIU5p.s 			page 6


 286 0101 10       		.byte	16
 287 0102 2D       		.byte	45
 288 0103 10       		.byte	16
 289 0104 32       		.byte	50
 290 0105 14       		.byte	20
 291 0106 35       		.byte	53
 292 0107 04       		.byte	4
 293 0108 37       		.byte	55
 294 0109 01       		.byte	1
 295 010a 38       		.byte	56
 296 010b 02       		.byte	2
 297 010c 39       		.byte	57
 298 010d 10       		.byte	16
 299 010e 3E       		.byte	62
 300 010f 04       		.byte	4
 301 0110 3F       		.byte	63
 302 0111 12       		.byte	18
 303 0112 45       		.byte	69
 304 0113 01       		.byte	1
 305 0114 46       		.byte	70
 306 0115 40       		.byte	64
 307 0116 4B       		.byte	75
 308 0117 C0       		.byte	-64
 309 0118 4D       		.byte	77
 310 0119 21       		.byte	33
 311 011a 4F       		.byte	79
 312 011b 4A       		.byte	74
 313 011c 56       		.byte	86
 314 011d 01       		.byte	1
 315 011e 59       		.byte	89
 316 011f 01       		.byte	1
 317 0120 5C       		.byte	92
 318 0121 20       		.byte	32
 319 0122 5D       		.byte	93
 320 0123 01       		.byte	1
 321 0124 5E       		.byte	94
 322 0125 80       		.byte	-128
 323 0126 5F       		.byte	95
 324 0127 08       		.byte	8
 325 0128 60       		.byte	96
 326 0129 04       		.byte	4
 327 012a 62       		.byte	98
 328 012b 80       		.byte	-128
 329 012c 8F       		.byte	-113
 330 012d 10       		.byte	16
 331 012e C0       		.byte	-64
 332 012f 5F       		.byte	95
 333 0130 C2       		.byte	-62
 334 0131 5F       		.byte	95
 335 0132 C4       		.byte	-60
 336 0133 3F       		.byte	63
 337 0134 CA       		.byte	-54
 338 0135 68       		.byte	104
 339 0136 CC       		.byte	-52
 340 0137 C6       		.byte	-58
 341 0138 CE       		.byte	-50
 342 0139 E5       		.byte	-27
ARM GAS  C:\Users\swaga\AppData\Local\Temp\cc2jIU5p.s 			page 7


 343 013a D0       		.byte	-48
 344 013b 80       		.byte	-128
 345 013c D2       		.byte	-46
 346 013d 30       		.byte	48
 347 013e D6       		.byte	-42
 348 013f F1       		.byte	-15
 349 0140 D8       		.byte	-40
 350 0141 0C       		.byte	12
 351 0142 80       		.byte	-128
 352 0143 10       		.byte	16
 353 0144 81       		.byte	-127
 354 0145 80       		.byte	-128
 355 0146 82       		.byte	-126
 356 0147 AC       		.byte	-84
 357 0148 83       		.byte	-125
 358 0149 13       		.byte	19
 359 014a 84       		.byte	-124
 360 014b 10       		.byte	16
 361 014c 86       		.byte	-122
 362 014d 40       		.byte	64
 363 014e 88       		.byte	-120
 364 014f 0C       		.byte	12
 365 0150 8A       		.byte	-118
 366 0151 71       		.byte	113
 367 0152 8C       		.byte	-116
 368 0153 14       		.byte	20
 369 0154 93       		.byte	-109
 370 0155 0C       		.byte	12
 371 0156 96       		.byte	-106
 372 0157 03       		.byte	3
 373 0158 99       		.byte	-103
 374 0159 2C       		.byte	44
 375 015a 9B       		.byte	-101
 376 015b 43       		.byte	67
 377 015c 9E       		.byte	-98
 378 015d 20       		.byte	32
 379 015e A0       		.byte	-96
 380 015f 09       		.byte	9
 381 0160 A1       		.byte	-95
 382 0161 71       		.byte	113
 383 0162 A2       		.byte	-94
 384 0163 D0       		.byte	-48
 385 0164 A3       		.byte	-93
 386 0165 06       		.byte	6
 387 0166 A4       		.byte	-92
 388 0167 DC       		.byte	-36
 389 0168 A5       		.byte	-91
 390 0169 71       		.byte	113
 391 016a A6       		.byte	-90
 392 016b 22       		.byte	34
 393 016c A7       		.byte	-89
 394 016d 0E       		.byte	14
 395 016e AB       		.byte	-85
 396 016f 08       		.byte	8
 397 0170 B2       		.byte	-78
 398 0171 1F       		.byte	31
 399 0172 B3       		.byte	-77
ARM GAS  C:\Users\swaga\AppData\Local\Temp\cc2jIU5p.s 			page 8


 400 0173 30       		.byte	48
 401 0174 B4       		.byte	-76
 402 0175 E0       		.byte	-32
 403 0176 B5       		.byte	-75
 404 0177 0F       		.byte	15
 405 0178 B7       		.byte	-73
 406 0179 C0       		.byte	-64
 407 017a B9       		.byte	-71
 408 017b 88       		.byte	-120
 409 017c BA       		.byte	-70
 410 017d 20       		.byte	32
 411 017e BB       		.byte	-69
 412 017f 20       		.byte	32
 413 0180 BF       		.byte	-65
 414 0181 04       		.byte	4
 415 0182 C0       		.byte	-64
 416 0183 02       		.byte	2
 417 0184 C6       		.byte	-58
 418 0185 40       		.byte	64
 419 0186 C9       		.byte	-55
 420 0187 FF       		.byte	-1
 421 0188 CA       		.byte	-54
 422 0189 07       		.byte	7
 423 018a CB       		.byte	-53
 424 018b FF       		.byte	-1
 425 018c CC       		.byte	-52
 426 018d 40       		.byte	64
 427 018e CD       		.byte	-51
 428 018f 20       		.byte	32
 429 0190 CE       		.byte	-50
 430 0191 F0       		.byte	-16
 431 0192 CF       		.byte	-49
 432 0193 05       		.byte	5
 433 0194 D0       		.byte	-48
 434 0195 08       		.byte	8
 435 0196 D8       		.byte	-40
 436 0197 04       		.byte	4
 437 0198 D9       		.byte	-39
 438 0199 04       		.byte	4
 439 019a DA       		.byte	-38
 440 019b 04       		.byte	4
 441 019c DF       		.byte	-33
 442 019d 01       		.byte	1
 443 019e E0       		.byte	-32
 444 019f 40       		.byte	64
 445 01a0 E1       		.byte	-31
 446 01a1 A8       		.byte	-88
 447 01a2 E2       		.byte	-30
 448 01a3 40       		.byte	64
 449 01a4 E3       		.byte	-29
 450 01a5 20       		.byte	32
 451 01a6 00       		.byte	0
 452 01a7 64       		.byte	100
 453 01a8 02       		.byte	2
 454 01a9 50       		.byte	80
 455 01aa 03       		.byte	3
 456 01ab 08       		.byte	8
ARM GAS  C:\Users\swaga\AppData\Local\Temp\cc2jIU5p.s 			page 9


 457 01ac 05       		.byte	5
 458 01ad 12       		.byte	18
 459 01ae 06       		.byte	6
 460 01af 21       		.byte	33
 461 01b0 08       		.byte	8
 462 01b1 40       		.byte	64
 463 01b2 09       		.byte	9
 464 01b3 02       		.byte	2
 465 01b4 0A       		.byte	10
 466 01b5 21       		.byte	33
 467 01b6 0D       		.byte	13
 468 01b7 08       		.byte	8
 469 01b8 0F       		.byte	15
 470 01b9 01       		.byte	1
 471 01ba 10       		.byte	16
 472 01bb 80       		.byte	-128
 473 01bc 11       		.byte	17
 474 01bd 40       		.byte	64
 475 01be 13       		.byte	19
 476 01bf 24       		.byte	36
 477 01c0 17       		.byte	23
 478 01c1 06       		.byte	6
 479 01c2 18       		.byte	24
 480 01c3 04       		.byte	4
 481 01c4 19       		.byte	25
 482 01c5 09       		.byte	9
 483 01c6 1A       		.byte	26
 484 01c7 01       		.byte	1
 485 01c8 1D       		.byte	29
 486 01c9 18       		.byte	24
 487 01ca 1F       		.byte	31
 488 01cb 10       		.byte	16
 489 01cc 20       		.byte	32
 490 01cd 01       		.byte	1
 491 01ce 21       		.byte	33
 492 01cf 02       		.byte	2
 493 01d0 23       		.byte	35
 494 01d1 10       		.byte	16
 495 01d2 26       		.byte	38
 496 01d3 10       		.byte	16
 497 01d4 27       		.byte	39
 498 01d5 16       		.byte	22
 499 01d6 28       		.byte	40
 500 01d7 40       		.byte	64
 501 01d8 29       		.byte	41
 502 01d9 48       		.byte	72
 503 01da 2A       		.byte	42
 504 01db 50       		.byte	80
 505 01dc 2D       		.byte	45
 506 01dd 02       		.byte	2
 507 01de 2E       		.byte	46
 508 01df 20       		.byte	32
 509 01e0 2F       		.byte	47
 510 01e1 50       		.byte	80
 511 01e2 30       		.byte	48
 512 01e3 80       		.byte	-128
 513 01e4 31       		.byte	49
ARM GAS  C:\Users\swaga\AppData\Local\Temp\cc2jIU5p.s 			page 10


 514 01e5 02       		.byte	2
 515 01e6 32       		.byte	50
 516 01e7 10       		.byte	16
 517 01e8 33       		.byte	51
 518 01e9 08       		.byte	8
 519 01ea 36       		.byte	54
 520 01eb 10       		.byte	16
 521 01ec 37       		.byte	55
 522 01ed 02       		.byte	2
 523 01ee 38       		.byte	56
 524 01ef 6A       		.byte	106
 525 01f0 3D       		.byte	61
 526 01f1 02       		.byte	2
 527 01f2 3F       		.byte	63
 528 01f3 01       		.byte	1
 529 01f4 40       		.byte	64
 530 01f5 45       		.byte	69
 531 01f6 43       		.byte	67
 532 01f7 08       		.byte	8
 533 01f8 44       		.byte	68
 534 01f9 10       		.byte	16
 535 01fa 45       		.byte	69
 536 01fb 08       		.byte	8
 537 01fc 47       		.byte	71
 538 01fd 10       		.byte	16
 539 01fe 49       		.byte	73
 540 01ff 04       		.byte	4
 541 0200 4B       		.byte	75
 542 0201 10       		.byte	16
 543 0202 4F       		.byte	79
 544 0203 01       		.byte	1
 545 0204 53       		.byte	83
 546 0205 01       		.byte	1
 547 0206 56       		.byte	86
 548 0207 20       		.byte	32
 549 0208 59       		.byte	89
 550 0209 01       		.byte	1
 551 020a 69       		.byte	105
 552 020b 10       		.byte	16
 553 020c 6A       		.byte	106
 554 020d 04       		.byte	4
 555 020e 6B       		.byte	107
 556 020f 01       		.byte	1
 557 0210 70       		.byte	112
 558 0211 94       		.byte	-108
 559 0212 73       		.byte	115
 560 0213 24       		.byte	36
 561 0214 8C       		.byte	-116
 562 0215 01       		.byte	1
 563 0216 8D       		.byte	-115
 564 0217 40       		.byte	64
 565 0218 8F       		.byte	-113
 566 0219 80       		.byte	-128
 567 021a 90       		.byte	-112
 568 021b 40       		.byte	64
 569 021c 92       		.byte	-110
 570 021d 20       		.byte	32
ARM GAS  C:\Users\swaga\AppData\Local\Temp\cc2jIU5p.s 			page 11


 571 021e 93       		.byte	-109
 572 021f 80       		.byte	-128
 573 0220 94       		.byte	-108
 574 0221 02       		.byte	2
 575 0222 95       		.byte	-107
 576 0223 10       		.byte	16
 577 0224 96       		.byte	-106
 578 0225 04       		.byte	4
 579 0226 97       		.byte	-105
 580 0227 12       		.byte	18
 581 0228 99       		.byte	-103
 582 0229 40       		.byte	64
 583 022a 9A       		.byte	-102
 584 022b 01       		.byte	1
 585 022c 9C       		.byte	-100
 586 022d 50       		.byte	80
 587 022e 9D       		.byte	-99
 588 022f 14       		.byte	20
 589 0230 9E       		.byte	-98
 590 0231 10       		.byte	16
 591 0232 9F       		.byte	-97
 592 0233 07       		.byte	7
 593 0234 A0       		.byte	-96
 594 0235 10       		.byte	16
 595 0236 A5       		.byte	-91
 596 0237 03       		.byte	3
 597 0238 A7       		.byte	-89
 598 0239 80       		.byte	-128
 599 023a B4       		.byte	-76
 600 023b 20       		.byte	32
 601 023c B7       		.byte	-73
 602 023d 04       		.byte	4
 603 023e C0       		.byte	-64
 604 023f FF       		.byte	-1
 605 0240 C2       		.byte	-62
 606 0241 AD       		.byte	-83
 607 0242 C4       		.byte	-60
 608 0243 3F       		.byte	63
 609 0244 CA       		.byte	-54
 610 0245 EF       		.byte	-17
 611 0246 CC       		.byte	-52
 612 0247 AF       		.byte	-81
 613 0248 CE       		.byte	-50
 614 0249 8F       		.byte	-113
 615 024a D0       		.byte	-48
 616 024b 2F       		.byte	47
 617 024c D2       		.byte	-46
 618 024d 04       		.byte	4
 619 024e D6       		.byte	-42
 620 024f 01       		.byte	1
 621 0250 8C       		.byte	-116
 622 0251 02       		.byte	2
 623 0252 E4       		.byte	-28
 624 0253 02       		.byte	2
 625 0254 12       		.byte	18
 626 0255 80       		.byte	-128
 627 0256 74       		.byte	116
ARM GAS  C:\Users\swaga\AppData\Local\Temp\cc2jIU5p.s 			page 12


 628 0257 02       		.byte	2
 629 0258 8E       		.byte	-114
 630 0259 80       		.byte	-128
 631 025a A0       		.byte	-96
 632 025b 02       		.byte	2
 633 025c C4       		.byte	-60
 634 025d 08       		.byte	8
 635 025e DE       		.byte	-34
 636 025f 04       		.byte	4
 637 0260 E2       		.byte	-30
 638 0261 02       		.byte	2
 639 0262 10       		.byte	16
 640 0263 01       		.byte	1
 641 0264 1C       		.byte	28
 642 0265 01       		.byte	1
 643 0266 00       		.byte	0
 644 0267 00       		.byte	0
 645 0268 80       		.byte	-128
 646 0269 80       		.byte	-128
 647 026a 00       		.byte	0
 648 026b 00       		.byte	0
 649 026c 40       		.byte	64
 650 026d 00       		.byte	0
 651 026e 00       		.byte	0
 652 026f 00       		.byte	0
 653 0270 02       		.byte	2
 654 0271 01       		.byte	1
 655 0272 00       		.byte	0
 656 0273 40       		.byte	64
 657 0274 33       		.byte	51
 658 0275 18       		.byte	24
 659 0276 0C       		.byte	12
 660 0277 00       		.byte	0
 661 0278 3F       		.byte	63
 662 0279 08       		.byte	8
 663 027a 00       		.byte	0
 664 027b 00       		.byte	0
 665 027c 00       		.byte	0
 666 027d 00       		.byte	0
 667 027e 23       		.byte	35
 668 027f 26       		.byte	38
 669 0280 1C       		.byte	28
 670 0281 39       		.byte	57
 671 0282 23       		.byte	35
 672 0283 04       		.byte	4
 673 0284 03       		.byte	3
 674 0285 3F       		.byte	63
 675 0286 00       		.byte	0
 676 0287 00       		.byte	0
 677 0288 00       		.byte	0
 678 0289 00       		.byte	0
 679 028a 00       		.byte	0
 680 028b 80       		.byte	-128
 681 028c 1F       		.byte	31
 682 028d 10       		.byte	16
 683 028e 20       		.byte	32
 684 028f 00       		.byte	0
ARM GAS  C:\Users\swaga\AppData\Local\Temp\cc2jIU5p.s 			page 13


 685 0290 08       		.byte	8
 686 0291 19       		.byte	25
 687 0292 00       		.byte	0
 688 0293 22       		.byte	34
 689 0294 04       		.byte	4
 690 0295 00       		.byte	0
 691 0296 00       		.byte	0
 692 0297 01       		.byte	1
 693 0298 0C       		.byte	12
 694 0299 27       		.byte	39
 695 029a 00       		.byte	0
 696 029b 18       		.byte	24
 697 029c 01       		.byte	1
 698 029d 00       		.byte	0
 699 029e 40       		.byte	64
 700 029f 40       		.byte	64
 701 02a0 10       		.byte	16
 702 02a1 1F       		.byte	31
 703 02a2 40       		.byte	64
 704 02a3 38       		.byte	56
 705 02a4 0F       		.byte	15
 706 02a5 00       		.byte	0
 707 02a6 2C       		.byte	44
 708 02a7 C0       		.byte	-64
 709 02a8 00       		.byte	0
 710 02a9 00       		.byte	0
 711 02aa A0       		.byte	-96
 712 02ab 02       		.byte	2
 713 02ac 00       		.byte	0
 714 02ad 00       		.byte	0
 715 02ae 01       		.byte	1
 716 02af 40       		.byte	64
 717 02b0 24       		.byte	36
 718 02b1 03       		.byte	3
 719 02b2 06       		.byte	6
 720 02b3 00       		.byte	0
 721 02b4 01       		.byte	1
 722 02b5 0C       		.byte	12
 723 02b6 00       		.byte	0
 724 02b7 E0       		.byte	-32
 725 02b8 21       		.byte	33
 726 02b9 FF       		.byte	-1
 727 02ba FF       		.byte	-1
 728 02bb FF       		.byte	-1
 729 02bc 62       		.byte	98
 730 02bd A0       		.byte	-96
 731 02be F0       		.byte	-16
 732 02bf 41       		.byte	65
 733 02c0 0C       		.byte	12
 734 02c1 00       		.byte	0
 735 02c2 00       		.byte	0
 736 02c3 00       		.byte	0
 737 02c4 00       		.byte	0
 738 02c5 00       		.byte	0
 739 02c6 02       		.byte	2
 740 02c7 13       		.byte	19
 741 02c8 04       		.byte	4
ARM GAS  C:\Users\swaga\AppData\Local\Temp\cc2jIU5p.s 			page 14


 742 02c9 04       		.byte	4
 743 02ca 04       		.byte	4
 744 02cb 04       		.byte	4
 745 02cc 00       		.byte	0
 746 02cd 00       		.byte	0
 747 02ce 00       		.byte	0
 748 02cf 01       		.byte	1
 749 02d0 00       		.byte	0
 750 02d1 00       		.byte	0
 751 02d2 00       		.byte	0
 752 02d3 00       		.byte	0
 753 02d4 00       		.byte	0
 754 02d5 00       		.byte	0
 755 02d6 40       		.byte	64
 756 02d7 02       		.byte	2
 757 02d8 00       		.byte	0
 758 02d9 10       		.byte	16
 759 02da 30       		.byte	48
 760 02db 10       		.byte	16
 761 02dc 00       		.byte	0
 762 02dd 10       		.byte	16
 763 02de 10       		.byte	16
 764 02df 12       		.byte	18
 765 02e0 00       		.byte	0
 766 02e1 00       		.byte	0
 767 02e2 00       		.byte	0
 768 02e3 00       		.byte	0
 769 02e4 00       		.byte	0
 770 02e5 00       		.byte	0
 771 02e6 00       		.byte	0
 772 02e7 00       		.byte	0
 773 02e8 00       		.byte	0
 774 02e9 00       		.byte	0
 775 02ea 00       		.byte	0
 776 02eb 00       		.byte	0
 777 02ec 00       		.byte	0
 778 02ed 00       		.byte	0
 779 02ee 00       		.byte	0
 780 02ef 00       		.byte	0
 781 02f0 80       		.byte	-128
 782 02f1 00       		.byte	0
 783 02f2 40       		.byte	64
 784 02f3 80       		.byte	-128
 785 02f4 80       		.byte	-128
 786 02f5 00       		.byte	0
 787 02f6 80       		.byte	-128
 788 02f7 00       		.byte	0
 789 02f8 00       		.byte	0
 790 02f9 00       		.byte	0
 791 02fa 00       		.byte	0
 792 02fb 00       		.byte	0
 793 02fc 00       		.byte	0
 794 02fd 0B       		.byte	11
 795 02fe 0B       		.byte	11
 796 02ff 00       		.byte	0
 797 0300 00       		.byte	0
 798 0301 00       		.byte	0
ARM GAS  C:\Users\swaga\AppData\Local\Temp\cc2jIU5p.s 			page 15


 799 0302 00       		.byte	0
 800 0303 00       		.byte	0
 801 0304 04       		.byte	4
 802 0305 00       		.byte	0
 803 0306 00       		.byte	0
 804 0307 06       		.byte	6
 805 0308 02       		.byte	2
 806 0309 00       		.byte	0
 807 030a 00       		.byte	0
 808 030b 00       		.byte	0
 809 030c 00       		.byte	0
 810 030d 00       		.byte	0
 811 030e 00       		.byte	0
 812 030f 00       		.byte	0
 813              		.section	.cywolatch,"a",%progbits
 814              		.align	2
 815              		.type	cy_meta_wonvl, %object
 816              		.size	cy_meta_wonvl, 4
 817              	cy_meta_wonvl:
 818 0000 BC       		.byte	-68
 819 0001 90       		.byte	-112
 820 0002 AC       		.byte	-84
 821 0003 AF       		.byte	-81
 822              		.section	.cycustnvl,"a",%progbits
 823              		.align	2
 824              		.type	cy_meta_custnvl, %object
 825              		.size	cy_meta_custnvl, 4
 826              	cy_meta_custnvl:
 827 0000 00       		.byte	0
 828 0001 00       		.byte	0
 829 0002 40       		.byte	64
 830 0003 05       		.byte	5
 831              		.section	.cymeta,"a",%progbits
 832              		.align	2
 833              		.type	cy_metadata, %object
 834              		.size	cy_metadata, 12
 835              	cy_metadata:
 836 0000 00       		.byte	0
 837 0001 01       		.byte	1
 838 0002 2E       		.byte	46
 839 0003 16       		.byte	22
 840 0004 10       		.byte	16
 841 0005 69       		.byte	105
 842 0006 00       		.byte	0
 843 0007 01       		.byte	1
 844 0008 00       		.byte	0
 845 0009 00       		.byte	0
 846 000a 00       		.byte	0
 847 000b 00       		.byte	0
 848              		.section	.cyflashprotect,"a",%progbits
 849              		.align	2
 850              		.type	cy_meta_flashprotect, %object
 851              		.size	cy_meta_flashprotect, 256
 852              	cy_meta_flashprotect:
 853 0000 00000000 		.space	256
 853      00000000 
 853      00000000 
ARM GAS  C:\Users\swaga\AppData\Local\Temp\cc2jIU5p.s 			page 16


 853      00000000 
 853      00000000 
 854              		.text
 855              	.Letext0:
 856              		.file 1 "c:\\program files (x86)\\cypress\\psoc creator\\4.2\\psoc creator\\import\\gnu\\arm\\5.4.
 857              		.file 2 "c:\\program files (x86)\\cypress\\psoc creator\\4.2\\psoc creator\\import\\gnu\\arm\\5.4.
 858              		.file 3 "Generated_Source\\PSoC5\\cymetadata.c"
 859              		.section	.debug_info,"",%progbits
 860              	.Ldebug_info0:
 861 0000 31010000 		.4byte	0x131
 862 0004 0400     		.2byte	0x4
 863 0006 00000000 		.4byte	.Ldebug_abbrev0
 864 000a 04       		.byte	0x4
 865 000b 01       		.uleb128 0x1
 866 000c 24000000 		.4byte	.LASF17
 867 0010 0C       		.byte	0xc
 868 0011 C6010000 		.4byte	.LASF18
 869 0015 F9000000 		.4byte	.LASF19
 870 0019 00000000 		.4byte	.Ldebug_line0
 871 001d 02       		.uleb128 0x2
 872 001e 01       		.byte	0x1
 873 001f 06       		.byte	0x6
 874 0020 BA010000 		.4byte	.LASF0
 875 0024 03       		.uleb128 0x3
 876 0025 00000000 		.4byte	.LASF9
 877 0029 01       		.byte	0x1
 878 002a 1D       		.byte	0x1d
 879 002b 2F000000 		.4byte	0x2f
 880 002f 02       		.uleb128 0x2
 881 0030 01       		.byte	0x1
 882 0031 08       		.byte	0x8
 883 0032 16000000 		.4byte	.LASF1
 884 0036 02       		.uleb128 0x2
 885 0037 02       		.byte	0x2
 886 0038 05       		.byte	0x5
 887 0039 A7010000 		.4byte	.LASF2
 888 003d 02       		.uleb128 0x2
 889 003e 02       		.byte	0x2
 890 003f 07       		.byte	0x7
 891 0040 C4000000 		.4byte	.LASF3
 892 0044 02       		.uleb128 0x2
 893 0045 04       		.byte	0x4
 894 0046 05       		.byte	0x5
 895 0047 B1010000 		.4byte	.LASF4
 896 004b 02       		.uleb128 0x2
 897 004c 04       		.byte	0x4
 898 004d 07       		.byte	0x7
 899 004e B2000000 		.4byte	.LASF5
 900 0052 02       		.uleb128 0x2
 901 0053 08       		.byte	0x8
 902 0054 05       		.byte	0x5
 903 0055 99010000 		.4byte	.LASF6
 904 0059 02       		.uleb128 0x2
 905 005a 08       		.byte	0x8
 906 005b 07       		.byte	0x7
 907 005c 4E010000 		.4byte	.LASF7
 908 0060 04       		.uleb128 0x4
ARM GAS  C:\Users\swaga\AppData\Local\Temp\cc2jIU5p.s 			page 17


 909 0061 04       		.byte	0x4
 910 0062 05       		.byte	0x5
 911 0063 696E7400 		.ascii	"int\000"
 912 0067 02       		.uleb128 0x2
 913 0068 04       		.byte	0x4
 914 0069 07       		.byte	0x7
 915 006a 41010000 		.4byte	.LASF8
 916 006e 03       		.uleb128 0x3
 917 006f 65010000 		.4byte	.LASF10
 918 0073 02       		.byte	0x2
 919 0074 18       		.byte	0x18
 920 0075 24000000 		.4byte	0x24
 921 0079 05       		.uleb128 0x5
 922 007a 91000000 		.4byte	0x91
 923 007e 8A000000 		.4byte	0x8a
 924 0082 06       		.uleb128 0x6
 925 0083 8A000000 		.4byte	0x8a
 926 0087 0F03     		.2byte	0x30f
 927 0089 00       		.byte	0
 928 008a 02       		.uleb128 0x2
 929 008b 04       		.byte	0x4
 930 008c 07       		.byte	0x7
 931 008d 90010000 		.4byte	.LASF11
 932 0091 07       		.uleb128 0x7
 933 0092 6E000000 		.4byte	0x6e
 934 0096 08       		.uleb128 0x8
 935 0097 E7000000 		.4byte	.LASF12
 936 009b 03       		.byte	0x3
 937 009c 1F       		.byte	0x1f
 938 009d A7000000 		.4byte	0xa7
 939 00a1 05       		.uleb128 0x5
 940 00a2 03       		.byte	0x3
 941 00a3 00000000 		.4byte	cy_meta_configecc
 942 00a7 07       		.uleb128 0x7
 943 00a8 79000000 		.4byte	0x79
 944 00ac 05       		.uleb128 0x5
 945 00ad 91000000 		.4byte	0x91
 946 00b1 BC000000 		.4byte	0xbc
 947 00b5 09       		.uleb128 0x9
 948 00b6 8A000000 		.4byte	0x8a
 949 00ba 03       		.byte	0x3
 950 00bb 00       		.byte	0
 951 00bc 08       		.uleb128 0x8
 952 00bd D7000000 		.4byte	.LASF13
 953 00c1 03       		.byte	0x3
 954 00c2 8E       		.byte	0x8e
 955 00c3 CD000000 		.4byte	0xcd
 956 00c7 05       		.uleb128 0x5
 957 00c8 03       		.byte	0x3
 958 00c9 00000000 		.4byte	cy_meta_custnvl
 959 00cd 07       		.uleb128 0x7
 960 00ce AC000000 		.4byte	0xac
 961 00d2 08       		.uleb128 0x8
 962 00d3 82010000 		.4byte	.LASF14
 963 00d7 03       		.byte	0x3
 964 00d8 9C       		.byte	0x9c
 965 00d9 E3000000 		.4byte	0xe3
ARM GAS  C:\Users\swaga\AppData\Local\Temp\cc2jIU5p.s 			page 18


 966 00dd 05       		.uleb128 0x5
 967 00de 03       		.byte	0x3
 968 00df 00000000 		.4byte	cy_meta_wonvl
 969 00e3 07       		.uleb128 0x7
 970 00e4 AC000000 		.4byte	0xac
 971 00e8 05       		.uleb128 0x5
 972 00e9 91000000 		.4byte	0x91
 973 00ed F8000000 		.4byte	0xf8
 974 00f1 09       		.uleb128 0x9
 975 00f2 8A000000 		.4byte	0x8a
 976 00f6 FF       		.byte	0xff
 977 00f7 00       		.byte	0
 978 00f8 08       		.uleb128 0x8
 979 00f9 6D010000 		.4byte	.LASF15
 980 00fd 03       		.byte	0x3
 981 00fe AA       		.byte	0xaa
 982 00ff 09010000 		.4byte	0x109
 983 0103 05       		.uleb128 0x5
 984 0104 03       		.byte	0x3
 985 0105 00000000 		.4byte	cy_meta_flashprotect
 986 0109 07       		.uleb128 0x7
 987 010a E8000000 		.4byte	0xe8
 988 010e 05       		.uleb128 0x5
 989 010f 91000000 		.4byte	0x91
 990 0113 1E010000 		.4byte	0x11e
 991 0117 09       		.uleb128 0x9
 992 0118 8A000000 		.4byte	0x8a
 993 011c 0B       		.byte	0xb
 994 011d 00       		.byte	0
 995 011e 08       		.uleb128 0x8
 996 011f 0A000000 		.4byte	.LASF16
 997 0123 03       		.byte	0x3
 998 0124 D7       		.byte	0xd7
 999 0125 2F010000 		.4byte	0x12f
 1000 0129 05       		.uleb128 0x5
 1001 012a 03       		.byte	0x3
 1002 012b 00000000 		.4byte	cy_metadata
 1003 012f 07       		.uleb128 0x7
 1004 0130 0E010000 		.4byte	0x10e
 1005 0134 00       		.byte	0
 1006              		.section	.debug_abbrev,"",%progbits
 1007              	.Ldebug_abbrev0:
 1008 0000 01       		.uleb128 0x1
 1009 0001 11       		.uleb128 0x11
 1010 0002 01       		.byte	0x1
 1011 0003 25       		.uleb128 0x25
 1012 0004 0E       		.uleb128 0xe
 1013 0005 13       		.uleb128 0x13
 1014 0006 0B       		.uleb128 0xb
 1015 0007 03       		.uleb128 0x3
 1016 0008 0E       		.uleb128 0xe
 1017 0009 1B       		.uleb128 0x1b
 1018 000a 0E       		.uleb128 0xe
 1019 000b 10       		.uleb128 0x10
 1020 000c 17       		.uleb128 0x17
 1021 000d 00       		.byte	0
 1022 000e 00       		.byte	0
ARM GAS  C:\Users\swaga\AppData\Local\Temp\cc2jIU5p.s 			page 19


 1023 000f 02       		.uleb128 0x2
 1024 0010 24       		.uleb128 0x24
 1025 0011 00       		.byte	0
 1026 0012 0B       		.uleb128 0xb
 1027 0013 0B       		.uleb128 0xb
 1028 0014 3E       		.uleb128 0x3e
 1029 0015 0B       		.uleb128 0xb
 1030 0016 03       		.uleb128 0x3
 1031 0017 0E       		.uleb128 0xe
 1032 0018 00       		.byte	0
 1033 0019 00       		.byte	0
 1034 001a 03       		.uleb128 0x3
 1035 001b 16       		.uleb128 0x16
 1036 001c 00       		.byte	0
 1037 001d 03       		.uleb128 0x3
 1038 001e 0E       		.uleb128 0xe
 1039 001f 3A       		.uleb128 0x3a
 1040 0020 0B       		.uleb128 0xb
 1041 0021 3B       		.uleb128 0x3b
 1042 0022 0B       		.uleb128 0xb
 1043 0023 49       		.uleb128 0x49
 1044 0024 13       		.uleb128 0x13
 1045 0025 00       		.byte	0
 1046 0026 00       		.byte	0
 1047 0027 04       		.uleb128 0x4
 1048 0028 24       		.uleb128 0x24
 1049 0029 00       		.byte	0
 1050 002a 0B       		.uleb128 0xb
 1051 002b 0B       		.uleb128 0xb
 1052 002c 3E       		.uleb128 0x3e
 1053 002d 0B       		.uleb128 0xb
 1054 002e 03       		.uleb128 0x3
 1055 002f 08       		.uleb128 0x8
 1056 0030 00       		.byte	0
 1057 0031 00       		.byte	0
 1058 0032 05       		.uleb128 0x5
 1059 0033 01       		.uleb128 0x1
 1060 0034 01       		.byte	0x1
 1061 0035 49       		.uleb128 0x49
 1062 0036 13       		.uleb128 0x13
 1063 0037 01       		.uleb128 0x1
 1064 0038 13       		.uleb128 0x13
 1065 0039 00       		.byte	0
 1066 003a 00       		.byte	0
 1067 003b 06       		.uleb128 0x6
 1068 003c 21       		.uleb128 0x21
 1069 003d 00       		.byte	0
 1070 003e 49       		.uleb128 0x49
 1071 003f 13       		.uleb128 0x13
 1072 0040 2F       		.uleb128 0x2f
 1073 0041 05       		.uleb128 0x5
 1074 0042 00       		.byte	0
 1075 0043 00       		.byte	0
 1076 0044 07       		.uleb128 0x7
 1077 0045 26       		.uleb128 0x26
 1078 0046 00       		.byte	0
 1079 0047 49       		.uleb128 0x49
ARM GAS  C:\Users\swaga\AppData\Local\Temp\cc2jIU5p.s 			page 20


 1080 0048 13       		.uleb128 0x13
 1081 0049 00       		.byte	0
 1082 004a 00       		.byte	0
 1083 004b 08       		.uleb128 0x8
 1084 004c 34       		.uleb128 0x34
 1085 004d 00       		.byte	0
 1086 004e 03       		.uleb128 0x3
 1087 004f 0E       		.uleb128 0xe
 1088 0050 3A       		.uleb128 0x3a
 1089 0051 0B       		.uleb128 0xb
 1090 0052 3B       		.uleb128 0x3b
 1091 0053 0B       		.uleb128 0xb
 1092 0054 49       		.uleb128 0x49
 1093 0055 13       		.uleb128 0x13
 1094 0056 3F       		.uleb128 0x3f
 1095 0057 19       		.uleb128 0x19
 1096 0058 02       		.uleb128 0x2
 1097 0059 18       		.uleb128 0x18
 1098 005a 00       		.byte	0
 1099 005b 00       		.byte	0
 1100 005c 09       		.uleb128 0x9
 1101 005d 21       		.uleb128 0x21
 1102 005e 00       		.byte	0
 1103 005f 49       		.uleb128 0x49
 1104 0060 13       		.uleb128 0x13
 1105 0061 2F       		.uleb128 0x2f
 1106 0062 0B       		.uleb128 0xb
 1107 0063 00       		.byte	0
 1108 0064 00       		.byte	0
 1109 0065 00       		.byte	0
 1110              		.section	.debug_aranges,"",%progbits
 1111 0000 14000000 		.4byte	0x14
 1112 0004 0200     		.2byte	0x2
 1113 0006 00000000 		.4byte	.Ldebug_info0
 1114 000a 04       		.byte	0x4
 1115 000b 00       		.byte	0
 1116 000c 0000     		.2byte	0
 1117 000e 0000     		.2byte	0
 1118 0010 00000000 		.4byte	0
 1119 0014 00000000 		.4byte	0
 1120              		.section	.debug_line,"",%progbits
 1121              	.Ldebug_line0:
 1122 0000 3D010000 		.section	.debug_str,"MS",%progbits,1
 1122      02003701 
 1122      00000201 
 1122      FB0E0D00 
 1122      01010101 
 1123              	.LASF9:
 1124 0000 5F5F7569 		.ascii	"__uint8_t\000"
 1124      6E74385F 
 1124      7400
 1125              	.LASF16:
 1126 000a 63795F6D 		.ascii	"cy_metadata\000"
 1126      65746164 
 1126      61746100 
 1127              	.LASF1:
 1128 0016 756E7369 		.ascii	"unsigned char\000"
ARM GAS  C:\Users\swaga\AppData\Local\Temp\cc2jIU5p.s 			page 21


 1128      676E6564 
 1128      20636861 
 1128      7200
 1129              	.LASF17:
 1130 0024 474E5520 		.ascii	"GNU C11 5.4.1 20160609 (release) [ARM/embedded-5-br"
 1130      43313120 
 1130      352E342E 
 1130      31203230 
 1130      31363036 
 1131 0057 616E6368 		.ascii	"anch revision 237715] -mcpu=cortex-m3 -mthumb -g -O"
 1131      20726576 
 1131      6973696F 
 1131      6E203233 
 1131      37373135 
 1132 008a 67202D66 		.ascii	"g -ffunction-sections -ffat-lto-objects\000"
 1132      66756E63 
 1132      74696F6E 
 1132      2D736563 
 1132      74696F6E 
 1133              	.LASF5:
 1134 00b2 6C6F6E67 		.ascii	"long unsigned int\000"
 1134      20756E73 
 1134      69676E65 
 1134      6420696E 
 1134      7400
 1135              	.LASF3:
 1136 00c4 73686F72 		.ascii	"short unsigned int\000"
 1136      7420756E 
 1136      7369676E 
 1136      65642069 
 1136      6E7400
 1137              	.LASF13:
 1138 00d7 63795F6D 		.ascii	"cy_meta_custnvl\000"
 1138      6574615F 
 1138      63757374 
 1138      6E766C00 
 1139              	.LASF12:
 1140 00e7 63795F6D 		.ascii	"cy_meta_configecc\000"
 1140      6574615F 
 1140      636F6E66 
 1140      69676563 
 1140      6300
 1141              	.LASF19:
 1142 00f9 443A5C68 		.ascii	"D:\\h_da\\Lecturs\\Basic Embedded\\Embedded_basics\\"
 1142      5F64615C 
 1142      4C656374 
 1142      7572735C 
 1142      42617369 
 1143 0128 30365F55 		.ascii	"06_UART_LED_STATUS.cydsn\000"
 1143      4152545F 
 1143      4C45445F 
 1143      53544154 
 1143      55532E63 
 1144              	.LASF8:
 1145 0141 756E7369 		.ascii	"unsigned int\000"
 1145      676E6564 
 1145      20696E74 
ARM GAS  C:\Users\swaga\AppData\Local\Temp\cc2jIU5p.s 			page 22


 1145      00
 1146              	.LASF7:
 1147 014e 6C6F6E67 		.ascii	"long long unsigned int\000"
 1147      206C6F6E 
 1147      6720756E 
 1147      7369676E 
 1147      65642069 
 1148              	.LASF10:
 1149 0165 75696E74 		.ascii	"uint8_t\000"
 1149      385F7400 
 1150              	.LASF15:
 1151 016d 63795F6D 		.ascii	"cy_meta_flashprotect\000"
 1151      6574615F 
 1151      666C6173 
 1151      6870726F 
 1151      74656374 
 1152              	.LASF14:
 1153 0182 63795F6D 		.ascii	"cy_meta_wonvl\000"
 1153      6574615F 
 1153      776F6E76 
 1153      6C00
 1154              	.LASF11:
 1155 0190 73697A65 		.ascii	"sizetype\000"
 1155      74797065 
 1155      00
 1156              	.LASF6:
 1157 0199 6C6F6E67 		.ascii	"long long int\000"
 1157      206C6F6E 
 1157      6720696E 
 1157      7400
 1158              	.LASF2:
 1159 01a7 73686F72 		.ascii	"short int\000"
 1159      7420696E 
 1159      7400
 1160              	.LASF4:
 1161 01b1 6C6F6E67 		.ascii	"long int\000"
 1161      20696E74 
 1161      00
 1162              	.LASF0:
 1163 01ba 7369676E 		.ascii	"signed char\000"
 1163      65642063 
 1163      68617200 
 1164              	.LASF18:
 1165 01c6 47656E65 		.ascii	"Generated_Source\\PSoC5\\cymetadata.c\000"
 1165      72617465 
 1165      645F536F 
 1165      75726365 
 1165      5C50536F 
 1166              		.ident	"GCC: (GNU Tools for ARM Embedded Processors) 5.4.1 20160609 (release) [ARM/embedded-5-bran
