ARM GAS  C:\Users\swaga\AppData\Local\Temp\ccY5PZrz.s 			page 1


   1              		.syntax unified
   2              		.cpu cortex-m3
   3              		.fpu softvfp
   4              		.eabi_attribute 20, 1
   5              		.eabi_attribute 21, 1
   6              		.eabi_attribute 23, 3
   7              		.eabi_attribute 24, 1
   8              		.eabi_attribute 25, 1
   9              		.eabi_attribute 26, 1
  10              		.eabi_attribute 30, 1
  11              		.eabi_attribute 34, 1
  12              		.eabi_attribute 18, 4
  13              		.thumb
  14              		.syntax unified
  15              		.file	"main.c"
  16              		.text
  17              	.Ltext0:
  18              		.cfi_sections	.debug_frame
  19              		.section	.text.main,"ax",%progbits
  20              		.align	2
  21              		.global	main
  22              		.thumb
  23              		.thumb_func
  24              		.type	main, %function
  25              	main:
  26              	.LFB63:
  27              		.file 1 "main.c"
   1:main.c        **** 
   2:main.c        **** #include "project.h"
   3:main.c        **** CY_ISR_PROTO(isr_button_Handler);
   4:main.c        **** uint8 button_state;
   5:main.c        **** int main(void)
   6:main.c        **** {
  28              		.loc 1 6 0
  29              		.cfi_startproc
  30              		@ Volatile: function does not return.
  31              		@ args = 0, pretend = 0, frame = 0
  32              		@ frame_needed = 0, uses_anonymous_args = 0
  33 0000 08B5     		push	{r3, lr}
  34              		.cfi_def_cfa_offset 8
  35              		.cfi_offset 3, -8
  36              		.cfi_offset 14, -4
   7:main.c        ****     CyGlobalIntEnable; /* Enable global interrupts. */
  37              		.loc 1 7 0
  38              		.syntax unified
  39              	@ 7 "main.c" 1
  40 0002 62B6     		CPSIE   i
  41              	@ 0 "" 2
   8:main.c        **** 
   9:main.c        ****    
  10:main.c        ****       //  uint8 led_state;
  11:main.c        ****     UART_Start();
  42              		.loc 1 11 0
  43              		.thumb
  44              		.syntax unified
  45 0004 FFF7FEFF 		bl	UART_Start
  46              	.LVL0:
ARM GAS  C:\Users\swaga\AppData\Local\Temp\ccY5PZrz.s 			page 2


  47              	.L4:
  12:main.c        ****    // isr_button_StartEx(isr_button_Handler);
  13:main.c        ****     for(;;)
  14:main.c        ****     {   
  15:main.c        ****         
  16:main.c        ****         button_state= button_Read();
  48              		.loc 1 16 0
  49 0008 FFF7FEFF 		bl	button_Read
  50              	.LVL1:
  51 000c 0A4B     		ldr	r3, .L6
  52 000e 1870     		strb	r0, [r3]
  17:main.c        ****         if (button_state==0){
  53              		.loc 1 17 0
  54 0010 30B9     		cbnz	r0, .L2
  18:main.c        ****              led_Write(1);
  55              		.loc 1 18 0
  56 0012 0120     		movs	r0, #1
  57 0014 FFF7FEFF 		bl	led_Write
  58              	.LVL2:
  19:main.c        ****              UART_PutString("LED ON!!!\n");
  59              		.loc 1 19 0
  60 0018 0848     		ldr	r0, .L6+4
  61 001a FFF7FEFF 		bl	UART_PutString
  62              	.LVL3:
  63 001e 05E0     		b	.L3
  64              	.L2:
  20:main.c        ****              }
  21:main.c        ****         
  22:main.c        ****         else{
  23:main.c        ****              led_Write(0);
  65              		.loc 1 23 0
  66 0020 0020     		movs	r0, #0
  67 0022 FFF7FEFF 		bl	led_Write
  68              	.LVL4:
  24:main.c        ****              UART_PutString("LED OFF!!!\n");
  69              		.loc 1 24 0
  70 0026 0648     		ldr	r0, .L6+8
  71 0028 FFF7FEFF 		bl	UART_PutString
  72              	.LVL5:
  73              	.L3:
  25:main.c        ****     
  26:main.c        ****            }
  27:main.c        ****         CyDelay(1000);
  74              		.loc 1 27 0
  75 002c 4FF47A70 		mov	r0, #1000
  76 0030 FFF7FEFF 		bl	CyDelay
  77              	.LVL6:
  28:main.c        ****     }
  78              		.loc 1 28 0
  79 0034 E8E7     		b	.L4
  80              	.L7:
  81 0036 00BF     		.align	2
  82              	.L6:
  83 0038 00000000 		.word	button_state
  84 003c 00000000 		.word	.LC0
  85 0040 0C000000 		.word	.LC1
  86              		.cfi_endproc
ARM GAS  C:\Users\swaga\AppData\Local\Temp\ccY5PZrz.s 			page 3


  87              	.LFE63:
  88              		.size	main, .-main
  89              		.section	.text.isr_button_Handler,"ax",%progbits
  90              		.align	2
  91              		.global	isr_button_Handler
  92              		.thumb
  93              		.thumb_func
  94              		.type	isr_button_Handler, %function
  95              	isr_button_Handler:
  96              	.LFB64:
  29:main.c        ****     
  30:main.c        **** }
  31:main.c        ****     CY_ISR(isr_button_Handler)
  32:main.c        ****     {   
  97              		.loc 1 32 0
  98              		.cfi_startproc
  99              		@ args = 0, pretend = 0, frame = 0
 100              		@ frame_needed = 0, uses_anonymous_args = 0
 101 0000 08B5     		push	{r3, lr}
 102              		.cfi_def_cfa_offset 8
 103              		.cfi_offset 3, -8
 104              		.cfi_offset 14, -4
  33:main.c        ****         button_ClearInterrupt();
 105              		.loc 1 33 0
 106 0002 FFF7FEFF 		bl	button_ClearInterrupt
 107              	.LVL7:
  34:main.c        ****         button_state= button_Read();
 108              		.loc 1 34 0
 109 0006 FFF7FEFF 		bl	button_Read
 110              	.LVL8:
 111 000a 0A4B     		ldr	r3, .L12
 112 000c 1870     		strb	r0, [r3]
  35:main.c        ****         if (button_state==0){
 113              		.loc 1 35 0
 114 000e 40B9     		cbnz	r0, .L9
  36:main.c        ****              led_Write(1);
 115              		.loc 1 36 0
 116 0010 0120     		movs	r0, #1
 117 0012 FFF7FEFF 		bl	led_Write
 118              	.LVL9:
  37:main.c        ****              UART_PutString("LED ON!!!\r\n");
 119              		.loc 1 37 0
 120 0016 0848     		ldr	r0, .L12+4
 121 0018 FFF7FEFF 		bl	UART_PutString
 122              	.LVL10:
  38:main.c        ****              UART_ClearTxBuffer();
 123              		.loc 1 38 0
 124 001c FFF7FEFF 		bl	UART_ClearTxBuffer
 125              	.LVL11:
 126 0020 08BD     		pop	{r3, pc}
 127              	.L9:
  39:main.c        ****              //UART_Stop();
  40:main.c        ****             }
  41:main.c        ****        
  42:main.c        ****         else
  43:main.c        ****             {//UART_Start();
  44:main.c        ****              led_Write(0);
ARM GAS  C:\Users\swaga\AppData\Local\Temp\ccY5PZrz.s 			page 4


 128              		.loc 1 44 0
 129 0022 0020     		movs	r0, #0
 130 0024 FFF7FEFF 		bl	led_Write
 131              	.LVL12:
  45:main.c        ****              UART_PutString("LED OFF!!\r\n");
 132              		.loc 1 45 0
 133 0028 0448     		ldr	r0, .L12+8
 134 002a FFF7FEFF 		bl	UART_PutString
 135              	.LVL13:
  46:main.c        ****              UART_ClearTxBuffer();
 136              		.loc 1 46 0
 137 002e FFF7FEFF 		bl	UART_ClearTxBuffer
 138              	.LVL14:
 139 0032 08BD     		pop	{r3, pc}
 140              	.L13:
 141              		.align	2
 142              	.L12:
 143 0034 00000000 		.word	button_state
 144 0038 18000000 		.word	.LC2
 145 003c 24000000 		.word	.LC3
 146              		.cfi_endproc
 147              	.LFE64:
 148              		.size	isr_button_Handler, .-isr_button_Handler
 149              		.comm	button_state,1,1
 150              		.section	.rodata.str1.4,"aMS",%progbits,1
 151              		.align	2
 152              	.LC0:
 153 0000 4C454420 		.ascii	"LED ON!!!\012\000"
 153      4F4E2121 
 153      210A00
 154 000b 00       		.space	1
 155              	.LC1:
 156 000c 4C454420 		.ascii	"LED OFF!!!\012\000"
 156      4F464621 
 156      21210A00 
 157              	.LC2:
 158 0018 4C454420 		.ascii	"LED ON!!!\015\012\000"
 158      4F4E2121 
 158      210D0A00 
 159              	.LC3:
 160 0024 4C454420 		.ascii	"LED OFF!!\015\012\000"
 160      4F464621 
 160      210D0A00 
 161              		.text
 162              	.Letext0:
 163              		.file 2 "c:\\program files (x86)\\cypress\\psoc creator\\4.2\\psoc creator\\import\\gnu\\arm\\5.4.
 164              		.file 3 "c:\\program files (x86)\\cypress\\psoc creator\\4.2\\psoc creator\\import\\gnu\\arm\\5.4.
 165              		.file 4 "Generated_Source\\PSoC5/cytypes.h"
 166              		.file 5 "Generated_Source\\PSoC5/core_cm3.h"
 167              		.file 6 "Generated_Source\\PSoC5/UART.h"
 168              		.file 7 "Generated_Source\\PSoC5/button.h"
 169              		.file 8 "Generated_Source\\PSoC5/led.h"
 170              		.file 9 "Generated_Source\\PSoC5/CyLib.h"
 171              		.section	.debug_info,"",%progbits
 172              	.Ldebug_info0:
 173 0000 3B020000 		.4byte	0x23b
 174 0004 0400     		.2byte	0x4
ARM GAS  C:\Users\swaga\AppData\Local\Temp\ccY5PZrz.s 			page 5


 175 0006 00000000 		.4byte	.Ldebug_abbrev0
 176 000a 04       		.byte	0x4
 177 000b 01       		.uleb128 0x1
 178 000c 44000000 		.4byte	.LASF26
 179 0010 0C       		.byte	0xc
 180 0011 C9010000 		.4byte	.LASF27
 181 0015 28010000 		.4byte	.LASF28
 182 0019 00000000 		.4byte	.Ldebug_ranges0+0
 183 001d 00000000 		.4byte	0
 184 0021 00000000 		.4byte	.Ldebug_line0
 185 0025 02       		.uleb128 0x2
 186 0026 01       		.byte	0x1
 187 0027 06       		.byte	0x6
 188 0028 10020000 		.4byte	.LASF0
 189 002c 02       		.uleb128 0x2
 190 002d 01       		.byte	0x1
 191 002e 08       		.byte	0x8
 192 002f 36000000 		.4byte	.LASF1
 193 0033 02       		.uleb128 0x2
 194 0034 02       		.byte	0x2
 195 0035 05       		.byte	0x5
 196 0036 D5010000 		.4byte	.LASF2
 197 003a 02       		.uleb128 0x2
 198 003b 02       		.byte	0x2
 199 003c 07       		.byte	0x7
 200 003d E4000000 		.4byte	.LASF3
 201 0041 03       		.uleb128 0x3
 202 0042 13000000 		.4byte	.LASF9
 203 0046 02       		.byte	0x2
 204 0047 3F       		.byte	0x3f
 205 0048 4C000000 		.4byte	0x4c
 206 004c 02       		.uleb128 0x2
 207 004d 04       		.byte	0x4
 208 004e 05       		.byte	0x5
 209 004f 1D000000 		.4byte	.LASF4
 210 0053 02       		.uleb128 0x2
 211 0054 04       		.byte	0x4
 212 0055 07       		.byte	0x7
 213 0056 D2000000 		.4byte	.LASF5
 214 005a 02       		.uleb128 0x2
 215 005b 08       		.byte	0x8
 216 005c 05       		.byte	0x5
 217 005d BB010000 		.4byte	.LASF6
 218 0061 02       		.uleb128 0x2
 219 0062 08       		.byte	0x8
 220 0063 07       		.byte	0x7
 221 0064 93010000 		.4byte	.LASF7
 222 0068 04       		.uleb128 0x4
 223 0069 04       		.byte	0x4
 224 006a 05       		.byte	0x5
 225 006b 696E7400 		.ascii	"int\000"
 226 006f 02       		.uleb128 0x2
 227 0070 04       		.byte	0x4
 228 0071 07       		.byte	0x7
 229 0072 70010000 		.4byte	.LASF8
 230 0076 03       		.uleb128 0x3
 231 0077 AA010000 		.4byte	.LASF10
ARM GAS  C:\Users\swaga\AppData\Local\Temp\ccY5PZrz.s 			page 6


 232 007b 03       		.byte	0x3
 233 007c 2C       		.byte	0x2c
 234 007d 41000000 		.4byte	0x41
 235 0081 05       		.uleb128 0x5
 236 0082 F2010000 		.4byte	.LASF11
 237 0086 04       		.byte	0x4
 238 0087 E401     		.2byte	0x1e4
 239 0089 2C000000 		.4byte	0x2c
 240 008d 02       		.uleb128 0x2
 241 008e 04       		.byte	0x4
 242 008f 04       		.byte	0x4
 243 0090 30000000 		.4byte	.LASF12
 244 0094 02       		.uleb128 0x2
 245 0095 08       		.byte	0x8
 246 0096 04       		.byte	0x4
 247 0097 0F010000 		.4byte	.LASF13
 248 009b 02       		.uleb128 0x2
 249 009c 01       		.byte	0x1
 250 009d 08       		.byte	0x8
 251 009e D0010000 		.4byte	.LASF14
 252 00a2 02       		.uleb128 0x2
 253 00a3 08       		.byte	0x8
 254 00a4 04       		.byte	0x4
 255 00a5 04020000 		.4byte	.LASF15
 256 00a9 02       		.uleb128 0x2
 257 00aa 04       		.byte	0x4
 258 00ab 07       		.byte	0x7
 259 00ac B2010000 		.4byte	.LASF16
 260 00b0 06       		.uleb128 0x6
 261 00b1 16010000 		.4byte	.LASF29
 262 00b5 01       		.byte	0x1
 263 00b6 05       		.byte	0x5
 264 00b7 68000000 		.4byte	0x68
 265 00bb 00000000 		.4byte	.LFB63
 266 00bf 44000000 		.4byte	.LFE63-.LFB63
 267 00c3 01       		.uleb128 0x1
 268 00c4 9C       		.byte	0x9c
 269 00c5 41010000 		.4byte	0x141
 270 00c9 07       		.uleb128 0x7
 271 00ca 08000000 		.4byte	.LVL0
 272 00ce F1010000 		.4byte	0x1f1
 273 00d2 07       		.uleb128 0x7
 274 00d3 0C000000 		.4byte	.LVL1
 275 00d7 FC010000 		.4byte	0x1fc
 276 00db 08       		.uleb128 0x8
 277 00dc 18000000 		.4byte	.LVL2
 278 00e0 07020000 		.4byte	0x207
 279 00e4 EE000000 		.4byte	0xee
 280 00e8 09       		.uleb128 0x9
 281 00e9 01       		.uleb128 0x1
 282 00ea 50       		.byte	0x50
 283 00eb 01       		.uleb128 0x1
 284 00ec 31       		.byte	0x31
 285 00ed 00       		.byte	0
 286 00ee 08       		.uleb128 0x8
 287 00ef 1E000000 		.4byte	.LVL3
 288 00f3 12020000 		.4byte	0x212
ARM GAS  C:\Users\swaga\AppData\Local\Temp\ccY5PZrz.s 			page 7


 289 00f7 05010000 		.4byte	0x105
 290 00fb 09       		.uleb128 0x9
 291 00fc 01       		.uleb128 0x1
 292 00fd 50       		.byte	0x50
 293 00fe 05       		.uleb128 0x5
 294 00ff 03       		.byte	0x3
 295 0100 00000000 		.4byte	.LC0
 296 0104 00       		.byte	0
 297 0105 08       		.uleb128 0x8
 298 0106 26000000 		.4byte	.LVL4
 299 010a 07020000 		.4byte	0x207
 300 010e 18010000 		.4byte	0x118
 301 0112 09       		.uleb128 0x9
 302 0113 01       		.uleb128 0x1
 303 0114 50       		.byte	0x50
 304 0115 01       		.uleb128 0x1
 305 0116 30       		.byte	0x30
 306 0117 00       		.byte	0
 307 0118 08       		.uleb128 0x8
 308 0119 2C000000 		.4byte	.LVL5
 309 011d 12020000 		.4byte	0x212
 310 0121 2F010000 		.4byte	0x12f
 311 0125 09       		.uleb128 0x9
 312 0126 01       		.uleb128 0x1
 313 0127 50       		.byte	0x50
 314 0128 05       		.uleb128 0x5
 315 0129 03       		.byte	0x3
 316 012a 0C000000 		.4byte	.LC1
 317 012e 00       		.byte	0
 318 012f 0A       		.uleb128 0xa
 319 0130 34000000 		.4byte	.LVL6
 320 0134 1D020000 		.4byte	0x21d
 321 0138 09       		.uleb128 0x9
 322 0139 01       		.uleb128 0x1
 323 013a 50       		.byte	0x50
 324 013b 03       		.uleb128 0x3
 325 013c 0A       		.byte	0xa
 326 013d E803     		.2byte	0x3e8
 327 013f 00       		.byte	0
 328 0140 00       		.byte	0
 329 0141 0B       		.uleb128 0xb
 330 0142 00000000 		.4byte	.LASF30
 331 0146 01       		.byte	0x1
 332 0147 1F       		.byte	0x1f
 333 0148 00000000 		.4byte	.LFB64
 334 014c 40000000 		.4byte	.LFE64-.LFB64
 335 0150 01       		.uleb128 0x1
 336 0151 9C       		.byte	0x9c
 337 0152 CF010000 		.4byte	0x1cf
 338 0156 07       		.uleb128 0x7
 339 0157 06000000 		.4byte	.LVL7
 340 015b 28020000 		.4byte	0x228
 341 015f 07       		.uleb128 0x7
 342 0160 0A000000 		.4byte	.LVL8
 343 0164 FC010000 		.4byte	0x1fc
 344 0168 08       		.uleb128 0x8
 345 0169 16000000 		.4byte	.LVL9
ARM GAS  C:\Users\swaga\AppData\Local\Temp\ccY5PZrz.s 			page 8


 346 016d 07020000 		.4byte	0x207
 347 0171 7B010000 		.4byte	0x17b
 348 0175 09       		.uleb128 0x9
 349 0176 01       		.uleb128 0x1
 350 0177 50       		.byte	0x50
 351 0178 01       		.uleb128 0x1
 352 0179 31       		.byte	0x31
 353 017a 00       		.byte	0
 354 017b 08       		.uleb128 0x8
 355 017c 1C000000 		.4byte	.LVL10
 356 0180 12020000 		.4byte	0x212
 357 0184 92010000 		.4byte	0x192
 358 0188 09       		.uleb128 0x9
 359 0189 01       		.uleb128 0x1
 360 018a 50       		.byte	0x50
 361 018b 05       		.uleb128 0x5
 362 018c 03       		.byte	0x3
 363 018d 18000000 		.4byte	.LC2
 364 0191 00       		.byte	0
 365 0192 07       		.uleb128 0x7
 366 0193 20000000 		.4byte	.LVL11
 367 0197 33020000 		.4byte	0x233
 368 019b 08       		.uleb128 0x8
 369 019c 28000000 		.4byte	.LVL12
 370 01a0 07020000 		.4byte	0x207
 371 01a4 AE010000 		.4byte	0x1ae
 372 01a8 09       		.uleb128 0x9
 373 01a9 01       		.uleb128 0x1
 374 01aa 50       		.byte	0x50
 375 01ab 01       		.uleb128 0x1
 376 01ac 30       		.byte	0x30
 377 01ad 00       		.byte	0
 378 01ae 08       		.uleb128 0x8
 379 01af 2E000000 		.4byte	.LVL13
 380 01b3 12020000 		.4byte	0x212
 381 01b7 C5010000 		.4byte	0x1c5
 382 01bb 09       		.uleb128 0x9
 383 01bc 01       		.uleb128 0x1
 384 01bd 50       		.byte	0x50
 385 01be 05       		.uleb128 0x5
 386 01bf 03       		.byte	0x3
 387 01c0 24000000 		.4byte	.LC3
 388 01c4 00       		.byte	0
 389 01c5 07       		.uleb128 0x7
 390 01c6 32000000 		.4byte	.LVL14
 391 01ca 33020000 		.4byte	0x233
 392 01ce 00       		.byte	0
 393 01cf 0C       		.uleb128 0xc
 394 01d0 02010000 		.4byte	.LASF17
 395 01d4 05       		.byte	0x5
 396 01d5 1207     		.2byte	0x712
 397 01d7 DB010000 		.4byte	0x1db
 398 01db 0D       		.uleb128 0xd
 399 01dc 76000000 		.4byte	0x76
 400 01e0 0E       		.uleb128 0xe
 401 01e1 1B010000 		.4byte	.LASF18
 402 01e5 01       		.byte	0x1
ARM GAS  C:\Users\swaga\AppData\Local\Temp\ccY5PZrz.s 			page 9


 403 01e6 04       		.byte	0x4
 404 01e7 81000000 		.4byte	0x81
 405 01eb 05       		.uleb128 0x5
 406 01ec 03       		.byte	0x3
 407 01ed 00000000 		.4byte	button_state
 408 01f1 0F       		.uleb128 0xf
 409 01f2 F7000000 		.4byte	.LASF19
 410 01f6 F7000000 		.4byte	.LASF19
 411 01fa 06       		.byte	0x6
 412 01fb 54       		.byte	0x54
 413 01fc 0F       		.uleb128 0xf
 414 01fd F8010000 		.4byte	.LASF20
 415 0201 F8010000 		.4byte	.LASF20
 416 0205 07       		.byte	0x7
 417 0206 29       		.byte	0x29
 418 0207 0F       		.uleb128 0xf
 419 0208 26000000 		.4byte	.LASF21
 420 020c 26000000 		.4byte	.LASF21
 421 0210 08       		.byte	0x8
 422 0211 26       		.byte	0x26
 423 0212 0F       		.uleb128 0xf
 424 0213 1C020000 		.4byte	.LASF22
 425 0217 1C020000 		.4byte	.LASF22
 426 021b 06       		.byte	0x6
 427 021c 8B       		.byte	0x8b
 428 021d 0F       		.uleb128 0xf
 429 021e 2B020000 		.4byte	.LASF23
 430 0222 2B020000 		.4byte	.LASF23
 431 0226 09       		.byte	0x9
 432 0227 76       		.byte	0x76
 433 0228 0F       		.uleb128 0xf
 434 0229 7D010000 		.4byte	.LASF24
 435 022d 7D010000 		.4byte	.LASF24
 436 0231 07       		.byte	0x7
 437 0232 2B       		.byte	0x2b
 438 0233 0F       		.uleb128 0xf
 439 0234 DF010000 		.4byte	.LASF25
 440 0238 DF010000 		.4byte	.LASF25
 441 023c 06       		.byte	0x6
 442 023d 8F       		.byte	0x8f
 443 023e 00       		.byte	0
 444              		.section	.debug_abbrev,"",%progbits
 445              	.Ldebug_abbrev0:
 446 0000 01       		.uleb128 0x1
 447 0001 11       		.uleb128 0x11
 448 0002 01       		.byte	0x1
 449 0003 25       		.uleb128 0x25
 450 0004 0E       		.uleb128 0xe
 451 0005 13       		.uleb128 0x13
 452 0006 0B       		.uleb128 0xb
 453 0007 03       		.uleb128 0x3
 454 0008 0E       		.uleb128 0xe
 455 0009 1B       		.uleb128 0x1b
 456 000a 0E       		.uleb128 0xe
 457 000b 55       		.uleb128 0x55
 458 000c 17       		.uleb128 0x17
 459 000d 11       		.uleb128 0x11
ARM GAS  C:\Users\swaga\AppData\Local\Temp\ccY5PZrz.s 			page 10


 460 000e 01       		.uleb128 0x1
 461 000f 10       		.uleb128 0x10
 462 0010 17       		.uleb128 0x17
 463 0011 00       		.byte	0
 464 0012 00       		.byte	0
 465 0013 02       		.uleb128 0x2
 466 0014 24       		.uleb128 0x24
 467 0015 00       		.byte	0
 468 0016 0B       		.uleb128 0xb
 469 0017 0B       		.uleb128 0xb
 470 0018 3E       		.uleb128 0x3e
 471 0019 0B       		.uleb128 0xb
 472 001a 03       		.uleb128 0x3
 473 001b 0E       		.uleb128 0xe
 474 001c 00       		.byte	0
 475 001d 00       		.byte	0
 476 001e 03       		.uleb128 0x3
 477 001f 16       		.uleb128 0x16
 478 0020 00       		.byte	0
 479 0021 03       		.uleb128 0x3
 480 0022 0E       		.uleb128 0xe
 481 0023 3A       		.uleb128 0x3a
 482 0024 0B       		.uleb128 0xb
 483 0025 3B       		.uleb128 0x3b
 484 0026 0B       		.uleb128 0xb
 485 0027 49       		.uleb128 0x49
 486 0028 13       		.uleb128 0x13
 487 0029 00       		.byte	0
 488 002a 00       		.byte	0
 489 002b 04       		.uleb128 0x4
 490 002c 24       		.uleb128 0x24
 491 002d 00       		.byte	0
 492 002e 0B       		.uleb128 0xb
 493 002f 0B       		.uleb128 0xb
 494 0030 3E       		.uleb128 0x3e
 495 0031 0B       		.uleb128 0xb
 496 0032 03       		.uleb128 0x3
 497 0033 08       		.uleb128 0x8
 498 0034 00       		.byte	0
 499 0035 00       		.byte	0
 500 0036 05       		.uleb128 0x5
 501 0037 16       		.uleb128 0x16
 502 0038 00       		.byte	0
 503 0039 03       		.uleb128 0x3
 504 003a 0E       		.uleb128 0xe
 505 003b 3A       		.uleb128 0x3a
 506 003c 0B       		.uleb128 0xb
 507 003d 3B       		.uleb128 0x3b
 508 003e 05       		.uleb128 0x5
 509 003f 49       		.uleb128 0x49
 510 0040 13       		.uleb128 0x13
 511 0041 00       		.byte	0
 512 0042 00       		.byte	0
 513 0043 06       		.uleb128 0x6
 514 0044 2E       		.uleb128 0x2e
 515 0045 01       		.byte	0x1
 516 0046 3F       		.uleb128 0x3f
ARM GAS  C:\Users\swaga\AppData\Local\Temp\ccY5PZrz.s 			page 11


 517 0047 19       		.uleb128 0x19
 518 0048 03       		.uleb128 0x3
 519 0049 0E       		.uleb128 0xe
 520 004a 3A       		.uleb128 0x3a
 521 004b 0B       		.uleb128 0xb
 522 004c 3B       		.uleb128 0x3b
 523 004d 0B       		.uleb128 0xb
 524 004e 27       		.uleb128 0x27
 525 004f 19       		.uleb128 0x19
 526 0050 49       		.uleb128 0x49
 527 0051 13       		.uleb128 0x13
 528 0052 8701     		.uleb128 0x87
 529 0054 19       		.uleb128 0x19
 530 0055 11       		.uleb128 0x11
 531 0056 01       		.uleb128 0x1
 532 0057 12       		.uleb128 0x12
 533 0058 06       		.uleb128 0x6
 534 0059 40       		.uleb128 0x40
 535 005a 18       		.uleb128 0x18
 536 005b 9742     		.uleb128 0x2117
 537 005d 19       		.uleb128 0x19
 538 005e 01       		.uleb128 0x1
 539 005f 13       		.uleb128 0x13
 540 0060 00       		.byte	0
 541 0061 00       		.byte	0
 542 0062 07       		.uleb128 0x7
 543 0063 898201   		.uleb128 0x4109
 544 0066 00       		.byte	0
 545 0067 11       		.uleb128 0x11
 546 0068 01       		.uleb128 0x1
 547 0069 31       		.uleb128 0x31
 548 006a 13       		.uleb128 0x13
 549 006b 00       		.byte	0
 550 006c 00       		.byte	0
 551 006d 08       		.uleb128 0x8
 552 006e 898201   		.uleb128 0x4109
 553 0071 01       		.byte	0x1
 554 0072 11       		.uleb128 0x11
 555 0073 01       		.uleb128 0x1
 556 0074 31       		.uleb128 0x31
 557 0075 13       		.uleb128 0x13
 558 0076 01       		.uleb128 0x1
 559 0077 13       		.uleb128 0x13
 560 0078 00       		.byte	0
 561 0079 00       		.byte	0
 562 007a 09       		.uleb128 0x9
 563 007b 8A8201   		.uleb128 0x410a
 564 007e 00       		.byte	0
 565 007f 02       		.uleb128 0x2
 566 0080 18       		.uleb128 0x18
 567 0081 9142     		.uleb128 0x2111
 568 0083 18       		.uleb128 0x18
 569 0084 00       		.byte	0
 570 0085 00       		.byte	0
 571 0086 0A       		.uleb128 0xa
 572 0087 898201   		.uleb128 0x4109
 573 008a 01       		.byte	0x1
ARM GAS  C:\Users\swaga\AppData\Local\Temp\ccY5PZrz.s 			page 12


 574 008b 11       		.uleb128 0x11
 575 008c 01       		.uleb128 0x1
 576 008d 31       		.uleb128 0x31
 577 008e 13       		.uleb128 0x13
 578 008f 00       		.byte	0
 579 0090 00       		.byte	0
 580 0091 0B       		.uleb128 0xb
 581 0092 2E       		.uleb128 0x2e
 582 0093 01       		.byte	0x1
 583 0094 3F       		.uleb128 0x3f
 584 0095 19       		.uleb128 0x19
 585 0096 03       		.uleb128 0x3
 586 0097 0E       		.uleb128 0xe
 587 0098 3A       		.uleb128 0x3a
 588 0099 0B       		.uleb128 0xb
 589 009a 3B       		.uleb128 0x3b
 590 009b 0B       		.uleb128 0xb
 591 009c 27       		.uleb128 0x27
 592 009d 19       		.uleb128 0x19
 593 009e 11       		.uleb128 0x11
 594 009f 01       		.uleb128 0x1
 595 00a0 12       		.uleb128 0x12
 596 00a1 06       		.uleb128 0x6
 597 00a2 40       		.uleb128 0x40
 598 00a3 18       		.uleb128 0x18
 599 00a4 9742     		.uleb128 0x2117
 600 00a6 19       		.uleb128 0x19
 601 00a7 01       		.uleb128 0x1
 602 00a8 13       		.uleb128 0x13
 603 00a9 00       		.byte	0
 604 00aa 00       		.byte	0
 605 00ab 0C       		.uleb128 0xc
 606 00ac 34       		.uleb128 0x34
 607 00ad 00       		.byte	0
 608 00ae 03       		.uleb128 0x3
 609 00af 0E       		.uleb128 0xe
 610 00b0 3A       		.uleb128 0x3a
 611 00b1 0B       		.uleb128 0xb
 612 00b2 3B       		.uleb128 0x3b
 613 00b3 05       		.uleb128 0x5
 614 00b4 49       		.uleb128 0x49
 615 00b5 13       		.uleb128 0x13
 616 00b6 3F       		.uleb128 0x3f
 617 00b7 19       		.uleb128 0x19
 618 00b8 3C       		.uleb128 0x3c
 619 00b9 19       		.uleb128 0x19
 620 00ba 00       		.byte	0
 621 00bb 00       		.byte	0
 622 00bc 0D       		.uleb128 0xd
 623 00bd 35       		.uleb128 0x35
 624 00be 00       		.byte	0
 625 00bf 49       		.uleb128 0x49
 626 00c0 13       		.uleb128 0x13
 627 00c1 00       		.byte	0
 628 00c2 00       		.byte	0
 629 00c3 0E       		.uleb128 0xe
 630 00c4 34       		.uleb128 0x34
ARM GAS  C:\Users\swaga\AppData\Local\Temp\ccY5PZrz.s 			page 13


 631 00c5 00       		.byte	0
 632 00c6 03       		.uleb128 0x3
 633 00c7 0E       		.uleb128 0xe
 634 00c8 3A       		.uleb128 0x3a
 635 00c9 0B       		.uleb128 0xb
 636 00ca 3B       		.uleb128 0x3b
 637 00cb 0B       		.uleb128 0xb
 638 00cc 49       		.uleb128 0x49
 639 00cd 13       		.uleb128 0x13
 640 00ce 3F       		.uleb128 0x3f
 641 00cf 19       		.uleb128 0x19
 642 00d0 02       		.uleb128 0x2
 643 00d1 18       		.uleb128 0x18
 644 00d2 00       		.byte	0
 645 00d3 00       		.byte	0
 646 00d4 0F       		.uleb128 0xf
 647 00d5 2E       		.uleb128 0x2e
 648 00d6 00       		.byte	0
 649 00d7 3F       		.uleb128 0x3f
 650 00d8 19       		.uleb128 0x19
 651 00d9 3C       		.uleb128 0x3c
 652 00da 19       		.uleb128 0x19
 653 00db 6E       		.uleb128 0x6e
 654 00dc 0E       		.uleb128 0xe
 655 00dd 03       		.uleb128 0x3
 656 00de 0E       		.uleb128 0xe
 657 00df 3A       		.uleb128 0x3a
 658 00e0 0B       		.uleb128 0xb
 659 00e1 3B       		.uleb128 0x3b
 660 00e2 0B       		.uleb128 0xb
 661 00e3 00       		.byte	0
 662 00e4 00       		.byte	0
 663 00e5 00       		.byte	0
 664              		.section	.debug_aranges,"",%progbits
 665 0000 24000000 		.4byte	0x24
 666 0004 0200     		.2byte	0x2
 667 0006 00000000 		.4byte	.Ldebug_info0
 668 000a 04       		.byte	0x4
 669 000b 00       		.byte	0
 670 000c 0000     		.2byte	0
 671 000e 0000     		.2byte	0
 672 0010 00000000 		.4byte	.LFB63
 673 0014 44000000 		.4byte	.LFE63-.LFB63
 674 0018 00000000 		.4byte	.LFB64
 675 001c 40000000 		.4byte	.LFE64-.LFB64
 676 0020 00000000 		.4byte	0
 677 0024 00000000 		.4byte	0
 678              		.section	.debug_ranges,"",%progbits
 679              	.Ldebug_ranges0:
 680 0000 00000000 		.4byte	.LFB63
 681 0004 44000000 		.4byte	.LFE63
 682 0008 00000000 		.4byte	.LFB64
 683 000c 40000000 		.4byte	.LFE64
 684 0010 00000000 		.4byte	0
 685 0014 00000000 		.4byte	0
 686              		.section	.debug_line,"",%progbits
 687              	.Ldebug_line0:
ARM GAS  C:\Users\swaga\AppData\Local\Temp\ccY5PZrz.s 			page 14


 688 0000 AB010000 		.section	.debug_str,"MS",%progbits,1
 688      02007601 
 688      00000201 
 688      FB0E0D00 
 688      01010101 
 689              	.LASF30:
 690 0000 6973725F 		.ascii	"isr_button_Handler\000"
 690      62757474 
 690      6F6E5F48 
 690      616E646C 
 690      657200
 691              	.LASF9:
 692 0013 5F5F696E 		.ascii	"__int32_t\000"
 692      7433325F 
 692      7400
 693              	.LASF4:
 694 001d 6C6F6E67 		.ascii	"long int\000"
 694      20696E74 
 694      00
 695              	.LASF21:
 696 0026 6C65645F 		.ascii	"led_Write\000"
 696      57726974 
 696      6500
 697              	.LASF12:
 698 0030 666C6F61 		.ascii	"float\000"
 698      7400
 699              	.LASF1:
 700 0036 756E7369 		.ascii	"unsigned char\000"
 700      676E6564 
 700      20636861 
 700      7200
 701              	.LASF26:
 702 0044 474E5520 		.ascii	"GNU C11 5.4.1 20160609 (release) [ARM/embedded-5-br"
 702      43313120 
 702      352E342E 
 702      31203230 
 702      31363036 
 703 0077 616E6368 		.ascii	"anch revision 237715] -mcpu=cortex-m3 -mthumb -g -O"
 703      20726576 
 703      6973696F 
 703      6E203233 
 703      37373135 
 704 00aa 67202D66 		.ascii	"g -ffunction-sections -ffat-lto-objects\000"
 704      66756E63 
 704      74696F6E 
 704      2D736563 
 704      74696F6E 
 705              	.LASF5:
 706 00d2 6C6F6E67 		.ascii	"long unsigned int\000"
 706      20756E73 
 706      69676E65 
 706      6420696E 
 706      7400
 707              	.LASF3:
 708 00e4 73686F72 		.ascii	"short unsigned int\000"
 708      7420756E 
 708      7369676E 
ARM GAS  C:\Users\swaga\AppData\Local\Temp\ccY5PZrz.s 			page 15


 708      65642069 
 708      6E7400
 709              	.LASF19:
 710 00f7 55415254 		.ascii	"UART_Start\000"
 710      5F537461 
 710      727400
 711              	.LASF17:
 712 0102 49544D5F 		.ascii	"ITM_RxBuffer\000"
 712      52784275 
 712      66666572 
 712      00
 713              	.LASF13:
 714 010f 646F7562 		.ascii	"double\000"
 714      6C6500
 715              	.LASF29:
 716 0116 6D61696E 		.ascii	"main\000"
 716      00
 717              	.LASF18:
 718 011b 62757474 		.ascii	"button_state\000"
 718      6F6E5F73 
 718      74617465 
 718      00
 719              	.LASF28:
 720 0128 443A5C68 		.ascii	"D:\\h_da\\Lecturs\\Basic Embedded\\Embedded_basics\\"
 720      5F64615C 
 720      4C656374 
 720      7572735C 
 720      42617369 
 721 0157 30365F55 		.ascii	"06_UART_LED_STATUS.cydsn\000"
 721      4152545F 
 721      4C45445F 
 721      53544154 
 721      55532E63 
 722              	.LASF8:
 723 0170 756E7369 		.ascii	"unsigned int\000"
 723      676E6564 
 723      20696E74 
 723      00
 724              	.LASF24:
 725 017d 62757474 		.ascii	"button_ClearInterrupt\000"
 725      6F6E5F43 
 725      6C656172 
 725      496E7465 
 725      72727570 
 726              	.LASF7:
 727 0193 6C6F6E67 		.ascii	"long long unsigned int\000"
 727      206C6F6E 
 727      6720756E 
 727      7369676E 
 727      65642069 
 728              	.LASF10:
 729 01aa 696E7433 		.ascii	"int32_t\000"
 729      325F7400 
 730              	.LASF16:
 731 01b2 73697A65 		.ascii	"sizetype\000"
 731      74797065 
 731      00
ARM GAS  C:\Users\swaga\AppData\Local\Temp\ccY5PZrz.s 			page 16


 732              	.LASF6:
 733 01bb 6C6F6E67 		.ascii	"long long int\000"
 733      206C6F6E 
 733      6720696E 
 733      7400
 734              	.LASF27:
 735 01c9 6D61696E 		.ascii	"main.c\000"
 735      2E6300
 736              	.LASF14:
 737 01d0 63686172 		.ascii	"char\000"
 737      00
 738              	.LASF2:
 739 01d5 73686F72 		.ascii	"short int\000"
 739      7420696E 
 739      7400
 740              	.LASF25:
 741 01df 55415254 		.ascii	"UART_ClearTxBuffer\000"
 741      5F436C65 
 741      61725478 
 741      42756666 
 741      657200
 742              	.LASF11:
 743 01f2 75696E74 		.ascii	"uint8\000"
 743      3800
 744              	.LASF20:
 745 01f8 62757474 		.ascii	"button_Read\000"
 745      6F6E5F52 
 745      65616400 
 746              	.LASF15:
 747 0204 6C6F6E67 		.ascii	"long double\000"
 747      20646F75 
 747      626C6500 
 748              	.LASF0:
 749 0210 7369676E 		.ascii	"signed char\000"
 749      65642063 
 749      68617200 
 750              	.LASF22:
 751 021c 55415254 		.ascii	"UART_PutString\000"
 751      5F507574 
 751      53747269 
 751      6E6700
 752              	.LASF23:
 753 022b 43794465 		.ascii	"CyDelay\000"
 753      6C617900 
 754              		.ident	"GCC: (GNU Tools for ARM Embedded Processors) 5.4.1 20160609 (release) [ARM/embedded-5-bran
