--------------- Build Started: 06/10/2020 02:14:29 Project: 14_DAC_ADC_UART_MATLAB_data_transfer, Configuration: ARM GCC 5.4-2016-q2-update Debug ---------------
cydsfit.exe -.appdatapath "C:\Users\swaga\AppData\Local\Cypress Semiconductor\PSoC Creator\4.2" -.fdsnotice -.fdswarpdepfile=warp_dependencies.txt -.fdselabdepfile=elab_dependencies.txt -.fdsbldfile=generated_files.txt -.fdsreffile=referenced_files.txt -p "D:\h_da\Lecturs\Basic Embedded\Embedded_basics\14_DAC_ADC_UART_MATLAB_data_transfer.cydsn\14_DAC_ADC_UART_MATLAB_data_transfer.cyprj" -d CY8C5888LTI-LP097 -s "D:\h_da\Lecturs\Basic Embedded\Embedded_basics\14_DAC_ADC_UART_MATLAB_data_transfer.cydsn\Generated_Source\PSoC5" -- -yv2 -q10 -ygs -o2 -v3 -.fftcfgtype=LE
Elaborating Design...
HDL Generation...
Synthesis...
Tech Mapping...
Analog Placement...
Info: apr.M0002: Analog signal "\ADC:Net_35\" is connected to one terminal only. (App=cydsfit)
Log: apr.M0058: The analog placement iterative improvement is 41% done. (App=cydsfit)
Log: apr.M0058: The analog placement iterative improvement is 100% done. (App=cydsfit)
Analog Routing...
Analog Code Generation...
Digital Placement...
Digital Routing...
Bitstream Generation...
Bitstream Verification...
Static timing analysis...
API Generation...
Dependency Generation...
Cleanup...
arm-none-eabi-gcc.exe -mcpu=cortex-m3 -mthumb -I. -IGenerated_Source\PSoC5 -Wa,-alh=.\CortexM3\ARM_GCC_541\Debug/main.lst -g -D DEBUG -D CY_CORE_ID=0 -Wall -ffunction-sections -ffat-lto-objects -Og -c main.c -o .\CortexM3\ARM_GCC_541\Debug\main.o
main.c: In function 'main':
main.c:42:31: warning: passing argument 1 of 'UART_PutArray' from incompatible pointer type [-Wincompatible-pointer-types]
                 UART_PutArray(tx_buffer,TX_BUFF_SIZE * sizeof(uint16_t));//<-----------------------------sending data
                               ^
In file included from Generated_Source\PSoC5/project.h:22:0,
                 from main.c:1:
Generated_Source\PSoC5/UART.h:140:10: note: expected 'const uint8 * {aka const unsigned char *}' but argument is of type 'uint16 * {aka short unsigned int *}'
     void UART_PutArray(const uint8 string[], uint16 byteCount)
          ^
main.c:27:11: warning: variable 'adc_to_vg' set but not used [-Wunused-but-set-variable]
     float adc_to_vg;
           ^
arm-none-eabi-gcc.exe -mcpu=cortex-m3 -mthumb -I. -IGenerated_Source\PSoC5 -Wa,-alh=.\CortexM3\ARM_GCC_541\Debug/WaveDAC.lst -g -D DEBUG -D CY_CORE_ID=0 -Wall -ffunction-sections -ffat-lto-objects -Og -c Generated_Source\PSoC5\WaveDAC.c -o .\CortexM3\ARM_GCC_541\Debug\WaveDAC.o
arm-none-eabi-gcc.exe -mcpu=cortex-m3 -mthumb -I. -IGenerated_Source\PSoC5 -Wa,-alh=.\CortexM3\ARM_GCC_541\Debug/WaveDAC_PM.lst -g -D DEBUG -D CY_CORE_ID=0 -Wall -ffunction-sections -ffat-lto-objects -Og -c Generated_Source\PSoC5\WaveDAC_PM.c -o .\CortexM3\ARM_GCC_541\Debug\WaveDAC_PM.o
arm-none-eabi-ar.exe -rs .\CortexM3\ARM_GCC_541\Debug\14_DAC_ADC_UART_MATLAB_data_transfer.a .\CortexM3\ARM_GCC_541\Debug\CyDmac.o .\CortexM3\ARM_GCC_541\Debug\CyFlash.o .\CortexM3\ARM_GCC_541\Debug\CyLib.o .\CortexM3\ARM_GCC_541\Debug\cyPm.o .\CortexM3\ARM_GCC_541\Debug\CySpc.o .\CortexM3\ARM_GCC_541\Debug\cyutils.o .\CortexM3\ARM_GCC_541\Debug\cy_em_eeprom.o .\CortexM3\ARM_GCC_541\Debug\UART.o .\CortexM3\ARM_GCC_541\Debug\UART_PM.o .\CortexM3\ARM_GCC_541\Debug\UART_INT.o .\CortexM3\ARM_GCC_541\Debug\UART_BOOT.o .\CortexM3\ARM_GCC_541\Debug\UART_IntClock.o .\CortexM3\ARM_GCC_541\Debug\led_red.o .\CortexM3\ARM_GCC_541\Debug\led_green.o .\CortexM3\ARM_GCC_541\Debug\ISR_UART_Rx.o .\CortexM3\ARM_GCC_541\Debug\ADC.o .\CortexM3\ARM_GCC_541\Debug\ADC_PM.o .\CortexM3\ARM_GCC_541\Debug\ADC_INT.o .\CortexM3\ARM_GCC_541\Debug\ADC_AMux.o .\CortexM3\ARM_GCC_541\Debug\ADC_Ext_CP_Clk.o .\CortexM3\ARM_GCC_541\Debug\ADC_IRQ.o .\CortexM3\ARM_GCC_541\Debug\ADC_theACLK.o .\CortexM3\ARM_GCC_541\Debug\led_yellow.o .\CortexM3\ARM_GCC_541\Debug\WaveDAC.o .\CortexM3\ARM_GCC_541\Debug\WaveDAC_PM.o .\CortexM3\ARM_GCC_541\Debug\WaveDAC_DacClk.o .\CortexM3\ARM_GCC_541\Debug\WaveDAC_Wave1_DMA_dma.o .\CortexM3\ARM_GCC_541\Debug\WaveDAC_Wave2_DMA_dma.o .\CortexM3\ARM_GCC_541\Debug\WaveDAC_VDAC8.o .\CortexM3\ARM_GCC_541\Debug\WaveDAC_VDAC8_PM.o .\CortexM3\ARM_GCC_541\Debug\CyBootAsmGnu.o
arm-none-eabi-ar.exe: creating .\CortexM3\ARM_GCC_541\Debug\14_DAC_ADC_UART_MATLAB_data_transfer.a
arm-none-eabi-gcc.exe -Wl,--start-group -o "D:\h_da\Lecturs\Basic Embedded\Embedded_basics\14_DAC_ADC_UART_MATLAB_data_transfer.cydsn\CortexM3\ARM_GCC_541\Debug\14_DAC_ADC_UART_MATLAB_data_transfer.elf" .\CortexM3\ARM_GCC_541\Debug\main.o .\CortexM3\ARM_GCC_541\Debug\cyfitter_cfg.o .\CortexM3\ARM_GCC_541\Debug\cymetadata.o .\CortexM3\ARM_GCC_541\Debug\Cm3Start.o .\CortexM3\ARM_GCC_541\Debug\14_DAC_ADC_UART_MATLAB_data_transfer.a "C:\Program Files (x86)\Cypress\PSoC Creator\4.2\PSoC Creator\psoc\content\cycomponentlibrary\CyComponentLibrary.cylib\CortexM3\ARM_GCC_541\Debug\CyComponentLibrary.a" -mcpu=cortex-m3 -mthumb -L Generated_Source\PSoC5 -Wl,-Map,.\CortexM3\ARM_GCC_541\Debug/14_DAC_ADC_UART_MATLAB_data_transfer.map -T Generated_Source\PSoC5\cm3gcc.ld -specs=nano.specs -Wl,--gc-sections -g -ffunction-sections -Og -ffat-lto-objects -Wl,--end-group
cyelftool.exe -C "D:\h_da\Lecturs\Basic Embedded\Embedded_basics\14_DAC_ADC_UART_MATLAB_data_transfer.cydsn\CortexM3\ARM_GCC_541\Debug\14_DAC_ADC_UART_MATLAB_data_transfer.elf" --flash_row_size 256 --flash_size 262144 --flash_offset 0x00000000
No ELF section .cychecksum found, creating one
Application checksum calculated and stored in ELF section .cychecksum
Checksum calculated and stored in ELF section .cymeta
cyelftool.exe -S "D:\h_da\Lecturs\Basic Embedded\Embedded_basics\14_DAC_ADC_UART_MATLAB_data_transfer.cydsn\CortexM3\ARM_GCC_541\Debug\14_DAC_ADC_UART_MATLAB_data_transfer.elf"
Flash used: 5270 of 262144 bytes (2.0%).
SRAM used: 5129 of 65536 bytes (7.8%). Stack: 2048 bytes. Heap: 128 bytes.
--------------- Build Succeeded: 06/10/2020 02:14:39 ---------------
