ARM GAS  C:\Users\swaga\AppData\Local\Temp\ccFgY9vh.s 			page 1


   1              		.syntax unified
   2              		.cpu cortex-m3
   3              		.fpu softvfp
   4              		.eabi_attribute 20, 1
   5              		.eabi_attribute 21, 1
   6              		.eabi_attribute 23, 3
   7              		.eabi_attribute 24, 1
   8              		.eabi_attribute 25, 1
   9              		.eabi_attribute 26, 1
  10              		.eabi_attribute 30, 1
  11              		.eabi_attribute 34, 1
  12              		.eabi_attribute 18, 4
  13              		.thumb
  14              		.syntax unified
  15              		.file	"main.c"
  16              		.text
  17              	.Ltext0:
  18              		.cfi_sections	.debug_frame
  19              		.section	.text.main,"ax",%progbits
  20              		.align	2
  21              		.global	main
  22              		.thumb
  23              		.thumb_func
  24              		.type	main, %function
  25              	main:
  26              	.LFB64:
  27              		.file 1 "main.c"
   1:main.c        **** 
   2:main.c        **** #include "project.h"
   3:main.c        **** #include<stdio.h>
   4:main.c        **** 
   5:main.c        **** int main(void)
   6:main.c        **** {
  28              		.loc 1 6 0
  29              		.cfi_startproc
  30              		@ args = 0, pretend = 0, frame = 0
  31              		@ frame_needed = 0, uses_anonymous_args = 0
  32 0000 08B5     		push	{r3, lr}
  33              		.cfi_def_cfa_offset 8
  34              		.cfi_offset 3, -8
  35              		.cfi_offset 14, -4
   7:main.c        ****     CyGlobalIntEnable; /* Enable global interrupts. */
  36              		.loc 1 7 0
  37              		.syntax unified
  38              	@ 7 "main.c" 1
  39 0002 62B6     		CPSIE   i
  40              	@ 0 "" 2
   8:main.c        ****     ADC_Start();
  41              		.loc 1 8 0
  42              		.thumb
  43              		.syntax unified
  44 0004 FFF7FEFF 		bl	ADC_Start
  45              	.LVL0:
   9:main.c        ****     ADC_StartConvert();
  46              		.loc 1 9 0
  47 0008 FFF7FEFF 		bl	ADC_StartConvert
  48              	.LVL1:
ARM GAS  C:\Users\swaga\AppData\Local\Temp\ccFgY9vh.s 			page 2


  10:main.c        ****     PWM_Start();
  49              		.loc 1 10 0
  50 000c FFF7FEFF 		bl	PWM_Start
  51              	.LVL2:
  52              	.L2:
  11:main.c        ****     uint8 ADC_result;
  12:main.c        ****     for(;;)
  13:main.c        ****     {  
  14:main.c        ****         ADC_IsEndConversion(ADC_WAIT_FOR_RESULT);
  53              		.loc 1 14 0 discriminator 1
  54 0010 0020     		movs	r0, #0
  55 0012 FFF7FEFF 		bl	ADC_IsEndConversion
  56              	.LVL3:
  15:main.c        ****         ADC_result=ADC_GetResult8(); 
  57              		.loc 1 15 0 discriminator 1
  58 0016 FFF7FEFF 		bl	ADC_GetResult8
  59              	.LVL4:
  16:main.c        ****         PWM_WritePeriod(ADC_result);
  60              		.loc 1 16 0 discriminator 1
  61 001a C0B2     		uxtb	r0, r0
  62 001c FFF7FEFF 		bl	PWM_WritePeriod
  63              	.LVL5:
  64 0020 F6E7     		b	.L2
  65              		.cfi_endproc
  66              	.LFE64:
  67              		.size	main, .-main
  68 0022 00BF     		.text
  69              	.Letext0:
  70              		.file 2 "c:\\program files (x86)\\cypress\\psoc creator\\4.2\\psoc creator\\import\\gnu\\arm\\5.4.
  71              		.file 3 "c:\\program files (x86)\\cypress\\psoc creator\\4.2\\psoc creator\\import\\gnu\\arm\\5.4.
  72              		.file 4 "Generated_Source\\PSoC5/cytypes.h"
  73              		.file 5 "Generated_Source\\PSoC5/ADC.h"
  74              		.file 6 "Generated_Source\\PSoC5/PWM.h"
  75              		.file 7 "Generated_Source\\PSoC5/core_cm3.h"
  76              		.section	.debug_info,"",%progbits
  77              	.Ldebug_info0:
  78 0000 69010000 		.4byte	0x169
  79 0004 0400     		.2byte	0x4
  80 0006 00000000 		.4byte	.Ldebug_abbrev0
  81 000a 04       		.byte	0x4
  82 000b 01       		.uleb128 0x1
  83 000c 47000000 		.4byte	.LASF23
  84 0010 0C       		.byte	0xc
  85 0011 3B000000 		.4byte	.LASF24
  86 0015 CD010000 		.4byte	.LASF25
  87 0019 00000000 		.4byte	.Ldebug_ranges0+0
  88 001d 00000000 		.4byte	0
  89 0021 00000000 		.4byte	.Ldebug_line0
  90 0025 02       		.uleb128 0x2
  91 0026 01       		.byte	0x1
  92 0027 06       		.byte	0x6
  93 0028 68010000 		.4byte	.LASF0
  94 002c 02       		.uleb128 0x2
  95 002d 01       		.byte	0x1
  96 002e 08       		.byte	0x8
  97 002f 19010000 		.4byte	.LASF1
  98 0033 02       		.uleb128 0x2
ARM GAS  C:\Users\swaga\AppData\Local\Temp\ccFgY9vh.s 			page 3


  99 0034 02       		.byte	0x2
 100 0035 05       		.byte	0x5
 101 0036 B2010000 		.4byte	.LASF2
 102 003a 02       		.uleb128 0x2
 103 003b 02       		.byte	0x2
 104 003c 07       		.byte	0x7
 105 003d 0E000000 		.4byte	.LASF3
 106 0041 03       		.uleb128 0x3
 107 0042 80010000 		.4byte	.LASF9
 108 0046 02       		.byte	0x2
 109 0047 3F       		.byte	0x3f
 110 0048 4C000000 		.4byte	0x4c
 111 004c 02       		.uleb128 0x2
 112 004d 04       		.byte	0x4
 113 004e 05       		.byte	0x5
 114 004f 2C010000 		.4byte	.LASF4
 115 0053 02       		.uleb128 0x2
 116 0054 04       		.byte	0x4
 117 0055 07       		.byte	0x7
 118 0056 35010000 		.4byte	.LASF5
 119 005a 02       		.uleb128 0x2
 120 005b 08       		.byte	0x8
 121 005c 05       		.byte	0x5
 122 005d 00000000 		.4byte	.LASF6
 123 0061 02       		.uleb128 0x2
 124 0062 08       		.byte	0x8
 125 0063 07       		.byte	0x7
 126 0064 EB000000 		.4byte	.LASF7
 127 0068 04       		.uleb128 0x4
 128 0069 04       		.byte	0x4
 129 006a 05       		.byte	0x5
 130 006b 696E7400 		.ascii	"int\000"
 131 006f 02       		.uleb128 0x2
 132 0070 04       		.byte	0x4
 133 0071 07       		.byte	0x7
 134 0072 2E000000 		.4byte	.LASF8
 135 0076 03       		.uleb128 0x3
 136 0077 BC010000 		.4byte	.LASF10
 137 007b 03       		.byte	0x3
 138 007c 2C       		.byte	0x2c
 139 007d 41000000 		.4byte	0x41
 140 0081 05       		.uleb128 0x5
 141 0082 D5000000 		.4byte	.LASF11
 142 0086 04       		.byte	0x4
 143 0087 E401     		.2byte	0x1e4
 144 0089 2C000000 		.4byte	0x2c
 145 008d 02       		.uleb128 0x2
 146 008e 04       		.byte	0x4
 147 008f 04       		.byte	0x4
 148 0090 02010000 		.4byte	.LASF12
 149 0094 02       		.uleb128 0x2
 150 0095 08       		.byte	0x8
 151 0096 04       		.byte	0x4
 152 0097 47010000 		.4byte	.LASF13
 153 009b 02       		.uleb128 0x2
 154 009c 01       		.byte	0x1
 155 009d 08       		.byte	0x8
ARM GAS  C:\Users\swaga\AppData\Local\Temp\ccFgY9vh.s 			page 4


 156 009e 27010000 		.4byte	.LASF14
 157 00a2 02       		.uleb128 0x2
 158 00a3 08       		.byte	0x8
 159 00a4 04       		.byte	0x4
 160 00a5 74010000 		.4byte	.LASF15
 161 00a9 02       		.uleb128 0x2
 162 00aa 04       		.byte	0x4
 163 00ab 07       		.byte	0x7
 164 00ac C4010000 		.4byte	.LASF16
 165 00b0 06       		.uleb128 0x6
 166 00b1 42000000 		.4byte	.LASF26
 167 00b5 01       		.byte	0x1
 168 00b6 05       		.byte	0x5
 169 00b7 68000000 		.4byte	0x68
 170 00bb 00000000 		.4byte	.LFB64
 171 00bf 22000000 		.4byte	.LFE64-.LFB64
 172 00c3 01       		.uleb128 0x1
 173 00c4 9C       		.byte	0x9c
 174 00c5 19010000 		.4byte	0x119
 175 00c9 07       		.uleb128 0x7
 176 00ca 4E010000 		.4byte	.LASF27
 177 00ce 01       		.byte	0x1
 178 00cf 0B       		.byte	0xb
 179 00d0 81000000 		.4byte	0x81
 180 00d4 00000000 		.4byte	.LLST0
 181 00d8 08       		.uleb128 0x8
 182 00d9 08000000 		.4byte	.LVL0
 183 00dd 2A010000 		.4byte	0x12a
 184 00e1 08       		.uleb128 0x8
 185 00e2 0C000000 		.4byte	.LVL1
 186 00e6 35010000 		.4byte	0x135
 187 00ea 08       		.uleb128 0x8
 188 00eb 10000000 		.4byte	.LVL2
 189 00ef 40010000 		.4byte	0x140
 190 00f3 09       		.uleb128 0x9
 191 00f4 16000000 		.4byte	.LVL3
 192 00f8 4B010000 		.4byte	0x14b
 193 00fc 06010000 		.4byte	0x106
 194 0100 0A       		.uleb128 0xa
 195 0101 01       		.uleb128 0x1
 196 0102 50       		.byte	0x50
 197 0103 01       		.uleb128 0x1
 198 0104 30       		.byte	0x30
 199 0105 00       		.byte	0
 200 0106 08       		.uleb128 0x8
 201 0107 1A000000 		.4byte	.LVL4
 202 010b 56010000 		.4byte	0x156
 203 010f 08       		.uleb128 0x8
 204 0110 20000000 		.4byte	.LVL5
 205 0114 61010000 		.4byte	0x161
 206 0118 00       		.byte	0
 207 0119 0B       		.uleb128 0xb
 208 011a 21000000 		.4byte	.LASF28
 209 011e 07       		.byte	0x7
 210 011f 1207     		.2byte	0x712
 211 0121 25010000 		.4byte	0x125
 212 0125 0C       		.uleb128 0xc
ARM GAS  C:\Users\swaga\AppData\Local\Temp\ccFgY9vh.s 			page 5


 213 0126 76000000 		.4byte	0x76
 214 012a 0D       		.uleb128 0xd
 215 012b 94010000 		.4byte	.LASF17
 216 012f 94010000 		.4byte	.LASF17
 217 0133 05       		.byte	0x5
 218 0134 34       		.byte	0x34
 219 0135 0D       		.uleb128 0xd
 220 0136 08010000 		.4byte	.LASF18
 221 013a 08010000 		.4byte	.LASF18
 222 013e 05       		.byte	0x5
 223 013f D1       		.byte	0xd1
 224 0140 0D       		.uleb128 0xd
 225 0141 8A010000 		.4byte	.LASF19
 226 0145 8A010000 		.4byte	.LASF19
 227 0149 06       		.byte	0x6
 228 014a 92       		.byte	0x92
 229 014b 0D       		.uleb128 0xd
 230 014c 9E010000 		.4byte	.LASF20
 231 0150 9E010000 		.4byte	.LASF20
 232 0154 05       		.byte	0x5
 233 0155 39       		.byte	0x39
 234 0156 0D       		.uleb128 0xd
 235 0157 59010000 		.4byte	.LASF21
 236 015b 59010000 		.4byte	.LASF21
 237 015f 05       		.byte	0x5
 238 0160 3A       		.byte	0x3a
 239 0161 0D       		.uleb128 0xd
 240 0162 DB000000 		.4byte	.LASF22
 241 0166 DB000000 		.4byte	.LASF22
 242 016a 06       		.byte	0x6
 243 016b BE       		.byte	0xbe
 244 016c 00       		.byte	0
 245              		.section	.debug_abbrev,"",%progbits
 246              	.Ldebug_abbrev0:
 247 0000 01       		.uleb128 0x1
 248 0001 11       		.uleb128 0x11
 249 0002 01       		.byte	0x1
 250 0003 25       		.uleb128 0x25
 251 0004 0E       		.uleb128 0xe
 252 0005 13       		.uleb128 0x13
 253 0006 0B       		.uleb128 0xb
 254 0007 03       		.uleb128 0x3
 255 0008 0E       		.uleb128 0xe
 256 0009 1B       		.uleb128 0x1b
 257 000a 0E       		.uleb128 0xe
 258 000b 55       		.uleb128 0x55
 259 000c 17       		.uleb128 0x17
 260 000d 11       		.uleb128 0x11
 261 000e 01       		.uleb128 0x1
 262 000f 10       		.uleb128 0x10
 263 0010 17       		.uleb128 0x17
 264 0011 00       		.byte	0
 265 0012 00       		.byte	0
 266 0013 02       		.uleb128 0x2
 267 0014 24       		.uleb128 0x24
 268 0015 00       		.byte	0
 269 0016 0B       		.uleb128 0xb
ARM GAS  C:\Users\swaga\AppData\Local\Temp\ccFgY9vh.s 			page 6


 270 0017 0B       		.uleb128 0xb
 271 0018 3E       		.uleb128 0x3e
 272 0019 0B       		.uleb128 0xb
 273 001a 03       		.uleb128 0x3
 274 001b 0E       		.uleb128 0xe
 275 001c 00       		.byte	0
 276 001d 00       		.byte	0
 277 001e 03       		.uleb128 0x3
 278 001f 16       		.uleb128 0x16
 279 0020 00       		.byte	0
 280 0021 03       		.uleb128 0x3
 281 0022 0E       		.uleb128 0xe
 282 0023 3A       		.uleb128 0x3a
 283 0024 0B       		.uleb128 0xb
 284 0025 3B       		.uleb128 0x3b
 285 0026 0B       		.uleb128 0xb
 286 0027 49       		.uleb128 0x49
 287 0028 13       		.uleb128 0x13
 288 0029 00       		.byte	0
 289 002a 00       		.byte	0
 290 002b 04       		.uleb128 0x4
 291 002c 24       		.uleb128 0x24
 292 002d 00       		.byte	0
 293 002e 0B       		.uleb128 0xb
 294 002f 0B       		.uleb128 0xb
 295 0030 3E       		.uleb128 0x3e
 296 0031 0B       		.uleb128 0xb
 297 0032 03       		.uleb128 0x3
 298 0033 08       		.uleb128 0x8
 299 0034 00       		.byte	0
 300 0035 00       		.byte	0
 301 0036 05       		.uleb128 0x5
 302 0037 16       		.uleb128 0x16
 303 0038 00       		.byte	0
 304 0039 03       		.uleb128 0x3
 305 003a 0E       		.uleb128 0xe
 306 003b 3A       		.uleb128 0x3a
 307 003c 0B       		.uleb128 0xb
 308 003d 3B       		.uleb128 0x3b
 309 003e 05       		.uleb128 0x5
 310 003f 49       		.uleb128 0x49
 311 0040 13       		.uleb128 0x13
 312 0041 00       		.byte	0
 313 0042 00       		.byte	0
 314 0043 06       		.uleb128 0x6
 315 0044 2E       		.uleb128 0x2e
 316 0045 01       		.byte	0x1
 317 0046 3F       		.uleb128 0x3f
 318 0047 19       		.uleb128 0x19
 319 0048 03       		.uleb128 0x3
 320 0049 0E       		.uleb128 0xe
 321 004a 3A       		.uleb128 0x3a
 322 004b 0B       		.uleb128 0xb
 323 004c 3B       		.uleb128 0x3b
 324 004d 0B       		.uleb128 0xb
 325 004e 27       		.uleb128 0x27
 326 004f 19       		.uleb128 0x19
ARM GAS  C:\Users\swaga\AppData\Local\Temp\ccFgY9vh.s 			page 7


 327 0050 49       		.uleb128 0x49
 328 0051 13       		.uleb128 0x13
 329 0052 8701     		.uleb128 0x87
 330 0054 19       		.uleb128 0x19
 331 0055 11       		.uleb128 0x11
 332 0056 01       		.uleb128 0x1
 333 0057 12       		.uleb128 0x12
 334 0058 06       		.uleb128 0x6
 335 0059 40       		.uleb128 0x40
 336 005a 18       		.uleb128 0x18
 337 005b 9742     		.uleb128 0x2117
 338 005d 19       		.uleb128 0x19
 339 005e 01       		.uleb128 0x1
 340 005f 13       		.uleb128 0x13
 341 0060 00       		.byte	0
 342 0061 00       		.byte	0
 343 0062 07       		.uleb128 0x7
 344 0063 34       		.uleb128 0x34
 345 0064 00       		.byte	0
 346 0065 03       		.uleb128 0x3
 347 0066 0E       		.uleb128 0xe
 348 0067 3A       		.uleb128 0x3a
 349 0068 0B       		.uleb128 0xb
 350 0069 3B       		.uleb128 0x3b
 351 006a 0B       		.uleb128 0xb
 352 006b 49       		.uleb128 0x49
 353 006c 13       		.uleb128 0x13
 354 006d 02       		.uleb128 0x2
 355 006e 17       		.uleb128 0x17
 356 006f 00       		.byte	0
 357 0070 00       		.byte	0
 358 0071 08       		.uleb128 0x8
 359 0072 898201   		.uleb128 0x4109
 360 0075 00       		.byte	0
 361 0076 11       		.uleb128 0x11
 362 0077 01       		.uleb128 0x1
 363 0078 31       		.uleb128 0x31
 364 0079 13       		.uleb128 0x13
 365 007a 00       		.byte	0
 366 007b 00       		.byte	0
 367 007c 09       		.uleb128 0x9
 368 007d 898201   		.uleb128 0x4109
 369 0080 01       		.byte	0x1
 370 0081 11       		.uleb128 0x11
 371 0082 01       		.uleb128 0x1
 372 0083 31       		.uleb128 0x31
 373 0084 13       		.uleb128 0x13
 374 0085 01       		.uleb128 0x1
 375 0086 13       		.uleb128 0x13
 376 0087 00       		.byte	0
 377 0088 00       		.byte	0
 378 0089 0A       		.uleb128 0xa
 379 008a 8A8201   		.uleb128 0x410a
 380 008d 00       		.byte	0
 381 008e 02       		.uleb128 0x2
 382 008f 18       		.uleb128 0x18
 383 0090 9142     		.uleb128 0x2111
ARM GAS  C:\Users\swaga\AppData\Local\Temp\ccFgY9vh.s 			page 8


 384 0092 18       		.uleb128 0x18
 385 0093 00       		.byte	0
 386 0094 00       		.byte	0
 387 0095 0B       		.uleb128 0xb
 388 0096 34       		.uleb128 0x34
 389 0097 00       		.byte	0
 390 0098 03       		.uleb128 0x3
 391 0099 0E       		.uleb128 0xe
 392 009a 3A       		.uleb128 0x3a
 393 009b 0B       		.uleb128 0xb
 394 009c 3B       		.uleb128 0x3b
 395 009d 05       		.uleb128 0x5
 396 009e 49       		.uleb128 0x49
 397 009f 13       		.uleb128 0x13
 398 00a0 3F       		.uleb128 0x3f
 399 00a1 19       		.uleb128 0x19
 400 00a2 3C       		.uleb128 0x3c
 401 00a3 19       		.uleb128 0x19
 402 00a4 00       		.byte	0
 403 00a5 00       		.byte	0
 404 00a6 0C       		.uleb128 0xc
 405 00a7 35       		.uleb128 0x35
 406 00a8 00       		.byte	0
 407 00a9 49       		.uleb128 0x49
 408 00aa 13       		.uleb128 0x13
 409 00ab 00       		.byte	0
 410 00ac 00       		.byte	0
 411 00ad 0D       		.uleb128 0xd
 412 00ae 2E       		.uleb128 0x2e
 413 00af 00       		.byte	0
 414 00b0 3F       		.uleb128 0x3f
 415 00b1 19       		.uleb128 0x19
 416 00b2 3C       		.uleb128 0x3c
 417 00b3 19       		.uleb128 0x19
 418 00b4 6E       		.uleb128 0x6e
 419 00b5 0E       		.uleb128 0xe
 420 00b6 03       		.uleb128 0x3
 421 00b7 0E       		.uleb128 0xe
 422 00b8 3A       		.uleb128 0x3a
 423 00b9 0B       		.uleb128 0xb
 424 00ba 3B       		.uleb128 0x3b
 425 00bb 0B       		.uleb128 0xb
 426 00bc 00       		.byte	0
 427 00bd 00       		.byte	0
 428 00be 00       		.byte	0
 429              		.section	.debug_loc,"",%progbits
 430              	.Ldebug_loc0:
 431              	.LLST0:
 432 0000 1A000000 		.4byte	.LVL4
 433 0004 1F000000 		.4byte	.LVL5-1
 434 0008 0100     		.2byte	0x1
 435 000a 50       		.byte	0x50
 436 000b 00000000 		.4byte	0
 437 000f 00000000 		.4byte	0
 438              		.section	.debug_aranges,"",%progbits
 439 0000 1C000000 		.4byte	0x1c
 440 0004 0200     		.2byte	0x2
ARM GAS  C:\Users\swaga\AppData\Local\Temp\ccFgY9vh.s 			page 9


 441 0006 00000000 		.4byte	.Ldebug_info0
 442 000a 04       		.byte	0x4
 443 000b 00       		.byte	0
 444 000c 0000     		.2byte	0
 445 000e 0000     		.2byte	0
 446 0010 00000000 		.4byte	.LFB64
 447 0014 22000000 		.4byte	.LFE64-.LFB64
 448 0018 00000000 		.4byte	0
 449 001c 00000000 		.4byte	0
 450              		.section	.debug_ranges,"",%progbits
 451              	.Ldebug_ranges0:
 452 0000 00000000 		.4byte	.LFB64
 453 0004 22000000 		.4byte	.LFE64
 454 0008 00000000 		.4byte	0
 455 000c 00000000 		.4byte	0
 456              		.section	.debug_line,"",%progbits
 457              	.Ldebug_line0:
 458 0000 84010000 		.section	.debug_str,"MS",%progbits,1
 458      02005E01 
 458      00000201 
 458      FB0E0D00 
 458      01010101 
 459              	.LASF6:
 460 0000 6C6F6E67 		.ascii	"long long int\000"
 460      206C6F6E 
 460      6720696E 
 460      7400
 461              	.LASF3:
 462 000e 73686F72 		.ascii	"short unsigned int\000"
 462      7420756E 
 462      7369676E 
 462      65642069 
 462      6E7400
 463              	.LASF28:
 464 0021 49544D5F 		.ascii	"ITM_RxBuffer\000"
 464      52784275 
 464      66666572 
 464      00
 465              	.LASF8:
 466 002e 756E7369 		.ascii	"unsigned int\000"
 466      676E6564 
 466      20696E74 
 466      00
 467              	.LASF24:
 468 003b 6D61696E 		.ascii	"main.c\000"
 468      2E6300
 469              	.LASF26:
 470 0042 6D61696E 		.ascii	"main\000"
 470      00
 471              	.LASF23:
 472 0047 474E5520 		.ascii	"GNU C11 5.4.1 20160609 (release) [ARM/embedded-5-br"
 472      43313120 
 472      352E342E 
 472      31203230 
 472      31363036 
 473 007a 616E6368 		.ascii	"anch revision 237715] -mcpu=cortex-m3 -mthumb -g -O"
 473      20726576 
ARM GAS  C:\Users\swaga\AppData\Local\Temp\ccFgY9vh.s 			page 10


 473      6973696F 
 473      6E203233 
 473      37373135 
 474 00ad 67202D66 		.ascii	"g -ffunction-sections -ffat-lto-objects\000"
 474      66756E63 
 474      74696F6E 
 474      2D736563 
 474      74696F6E 
 475              	.LASF11:
 476 00d5 75696E74 		.ascii	"uint8\000"
 476      3800
 477              	.LASF22:
 478 00db 50574D5F 		.ascii	"PWM_WritePeriod\000"
 478      57726974 
 478      65506572 
 478      696F6400 
 479              	.LASF7:
 480 00eb 6C6F6E67 		.ascii	"long long unsigned int\000"
 480      206C6F6E 
 480      6720756E 
 480      7369676E 
 480      65642069 
 481              	.LASF12:
 482 0102 666C6F61 		.ascii	"float\000"
 482      7400
 483              	.LASF18:
 484 0108 4144435F 		.ascii	"ADC_StartConvert\000"
 484      53746172 
 484      74436F6E 
 484      76657274 
 484      00
 485              	.LASF1:
 486 0119 756E7369 		.ascii	"unsigned char\000"
 486      676E6564 
 486      20636861 
 486      7200
 487              	.LASF14:
 488 0127 63686172 		.ascii	"char\000"
 488      00
 489              	.LASF4:
 490 012c 6C6F6E67 		.ascii	"long int\000"
 490      20696E74 
 490      00
 491              	.LASF5:
 492 0135 6C6F6E67 		.ascii	"long unsigned int\000"
 492      20756E73 
 492      69676E65 
 492      6420696E 
 492      7400
 493              	.LASF13:
 494 0147 646F7562 		.ascii	"double\000"
 494      6C6500
 495              	.LASF27:
 496 014e 4144435F 		.ascii	"ADC_result\000"
 496      72657375 
 496      6C7400
 497              	.LASF21:
ARM GAS  C:\Users\swaga\AppData\Local\Temp\ccFgY9vh.s 			page 11


 498 0159 4144435F 		.ascii	"ADC_GetResult8\000"
 498      47657452 
 498      6573756C 
 498      743800
 499              	.LASF0:
 500 0168 7369676E 		.ascii	"signed char\000"
 500      65642063 
 500      68617200 
 501              	.LASF15:
 502 0174 6C6F6E67 		.ascii	"long double\000"
 502      20646F75 
 502      626C6500 
 503              	.LASF9:
 504 0180 5F5F696E 		.ascii	"__int32_t\000"
 504      7433325F 
 504      7400
 505              	.LASF19:
 506 018a 50574D5F 		.ascii	"PWM_Start\000"
 506      53746172 
 506      7400
 507              	.LASF17:
 508 0194 4144435F 		.ascii	"ADC_Start\000"
 508      53746172 
 508      7400
 509              	.LASF20:
 510 019e 4144435F 		.ascii	"ADC_IsEndConversion\000"
 510      4973456E 
 510      64436F6E 
 510      76657273 
 510      696F6E00 
 511              	.LASF2:
 512 01b2 73686F72 		.ascii	"short int\000"
 512      7420696E 
 512      7400
 513              	.LASF10:
 514 01bc 696E7433 		.ascii	"int32_t\000"
 514      325F7400 
 515              	.LASF16:
 516 01c4 73697A65 		.ascii	"sizetype\000"
 516      74797065 
 516      00
 517              	.LASF25:
 518 01cd 443A5C68 		.ascii	"D:\\h_da\\Lecturs\\Basic Embedded\\Embedded_basics\\"
 518      5F64615C 
 518      4C656374 
 518      7572735C 
 518      42617369 
 519 01fc 30345F50 		.ascii	"04_POT_LED_BRIGHTNESS.cydsn\000"
 519      4F545F4C 
 519      45445F42 
 519      52494748 
 519      544E4553 
 520              		.ident	"GCC: (GNU Tools for ARM Embedded Processors) 5.4.1 20160609 (release) [ARM/embedded-5-bran
