ARM GAS  C:\Users\swaga\AppData\Local\Temp\ccCqnhmD.s 			page 1


   1              		.syntax unified
   2              		.cpu cortex-m3
   3              		.fpu softvfp
   4              		.eabi_attribute 20, 1
   5              		.eabi_attribute 21, 1
   6              		.eabi_attribute 23, 3
   7              		.eabi_attribute 24, 1
   8              		.eabi_attribute 25, 1
   9              		.eabi_attribute 26, 1
  10              		.eabi_attribute 30, 1
  11              		.eabi_attribute 34, 1
  12              		.eabi_attribute 18, 4
  13              		.thumb
  14              		.syntax unified
  15              		.file	"main.c"
  16              		.text
  17              	.Ltext0:
  18              		.cfi_sections	.debug_frame
  19              		.section	.text.ISR_UART_Rx,"ax",%progbits
  20              		.align	2
  21              		.global	ISR_UART_Rx
  22              		.thumb
  23              		.thumb_func
  24              		.type	ISR_UART_Rx, %function
  25              	ISR_UART_Rx:
  26              	.LFB64:
  27              		.file 1 "main.c"
   1:main.c        **** #include "project.h"
   2:main.c        **** #include<stdio.h>
   3:main.c        **** char buffer[5];
   4:main.c        **** uint8_t tx_buffer[256];
   5:main.c        **** uint8_t buffer_index = 0;// software buffer
   6:main.c        **** 
   7:main.c        **** // Interrupt function to be activcated ever time a Byte is received
   8:main.c        **** void ISR_UART_Rx(void){
  28              		.loc 1 8 0
  29              		.cfi_startproc
  30              		@ args = 0, pretend = 0, frame = 0
  31              		@ frame_needed = 0, uses_anonymous_args = 0
  32 0000 10B5     		push	{r4, lr}
  33              		.cfi_def_cfa_offset 8
  34              		.cfi_offset 4, -8
  35              		.cfi_offset 14, -4
   9:main.c        ****     if (buffer_index <= 5){
  36              		.loc 1 9 0
  37 0002 064B     		ldr	r3, .L4
  38 0004 1C78     		ldrb	r4, [r3]	@ zero_extendqisi2
  39 0006 052C     		cmp	r4, #5
  40 0008 07D8     		bhi	.L1
  10:main.c        ****     buffer[buffer_index] = UART_GetByte();
  41              		.loc 1 10 0
  42 000a FFF7FEFF 		bl	UART_GetByte
  43              	.LVL0:
  44 000e 044B     		ldr	r3, .L4+4
  45 0010 1855     		strb	r0, [r3, r4]
  11:main.c        ****     buffer_index++;
  46              		.loc 1 11 0
ARM GAS  C:\Users\swaga\AppData\Local\Temp\ccCqnhmD.s 			page 2


  47 0012 024A     		ldr	r2, .L4
  48 0014 1378     		ldrb	r3, [r2]	@ zero_extendqisi2
  49 0016 0133     		adds	r3, r3, #1
  50 0018 1370     		strb	r3, [r2]
  51              	.L1:
  52 001a 10BD     		pop	{r4, pc}
  53              	.L5:
  54              		.align	2
  55              	.L4:
  56 001c 00000000 		.word	.LANCHOR0
  57 0020 00000000 		.word	buffer
  58              		.cfi_endproc
  59              	.LFE64:
  60              		.size	ISR_UART_Rx, .-ISR_UART_Rx
  61              		.section	.text.triangle_wave,"ax",%progbits
  62              		.align	2
  63              		.global	triangle_wave
  64              		.thumb
  65              		.thumb_func
  66              		.type	triangle_wave, %function
  67              	triangle_wave:
  68              	.LFB65:
  12:main.c        ****     }
  13:main.c        **** }
  14:main.c        **** 
  15:main.c        **** // Triangular wave generator ,load data to tx_buffer
  16:main.c        **** int triangle_wave(){ 
  69              		.loc 1 16 0
  70              		.cfi_startproc
  71              		@ args = 0, pretend = 0, frame = 0
  72              		@ frame_needed = 0, uses_anonymous_args = 0
  73              		@ link register save eliminated.
  74              	.LVL1:
  75              	.LBB2:
  17:main.c        ****       int x = 127;
  18:main.c        ****       for (int i= 0 ; i<=255;i++){
  76              		.loc 1 18 0
  77 0000 0023     		movs	r3, #0
  78              	.LBE2:
  17:main.c        ****       int x = 127;
  79              		.loc 1 17 0
  80 0002 7F22     		movs	r2, #127
  81              	.LBB3:
  82              		.loc 1 18 0
  83 0004 09E0     		b	.L7
  84              	.LVL2:
  85              	.L10:
  19:main.c        ****           if (i <= 128) {
  86              		.loc 1 19 0
  87 0006 802B     		cmp	r3, #128
  88 0008 01DC     		bgt	.L8
  20:main.c        ****            tx_buffer[i] = i;
  89              		.loc 1 20 0
  90 000a 0649     		ldr	r1, .L11
  91 000c CB54     		strb	r3, [r1, r3]
  92              	.L8:
  21:main.c        ****            }
ARM GAS  C:\Users\swaga\AppData\Local\Temp\ccCqnhmD.s 			page 3


  22:main.c        ****           if (i>128){
  93              		.loc 1 22 0
  94 000e 802B     		cmp	r3, #128
  95 0010 02DD     		ble	.L9
  23:main.c        ****            tx_buffer[i] = x;
  96              		.loc 1 23 0
  97 0012 0449     		ldr	r1, .L11
  98 0014 CA54     		strb	r2, [r1, r3]
  24:main.c        ****            x--;
  99              		.loc 1 24 0
 100 0016 013A     		subs	r2, r2, #1
 101              	.LVL3:
 102              	.L9:
  18:main.c        ****           if (i <= 128) {
 103              		.loc 1 18 0 discriminator 2
 104 0018 0133     		adds	r3, r3, #1
 105              	.LVL4:
 106              	.L7:
  18:main.c        ****           if (i <= 128) {
 107              		.loc 1 18 0 is_stmt 0 discriminator 1
 108 001a FF2B     		cmp	r3, #255
 109 001c F3DD     		ble	.L10
 110              	.LBE3:
  25:main.c        ****           }
  26:main.c        ****       }
  27:main.c        ****          
  28:main.c        ****     return 0;
  29:main.c        ****     }
 111              		.loc 1 29 0 is_stmt 1
 112 001e 0020     		movs	r0, #0
 113 0020 7047     		bx	lr
 114              	.L12:
 115 0022 00BF     		.align	2
 116              	.L11:
 117 0024 00000000 		.word	tx_buffer
 118              		.cfi_endproc
 119              	.LFE65:
 120              		.size	triangle_wave, .-triangle_wave
 121              		.section	.text.main,"ax",%progbits
 122              		.align	2
 123              		.global	main
 124              		.thumb
 125              		.thumb_func
 126              		.type	main, %function
 127              	main:
 128              	.LFB66:
  30:main.c        **** 
  31:main.c        **** int main(void)
  32:main.c        **** {
 129              		.loc 1 32 0
 130              		.cfi_startproc
 131              		@ Volatile: function does not return.
 132              		@ args = 0, pretend = 0, frame = 0
 133              		@ frame_needed = 0, uses_anonymous_args = 0
 134 0000 08B5     		push	{r3, lr}
 135              		.cfi_def_cfa_offset 8
 136              		.cfi_offset 3, -8
ARM GAS  C:\Users\swaga\AppData\Local\Temp\ccCqnhmD.s 			page 4


 137              		.cfi_offset 14, -4
  33:main.c        ****     CyGlobalIntEnable; /* Enable global interrupts. */
 138              		.loc 1 33 0
 139              		.syntax unified
 140              	@ 33 "main.c" 1
 141 0002 62B6     		CPSIE   i
 142              	@ 0 "" 2
  34:main.c        **** 
  35:main.c        ****     UART_Start();
 143              		.loc 1 35 0
 144              		.thumb
 145              		.syntax unified
 146 0004 FFF7FEFF 		bl	UART_Start
 147              	.LVL5:
  36:main.c        ****     // Interrupt function to be activcated ever time a Byte is received
  37:main.c        ****     ISR_UART_Rx_StartEx(ISR_UART_Rx);
 148              		.loc 1 37 0
 149 0008 0C48     		ldr	r0, .L17
 150 000a FFF7FEFF 		bl	ISR_UART_Rx_StartEx
 151              	.LVL6:
 152              	.L15:
  38:main.c        ****     for(;;)
  39:main.c        ****        { 
  40:main.c        ****         // transmit the data only when data is received
  41:main.c        ****         if((buffer_index >0)&& (buffer[buffer_index-1] == 's')){
 153              		.loc 1 41 0
 154 000e 0C4B     		ldr	r3, .L17+4
 155 0010 1B78     		ldrb	r3, [r3]	@ zero_extendqisi2
 156 0012 73B1     		cbz	r3, .L14
 157              		.loc 1 41 0 is_stmt 0 discriminator 1
 158 0014 013B     		subs	r3, r3, #1
 159 0016 0B4A     		ldr	r2, .L17+8
 160 0018 D35C     		ldrb	r3, [r2, r3]	@ zero_extendqisi2
 161 001a 732B     		cmp	r3, #115
 162 001c 09D1     		bne	.L14
  42:main.c        ****             triangle_wave();
 163              		.loc 1 42 0 is_stmt 1
 164 001e FFF7FEFF 		bl	triangle_wave
 165              	.LVL7:
  43:main.c        ****             //for(int i = 0;i<=255;i++){ // no for loop needed if we increase the size of the tx bu
  44:main.c        ****             UART_PutArray(tx_buffer,256 * sizeof(uint8_t));//<-----------------------------sending 
 166              		.loc 1 44 0
 167 0022 4FF48071 		mov	r1, #256
 168 0026 0848     		ldr	r0, .L17+12
 169 0028 FFF7FEFF 		bl	UART_PutArray
 170              	.LVL8:
  45:main.c        ****             // }
  46:main.c        ****                 
  47:main.c        ****             buffer_index = 0;
 171              		.loc 1 47 0
 172 002c 0022     		movs	r2, #0
 173 002e 044B     		ldr	r3, .L17+4
 174 0030 1A70     		strb	r2, [r3]
 175              	.L14:
  48:main.c        ****             }
  49:main.c        ****         //optional else block to transmit data after the delay when ever.. 
  50:main.c        ****                                                   // .. the buffer is empty 
ARM GAS  C:\Users\swaga\AppData\Local\Temp\ccCqnhmD.s 			page 5


  51:main.c        ****         else{
  52:main.c        ****                //UART_PutString("No Data \n");
  53:main.c        ****             }
  54:main.c        ****         //some other process the processor can do when idle
  55:main.c        ****         CyDelay(1000);
 176              		.loc 1 55 0
 177 0032 4FF47A70 		mov	r0, #1000
 178 0036 FFF7FEFF 		bl	CyDelay
 179              	.LVL9:
  56:main.c        ****        }
 180              		.loc 1 56 0
 181 003a E8E7     		b	.L15
 182              	.L18:
 183              		.align	2
 184              	.L17:
 185 003c 00000000 		.word	ISR_UART_Rx
 186 0040 00000000 		.word	.LANCHOR0
 187 0044 00000000 		.word	buffer
 188 0048 00000000 		.word	tx_buffer
 189              		.cfi_endproc
 190              	.LFE66:
 191              		.size	main, .-main
 192              		.global	buffer_index
 193              		.comm	tx_buffer,256,4
 194              		.comm	buffer,5,4
 195              		.bss
 196              		.set	.LANCHOR0,. + 0
 197              		.type	buffer_index, %object
 198              		.size	buffer_index, 1
 199              	buffer_index:
 200 0000 00       		.space	1
 201              		.text
 202              	.Letext0:
 203              		.file 2 "c:\\program files (x86)\\cypress\\psoc creator\\4.2\\psoc creator\\import\\gnu\\arm\\5.4.
 204              		.file 3 "c:\\program files (x86)\\cypress\\psoc creator\\4.2\\psoc creator\\import\\gnu\\arm\\5.4.
 205              		.file 4 "Generated_Source\\PSoC5/core_cm3.h"
 206              		.file 5 "Generated_Source\\PSoC5/UART.h"
 207              		.file 6 "Generated_Source\\PSoC5/ISR_UART_Rx.h"
 208              		.file 7 "Generated_Source\\PSoC5/CyLib.h"
 209              		.section	.debug_info,"",%progbits
 210              	.Ldebug_info0:
 211 0000 1D020000 		.4byte	0x21d
 212 0004 0400     		.2byte	0x4
 213 0006 00000000 		.4byte	.Ldebug_abbrev0
 214 000a 04       		.byte	0x4
 215 000b 01       		.uleb128 0x1
 216 000c 3E000000 		.4byte	.LASF29
 217 0010 0C       		.byte	0xc
 218 0011 89010000 		.4byte	.LASF30
 219 0015 D0010000 		.4byte	.LASF31
 220 0019 18000000 		.4byte	.Ldebug_ranges0+0x18
 221 001d 00000000 		.4byte	0
 222 0021 00000000 		.4byte	.Ldebug_line0
 223 0025 02       		.uleb128 0x2
 224 0026 01       		.byte	0x1
 225 0027 06       		.byte	0x6
 226 0028 2E020000 		.4byte	.LASF0
ARM GAS  C:\Users\swaga\AppData\Local\Temp\ccCqnhmD.s 			page 6


 227 002c 03       		.uleb128 0x3
 228 002d 00000000 		.4byte	.LASF4
 229 0031 02       		.byte	0x2
 230 0032 1D       		.byte	0x1d
 231 0033 37000000 		.4byte	0x37
 232 0037 02       		.uleb128 0x2
 233 0038 01       		.byte	0x1
 234 0039 08       		.byte	0x8
 235 003a 30000000 		.4byte	.LASF1
 236 003e 02       		.uleb128 0x2
 237 003f 02       		.byte	0x2
 238 0040 05       		.byte	0x5
 239 0041 B6010000 		.4byte	.LASF2
 240 0045 02       		.uleb128 0x2
 241 0046 02       		.byte	0x2
 242 0047 07       		.byte	0x7
 243 0048 DE000000 		.4byte	.LASF3
 244 004c 03       		.uleb128 0x3
 245 004d 16000000 		.4byte	.LASF5
 246 0051 02       		.byte	0x2
 247 0052 3F       		.byte	0x3f
 248 0053 57000000 		.4byte	0x57
 249 0057 02       		.uleb128 0x2
 250 0058 04       		.byte	0x4
 251 0059 05       		.byte	0x5
 252 005a C7010000 		.4byte	.LASF6
 253 005e 02       		.uleb128 0x2
 254 005f 04       		.byte	0x4
 255 0060 07       		.byte	0x7
 256 0061 CC000000 		.4byte	.LASF7
 257 0065 02       		.uleb128 0x2
 258 0066 08       		.byte	0x8
 259 0067 05       		.byte	0x5
 260 0068 7B010000 		.4byte	.LASF8
 261 006c 02       		.uleb128 0x2
 262 006d 08       		.byte	0x8
 263 006e 07       		.byte	0x7
 264 006f 3D010000 		.4byte	.LASF9
 265 0073 04       		.uleb128 0x4
 266 0074 04       		.byte	0x4
 267 0075 05       		.byte	0x5
 268 0076 696E7400 		.ascii	"int\000"
 269 007a 02       		.uleb128 0x2
 270 007b 04       		.byte	0x4
 271 007c 07       		.byte	0x7
 272 007d 30010000 		.4byte	.LASF10
 273 0081 03       		.uleb128 0x3
 274 0082 54010000 		.4byte	.LASF11
 275 0086 03       		.byte	0x3
 276 0087 18       		.byte	0x18
 277 0088 2C000000 		.4byte	0x2c
 278 008c 03       		.uleb128 0x3
 279 008d 6A010000 		.4byte	.LASF12
 280 0091 03       		.byte	0x3
 281 0092 2C       		.byte	0x2c
 282 0093 4C000000 		.4byte	0x4c
 283 0097 02       		.uleb128 0x2
ARM GAS  C:\Users\swaga\AppData\Local\Temp\ccCqnhmD.s 			page 7


 284 0098 04       		.byte	0x4
 285 0099 04       		.byte	0x4
 286 009a 2A000000 		.4byte	.LASF13
 287 009e 02       		.uleb128 0x2
 288 009f 08       		.byte	0x8
 289 00a0 04       		.byte	0x4
 290 00a1 17010000 		.4byte	.LASF14
 291 00a5 02       		.uleb128 0x2
 292 00a6 01       		.byte	0x1
 293 00a7 08       		.byte	0x8
 294 00a8 90010000 		.4byte	.LASF15
 295 00ac 02       		.uleb128 0x2
 296 00ad 08       		.byte	0x8
 297 00ae 04       		.byte	0x4
 298 00af 22020000 		.4byte	.LASF16
 299 00b3 02       		.uleb128 0x2
 300 00b4 04       		.byte	0x4
 301 00b5 07       		.byte	0x7
 302 00b6 72010000 		.4byte	.LASF17
 303 00ba 05       		.uleb128 0x5
 304 00bb 0A000000 		.4byte	.LASF18
 305 00bf 01       		.byte	0x1
 306 00c0 08       		.byte	0x8
 307 00c1 00000000 		.4byte	.LFB64
 308 00c5 24000000 		.4byte	.LFE64-.LFB64
 309 00c9 01       		.uleb128 0x1
 310 00ca 9C       		.byte	0x9c
 311 00cb D9000000 		.4byte	0xd9
 312 00cf 06       		.uleb128 0x6
 313 00d0 0E000000 		.4byte	.LVL0
 314 00d4 E9010000 		.4byte	0x1e9
 315 00d8 00       		.byte	0
 316 00d9 07       		.uleb128 0x7
 317 00da 5C010000 		.4byte	.LASF19
 318 00de 01       		.byte	0x1
 319 00df 10       		.byte	0x10
 320 00e0 73000000 		.4byte	0x73
 321 00e4 00000000 		.4byte	.LFB65
 322 00e8 28000000 		.4byte	.LFE65-.LFB65
 323 00ec 01       		.uleb128 0x1
 324 00ed 9C       		.byte	0x9c
 325 00ee 13010000 		.4byte	0x113
 326 00f2 08       		.uleb128 0x8
 327 00f3 7800     		.ascii	"x\000"
 328 00f5 01       		.byte	0x1
 329 00f6 11       		.byte	0x11
 330 00f7 73000000 		.4byte	0x73
 331 00fb 00000000 		.4byte	.LLST0
 332 00ff 09       		.uleb128 0x9
 333 0100 00000000 		.4byte	.Ldebug_ranges0+0
 334 0104 08       		.uleb128 0x8
 335 0105 6900     		.ascii	"i\000"
 336 0107 01       		.byte	0x1
 337 0108 12       		.byte	0x12
 338 0109 73000000 		.4byte	0x73
 339 010d 20000000 		.4byte	.LLST1
 340 0111 00       		.byte	0
ARM GAS  C:\Users\swaga\AppData\Local\Temp\ccCqnhmD.s 			page 8


 341 0112 00       		.byte	0
 342 0113 0A       		.uleb128 0xa
 343 0114 1E010000 		.4byte	.LASF32
 344 0118 01       		.byte	0x1
 345 0119 1F       		.byte	0x1f
 346 011a 73000000 		.4byte	0x73
 347 011e 00000000 		.4byte	.LFB66
 348 0122 4C000000 		.4byte	.LFE66-.LFB66
 349 0126 01       		.uleb128 0x1
 350 0127 9C       		.byte	0x9c
 351 0128 85010000 		.4byte	0x185
 352 012c 06       		.uleb128 0x6
 353 012d 08000000 		.4byte	.LVL5
 354 0131 F4010000 		.4byte	0x1f4
 355 0135 0B       		.uleb128 0xb
 356 0136 0E000000 		.4byte	.LVL6
 357 013a FF010000 		.4byte	0x1ff
 358 013e 4C010000 		.4byte	0x14c
 359 0142 0C       		.uleb128 0xc
 360 0143 01       		.uleb128 0x1
 361 0144 50       		.byte	0x50
 362 0145 05       		.uleb128 0x5
 363 0146 03       		.byte	0x3
 364 0147 00000000 		.4byte	ISR_UART_Rx
 365 014b 00       		.byte	0
 366 014c 06       		.uleb128 0x6
 367 014d 22000000 		.4byte	.LVL7
 368 0151 D9000000 		.4byte	0xd9
 369 0155 0B       		.uleb128 0xb
 370 0156 2C000000 		.4byte	.LVL8
 371 015a 0A020000 		.4byte	0x20a
 372 015e 73010000 		.4byte	0x173
 373 0162 0C       		.uleb128 0xc
 374 0163 01       		.uleb128 0x1
 375 0164 50       		.byte	0x50
 376 0165 05       		.uleb128 0x5
 377 0166 03       		.byte	0x3
 378 0167 00000000 		.4byte	tx_buffer
 379 016b 0C       		.uleb128 0xc
 380 016c 01       		.uleb128 0x1
 381 016d 51       		.byte	0x51
 382 016e 03       		.uleb128 0x3
 383 016f 0A       		.byte	0xa
 384 0170 0001     		.2byte	0x100
 385 0172 00       		.byte	0
 386 0173 0D       		.uleb128 0xd
 387 0174 3A000000 		.4byte	.LVL9
 388 0178 15020000 		.4byte	0x215
 389 017c 0C       		.uleb128 0xc
 390 017d 01       		.uleb128 0x1
 391 017e 50       		.byte	0x50
 392 017f 03       		.uleb128 0x3
 393 0180 0A       		.byte	0xa
 394 0181 E803     		.2byte	0x3e8
 395 0183 00       		.byte	0
 396 0184 00       		.byte	0
 397 0185 0E       		.uleb128 0xe
ARM GAS  C:\Users\swaga\AppData\Local\Temp\ccCqnhmD.s 			page 9


 398 0186 0A010000 		.4byte	.LASF20
 399 018a 04       		.byte	0x4
 400 018b 1207     		.2byte	0x712
 401 018d 91010000 		.4byte	0x191
 402 0191 0F       		.uleb128 0xf
 403 0192 8C000000 		.4byte	0x8c
 404 0196 10       		.uleb128 0x10
 405 0197 A5000000 		.4byte	0xa5
 406 019b A6010000 		.4byte	0x1a6
 407 019f 11       		.uleb128 0x11
 408 01a0 B3000000 		.4byte	0xb3
 409 01a4 04       		.byte	0x4
 410 01a5 00       		.byte	0
 411 01a6 12       		.uleb128 0x12
 412 01a7 C0010000 		.4byte	.LASF21
 413 01ab 01       		.byte	0x1
 414 01ac 03       		.byte	0x3
 415 01ad 96010000 		.4byte	0x196
 416 01b1 05       		.uleb128 0x5
 417 01b2 03       		.byte	0x3
 418 01b3 00000000 		.4byte	buffer
 419 01b7 10       		.uleb128 0x10
 420 01b8 81000000 		.4byte	0x81
 421 01bc C7010000 		.4byte	0x1c7
 422 01c0 11       		.uleb128 0x11
 423 01c1 B3000000 		.4byte	0xb3
 424 01c5 FF       		.byte	0xff
 425 01c6 00       		.byte	0
 426 01c7 12       		.uleb128 0x12
 427 01c8 20000000 		.4byte	.LASF22
 428 01cc 01       		.byte	0x1
 429 01cd 04       		.byte	0x4
 430 01ce B7010000 		.4byte	0x1b7
 431 01d2 05       		.uleb128 0x5
 432 01d3 03       		.byte	0x3
 433 01d4 00000000 		.4byte	tx_buffer
 434 01d8 12       		.uleb128 0x12
 435 01d9 95010000 		.4byte	.LASF23
 436 01dd 01       		.byte	0x1
 437 01de 05       		.byte	0x5
 438 01df 81000000 		.4byte	0x81
 439 01e3 05       		.uleb128 0x5
 440 01e4 03       		.byte	0x3
 441 01e5 00000000 		.4byte	buffer_index
 442 01e9 13       		.uleb128 0x13
 443 01ea 23010000 		.4byte	.LASF24
 444 01ee 23010000 		.4byte	.LASF24
 445 01f2 05       		.byte	0x5
 446 01f3 72       		.byte	0x72
 447 01f4 13       		.uleb128 0x13
 448 01f5 F1000000 		.4byte	.LASF25
 449 01f9 F1000000 		.4byte	.LASF25
 450 01fd 05       		.byte	0x5
 451 01fe 54       		.byte	0x54
 452 01ff 13       		.uleb128 0x13
 453 0200 A2010000 		.4byte	.LASF26
 454 0204 A2010000 		.4byte	.LASF26
ARM GAS  C:\Users\swaga\AppData\Local\Temp\ccCqnhmD.s 			page 10


 455 0208 06       		.byte	0x6
 456 0209 18       		.byte	0x18
 457 020a 13       		.uleb128 0x13
 458 020b FC000000 		.4byte	.LASF27
 459 020f FC000000 		.4byte	.LASF27
 460 0213 05       		.byte	0x5
 461 0214 8C       		.byte	0x8c
 462 0215 13       		.uleb128 0x13
 463 0216 3A020000 		.4byte	.LASF28
 464 021a 3A020000 		.4byte	.LASF28
 465 021e 07       		.byte	0x7
 466 021f 76       		.byte	0x76
 467 0220 00       		.byte	0
 468              		.section	.debug_abbrev,"",%progbits
 469              	.Ldebug_abbrev0:
 470 0000 01       		.uleb128 0x1
 471 0001 11       		.uleb128 0x11
 472 0002 01       		.byte	0x1
 473 0003 25       		.uleb128 0x25
 474 0004 0E       		.uleb128 0xe
 475 0005 13       		.uleb128 0x13
 476 0006 0B       		.uleb128 0xb
 477 0007 03       		.uleb128 0x3
 478 0008 0E       		.uleb128 0xe
 479 0009 1B       		.uleb128 0x1b
 480 000a 0E       		.uleb128 0xe
 481 000b 55       		.uleb128 0x55
 482 000c 17       		.uleb128 0x17
 483 000d 11       		.uleb128 0x11
 484 000e 01       		.uleb128 0x1
 485 000f 10       		.uleb128 0x10
 486 0010 17       		.uleb128 0x17
 487 0011 00       		.byte	0
 488 0012 00       		.byte	0
 489 0013 02       		.uleb128 0x2
 490 0014 24       		.uleb128 0x24
 491 0015 00       		.byte	0
 492 0016 0B       		.uleb128 0xb
 493 0017 0B       		.uleb128 0xb
 494 0018 3E       		.uleb128 0x3e
 495 0019 0B       		.uleb128 0xb
 496 001a 03       		.uleb128 0x3
 497 001b 0E       		.uleb128 0xe
 498 001c 00       		.byte	0
 499 001d 00       		.byte	0
 500 001e 03       		.uleb128 0x3
 501 001f 16       		.uleb128 0x16
 502 0020 00       		.byte	0
 503 0021 03       		.uleb128 0x3
 504 0022 0E       		.uleb128 0xe
 505 0023 3A       		.uleb128 0x3a
 506 0024 0B       		.uleb128 0xb
 507 0025 3B       		.uleb128 0x3b
 508 0026 0B       		.uleb128 0xb
 509 0027 49       		.uleb128 0x49
 510 0028 13       		.uleb128 0x13
 511 0029 00       		.byte	0
ARM GAS  C:\Users\swaga\AppData\Local\Temp\ccCqnhmD.s 			page 11


 512 002a 00       		.byte	0
 513 002b 04       		.uleb128 0x4
 514 002c 24       		.uleb128 0x24
 515 002d 00       		.byte	0
 516 002e 0B       		.uleb128 0xb
 517 002f 0B       		.uleb128 0xb
 518 0030 3E       		.uleb128 0x3e
 519 0031 0B       		.uleb128 0xb
 520 0032 03       		.uleb128 0x3
 521 0033 08       		.uleb128 0x8
 522 0034 00       		.byte	0
 523 0035 00       		.byte	0
 524 0036 05       		.uleb128 0x5
 525 0037 2E       		.uleb128 0x2e
 526 0038 01       		.byte	0x1
 527 0039 3F       		.uleb128 0x3f
 528 003a 19       		.uleb128 0x19
 529 003b 03       		.uleb128 0x3
 530 003c 0E       		.uleb128 0xe
 531 003d 3A       		.uleb128 0x3a
 532 003e 0B       		.uleb128 0xb
 533 003f 3B       		.uleb128 0x3b
 534 0040 0B       		.uleb128 0xb
 535 0041 27       		.uleb128 0x27
 536 0042 19       		.uleb128 0x19
 537 0043 11       		.uleb128 0x11
 538 0044 01       		.uleb128 0x1
 539 0045 12       		.uleb128 0x12
 540 0046 06       		.uleb128 0x6
 541 0047 40       		.uleb128 0x40
 542 0048 18       		.uleb128 0x18
 543 0049 9742     		.uleb128 0x2117
 544 004b 19       		.uleb128 0x19
 545 004c 01       		.uleb128 0x1
 546 004d 13       		.uleb128 0x13
 547 004e 00       		.byte	0
 548 004f 00       		.byte	0
 549 0050 06       		.uleb128 0x6
 550 0051 898201   		.uleb128 0x4109
 551 0054 00       		.byte	0
 552 0055 11       		.uleb128 0x11
 553 0056 01       		.uleb128 0x1
 554 0057 31       		.uleb128 0x31
 555 0058 13       		.uleb128 0x13
 556 0059 00       		.byte	0
 557 005a 00       		.byte	0
 558 005b 07       		.uleb128 0x7
 559 005c 2E       		.uleb128 0x2e
 560 005d 01       		.byte	0x1
 561 005e 3F       		.uleb128 0x3f
 562 005f 19       		.uleb128 0x19
 563 0060 03       		.uleb128 0x3
 564 0061 0E       		.uleb128 0xe
 565 0062 3A       		.uleb128 0x3a
 566 0063 0B       		.uleb128 0xb
 567 0064 3B       		.uleb128 0x3b
 568 0065 0B       		.uleb128 0xb
ARM GAS  C:\Users\swaga\AppData\Local\Temp\ccCqnhmD.s 			page 12


 569 0066 49       		.uleb128 0x49
 570 0067 13       		.uleb128 0x13
 571 0068 11       		.uleb128 0x11
 572 0069 01       		.uleb128 0x1
 573 006a 12       		.uleb128 0x12
 574 006b 06       		.uleb128 0x6
 575 006c 40       		.uleb128 0x40
 576 006d 18       		.uleb128 0x18
 577 006e 9742     		.uleb128 0x2117
 578 0070 19       		.uleb128 0x19
 579 0071 01       		.uleb128 0x1
 580 0072 13       		.uleb128 0x13
 581 0073 00       		.byte	0
 582 0074 00       		.byte	0
 583 0075 08       		.uleb128 0x8
 584 0076 34       		.uleb128 0x34
 585 0077 00       		.byte	0
 586 0078 03       		.uleb128 0x3
 587 0079 08       		.uleb128 0x8
 588 007a 3A       		.uleb128 0x3a
 589 007b 0B       		.uleb128 0xb
 590 007c 3B       		.uleb128 0x3b
 591 007d 0B       		.uleb128 0xb
 592 007e 49       		.uleb128 0x49
 593 007f 13       		.uleb128 0x13
 594 0080 02       		.uleb128 0x2
 595 0081 17       		.uleb128 0x17
 596 0082 00       		.byte	0
 597 0083 00       		.byte	0
 598 0084 09       		.uleb128 0x9
 599 0085 0B       		.uleb128 0xb
 600 0086 01       		.byte	0x1
 601 0087 55       		.uleb128 0x55
 602 0088 17       		.uleb128 0x17
 603 0089 00       		.byte	0
 604 008a 00       		.byte	0
 605 008b 0A       		.uleb128 0xa
 606 008c 2E       		.uleb128 0x2e
 607 008d 01       		.byte	0x1
 608 008e 3F       		.uleb128 0x3f
 609 008f 19       		.uleb128 0x19
 610 0090 03       		.uleb128 0x3
 611 0091 0E       		.uleb128 0xe
 612 0092 3A       		.uleb128 0x3a
 613 0093 0B       		.uleb128 0xb
 614 0094 3B       		.uleb128 0x3b
 615 0095 0B       		.uleb128 0xb
 616 0096 27       		.uleb128 0x27
 617 0097 19       		.uleb128 0x19
 618 0098 49       		.uleb128 0x49
 619 0099 13       		.uleb128 0x13
 620 009a 8701     		.uleb128 0x87
 621 009c 19       		.uleb128 0x19
 622 009d 11       		.uleb128 0x11
 623 009e 01       		.uleb128 0x1
 624 009f 12       		.uleb128 0x12
 625 00a0 06       		.uleb128 0x6
ARM GAS  C:\Users\swaga\AppData\Local\Temp\ccCqnhmD.s 			page 13


 626 00a1 40       		.uleb128 0x40
 627 00a2 18       		.uleb128 0x18
 628 00a3 9742     		.uleb128 0x2117
 629 00a5 19       		.uleb128 0x19
 630 00a6 01       		.uleb128 0x1
 631 00a7 13       		.uleb128 0x13
 632 00a8 00       		.byte	0
 633 00a9 00       		.byte	0
 634 00aa 0B       		.uleb128 0xb
 635 00ab 898201   		.uleb128 0x4109
 636 00ae 01       		.byte	0x1
 637 00af 11       		.uleb128 0x11
 638 00b0 01       		.uleb128 0x1
 639 00b1 31       		.uleb128 0x31
 640 00b2 13       		.uleb128 0x13
 641 00b3 01       		.uleb128 0x1
 642 00b4 13       		.uleb128 0x13
 643 00b5 00       		.byte	0
 644 00b6 00       		.byte	0
 645 00b7 0C       		.uleb128 0xc
 646 00b8 8A8201   		.uleb128 0x410a
 647 00bb 00       		.byte	0
 648 00bc 02       		.uleb128 0x2
 649 00bd 18       		.uleb128 0x18
 650 00be 9142     		.uleb128 0x2111
 651 00c0 18       		.uleb128 0x18
 652 00c1 00       		.byte	0
 653 00c2 00       		.byte	0
 654 00c3 0D       		.uleb128 0xd
 655 00c4 898201   		.uleb128 0x4109
 656 00c7 01       		.byte	0x1
 657 00c8 11       		.uleb128 0x11
 658 00c9 01       		.uleb128 0x1
 659 00ca 31       		.uleb128 0x31
 660 00cb 13       		.uleb128 0x13
 661 00cc 00       		.byte	0
 662 00cd 00       		.byte	0
 663 00ce 0E       		.uleb128 0xe
 664 00cf 34       		.uleb128 0x34
 665 00d0 00       		.byte	0
 666 00d1 03       		.uleb128 0x3
 667 00d2 0E       		.uleb128 0xe
 668 00d3 3A       		.uleb128 0x3a
 669 00d4 0B       		.uleb128 0xb
 670 00d5 3B       		.uleb128 0x3b
 671 00d6 05       		.uleb128 0x5
 672 00d7 49       		.uleb128 0x49
 673 00d8 13       		.uleb128 0x13
 674 00d9 3F       		.uleb128 0x3f
 675 00da 19       		.uleb128 0x19
 676 00db 3C       		.uleb128 0x3c
 677 00dc 19       		.uleb128 0x19
 678 00dd 00       		.byte	0
 679 00de 00       		.byte	0
 680 00df 0F       		.uleb128 0xf
 681 00e0 35       		.uleb128 0x35
 682 00e1 00       		.byte	0
ARM GAS  C:\Users\swaga\AppData\Local\Temp\ccCqnhmD.s 			page 14


 683 00e2 49       		.uleb128 0x49
 684 00e3 13       		.uleb128 0x13
 685 00e4 00       		.byte	0
 686 00e5 00       		.byte	0
 687 00e6 10       		.uleb128 0x10
 688 00e7 01       		.uleb128 0x1
 689 00e8 01       		.byte	0x1
 690 00e9 49       		.uleb128 0x49
 691 00ea 13       		.uleb128 0x13
 692 00eb 01       		.uleb128 0x1
 693 00ec 13       		.uleb128 0x13
 694 00ed 00       		.byte	0
 695 00ee 00       		.byte	0
 696 00ef 11       		.uleb128 0x11
 697 00f0 21       		.uleb128 0x21
 698 00f1 00       		.byte	0
 699 00f2 49       		.uleb128 0x49
 700 00f3 13       		.uleb128 0x13
 701 00f4 2F       		.uleb128 0x2f
 702 00f5 0B       		.uleb128 0xb
 703 00f6 00       		.byte	0
 704 00f7 00       		.byte	0
 705 00f8 12       		.uleb128 0x12
 706 00f9 34       		.uleb128 0x34
 707 00fa 00       		.byte	0
 708 00fb 03       		.uleb128 0x3
 709 00fc 0E       		.uleb128 0xe
 710 00fd 3A       		.uleb128 0x3a
 711 00fe 0B       		.uleb128 0xb
 712 00ff 3B       		.uleb128 0x3b
 713 0100 0B       		.uleb128 0xb
 714 0101 49       		.uleb128 0x49
 715 0102 13       		.uleb128 0x13
 716 0103 3F       		.uleb128 0x3f
 717 0104 19       		.uleb128 0x19
 718 0105 02       		.uleb128 0x2
 719 0106 18       		.uleb128 0x18
 720 0107 00       		.byte	0
 721 0108 00       		.byte	0
 722 0109 13       		.uleb128 0x13
 723 010a 2E       		.uleb128 0x2e
 724 010b 00       		.byte	0
 725 010c 3F       		.uleb128 0x3f
 726 010d 19       		.uleb128 0x19
 727 010e 3C       		.uleb128 0x3c
 728 010f 19       		.uleb128 0x19
 729 0110 6E       		.uleb128 0x6e
 730 0111 0E       		.uleb128 0xe
 731 0112 03       		.uleb128 0x3
 732 0113 0E       		.uleb128 0xe
 733 0114 3A       		.uleb128 0x3a
 734 0115 0B       		.uleb128 0xb
 735 0116 3B       		.uleb128 0x3b
 736 0117 0B       		.uleb128 0xb
 737 0118 00       		.byte	0
 738 0119 00       		.byte	0
 739 011a 00       		.byte	0
ARM GAS  C:\Users\swaga\AppData\Local\Temp\ccCqnhmD.s 			page 15


 740              		.section	.debug_loc,"",%progbits
 741              	.Ldebug_loc0:
 742              	.LLST0:
 743 0000 00000000 		.4byte	.LVL1
 744 0004 06000000 		.4byte	.LVL2
 745 0008 0300     		.2byte	0x3
 746 000a 08       		.byte	0x8
 747 000b 7F       		.byte	0x7f
 748 000c 9F       		.byte	0x9f
 749 000d 06000000 		.4byte	.LVL2
 750 0011 28000000 		.4byte	.LFE65
 751 0015 0100     		.2byte	0x1
 752 0017 52       		.byte	0x52
 753 0018 00000000 		.4byte	0
 754 001c 00000000 		.4byte	0
 755              	.LLST1:
 756 0020 00000000 		.4byte	.LVL1
 757 0024 06000000 		.4byte	.LVL2
 758 0028 0200     		.2byte	0x2
 759 002a 30       		.byte	0x30
 760 002b 9F       		.byte	0x9f
 761 002c 06000000 		.4byte	.LVL2
 762 0030 28000000 		.4byte	.LFE65
 763 0034 0100     		.2byte	0x1
 764 0036 53       		.byte	0x53
 765 0037 00000000 		.4byte	0
 766 003b 00000000 		.4byte	0
 767              		.section	.debug_aranges,"",%progbits
 768 0000 2C000000 		.4byte	0x2c
 769 0004 0200     		.2byte	0x2
 770 0006 00000000 		.4byte	.Ldebug_info0
 771 000a 04       		.byte	0x4
 772 000b 00       		.byte	0
 773 000c 0000     		.2byte	0
 774 000e 0000     		.2byte	0
 775 0010 00000000 		.4byte	.LFB64
 776 0014 24000000 		.4byte	.LFE64-.LFB64
 777 0018 00000000 		.4byte	.LFB65
 778 001c 28000000 		.4byte	.LFE65-.LFB65
 779 0020 00000000 		.4byte	.LFB66
 780 0024 4C000000 		.4byte	.LFE66-.LFB66
 781 0028 00000000 		.4byte	0
 782 002c 00000000 		.4byte	0
 783              		.section	.debug_ranges,"",%progbits
 784              	.Ldebug_ranges0:
 785 0000 00000000 		.4byte	.LBB2
 786 0004 02000000 		.4byte	.LBE2
 787 0008 04000000 		.4byte	.LBB3
 788 000c 1E000000 		.4byte	.LBE3
 789 0010 00000000 		.4byte	0
 790 0014 00000000 		.4byte	0
 791 0018 00000000 		.4byte	.LFB64
 792 001c 24000000 		.4byte	.LFE64
 793 0020 00000000 		.4byte	.LFB65
 794 0024 28000000 		.4byte	.LFE65
 795 0028 00000000 		.4byte	.LFB66
 796 002c 4C000000 		.4byte	.LFE66
ARM GAS  C:\Users\swaga\AppData\Local\Temp\ccCqnhmD.s 			page 16


 797 0030 00000000 		.4byte	0
 798 0034 00000000 		.4byte	0
 799              		.section	.debug_line,"",%progbits
 800              	.Ldebug_line0:
 801 0000 C2010000 		.section	.debug_str,"MS",%progbits,1
 801      02006501 
 801      00000201 
 801      FB0E0D00 
 801      01010101 
 802              	.LASF4:
 803 0000 5F5F7569 		.ascii	"__uint8_t\000"
 803      6E74385F 
 803      7400
 804              	.LASF18:
 805 000a 4953525F 		.ascii	"ISR_UART_Rx\000"
 805      55415254 
 805      5F527800 
 806              	.LASF5:
 807 0016 5F5F696E 		.ascii	"__int32_t\000"
 807      7433325F 
 807      7400
 808              	.LASF22:
 809 0020 74785F62 		.ascii	"tx_buffer\000"
 809      75666665 
 809      7200
 810              	.LASF13:
 811 002a 666C6F61 		.ascii	"float\000"
 811      7400
 812              	.LASF1:
 813 0030 756E7369 		.ascii	"unsigned char\000"
 813      676E6564 
 813      20636861 
 813      7200
 814              	.LASF29:
 815 003e 474E5520 		.ascii	"GNU C11 5.4.1 20160609 (release) [ARM/embedded-5-br"
 815      43313120 
 815      352E342E 
 815      31203230 
 815      31363036 
 816 0071 616E6368 		.ascii	"anch revision 237715] -mcpu=cortex-m3 -mthumb -g -O"
 816      20726576 
 816      6973696F 
 816      6E203233 
 816      37373135 
 817 00a4 67202D66 		.ascii	"g -ffunction-sections -ffat-lto-objects\000"
 817      66756E63 
 817      74696F6E 
 817      2D736563 
 817      74696F6E 
 818              	.LASF7:
 819 00cc 6C6F6E67 		.ascii	"long unsigned int\000"
 819      20756E73 
 819      69676E65 
 819      6420696E 
 819      7400
 820              	.LASF3:
 821 00de 73686F72 		.ascii	"short unsigned int\000"
ARM GAS  C:\Users\swaga\AppData\Local\Temp\ccCqnhmD.s 			page 17


 821      7420756E 
 821      7369676E 
 821      65642069 
 821      6E7400
 822              	.LASF25:
 823 00f1 55415254 		.ascii	"UART_Start\000"
 823      5F537461 
 823      727400
 824              	.LASF27:
 825 00fc 55415254 		.ascii	"UART_PutArray\000"
 825      5F507574 
 825      41727261 
 825      7900
 826              	.LASF20:
 827 010a 49544D5F 		.ascii	"ITM_RxBuffer\000"
 827      52784275 
 827      66666572 
 827      00
 828              	.LASF14:
 829 0117 646F7562 		.ascii	"double\000"
 829      6C6500
 830              	.LASF32:
 831 011e 6D61696E 		.ascii	"main\000"
 831      00
 832              	.LASF24:
 833 0123 55415254 		.ascii	"UART_GetByte\000"
 833      5F476574 
 833      42797465 
 833      00
 834              	.LASF10:
 835 0130 756E7369 		.ascii	"unsigned int\000"
 835      676E6564 
 835      20696E74 
 835      00
 836              	.LASF9:
 837 013d 6C6F6E67 		.ascii	"long long unsigned int\000"
 837      206C6F6E 
 837      6720756E 
 837      7369676E 
 837      65642069 
 838              	.LASF11:
 839 0154 75696E74 		.ascii	"uint8_t\000"
 839      385F7400 
 840              	.LASF19:
 841 015c 74726961 		.ascii	"triangle_wave\000"
 841      6E676C65 
 841      5F776176 
 841      6500
 842              	.LASF12:
 843 016a 696E7433 		.ascii	"int32_t\000"
 843      325F7400 
 844              	.LASF17:
 845 0172 73697A65 		.ascii	"sizetype\000"
 845      74797065 
 845      00
 846              	.LASF8:
 847 017b 6C6F6E67 		.ascii	"long long int\000"
ARM GAS  C:\Users\swaga\AppData\Local\Temp\ccCqnhmD.s 			page 18


 847      206C6F6E 
 847      6720696E 
 847      7400
 848              	.LASF30:
 849 0189 6D61696E 		.ascii	"main.c\000"
 849      2E6300
 850              	.LASF15:
 851 0190 63686172 		.ascii	"char\000"
 851      00
 852              	.LASF23:
 853 0195 62756666 		.ascii	"buffer_index\000"
 853      65725F69 
 853      6E646578 
 853      00
 854              	.LASF26:
 855 01a2 4953525F 		.ascii	"ISR_UART_Rx_StartEx\000"
 855      55415254 
 855      5F52785F 
 855      53746172 
 855      74457800 
 856              	.LASF2:
 857 01b6 73686F72 		.ascii	"short int\000"
 857      7420696E 
 857      7400
 858              	.LASF21:
 859 01c0 62756666 		.ascii	"buffer\000"
 859      657200
 860              	.LASF6:
 861 01c7 6C6F6E67 		.ascii	"long int\000"
 861      20696E74 
 861      00
 862              	.LASF31:
 863 01d0 443A5C68 		.ascii	"D:\\h_da\\Lecturs\\Basic Embedded\\Embedded_basics\\"
 863      5F64615C 
 863      4C656374 
 863      7572735C 
 863      42617369 
 864 01ff 31325F55 		.ascii	"12_UART_MATLAB_data_transfer.cydsn\000"
 864      4152545F 
 864      4D41544C 
 864      41425F64 
 864      6174615F 
 865              	.LASF16:
 866 0222 6C6F6E67 		.ascii	"long double\000"
 866      20646F75 
 866      626C6500 
 867              	.LASF0:
 868 022e 7369676E 		.ascii	"signed char\000"
 868      65642063 
 868      68617200 
 869              	.LASF28:
 870 023a 43794465 		.ascii	"CyDelay\000"
 870      6C617900 
 871              		.ident	"GCC: (GNU Tools for ARM Embedded Processors) 5.4.1 20160609 (release) [ARM/embedded-5-bran
