--------------- Build Started: 06/10/2020 00:33:46 Project: 13_ADC_UART_MATLAB_data_transfer, Configuration: ARM GCC 5.4-2016-q2-update Debug ---------------
The code generation step is up to date.
arm-none-eabi-gcc.exe -mcpu=cortex-m3 -mthumb -I. -IGenerated_Source\PSoC5 -Wa,-alh=.\CortexM3\ARM_GCC_541\Debug/main.lst -g -D DEBUG -D CY_CORE_ID=0 -Wall -ffunction-sections -ffat-lto-objects -Og -c main.c -o .\CortexM3\ARM_GCC_541\Debug\main.o
main.c: In function 'main':
main.c:40:31: warning: passing argument 1 of 'UART_PutArray' from incompatible pointer type [-Wincompatible-pointer-types]
                 UART_PutArray(tx_buffer,TX_BUFF_SIZE * sizeof(uint16_t));//<-----------------------------sending data
                               ^
In file included from Generated_Source\PSoC5/project.h:22:0,
                 from main.c:1:
Generated_Source\PSoC5/UART.h:140:10: note: expected 'const uint8 * {aka const unsigned char *}' but argument is of type 'uint16 * {aka short unsigned int *}'
     void UART_PutArray(const uint8 string[], uint16 byteCount)
          ^
arm-none-eabi-ar.exe -rs .\CortexM3\ARM_GCC_541\Debug\13_ADC_UART_MATLAB_data_transfer.a .\CortexM3\ARM_GCC_541\Debug\CyDmac.o .\CortexM3\ARM_GCC_541\Debug\CyFlash.o .\CortexM3\ARM_GCC_541\Debug\CyLib.o .\CortexM3\ARM_GCC_541\Debug\cyPm.o .\CortexM3\ARM_GCC_541\Debug\CySpc.o .\CortexM3\ARM_GCC_541\Debug\cyutils.o .\CortexM3\ARM_GCC_541\Debug\cy_em_eeprom.o .\CortexM3\ARM_GCC_541\Debug\UART.o .\CortexM3\ARM_GCC_541\Debug\UART_PM.o .\CortexM3\ARM_GCC_541\Debug\UART_INT.o .\CortexM3\ARM_GCC_541\Debug\UART_BOOT.o .\CortexM3\ARM_GCC_541\Debug\UART_IntClock.o .\CortexM3\ARM_GCC_541\Debug\led_red.o .\CortexM3\ARM_GCC_541\Debug\led_green.o .\CortexM3\ARM_GCC_541\Debug\ISR_UART_Rx.o .\CortexM3\ARM_GCC_541\Debug\ADC.o .\CortexM3\ARM_GCC_541\Debug\ADC_PM.o .\CortexM3\ARM_GCC_541\Debug\ADC_INT.o .\CortexM3\ARM_GCC_541\Debug\ADC_in.o .\CortexM3\ARM_GCC_541\Debug\ADC_AMux.o .\CortexM3\ARM_GCC_541\Debug\ADC_Ext_CP_Clk.o .\CortexM3\ARM_GCC_541\Debug\ADC_IRQ.o .\CortexM3\ARM_GCC_541\Debug\ADC_theACLK.o .\CortexM3\ARM_GCC_541\Debug\led_yellow.o .\CortexM3\ARM_GCC_541\Debug\CyBootAsmGnu.o
arm-none-eabi-ar.exe: creating .\CortexM3\ARM_GCC_541\Debug\13_ADC_UART_MATLAB_data_transfer.a
arm-none-eabi-gcc.exe -Wl,--start-group -o "D:\h_da\Lecturs\Basic Embedded\Embedded_basics\13_ADC_UART_MATLAB_data_transfer.cydsn\CortexM3\ARM_GCC_541\Debug\13_ADC_UART_MATLAB_data_transfer.elf" .\CortexM3\ARM_GCC_541\Debug\main.o .\CortexM3\ARM_GCC_541\Debug\cyfitter_cfg.o .\CortexM3\ARM_GCC_541\Debug\cymetadata.o .\CortexM3\ARM_GCC_541\Debug\Cm3Start.o .\CortexM3\ARM_GCC_541\Debug\13_ADC_UART_MATLAB_data_transfer.a "C:\Program Files (x86)\Cypress\PSoC Creator\4.2\PSoC Creator\psoc\content\cycomponentlibrary\CyComponentLibrary.cylib\CortexM3\ARM_GCC_541\Debug\CyComponentLibrary.a" -mcpu=cortex-m3 -mthumb -L Generated_Source\PSoC5 -Wl,-Map,.\CortexM3\ARM_GCC_541\Debug/13_ADC_UART_MATLAB_data_transfer.map -T Generated_Source\PSoC5\cm3gcc.ld -specs=nano.specs -Wl,--gc-sections -g -ffunction-sections -Og -ffat-lto-objects -Wl,--end-group
cyelftool.exe -C "D:\h_da\Lecturs\Basic Embedded\Embedded_basics\13_ADC_UART_MATLAB_data_transfer.cydsn\CortexM3\ARM_GCC_541\Debug\13_ADC_UART_MATLAB_data_transfer.elf" --flash_row_size 256 --flash_size 262144 --flash_offset 0x00000000
No ELF section .cychecksum found, creating one
Application checksum calculated and stored in ELF section .cychecksum
Checksum calculated and stored in ELF section .cymeta
cyelftool.exe -S "D:\h_da\Lecturs\Basic Embedded\Embedded_basics\13_ADC_UART_MATLAB_data_transfer.cydsn\CortexM3\ARM_GCC_541\Debug\13_ADC_UART_MATLAB_data_transfer.elf"
Flash used: 6878 of 262144 bytes (2.6%).
SRAM used: 5113 of 65536 bytes (7.8%). Stack: 2048 bytes. Heap: 128 bytes.
--------------- Build Succeeded: 06/10/2020 00:33:47 ---------------
