ARM GAS  C:\Users\swaga\AppData\Local\Temp\ccN5I9Co.s 			page 1


   1              		.syntax unified
   2              		.cpu cortex-m3
   3              		.fpu softvfp
   4              		.eabi_attribute 20, 1
   5              		.eabi_attribute 21, 1
   6              		.eabi_attribute 23, 3
   7              		.eabi_attribute 24, 1
   8              		.eabi_attribute 25, 1
   9              		.eabi_attribute 26, 1
  10              		.eabi_attribute 30, 1
  11              		.eabi_attribute 34, 1
  12              		.eabi_attribute 18, 4
  13              		.thumb
  14              		.syntax unified
  15              		.file	"main.c"
  16              		.text
  17              	.Ltext0:
  18              		.cfi_sections	.debug_frame
  19              		.section	.text.isr_Handler,"ax",%progbits
  20              		.align	2
  21              		.global	isr_Handler
  22              		.thumb
  23              		.thumb_func
  24              		.type	isr_Handler, %function
  25              	isr_Handler:
  26              	.LFB64:
  27              		.file 1 "main.c"
   1:main.c        **** 
   2:main.c        **** #include "project.h"
   3:main.c        **** CY_ISR_PROTO(isr_Handler);
   4:main.c        **** char buffer;
   5:main.c        **** //uint8 button_state;
   6:main.c        **** int main(void)
   7:main.c        **** {
   8:main.c        ****     CyGlobalIntEnable; /* Enable global interrupts. */
   9:main.c        **** 
  10:main.c        ****    
  11:main.c        ****       //  uint8 led_state;
  12:main.c        ****     UART_Start();
  13:main.c        ****     isr_StartEx(isr_Handler);
  14:main.c        ****     //UART_EnableRxInt();
  15:main.c        ****     //UART_SetRxInterruptMode(UART_RX_STS_FIFO_NOTEMPTY);
  16:main.c        ****     for(;;)
  17:main.c        ****     {   
  18:main.c        ****         
  19:main.c        ****         /*button_state= button_Read();
  20:main.c        ****         if (UART_GetChar()=='0'){
  21:main.c        ****              led_red_Write(1);
  22:main.c        ****              led_green_Write(0);
  23:main.c        ****              led_blue_Write(0);
  24:main.c        ****              UART_PutString("LED RED ON!!!\n");
  25:main.c        ****              }
  26:main.c        ****         
  27:main.c        ****         else if(UART_GetChar()=='1')
  28:main.c        ****            {
  29:main.c        ****              led_red_Write(0);
  30:main.c        ****              led_green_Write(1);
ARM GAS  C:\Users\swaga\AppData\Local\Temp\ccN5I9Co.s 			page 2


  31:main.c        ****              led_blue_Write(0);
  32:main.c        ****              UART_PutString("LED GREEN ON!!!\n");
  33:main.c        ****             }
  34:main.c        ****         else if(UART_GetChar()=='2')
  35:main.c        ****            {
  36:main.c        ****              led_red_Write(0);
  37:main.c        ****              led_green_Write(0);
  38:main.c        ****              led_blue_Write(1);
  39:main.c        ****              UART_PutString("LED BLUE ON!!!\n");*/
  40:main.c        ****             }
  41:main.c        ****         }
  42:main.c        ****        // CyDelay(1000);
  43:main.c        ****     
  44:main.c        ****     
  45:main.c        **** 
  46:main.c        ****     CY_ISR(isr_Handler) {  
  28              		.loc 1 46 0
  29              		.cfi_startproc
  30              		@ args = 0, pretend = 0, frame = 0
  31              		@ frame_needed = 0, uses_anonymous_args = 0
  32 0000 08B5     		push	{r3, lr}
  33              		.cfi_def_cfa_offset 8
  34              		.cfi_offset 3, -8
  35              		.cfi_offset 14, -4
  47:main.c        ****         buffer = UART_GetChar();
  36              		.loc 1 47 0
  37 0002 FFF7FEFF 		bl	UART_GetChar
  38              	.LVL0:
  39 0006 204B     		ldr	r3, .L8
  40 0008 1870     		strb	r0, [r3]
  48:main.c        ****         //rx_interrupt_ClearInterrupt();
  49:main.c        ****         if (buffer=='0'){
  41              		.loc 1 49 0
  42 000a 3028     		cmp	r0, #48
  43 000c 09D1     		bne	.L2
  44              	.L3:
  50:main.c        ****             for(;;){
  51:main.c        ****              led_red_Write(0);
  45              		.loc 1 51 0 discriminator 1
  46 000e 0020     		movs	r0, #0
  47 0010 FFF7FEFF 		bl	led_red_Write
  48              	.LVL1:
  52:main.c        ****              led_green_Write(0);
  49              		.loc 1 52 0 discriminator 1
  50 0014 0020     		movs	r0, #0
  51 0016 FFF7FEFF 		bl	led_green_Write
  52              	.LVL2:
  53:main.c        ****              led_blue_Write(0);
  53              		.loc 1 53 0 discriminator 1
  54 001a 0020     		movs	r0, #0
  55 001c FFF7FEFF 		bl	led_blue_Write
  56              	.LVL3:
  57 0020 F5E7     		b	.L3
  58              	.L2:
  54:main.c        ****             // UART_PutString("LED RED ON!!!\n");
  55:main.c        ****              }
  56:main.c        ****         }
ARM GAS  C:\Users\swaga\AppData\Local\Temp\ccN5I9Co.s 			page 3


  57:main.c        ****         else if(buffer=='1')
  59              		.loc 1 57 0
  60 0022 3128     		cmp	r0, #49
  61 0024 23D1     		bne	.L4
  62              	.L5:
  58:main.c        ****           for(;;)
  59:main.c        ****         { {
  60:main.c        ****              led_red_Write(0);
  63              		.loc 1 60 0 discriminator 1
  64 0026 0020     		movs	r0, #0
  65 0028 FFF7FEFF 		bl	led_red_Write
  66              	.LVL4:
  61:main.c        ****              led_green_Write(1);
  67              		.loc 1 61 0 discriminator 1
  68 002c 0120     		movs	r0, #1
  69 002e FFF7FEFF 		bl	led_green_Write
  70              	.LVL5:
  62:main.c        ****              led_green_Write(0);
  71              		.loc 1 62 0 discriminator 1
  72 0032 0020     		movs	r0, #0
  73 0034 FFF7FEFF 		bl	led_green_Write
  74              	.LVL6:
  63:main.c        ****              CyDelay(1000);
  75              		.loc 1 63 0 discriminator 1
  76 0038 4FF47A70 		mov	r0, #1000
  77 003c FFF7FEFF 		bl	CyDelay
  78              	.LVL7:
  64:main.c        ****              led_green_Write(1);
  79              		.loc 1 64 0 discriminator 1
  80 0040 0120     		movs	r0, #1
  81 0042 FFF7FEFF 		bl	led_green_Write
  82              	.LVL8:
  65:main.c        ****              led_green_Write(0);
  83              		.loc 1 65 0 discriminator 1
  84 0046 0020     		movs	r0, #0
  85 0048 FFF7FEFF 		bl	led_green_Write
  86              	.LVL9:
  66:main.c        ****              led_green_Write(0);
  87              		.loc 1 66 0 discriminator 1
  88 004c 0020     		movs	r0, #0
  89 004e FFF7FEFF 		bl	led_green_Write
  90              	.LVL10:
  67:main.c        ****              CyDelay(1000);
  91              		.loc 1 67 0 discriminator 1
  92 0052 4FF47A70 		mov	r0, #1000
  93 0056 FFF7FEFF 		bl	CyDelay
  94              	.LVL11:
  68:main.c        ****              led_blue_Write(0);
  95              		.loc 1 68 0 discriminator 1
  96 005a 0020     		movs	r0, #0
  97 005c FFF7FEFF 		bl	led_blue_Write
  98              	.LVL12:
  69:main.c        ****              led_green_Write(0);
  99              		.loc 1 69 0 discriminator 1
 100 0060 0020     		movs	r0, #0
 101 0062 FFF7FEFF 		bl	led_green_Write
 102              	.LVL13:
ARM GAS  C:\Users\swaga\AppData\Local\Temp\ccN5I9Co.s 			page 4


  70:main.c        ****              led_green_Write(1);
 103              		.loc 1 70 0 discriminator 1
 104 0066 0120     		movs	r0, #1
 105 0068 FFF7FEFF 		bl	led_green_Write
 106              	.LVL14:
 107 006c DBE7     		b	.L5
 108              	.L4:
  71:main.c        ****             // UART_PutString("LED GREEN ON!!!\n");
  72:main.c        ****             }}
  73:main.c        ****         else if(buffer=='2')
 109              		.loc 1 73 0
 110 006e 3228     		cmp	r0, #50
 111 0070 08D1     		bne	.L1
  74:main.c        ****            {
  75:main.c        ****              led_red_Write(0);
 112              		.loc 1 75 0
 113 0072 0020     		movs	r0, #0
 114 0074 FFF7FEFF 		bl	led_red_Write
 115              	.LVL15:
  76:main.c        ****              led_green_Write(0);
 116              		.loc 1 76 0
 117 0078 0020     		movs	r0, #0
 118 007a FFF7FEFF 		bl	led_green_Write
 119              	.LVL16:
  77:main.c        ****              led_blue_Write(1);
 120              		.loc 1 77 0
 121 007e 0120     		movs	r0, #1
 122 0080 FFF7FEFF 		bl	led_blue_Write
 123              	.LVL17:
 124              	.L1:
 125 0084 08BD     		pop	{r3, pc}
 126              	.L9:
 127 0086 00BF     		.align	2
 128              	.L8:
 129 0088 00000000 		.word	buffer
 130              		.cfi_endproc
 131              	.LFE64:
 132              		.size	isr_Handler, .-isr_Handler
 133              		.section	.text.main,"ax",%progbits
 134              		.align	2
 135              		.global	main
 136              		.thumb
 137              		.thumb_func
 138              		.type	main, %function
 139              	main:
 140              	.LFB63:
   7:main.c        ****     CyGlobalIntEnable; /* Enable global interrupts. */
 141              		.loc 1 7 0
 142              		.cfi_startproc
 143              		@ Volatile: function does not return.
 144              		@ args = 0, pretend = 0, frame = 0
 145              		@ frame_needed = 0, uses_anonymous_args = 0
 146 0000 08B5     		push	{r3, lr}
 147              		.cfi_def_cfa_offset 8
 148              		.cfi_offset 3, -8
 149              		.cfi_offset 14, -4
   8:main.c        **** 
ARM GAS  C:\Users\swaga\AppData\Local\Temp\ccN5I9Co.s 			page 5


 150              		.loc 1 8 0
 151              		.syntax unified
 152              	@ 8 "main.c" 1
 153 0002 62B6     		CPSIE   i
 154              	@ 0 "" 2
  12:main.c        ****     isr_StartEx(isr_Handler);
 155              		.loc 1 12 0
 156              		.thumb
 157              		.syntax unified
 158 0004 FFF7FEFF 		bl	UART_Start
 159              	.LVL18:
  13:main.c        ****     //UART_EnableRxInt();
 160              		.loc 1 13 0
 161 0008 0148     		ldr	r0, .L13
 162 000a FFF7FEFF 		bl	isr_StartEx
 163              	.LVL19:
 164              	.L11:
 165 000e FEE7     		b	.L11
 166              	.L14:
 167              		.align	2
 168              	.L13:
 169 0010 00000000 		.word	isr_Handler
 170              		.cfi_endproc
 171              	.LFE63:
 172              		.size	main, .-main
 173              		.comm	buffer,1,1
 174              		.text
 175              	.Letext0:
 176              		.file 2 "c:\\program files (x86)\\cypress\\psoc creator\\4.2\\psoc creator\\import\\gnu\\arm\\5.4.
 177              		.file 3 "c:\\program files (x86)\\cypress\\psoc creator\\4.2\\psoc creator\\import\\gnu\\arm\\5.4.
 178              		.file 4 "Generated_Source\\PSoC5/core_cm3.h"
 179              		.file 5 "Generated_Source\\PSoC5/UART.h"
 180              		.file 6 "Generated_Source\\PSoC5/led_red.h"
 181              		.file 7 "Generated_Source\\PSoC5/led_green.h"
 182              		.file 8 "Generated_Source\\PSoC5/led_blue.h"
 183              		.file 9 "Generated_Source\\PSoC5/CyLib.h"
 184              		.file 10 "Generated_Source\\PSoC5/isr.h"
 185              		.section	.debug_info,"",%progbits
 186              	.Ldebug_info0:
 187 0000 A8020000 		.4byte	0x2a8
 188 0004 0400     		.2byte	0x4
 189 0006 00000000 		.4byte	.Ldebug_abbrev0
 190 000a 04       		.byte	0x4
 191 000b 01       		.uleb128 0x1
 192 000c 8A000000 		.4byte	.LASF25
 193 0010 0C       		.byte	0xc
 194 0011 B0010000 		.4byte	.LASF26
 195 0015 00000000 		.4byte	.LASF27
 196 0019 00000000 		.4byte	.Ldebug_ranges0+0
 197 001d 00000000 		.4byte	0
 198 0021 00000000 		.4byte	.Ldebug_line0
 199 0025 02       		.uleb128 0x2
 200 0026 01       		.byte	0x1
 201 0027 06       		.byte	0x6
 202 0028 EE010000 		.4byte	.LASF0
 203 002c 02       		.uleb128 0x2
 204 002d 01       		.byte	0x1
ARM GAS  C:\Users\swaga\AppData\Local\Temp\ccN5I9Co.s 			page 6


 205 002e 08       		.byte	0x8
 206 002f 7C000000 		.4byte	.LASF1
 207 0033 02       		.uleb128 0x2
 208 0034 02       		.byte	0x2
 209 0035 05       		.byte	0x5
 210 0036 BC010000 		.4byte	.LASF2
 211 003a 02       		.uleb128 0x2
 212 003b 02       		.byte	0x2
 213 003c 07       		.byte	0x7
 214 003d 2A010000 		.4byte	.LASF3
 215 0041 03       		.uleb128 0x3
 216 0042 4F000000 		.4byte	.LASF9
 217 0046 02       		.byte	0x2
 218 0047 3F       		.byte	0x3f
 219 0048 4C000000 		.4byte	0x4c
 220 004c 02       		.uleb128 0x2
 221 004d 04       		.byte	0x4
 222 004e 05       		.byte	0x5
 223 004f CD010000 		.4byte	.LASF4
 224 0053 02       		.uleb128 0x2
 225 0054 04       		.byte	0x4
 226 0055 07       		.byte	0x7
 227 0056 18010000 		.4byte	.LASF5
 228 005a 02       		.uleb128 0x2
 229 005b 08       		.byte	0x8
 230 005c 05       		.byte	0x5
 231 005d A2010000 		.4byte	.LASF6
 232 0061 02       		.uleb128 0x2
 233 0062 08       		.byte	0x8
 234 0063 07       		.byte	0x7
 235 0064 7A010000 		.4byte	.LASF7
 236 0068 04       		.uleb128 0x4
 237 0069 04       		.byte	0x4
 238 006a 05       		.byte	0x5
 239 006b 696E7400 		.ascii	"int\000"
 240 006f 02       		.uleb128 0x2
 241 0070 04       		.byte	0x4
 242 0071 07       		.byte	0x7
 243 0072 6D010000 		.4byte	.LASF8
 244 0076 03       		.uleb128 0x3
 245 0077 91010000 		.4byte	.LASF10
 246 007b 03       		.byte	0x3
 247 007c 2C       		.byte	0x2c
 248 007d 41000000 		.4byte	0x41
 249 0081 02       		.uleb128 0x2
 250 0082 04       		.byte	0x4
 251 0083 04       		.byte	0x4
 252 0084 76000000 		.4byte	.LASF11
 253 0088 02       		.uleb128 0x2
 254 0089 08       		.byte	0x8
 255 008a 04       		.byte	0x4
 256 008b 55010000 		.4byte	.LASF12
 257 008f 02       		.uleb128 0x2
 258 0090 01       		.byte	0x1
 259 0091 08       		.byte	0x8
 260 0092 B7010000 		.4byte	.LASF13
 261 0096 02       		.uleb128 0x2
ARM GAS  C:\Users\swaga\AppData\Local\Temp\ccN5I9Co.s 			page 7


 262 0097 08       		.byte	0x8
 263 0098 04       		.byte	0x4
 264 0099 E2010000 		.4byte	.LASF14
 265 009d 02       		.uleb128 0x2
 266 009e 04       		.byte	0x4
 267 009f 07       		.byte	0x7
 268 00a0 99010000 		.4byte	.LASF15
 269 00a4 05       		.uleb128 0x5
 270 00a5 D6010000 		.4byte	.LASF28
 271 00a9 01       		.byte	0x1
 272 00aa 2E       		.byte	0x2e
 273 00ab 00000000 		.4byte	.LFB64
 274 00af 8C000000 		.4byte	.LFE64-.LFB64
 275 00b3 01       		.uleb128 0x1
 276 00b4 9C       		.byte	0x9c
 277 00b5 06020000 		.4byte	0x206
 278 00b9 06       		.uleb128 0x6
 279 00ba 06000000 		.4byte	.LVL0
 280 00be 5E020000 		.4byte	0x25e
 281 00c2 07       		.uleb128 0x7
 282 00c3 14000000 		.4byte	.LVL1
 283 00c7 69020000 		.4byte	0x269
 284 00cb D5000000 		.4byte	0xd5
 285 00cf 08       		.uleb128 0x8
 286 00d0 01       		.uleb128 0x1
 287 00d1 50       		.byte	0x50
 288 00d2 01       		.uleb128 0x1
 289 00d3 30       		.byte	0x30
 290 00d4 00       		.byte	0
 291 00d5 07       		.uleb128 0x7
 292 00d6 1A000000 		.4byte	.LVL2
 293 00da 74020000 		.4byte	0x274
 294 00de E8000000 		.4byte	0xe8
 295 00e2 08       		.uleb128 0x8
 296 00e3 01       		.uleb128 0x1
 297 00e4 50       		.byte	0x50
 298 00e5 01       		.uleb128 0x1
 299 00e6 30       		.byte	0x30
 300 00e7 00       		.byte	0
 301 00e8 07       		.uleb128 0x7
 302 00e9 20000000 		.4byte	.LVL3
 303 00ed 7F020000 		.4byte	0x27f
 304 00f1 FB000000 		.4byte	0xfb
 305 00f5 08       		.uleb128 0x8
 306 00f6 01       		.uleb128 0x1
 307 00f7 50       		.byte	0x50
 308 00f8 01       		.uleb128 0x1
 309 00f9 30       		.byte	0x30
 310 00fa 00       		.byte	0
 311 00fb 07       		.uleb128 0x7
 312 00fc 2C000000 		.4byte	.LVL4
 313 0100 69020000 		.4byte	0x269
 314 0104 0E010000 		.4byte	0x10e
 315 0108 08       		.uleb128 0x8
 316 0109 01       		.uleb128 0x1
 317 010a 50       		.byte	0x50
 318 010b 01       		.uleb128 0x1
ARM GAS  C:\Users\swaga\AppData\Local\Temp\ccN5I9Co.s 			page 8


 319 010c 30       		.byte	0x30
 320 010d 00       		.byte	0
 321 010e 07       		.uleb128 0x7
 322 010f 32000000 		.4byte	.LVL5
 323 0113 74020000 		.4byte	0x274
 324 0117 21010000 		.4byte	0x121
 325 011b 08       		.uleb128 0x8
 326 011c 01       		.uleb128 0x1
 327 011d 50       		.byte	0x50
 328 011e 01       		.uleb128 0x1
 329 011f 31       		.byte	0x31
 330 0120 00       		.byte	0
 331 0121 07       		.uleb128 0x7
 332 0122 38000000 		.4byte	.LVL6
 333 0126 74020000 		.4byte	0x274
 334 012a 34010000 		.4byte	0x134
 335 012e 08       		.uleb128 0x8
 336 012f 01       		.uleb128 0x1
 337 0130 50       		.byte	0x50
 338 0131 01       		.uleb128 0x1
 339 0132 30       		.byte	0x30
 340 0133 00       		.byte	0
 341 0134 07       		.uleb128 0x7
 342 0135 40000000 		.4byte	.LVL7
 343 0139 8A020000 		.4byte	0x28a
 344 013d 49010000 		.4byte	0x149
 345 0141 08       		.uleb128 0x8
 346 0142 01       		.uleb128 0x1
 347 0143 50       		.byte	0x50
 348 0144 03       		.uleb128 0x3
 349 0145 0A       		.byte	0xa
 350 0146 E803     		.2byte	0x3e8
 351 0148 00       		.byte	0
 352 0149 07       		.uleb128 0x7
 353 014a 46000000 		.4byte	.LVL8
 354 014e 74020000 		.4byte	0x274
 355 0152 5C010000 		.4byte	0x15c
 356 0156 08       		.uleb128 0x8
 357 0157 01       		.uleb128 0x1
 358 0158 50       		.byte	0x50
 359 0159 01       		.uleb128 0x1
 360 015a 31       		.byte	0x31
 361 015b 00       		.byte	0
 362 015c 07       		.uleb128 0x7
 363 015d 4C000000 		.4byte	.LVL9
 364 0161 74020000 		.4byte	0x274
 365 0165 6F010000 		.4byte	0x16f
 366 0169 08       		.uleb128 0x8
 367 016a 01       		.uleb128 0x1
 368 016b 50       		.byte	0x50
 369 016c 01       		.uleb128 0x1
 370 016d 30       		.byte	0x30
 371 016e 00       		.byte	0
 372 016f 07       		.uleb128 0x7
 373 0170 52000000 		.4byte	.LVL10
 374 0174 74020000 		.4byte	0x274
 375 0178 82010000 		.4byte	0x182
ARM GAS  C:\Users\swaga\AppData\Local\Temp\ccN5I9Co.s 			page 9


 376 017c 08       		.uleb128 0x8
 377 017d 01       		.uleb128 0x1
 378 017e 50       		.byte	0x50
 379 017f 01       		.uleb128 0x1
 380 0180 30       		.byte	0x30
 381 0181 00       		.byte	0
 382 0182 07       		.uleb128 0x7
 383 0183 5A000000 		.4byte	.LVL11
 384 0187 8A020000 		.4byte	0x28a
 385 018b 97010000 		.4byte	0x197
 386 018f 08       		.uleb128 0x8
 387 0190 01       		.uleb128 0x1
 388 0191 50       		.byte	0x50
 389 0192 03       		.uleb128 0x3
 390 0193 0A       		.byte	0xa
 391 0194 E803     		.2byte	0x3e8
 392 0196 00       		.byte	0
 393 0197 07       		.uleb128 0x7
 394 0198 60000000 		.4byte	.LVL12
 395 019c 7F020000 		.4byte	0x27f
 396 01a0 AA010000 		.4byte	0x1aa
 397 01a4 08       		.uleb128 0x8
 398 01a5 01       		.uleb128 0x1
 399 01a6 50       		.byte	0x50
 400 01a7 01       		.uleb128 0x1
 401 01a8 30       		.byte	0x30
 402 01a9 00       		.byte	0
 403 01aa 07       		.uleb128 0x7
 404 01ab 66000000 		.4byte	.LVL13
 405 01af 74020000 		.4byte	0x274
 406 01b3 BD010000 		.4byte	0x1bd
 407 01b7 08       		.uleb128 0x8
 408 01b8 01       		.uleb128 0x1
 409 01b9 50       		.byte	0x50
 410 01ba 01       		.uleb128 0x1
 411 01bb 30       		.byte	0x30
 412 01bc 00       		.byte	0
 413 01bd 07       		.uleb128 0x7
 414 01be 6C000000 		.4byte	.LVL14
 415 01c2 74020000 		.4byte	0x274
 416 01c6 D0010000 		.4byte	0x1d0
 417 01ca 08       		.uleb128 0x8
 418 01cb 01       		.uleb128 0x1
 419 01cc 50       		.byte	0x50
 420 01cd 01       		.uleb128 0x1
 421 01ce 31       		.byte	0x31
 422 01cf 00       		.byte	0
 423 01d0 07       		.uleb128 0x7
 424 01d1 78000000 		.4byte	.LVL15
 425 01d5 69020000 		.4byte	0x269
 426 01d9 E3010000 		.4byte	0x1e3
 427 01dd 08       		.uleb128 0x8
 428 01de 01       		.uleb128 0x1
 429 01df 50       		.byte	0x50
 430 01e0 01       		.uleb128 0x1
 431 01e1 30       		.byte	0x30
 432 01e2 00       		.byte	0
ARM GAS  C:\Users\swaga\AppData\Local\Temp\ccN5I9Co.s 			page 10


 433 01e3 07       		.uleb128 0x7
 434 01e4 7E000000 		.4byte	.LVL16
 435 01e8 74020000 		.4byte	0x274
 436 01ec F6010000 		.4byte	0x1f6
 437 01f0 08       		.uleb128 0x8
 438 01f1 01       		.uleb128 0x1
 439 01f2 50       		.byte	0x50
 440 01f3 01       		.uleb128 0x1
 441 01f4 30       		.byte	0x30
 442 01f5 00       		.byte	0
 443 01f6 09       		.uleb128 0x9
 444 01f7 84000000 		.4byte	.LVL17
 445 01fb 7F020000 		.4byte	0x27f
 446 01ff 08       		.uleb128 0x8
 447 0200 01       		.uleb128 0x1
 448 0201 50       		.byte	0x50
 449 0202 01       		.uleb128 0x1
 450 0203 31       		.byte	0x31
 451 0204 00       		.byte	0
 452 0205 00       		.byte	0
 453 0206 0A       		.uleb128 0xa
 454 0207 5C010000 		.4byte	.LASF29
 455 020b 01       		.byte	0x1
 456 020c 06       		.byte	0x6
 457 020d 68000000 		.4byte	0x68
 458 0211 00000000 		.4byte	.LFB63
 459 0215 14000000 		.4byte	.LFE63-.LFB63
 460 0219 01       		.uleb128 0x1
 461 021a 9C       		.byte	0x9c
 462 021b 3C020000 		.4byte	0x23c
 463 021f 06       		.uleb128 0x6
 464 0220 08000000 		.4byte	.LVL18
 465 0224 95020000 		.4byte	0x295
 466 0228 09       		.uleb128 0x9
 467 0229 0E000000 		.4byte	.LVL19
 468 022d A0020000 		.4byte	0x2a0
 469 0231 08       		.uleb128 0x8
 470 0232 01       		.uleb128 0x1
 471 0233 50       		.byte	0x50
 472 0234 05       		.uleb128 0x5
 473 0235 03       		.byte	0x3
 474 0236 00000000 		.4byte	isr_Handler
 475 023a 00       		.byte	0
 476 023b 00       		.byte	0
 477 023c 0B       		.uleb128 0xb
 478 023d 48010000 		.4byte	.LASF16
 479 0241 04       		.byte	0x4
 480 0242 1207     		.2byte	0x712
 481 0244 48020000 		.4byte	0x248
 482 0248 0C       		.uleb128 0xc
 483 0249 76000000 		.4byte	0x76
 484 024d 0D       		.uleb128 0xd
 485 024e C6010000 		.4byte	.LASF17
 486 0252 01       		.byte	0x1
 487 0253 04       		.byte	0x4
 488 0254 8F000000 		.4byte	0x8f
 489 0258 05       		.uleb128 0x5
ARM GAS  C:\Users\swaga\AppData\Local\Temp\ccN5I9Co.s 			page 11


 490 0259 03       		.byte	0x3
 491 025a 00000000 		.4byte	buffer
 492 025e 0E       		.uleb128 0xe
 493 025f FA010000 		.4byte	.LASF18
 494 0263 FA010000 		.4byte	.LASF18
 495 0267 05       		.byte	0x5
 496 0268 71       		.byte	0x71
 497 0269 0E       		.uleb128 0xe
 498 026a 68000000 		.4byte	.LASF19
 499 026e 68000000 		.4byte	.LASF19
 500 0272 06       		.byte	0x6
 501 0273 26       		.byte	0x26
 502 0274 0E       		.uleb128 0xe
 503 0275 3F000000 		.4byte	.LASF20
 504 0279 3F000000 		.4byte	.LASF20
 505 027d 07       		.byte	0x7
 506 027e 26       		.byte	0x26
 507 027f 0E       		.uleb128 0xe
 508 0280 59000000 		.4byte	.LASF21
 509 0284 59000000 		.4byte	.LASF21
 510 0288 08       		.byte	0x8
 511 0289 26       		.byte	0x26
 512 028a 0E       		.uleb128 0xe
 513 028b 07020000 		.4byte	.LASF22
 514 028f 07020000 		.4byte	.LASF22
 515 0293 09       		.byte	0x9
 516 0294 76       		.byte	0x76
 517 0295 0E       		.uleb128 0xe
 518 0296 3D010000 		.4byte	.LASF23
 519 029a 3D010000 		.4byte	.LASF23
 520 029e 05       		.byte	0x5
 521 029f 54       		.byte	0x54
 522 02a0 0E       		.uleb128 0xe
 523 02a1 61010000 		.4byte	.LASF24
 524 02a5 61010000 		.4byte	.LASF24
 525 02a9 0A       		.byte	0xa
 526 02aa 18       		.byte	0x18
 527 02ab 00       		.byte	0
 528              		.section	.debug_abbrev,"",%progbits
 529              	.Ldebug_abbrev0:
 530 0000 01       		.uleb128 0x1
 531 0001 11       		.uleb128 0x11
 532 0002 01       		.byte	0x1
 533 0003 25       		.uleb128 0x25
 534 0004 0E       		.uleb128 0xe
 535 0005 13       		.uleb128 0x13
 536 0006 0B       		.uleb128 0xb
 537 0007 03       		.uleb128 0x3
 538 0008 0E       		.uleb128 0xe
 539 0009 1B       		.uleb128 0x1b
 540 000a 0E       		.uleb128 0xe
 541 000b 55       		.uleb128 0x55
 542 000c 17       		.uleb128 0x17
 543 000d 11       		.uleb128 0x11
 544 000e 01       		.uleb128 0x1
 545 000f 10       		.uleb128 0x10
 546 0010 17       		.uleb128 0x17
ARM GAS  C:\Users\swaga\AppData\Local\Temp\ccN5I9Co.s 			page 12


 547 0011 00       		.byte	0
 548 0012 00       		.byte	0
 549 0013 02       		.uleb128 0x2
 550 0014 24       		.uleb128 0x24
 551 0015 00       		.byte	0
 552 0016 0B       		.uleb128 0xb
 553 0017 0B       		.uleb128 0xb
 554 0018 3E       		.uleb128 0x3e
 555 0019 0B       		.uleb128 0xb
 556 001a 03       		.uleb128 0x3
 557 001b 0E       		.uleb128 0xe
 558 001c 00       		.byte	0
 559 001d 00       		.byte	0
 560 001e 03       		.uleb128 0x3
 561 001f 16       		.uleb128 0x16
 562 0020 00       		.byte	0
 563 0021 03       		.uleb128 0x3
 564 0022 0E       		.uleb128 0xe
 565 0023 3A       		.uleb128 0x3a
 566 0024 0B       		.uleb128 0xb
 567 0025 3B       		.uleb128 0x3b
 568 0026 0B       		.uleb128 0xb
 569 0027 49       		.uleb128 0x49
 570 0028 13       		.uleb128 0x13
 571 0029 00       		.byte	0
 572 002a 00       		.byte	0
 573 002b 04       		.uleb128 0x4
 574 002c 24       		.uleb128 0x24
 575 002d 00       		.byte	0
 576 002e 0B       		.uleb128 0xb
 577 002f 0B       		.uleb128 0xb
 578 0030 3E       		.uleb128 0x3e
 579 0031 0B       		.uleb128 0xb
 580 0032 03       		.uleb128 0x3
 581 0033 08       		.uleb128 0x8
 582 0034 00       		.byte	0
 583 0035 00       		.byte	0
 584 0036 05       		.uleb128 0x5
 585 0037 2E       		.uleb128 0x2e
 586 0038 01       		.byte	0x1
 587 0039 3F       		.uleb128 0x3f
 588 003a 19       		.uleb128 0x19
 589 003b 03       		.uleb128 0x3
 590 003c 0E       		.uleb128 0xe
 591 003d 3A       		.uleb128 0x3a
 592 003e 0B       		.uleb128 0xb
 593 003f 3B       		.uleb128 0x3b
 594 0040 0B       		.uleb128 0xb
 595 0041 27       		.uleb128 0x27
 596 0042 19       		.uleb128 0x19
 597 0043 11       		.uleb128 0x11
 598 0044 01       		.uleb128 0x1
 599 0045 12       		.uleb128 0x12
 600 0046 06       		.uleb128 0x6
 601 0047 40       		.uleb128 0x40
 602 0048 18       		.uleb128 0x18
 603 0049 9742     		.uleb128 0x2117
ARM GAS  C:\Users\swaga\AppData\Local\Temp\ccN5I9Co.s 			page 13


 604 004b 19       		.uleb128 0x19
 605 004c 01       		.uleb128 0x1
 606 004d 13       		.uleb128 0x13
 607 004e 00       		.byte	0
 608 004f 00       		.byte	0
 609 0050 06       		.uleb128 0x6
 610 0051 898201   		.uleb128 0x4109
 611 0054 00       		.byte	0
 612 0055 11       		.uleb128 0x11
 613 0056 01       		.uleb128 0x1
 614 0057 31       		.uleb128 0x31
 615 0058 13       		.uleb128 0x13
 616 0059 00       		.byte	0
 617 005a 00       		.byte	0
 618 005b 07       		.uleb128 0x7
 619 005c 898201   		.uleb128 0x4109
 620 005f 01       		.byte	0x1
 621 0060 11       		.uleb128 0x11
 622 0061 01       		.uleb128 0x1
 623 0062 31       		.uleb128 0x31
 624 0063 13       		.uleb128 0x13
 625 0064 01       		.uleb128 0x1
 626 0065 13       		.uleb128 0x13
 627 0066 00       		.byte	0
 628 0067 00       		.byte	0
 629 0068 08       		.uleb128 0x8
 630 0069 8A8201   		.uleb128 0x410a
 631 006c 00       		.byte	0
 632 006d 02       		.uleb128 0x2
 633 006e 18       		.uleb128 0x18
 634 006f 9142     		.uleb128 0x2111
 635 0071 18       		.uleb128 0x18
 636 0072 00       		.byte	0
 637 0073 00       		.byte	0
 638 0074 09       		.uleb128 0x9
 639 0075 898201   		.uleb128 0x4109
 640 0078 01       		.byte	0x1
 641 0079 11       		.uleb128 0x11
 642 007a 01       		.uleb128 0x1
 643 007b 31       		.uleb128 0x31
 644 007c 13       		.uleb128 0x13
 645 007d 00       		.byte	0
 646 007e 00       		.byte	0
 647 007f 0A       		.uleb128 0xa
 648 0080 2E       		.uleb128 0x2e
 649 0081 01       		.byte	0x1
 650 0082 3F       		.uleb128 0x3f
 651 0083 19       		.uleb128 0x19
 652 0084 03       		.uleb128 0x3
 653 0085 0E       		.uleb128 0xe
 654 0086 3A       		.uleb128 0x3a
 655 0087 0B       		.uleb128 0xb
 656 0088 3B       		.uleb128 0x3b
 657 0089 0B       		.uleb128 0xb
 658 008a 27       		.uleb128 0x27
 659 008b 19       		.uleb128 0x19
 660 008c 49       		.uleb128 0x49
ARM GAS  C:\Users\swaga\AppData\Local\Temp\ccN5I9Co.s 			page 14


 661 008d 13       		.uleb128 0x13
 662 008e 8701     		.uleb128 0x87
 663 0090 19       		.uleb128 0x19
 664 0091 11       		.uleb128 0x11
 665 0092 01       		.uleb128 0x1
 666 0093 12       		.uleb128 0x12
 667 0094 06       		.uleb128 0x6
 668 0095 40       		.uleb128 0x40
 669 0096 18       		.uleb128 0x18
 670 0097 9742     		.uleb128 0x2117
 671 0099 19       		.uleb128 0x19
 672 009a 01       		.uleb128 0x1
 673 009b 13       		.uleb128 0x13
 674 009c 00       		.byte	0
 675 009d 00       		.byte	0
 676 009e 0B       		.uleb128 0xb
 677 009f 34       		.uleb128 0x34
 678 00a0 00       		.byte	0
 679 00a1 03       		.uleb128 0x3
 680 00a2 0E       		.uleb128 0xe
 681 00a3 3A       		.uleb128 0x3a
 682 00a4 0B       		.uleb128 0xb
 683 00a5 3B       		.uleb128 0x3b
 684 00a6 05       		.uleb128 0x5
 685 00a7 49       		.uleb128 0x49
 686 00a8 13       		.uleb128 0x13
 687 00a9 3F       		.uleb128 0x3f
 688 00aa 19       		.uleb128 0x19
 689 00ab 3C       		.uleb128 0x3c
 690 00ac 19       		.uleb128 0x19
 691 00ad 00       		.byte	0
 692 00ae 00       		.byte	0
 693 00af 0C       		.uleb128 0xc
 694 00b0 35       		.uleb128 0x35
 695 00b1 00       		.byte	0
 696 00b2 49       		.uleb128 0x49
 697 00b3 13       		.uleb128 0x13
 698 00b4 00       		.byte	0
 699 00b5 00       		.byte	0
 700 00b6 0D       		.uleb128 0xd
 701 00b7 34       		.uleb128 0x34
 702 00b8 00       		.byte	0
 703 00b9 03       		.uleb128 0x3
 704 00ba 0E       		.uleb128 0xe
 705 00bb 3A       		.uleb128 0x3a
 706 00bc 0B       		.uleb128 0xb
 707 00bd 3B       		.uleb128 0x3b
 708 00be 0B       		.uleb128 0xb
 709 00bf 49       		.uleb128 0x49
 710 00c0 13       		.uleb128 0x13
 711 00c1 3F       		.uleb128 0x3f
 712 00c2 19       		.uleb128 0x19
 713 00c3 02       		.uleb128 0x2
 714 00c4 18       		.uleb128 0x18
 715 00c5 00       		.byte	0
 716 00c6 00       		.byte	0
 717 00c7 0E       		.uleb128 0xe
ARM GAS  C:\Users\swaga\AppData\Local\Temp\ccN5I9Co.s 			page 15


 718 00c8 2E       		.uleb128 0x2e
 719 00c9 00       		.byte	0
 720 00ca 3F       		.uleb128 0x3f
 721 00cb 19       		.uleb128 0x19
 722 00cc 3C       		.uleb128 0x3c
 723 00cd 19       		.uleb128 0x19
 724 00ce 6E       		.uleb128 0x6e
 725 00cf 0E       		.uleb128 0xe
 726 00d0 03       		.uleb128 0x3
 727 00d1 0E       		.uleb128 0xe
 728 00d2 3A       		.uleb128 0x3a
 729 00d3 0B       		.uleb128 0xb
 730 00d4 3B       		.uleb128 0x3b
 731 00d5 0B       		.uleb128 0xb
 732 00d6 00       		.byte	0
 733 00d7 00       		.byte	0
 734 00d8 00       		.byte	0
 735              		.section	.debug_aranges,"",%progbits
 736 0000 24000000 		.4byte	0x24
 737 0004 0200     		.2byte	0x2
 738 0006 00000000 		.4byte	.Ldebug_info0
 739 000a 04       		.byte	0x4
 740 000b 00       		.byte	0
 741 000c 0000     		.2byte	0
 742 000e 0000     		.2byte	0
 743 0010 00000000 		.4byte	.LFB64
 744 0014 8C000000 		.4byte	.LFE64-.LFB64
 745 0018 00000000 		.4byte	.LFB63
 746 001c 14000000 		.4byte	.LFE63-.LFB63
 747 0020 00000000 		.4byte	0
 748 0024 00000000 		.4byte	0
 749              		.section	.debug_ranges,"",%progbits
 750              	.Ldebug_ranges0:
 751 0000 00000000 		.4byte	.LFB64
 752 0004 8C000000 		.4byte	.LFE64
 753 0008 00000000 		.4byte	.LFB63
 754 000c 14000000 		.4byte	.LFE63
 755 0010 00000000 		.4byte	0
 756 0014 00000000 		.4byte	0
 757              		.section	.debug_line,"",%progbits
 758              	.Ldebug_line0:
 759 0000 F9010000 		.section	.debug_str,"MS",%progbits,1
 759      02008701 
 759      00000201 
 759      FB0E0D00 
 759      01010101 
 760              	.LASF27:
 761 0000 443A5C68 		.ascii	"D:\\h_da\\Lecturs\\Basic Embedded\\Embedded_basics\\"
 761      5F64615C 
 761      4C656374 
 761      7572735C 
 761      42617369 
 762 002f 30385F58 		.ascii	"08_XXXXXX.cydsn\000"
 762      58585858 
 762      582E6379 
 762      64736E00 
 763              	.LASF20:
ARM GAS  C:\Users\swaga\AppData\Local\Temp\ccN5I9Co.s 			page 16


 764 003f 6C65645F 		.ascii	"led_green_Write\000"
 764      67726565 
 764      6E5F5772 
 764      69746500 
 765              	.LASF9:
 766 004f 5F5F696E 		.ascii	"__int32_t\000"
 766      7433325F 
 766      7400
 767              	.LASF21:
 768 0059 6C65645F 		.ascii	"led_blue_Write\000"
 768      626C7565 
 768      5F577269 
 768      746500
 769              	.LASF19:
 770 0068 6C65645F 		.ascii	"led_red_Write\000"
 770      7265645F 
 770      57726974 
 770      6500
 771              	.LASF11:
 772 0076 666C6F61 		.ascii	"float\000"
 772      7400
 773              	.LASF1:
 774 007c 756E7369 		.ascii	"unsigned char\000"
 774      676E6564 
 774      20636861 
 774      7200
 775              	.LASF25:
 776 008a 474E5520 		.ascii	"GNU C11 5.4.1 20160609 (release) [ARM/embedded-5-br"
 776      43313120 
 776      352E342E 
 776      31203230 
 776      31363036 
 777 00bd 616E6368 		.ascii	"anch revision 237715] -mcpu=cortex-m3 -mthumb -g -O"
 777      20726576 
 777      6973696F 
 777      6E203233 
 777      37373135 
 778 00f0 67202D66 		.ascii	"g -ffunction-sections -ffat-lto-objects\000"
 778      66756E63 
 778      74696F6E 
 778      2D736563 
 778      74696F6E 
 779              	.LASF5:
 780 0118 6C6F6E67 		.ascii	"long unsigned int\000"
 780      20756E73 
 780      69676E65 
 780      6420696E 
 780      7400
 781              	.LASF3:
 782 012a 73686F72 		.ascii	"short unsigned int\000"
 782      7420756E 
 782      7369676E 
 782      65642069 
 782      6E7400
 783              	.LASF23:
 784 013d 55415254 		.ascii	"UART_Start\000"
 784      5F537461 
ARM GAS  C:\Users\swaga\AppData\Local\Temp\ccN5I9Co.s 			page 17


 784      727400
 785              	.LASF16:
 786 0148 49544D5F 		.ascii	"ITM_RxBuffer\000"
 786      52784275 
 786      66666572 
 786      00
 787              	.LASF12:
 788 0155 646F7562 		.ascii	"double\000"
 788      6C6500
 789              	.LASF29:
 790 015c 6D61696E 		.ascii	"main\000"
 790      00
 791              	.LASF24:
 792 0161 6973725F 		.ascii	"isr_StartEx\000"
 792      53746172 
 792      74457800 
 793              	.LASF8:
 794 016d 756E7369 		.ascii	"unsigned int\000"
 794      676E6564 
 794      20696E74 
 794      00
 795              	.LASF7:
 796 017a 6C6F6E67 		.ascii	"long long unsigned int\000"
 796      206C6F6E 
 796      6720756E 
 796      7369676E 
 796      65642069 
 797              	.LASF10:
 798 0191 696E7433 		.ascii	"int32_t\000"
 798      325F7400 
 799              	.LASF15:
 800 0199 73697A65 		.ascii	"sizetype\000"
 800      74797065 
 800      00
 801              	.LASF6:
 802 01a2 6C6F6E67 		.ascii	"long long int\000"
 802      206C6F6E 
 802      6720696E 
 802      7400
 803              	.LASF26:
 804 01b0 6D61696E 		.ascii	"main.c\000"
 804      2E6300
 805              	.LASF13:
 806 01b7 63686172 		.ascii	"char\000"
 806      00
 807              	.LASF2:
 808 01bc 73686F72 		.ascii	"short int\000"
 808      7420696E 
 808      7400
 809              	.LASF17:
 810 01c6 62756666 		.ascii	"buffer\000"
 810      657200
 811              	.LASF4:
 812 01cd 6C6F6E67 		.ascii	"long int\000"
 812      20696E74 
 812      00
 813              	.LASF28:
ARM GAS  C:\Users\swaga\AppData\Local\Temp\ccN5I9Co.s 			page 18


 814 01d6 6973725F 		.ascii	"isr_Handler\000"
 814      48616E64 
 814      6C657200 
 815              	.LASF14:
 816 01e2 6C6F6E67 		.ascii	"long double\000"
 816      20646F75 
 816      626C6500 
 817              	.LASF0:
 818 01ee 7369676E 		.ascii	"signed char\000"
 818      65642063 
 818      68617200 
 819              	.LASF18:
 820 01fa 55415254 		.ascii	"UART_GetChar\000"
 820      5F476574 
 820      43686172 
 820      00
 821              	.LASF22:
 822 0207 43794465 		.ascii	"CyDelay\000"
 822      6C617900 
 823              		.ident	"GCC: (GNU Tools for ARM Embedded Processors) 5.4.1 20160609 (release) [ARM/embedded-5-bran
