ARM GAS  C:\Users\swaga\AppData\Local\Temp\ccQloKFf.s 			page 1


   1              		.syntax unified
   2              		.cpu cortex-m3
   3              		.fpu softvfp
   4              		.eabi_attribute 20, 1
   5              		.eabi_attribute 21, 1
   6              		.eabi_attribute 23, 3
   7              		.eabi_attribute 24, 1
   8              		.eabi_attribute 25, 1
   9              		.eabi_attribute 26, 1
  10              		.eabi_attribute 30, 1
  11              		.eabi_attribute 34, 1
  12              		.eabi_attribute 18, 4
  13              		.thumb
  14              		.syntax unified
  15              		.file	"cymetadata.c"
  16              		.text
  17              	.Ltext0:
  18              		.cfi_sections	.debug_frame
  19              		.global	cy_metadata
  20              		.global	cy_meta_flashprotect
  21              		.global	cy_meta_wonvl
  22              		.global	cy_meta_custnvl
  23              		.global	cy_meta_configecc
  24              		.section	.cyconfigecc,"a",%progbits
  25              		.align	2
  26              		.type	cy_meta_configecc, %object
  27              		.size	cy_meta_configecc, 1184
  28              	cy_meta_configecc:
  29 0000 01       		.byte	1
  30 0001 52       		.byte	82
  31 0002 00       		.byte	0
  32 0003 40       		.byte	64
  33 0004 01       		.byte	1
  34 0005 5B       		.byte	91
  35 0006 00       		.byte	0
  36 0007 40       		.byte	64
  37 0008 01       		.byte	1
  38 0009 64       		.byte	100
  39 000a 00       		.byte	0
  40 000b 40       		.byte	64
  41 000c 03       		.byte	3
  42 000d 65       		.byte	101
  43 000e 00       		.byte	0
  44 000f 40       		.byte	64
  45 0010 01       		.byte	1
  46 0011 07       		.byte	7
  47 0012 01       		.byte	1
  48 0013 40       		.byte	64
  49 0014 4F       		.byte	79
  50 0015 08       		.byte	8
  51 0016 01       		.byte	1
  52 0017 40       		.byte	64
  53 0018 36       		.byte	54
  54 0019 09       		.byte	9
  55 001a 01       		.byte	1
  56 001b 40       		.byte	64
  57 001c 01       		.byte	1
ARM GAS  C:\Users\swaga\AppData\Local\Temp\ccQloKFf.s 			page 2


  58 001d 15       		.byte	21
  59 001e 01       		.byte	1
  60 001f 40       		.byte	64
  61 0020 01       		.byte	1
  62 0021 17       		.byte	23
  63 0022 01       		.byte	1
  64 0023 40       		.byte	64
  65 0024 57       		.byte	87
  66 0025 18       		.byte	24
  67 0026 01       		.byte	1
  68 0027 40       		.byte	64
  69 0028 4D       		.byte	77
  70 0029 19       		.byte	25
  71 002a 01       		.byte	1
  72 002b 40       		.byte	64
  73 002c 5F       		.byte	95
  74 002d 1A       		.byte	26
  75 002e 01       		.byte	1
  76 002f 40       		.byte	64
  77 0030 4B       		.byte	75
  78 0031 1B       		.byte	27
  79 0032 01       		.byte	1
  80 0033 40       		.byte	64
  81 0034 04       		.byte	4
  82 0035 40       		.byte	64
  83 0036 01       		.byte	1
  84 0037 40       		.byte	64
  85 0038 03       		.byte	3
  86 0039 41       		.byte	65
  87 003a 01       		.byte	1
  88 003b 40       		.byte	64
  89 003c 03       		.byte	3
  90 003d 42       		.byte	66
  91 003e 01       		.byte	1
  92 003f 40       		.byte	64
  93 0040 04       		.byte	4
  94 0041 43       		.byte	67
  95 0042 01       		.byte	1
  96 0043 40       		.byte	64
  97 0044 02       		.byte	2
  98 0045 46       		.byte	70
  99 0046 01       		.byte	1
 100 0047 40       		.byte	64
 101 0048 01       		.byte	1
 102 0049 47       		.byte	71
 103 004a 01       		.byte	1
 104 004b 40       		.byte	64
 105 004c 04       		.byte	4
 106 004d 48       		.byte	72
 107 004e 01       		.byte	1
 108 004f 40       		.byte	64
 109 0050 02       		.byte	2
 110 0051 49       		.byte	73
 111 0052 01       		.byte	1
 112 0053 40       		.byte	64
 113 0054 04       		.byte	4
 114 0055 4C       		.byte	76
ARM GAS  C:\Users\swaga\AppData\Local\Temp\ccQloKFf.s 			page 3


 115 0056 01       		.byte	1
 116 0057 40       		.byte	64
 117 0058 0B       		.byte	11
 118 0059 4D       		.byte	77
 119 005a 01       		.byte	1
 120 005b 40       		.byte	64
 121 005c 04       		.byte	4
 122 005d 50       		.byte	80
 123 005e 01       		.byte	1
 124 005f 40       		.byte	64
 125 0060 01       		.byte	1
 126 0061 51       		.byte	81
 127 0062 01       		.byte	1
 128 0063 40       		.byte	64
 129 0064 09       		.byte	9
 130 0065 40       		.byte	64
 131 0066 27       		.byte	39
 132 0067 21       		.byte	33
 133 0068 88       		.byte	-120
 134 0069 72       		.byte	114
 135 006a 88       		.byte	-120
 136 006b 0F       		.byte	15
 137 006c 8A       		.byte	-118
 138 006d 0D       		.byte	13
 139 006e 8B       		.byte	-117
 140 006f 38       		.byte	56
 141 0070 EE       		.byte	-18
 142 0071 01       		.byte	1
 143 0072 00       		.byte	0
 144 0073 02       		.byte	2
 145 0074 01       		.byte	1
 146 0075 3C       		.byte	60
 147 0076 03       		.byte	3
 148 0077 42       		.byte	66
 149 0078 04       		.byte	4
 150 0079 3F       		.byte	63
 151 007a 05       		.byte	5
 152 007b 08       		.byte	8
 153 007c 08       		.byte	8
 154 007d 03       		.byte	3
 155 007e 09       		.byte	9
 156 007f 18       		.byte	24
 157 0080 0C       		.byte	12
 158 0081 1C       		.byte	28
 159 0082 0E       		.byte	14
 160 0083 23       		.byte	35
 161 0084 0F       		.byte	15
 162 0085 04       		.byte	4
 163 0086 11       		.byte	17
 164 0087 1C       		.byte	28
 165 0088 13       		.byte	19
 166 0089 61       		.byte	97
 167 008a 15       		.byte	21
 168 008b 67       		.byte	103
 169 008c 16       		.byte	22
 170 008d 23       		.byte	35
 171 008e 17       		.byte	23
ARM GAS  C:\Users\swaga\AppData\Local\Temp\ccQloKFf.s 			page 4


 172 008f 18       		.byte	24
 173 0090 18       		.byte	24
 174 0091 33       		.byte	51
 175 0092 1A       		.byte	26
 176 0093 0C       		.byte	12
 177 0094 1B       		.byte	27
 178 0095 23       		.byte	35
 179 0096 1C       		.byte	28
 180 0097 1F       		.byte	31
 181 0098 1E       		.byte	30
 182 0099 20       		.byte	32
 183 009a 1F       		.byte	31
 184 009b 80       		.byte	-128
 185 009c 20       		.byte	32
 186 009d 08       		.byte	8
 187 009e 21       		.byte	33
 188 009f 04       		.byte	4
 189 00a0 24       		.byte	36
 190 00a1 0C       		.byte	12
 191 00a2 27       		.byte	39
 192 00a3 80       		.byte	-128
 193 00a4 28       		.byte	40
 194 00a5 04       		.byte	4
 195 00a6 29       		.byte	41
 196 00a7 7F       		.byte	127
 197 00a8 2C       		.byte	44
 198 00a9 01       		.byte	1
 199 00aa 2D       		.byte	45
 200 00ab 10       		.byte	16
 201 00ac 30       		.byte	48
 202 00ad 10       		.byte	16
 203 00ae 31       		.byte	49
 204 00af 40       		.byte	64
 205 00b0 33       		.byte	51
 206 00b1 1F       		.byte	31
 207 00b2 34       		.byte	52
 208 00b3 0F       		.byte	15
 209 00b4 35       		.byte	53
 210 00b5 80       		.byte	-128
 211 00b6 36       		.byte	54
 212 00b7 2C       		.byte	44
 213 00b8 37       		.byte	55
 214 00b9 38       		.byte	56
 215 00ba 39       		.byte	57
 216 00bb 02       		.byte	2
 217 00bc 3A       		.byte	58
 218 00bd A8       		.byte	-88
 219 00be 3B       		.byte	59
 220 00bf 08       		.byte	8
 221 00c0 3E       		.byte	62
 222 00c1 01       		.byte	1
 223 00c2 3F       		.byte	63
 224 00c3 10       		.byte	16
 225 00c4 40       		.byte	64
 226 00c5 62       		.byte	98
 227 00c6 41       		.byte	65
 228 00c7 04       		.byte	4
ARM GAS  C:\Users\swaga\AppData\Local\Temp\ccQloKFf.s 			page 5


 229 00c8 45       		.byte	69
 230 00c9 C0       		.byte	-64
 231 00ca 46       		.byte	70
 232 00cb 0B       		.byte	11
 233 00cc 47       		.byte	71
 234 00cd 0E       		.byte	14
 235 00ce 48       		.byte	72
 236 00cf 16       		.byte	22
 237 00d0 49       		.byte	73
 238 00d1 FF       		.byte	-1
 239 00d2 4A       		.byte	74
 240 00d3 FF       		.byte	-1
 241 00d4 4B       		.byte	75
 242 00d5 FF       		.byte	-1
 243 00d6 4E       		.byte	78
 244 00d7 F0       		.byte	-16
 245 00d8 4F       		.byte	79
 246 00d9 44       		.byte	68
 247 00da 50       		.byte	80
 248 00db 0C       		.byte	12
 249 00dc 56       		.byte	86
 250 00dd 02       		.byte	2
 251 00de 57       		.byte	87
 252 00df 10       		.byte	16
 253 00e0 58       		.byte	88
 254 00e1 04       		.byte	4
 255 00e2 59       		.byte	89
 256 00e3 04       		.byte	4
 257 00e4 5A       		.byte	90
 258 00e5 04       		.byte	4
 259 00e6 5B       		.byte	91
 260 00e7 04       		.byte	4
 261 00e8 5F       		.byte	95
 262 00e9 01       		.byte	1
 263 00ea 66       		.byte	102
 264 00eb C0       		.byte	-64
 265 00ec 6A       		.byte	106
 266 00ed 40       		.byte	64
 267 00ee 6B       		.byte	107
 268 00ef 02       		.byte	2
 269 00f0 C0       		.byte	-64
 270 00f1 02       		.byte	2
 271 00f2 C7       		.byte	-57
 272 00f3 04       		.byte	4
 273 00f4 C9       		.byte	-55
 274 00f5 FF       		.byte	-1
 275 00f6 CA       		.byte	-54
 276 00f7 07       		.byte	7
 277 00f8 CB       		.byte	-53
 278 00f9 FF       		.byte	-1
 279 00fa CC       		.byte	-52
 280 00fb 40       		.byte	64
 281 00fc CD       		.byte	-51
 282 00fd 20       		.byte	32
 283 00fe CE       		.byte	-50
 284 00ff F0       		.byte	-16
 285 0100 CF       		.byte	-49
ARM GAS  C:\Users\swaga\AppData\Local\Temp\ccQloKFf.s 			page 6


 286 0101 05       		.byte	5
 287 0102 D0       		.byte	-48
 288 0103 08       		.byte	8
 289 0104 DA       		.byte	-38
 290 0105 04       		.byte	4
 291 0106 DF       		.byte	-33
 292 0107 01       		.byte	1
 293 0108 E0       		.byte	-32
 294 0109 40       		.byte	64
 295 010a E1       		.byte	-31
 296 010b A8       		.byte	-88
 297 010c E2       		.byte	-30
 298 010d 40       		.byte	64
 299 010e E3       		.byte	-29
 300 010f 20       		.byte	32
 301 0110 04       		.byte	4
 302 0111 08       		.byte	8
 303 0112 05       		.byte	5
 304 0113 05       		.byte	5
 305 0114 06       		.byte	6
 306 0115 01       		.byte	1
 307 0116 07       		.byte	7
 308 0117 04       		.byte	4
 309 0118 0D       		.byte	13
 310 0119 08       		.byte	8
 311 011a 0E       		.byte	14
 312 011b 09       		.byte	9
 313 011c 12       		.byte	18
 314 011d 20       		.byte	32
 315 011e 13       		.byte	19
 316 011f 04       		.byte	4
 317 0120 16       		.byte	22
 318 0121 1A       		.byte	26
 319 0122 17       		.byte	23
 320 0123 02       		.byte	2
 321 0124 1C       		.byte	28
 322 0125 40       		.byte	64
 323 0126 1D       		.byte	29
 324 0127 24       		.byte	36
 325 0128 1E       		.byte	30
 326 0129 0B       		.byte	11
 327 012a 1F       		.byte	31
 328 012b 04       		.byte	4
 329 012c 25       		.byte	37
 330 012d 04       		.byte	4
 331 012e 26       		.byte	38
 332 012f 60       		.byte	96
 333 0130 27       		.byte	39
 334 0131 40       		.byte	64
 335 0132 2D       		.byte	45
 336 0133 88       		.byte	-120
 337 0134 2E       		.byte	46
 338 0135 02       		.byte	2
 339 0136 2F       		.byte	47
 340 0137 04       		.byte	4
 341 0138 30       		.byte	48
 342 0139 20       		.byte	32
ARM GAS  C:\Users\swaga\AppData\Local\Temp\ccQloKFf.s 			page 7


 343 013a 33       		.byte	51
 344 013b 10       		.byte	16
 345 013c 34       		.byte	52
 346 013d 20       		.byte	32
 347 013e 36       		.byte	54
 348 013f 05       		.byte	5
 349 0140 37       		.byte	55
 350 0141 40       		.byte	64
 351 0142 39       		.byte	57
 352 0143 01       		.byte	1
 353 0144 3A       		.byte	58
 354 0145 01       		.byte	1
 355 0146 3D       		.byte	61
 356 0147 01       		.byte	1
 357 0148 3E       		.byte	62
 358 0149 68       		.byte	104
 359 014a 40       		.byte	64
 360 014b 04       		.byte	4
 361 014c 47       		.byte	71
 362 014d 11       		.byte	17
 363 014e 48       		.byte	72
 364 014f 20       		.byte	32
 365 0150 4E       		.byte	78
 366 0151 08       		.byte	8
 367 0152 4F       		.byte	79
 368 0153 02       		.byte	2
 369 0154 53       		.byte	83
 370 0155 08       		.byte	8
 371 0156 57       		.byte	87
 372 0157 44       		.byte	68
 373 0158 5C       		.byte	92
 374 0159 40       		.byte	64
 375 015a 6D       		.byte	109
 376 015b 50       		.byte	80
 377 015c 6E       		.byte	110
 378 015d 04       		.byte	4
 379 015e 75       		.byte	117
 380 015f 80       		.byte	-128
 381 0160 76       		.byte	118
 382 0161 38       		.byte	56
 383 0162 77       		.byte	119
 384 0163 02       		.byte	2
 385 0164 8D       		.byte	-115
 386 0165 04       		.byte	4
 387 0166 8E       		.byte	-114
 388 0167 01       		.byte	1
 389 0168 C0       		.byte	-64
 390 0169 F0       		.byte	-16
 391 016a C2       		.byte	-62
 392 016b E0       		.byte	-32
 393 016c C4       		.byte	-60
 394 016d F0       		.byte	-16
 395 016e CA       		.byte	-54
 396 016f F0       		.byte	-16
 397 0170 CC       		.byte	-52
 398 0171 F0       		.byte	-16
 399 0172 CE       		.byte	-50
ARM GAS  C:\Users\swaga\AppData\Local\Temp\ccQloKFf.s 			page 8


 400 0173 F0       		.byte	-16
 401 0174 D0       		.byte	-48
 402 0175 A4       		.byte	-92
 403 0176 D2       		.byte	-46
 404 0177 20       		.byte	32
 405 0178 D6       		.byte	-42
 406 0179 10       		.byte	16
 407 017a EE       		.byte	-18
 408 017b 01       		.byte	1
 409 017c EE       		.byte	-18
 410 017d 08       		.byte	8
 411 017e E2       		.byte	-30
 412 017f 08       		.byte	8
 413 0180 00       		.byte	0
 414 0181 02       		.byte	2
 415 0182 04       		.byte	4
 416 0183 03       		.byte	3
 417 0184 0B       		.byte	11
 418 0185 03       		.byte	3
 419 0186 0D       		.byte	13
 420 0187 14       		.byte	20
 421 0188 0E       		.byte	14
 422 0189 03       		.byte	3
 423 018a 11       		.byte	17
 424 018b 0C       		.byte	12
 425 018c 13       		.byte	19
 426 018d 71       		.byte	113
 427 018e 15       		.byte	21
 428 018f 10       		.byte	16
 429 0190 16       		.byte	22
 430 0191 03       		.byte	3
 431 0192 17       		.byte	23
 432 0193 AC       		.byte	-84
 433 0194 18       		.byte	24
 434 0195 04       		.byte	4
 435 0196 1E       		.byte	30
 436 0197 03       		.byte	3
 437 0198 21       		.byte	33
 438 0199 DC       		.byte	-36
 439 019a 23       		.byte	35
 440 019b 22       		.byte	34
 441 019c 24       		.byte	36
 442 019d 03       		.byte	3
 443 019e 27       		.byte	39
 444 019f 20       		.byte	32
 445 01a0 28       		.byte	40
 446 01a1 03       		.byte	3
 447 01a2 29       		.byte	41
 448 01a3 10       		.byte	16
 449 01a4 2B       		.byte	43
 450 01a5 40       		.byte	64
 451 01a6 2C       		.byte	44
 452 01a7 01       		.byte	1
 453 01a8 2D       		.byte	45
 454 01a9 09       		.byte	9
 455 01aa 2E       		.byte	46
 456 01ab 08       		.byte	8
ARM GAS  C:\Users\swaga\AppData\Local\Temp\ccQloKFf.s 			page 9


 457 01ac 2F       		.byte	47
 458 01ad D0       		.byte	-48
 459 01ae 30       		.byte	48
 460 01af 08       		.byte	8
 461 01b0 34       		.byte	52
 462 01b1 04       		.byte	4
 463 01b2 35       		.byte	53
 464 01b3 1F       		.byte	31
 465 01b4 36       		.byte	54
 466 01b5 03       		.byte	3
 467 01b6 37       		.byte	55
 468 01b7 E0       		.byte	-32
 469 01b8 3B       		.byte	59
 470 01b9 80       		.byte	-128
 471 01ba 3E       		.byte	62
 472 01bb 10       		.byte	16
 473 01bc 40       		.byte	64
 474 01bd 23       		.byte	35
 475 01be 41       		.byte	65
 476 01bf 06       		.byte	6
 477 01c0 42       		.byte	66
 478 01c1 05       		.byte	5
 479 01c2 44       		.byte	68
 480 01c3 01       		.byte	1
 481 01c4 45       		.byte	69
 482 01c5 0E       		.byte	14
 483 01c6 46       		.byte	70
 484 01c7 0C       		.byte	12
 485 01c8 48       		.byte	72
 486 01c9 05       		.byte	5
 487 01ca 49       		.byte	73
 488 01cb FF       		.byte	-1
 489 01cc 4A       		.byte	74
 490 01cd FF       		.byte	-1
 491 01ce 4B       		.byte	75
 492 01cf FF       		.byte	-1
 493 01d0 4C       		.byte	76
 494 01d1 62       		.byte	98
 495 01d2 4D       		.byte	77
 496 01d3 A0       		.byte	-96
 497 01d4 4E       		.byte	78
 498 01d5 F0       		.byte	-16
 499 01d6 4F       		.byte	79
 500 01d7 41       		.byte	65
 501 01d8 50       		.byte	80
 502 01d9 0C       		.byte	12
 503 01da 54       		.byte	84
 504 01db 01       		.byte	1
 505 01dc 56       		.byte	86
 506 01dd 04       		.byte	4
 507 01de 58       		.byte	88
 508 01df 04       		.byte	4
 509 01e0 59       		.byte	89
 510 01e1 04       		.byte	4
 511 01e2 5A       		.byte	90
 512 01e3 04       		.byte	4
 513 01e4 5B       		.byte	91
ARM GAS  C:\Users\swaga\AppData\Local\Temp\ccQloKFf.s 			page 10


 514 01e5 04       		.byte	4
 515 01e6 5F       		.byte	95
 516 01e7 01       		.byte	1
 517 01e8 66       		.byte	102
 518 01e9 40       		.byte	64
 519 01ea 67       		.byte	103
 520 01eb 02       		.byte	2
 521 01ec 69       		.byte	105
 522 01ed 10       		.byte	16
 523 01ee 6A       		.byte	106
 524 01ef 30       		.byte	48
 525 01f0 6B       		.byte	107
 526 01f1 10       		.byte	16
 527 01f2 6D       		.byte	109
 528 01f3 10       		.byte	16
 529 01f4 6E       		.byte	110
 530 01f5 10       		.byte	16
 531 01f6 6F       		.byte	111
 532 01f7 12       		.byte	18
 533 01f8 80       		.byte	-128
 534 01f9 02       		.byte	2
 535 01fa 82       		.byte	-126
 536 01fb 04       		.byte	4
 537 01fc 8D       		.byte	-115
 538 01fd CA       		.byte	-54
 539 01fe 8F       		.byte	-113
 540 01ff 34       		.byte	52
 541 0200 93       		.byte	-109
 542 0201 C8       		.byte	-56
 543 0202 95       		.byte	-107
 544 0203 13       		.byte	19
 545 0204 97       		.byte	-105
 546 0205 6C       		.byte	108
 547 0206 9B       		.byte	-101
 548 0207 35       		.byte	53
 549 0208 9C       		.byte	-100
 550 0209 07       		.byte	7
 551 020a 9D       		.byte	-99
 552 020b 13       		.byte	19
 553 020c 9F       		.byte	-97
 554 020d E4       		.byte	-28
 555 020e A4       		.byte	-92
 556 020f 08       		.byte	8
 557 0210 A6       		.byte	-90
 558 0211 01       		.byte	1
 559 0212 A8       		.byte	-88
 560 0213 07       		.byte	7
 561 0214 AB       		.byte	-85
 562 0215 80       		.byte	-128
 563 0216 AD       		.byte	-83
 564 0217 03       		.byte	3
 565 0218 AF       		.byte	-81
 566 0219 04       		.byte	4
 567 021a B0       		.byte	-80
 568 021b 0C       		.byte	12
 569 021c B3       		.byte	-77
 570 021d 0F       		.byte	15
ARM GAS  C:\Users\swaga\AppData\Local\Temp\ccQloKFf.s 			page 11


 571 021e B4       		.byte	-76
 572 021f 03       		.byte	3
 573 0220 B7       		.byte	-73
 574 0221 F0       		.byte	-16
 575 0222 B8       		.byte	-72
 576 0223 22       		.byte	34
 577 0224 BB       		.byte	-69
 578 0225 88       		.byte	-120
 579 0226 BE       		.byte	-66
 580 0227 10       		.byte	16
 581 0228 D8       		.byte	-40
 582 0229 04       		.byte	4
 583 022a D9       		.byte	-39
 584 022b 04       		.byte	4
 585 022c DF       		.byte	-33
 586 022d 01       		.byte	1
 587 022e 00       		.byte	0
 588 022f 01       		.byte	1
 589 0230 01       		.byte	1
 590 0231 01       		.byte	1
 591 0232 04       		.byte	4
 592 0233 08       		.byte	8
 593 0234 05       		.byte	5
 594 0235 01       		.byte	1
 595 0236 06       		.byte	6
 596 0237 01       		.byte	1
 597 0238 09       		.byte	9
 598 0239 40       		.byte	64
 599 023a 0C       		.byte	12
 600 023b 10       		.byte	16
 601 023c 0D       		.byte	13
 602 023d 08       		.byte	8
 603 023e 0E       		.byte	14
 604 023f 01       		.byte	1
 605 0240 0F       		.byte	15
 606 0241 08       		.byte	8
 607 0242 10       		.byte	16
 608 0243 20       		.byte	32
 609 0244 11       		.byte	17
 610 0245 04       		.byte	4
 611 0246 12       		.byte	18
 612 0247 0C       		.byte	12
 613 0248 16       		.byte	22
 614 0249 02       		.byte	2
 615 024a 17       		.byte	23
 616 024b 14       		.byte	20
 617 024c 18       		.byte	24
 618 024d 04       		.byte	4
 619 024e 1B       		.byte	27
 620 024f 02       		.byte	2
 621 0250 1E       		.byte	30
 622 0251 4A       		.byte	74
 623 0252 20       		.byte	32
 624 0253 01       		.byte	1
 625 0254 21       		.byte	33
 626 0255 40       		.byte	64
 627 0256 22       		.byte	34
ARM GAS  C:\Users\swaga\AppData\Local\Temp\ccQloKFf.s 			page 12


 628 0257 08       		.byte	8
 629 0258 25       		.byte	37
 630 0259 50       		.byte	80
 631 025a 26       		.byte	38
 632 025b 80       		.byte	-128
 633 025c 27       		.byte	39
 634 025d 01       		.byte	1
 635 025e 2A       		.byte	42
 636 025f 80       		.byte	-128
 637 0260 2B       		.byte	43
 638 0261 09       		.byte	9
 639 0262 2C       		.byte	44
 640 0263 20       		.byte	32
 641 0264 2D       		.byte	45
 642 0265 01       		.byte	1
 643 0266 2F       		.byte	47
 644 0267 0A       		.byte	10
 645 0268 30       		.byte	48
 646 0269 20       		.byte	32
 647 026a 32       		.byte	50
 648 026b 88       		.byte	-120
 649 026c 33       		.byte	51
 650 026d 02       		.byte	2
 651 026e 36       		.byte	54
 652 026f 08       		.byte	8
 653 0270 37       		.byte	55
 654 0271 01       		.byte	1
 655 0272 39       		.byte	57
 656 0273 80       		.byte	-128
 657 0274 3D       		.byte	61
 658 0275 20       		.byte	32
 659 0276 3E       		.byte	62
 660 0277 20       		.byte	32
 661 0278 3F       		.byte	63
 662 0279 80       		.byte	-128
 663 027a 44       		.byte	68
 664 027b 20       		.byte	32
 665 027c 45       		.byte	69
 666 027d 28       		.byte	40
 667 027e 47       		.byte	71
 668 027f 50       		.byte	80
 669 0280 4C       		.byte	76
 670 0281 04       		.byte	4
 671 0282 4D       		.byte	77
 672 0283 08       		.byte	8
 673 0284 4F       		.byte	79
 674 0285 40       		.byte	64
 675 0286 56       		.byte	86
 676 0287 40       		.byte	64
 677 0288 5C       		.byte	92
 678 0289 82       		.byte	-126
 679 028a 5E       		.byte	94
 680 028b 08       		.byte	8
 681 028c 5F       		.byte	95
 682 028d 20       		.byte	32
 683 028e 67       		.byte	103
 684 028f 80       		.byte	-128
ARM GAS  C:\Users\swaga\AppData\Local\Temp\ccQloKFf.s 			page 13


 685 0290 87       		.byte	-121
 686 0291 40       		.byte	64
 687 0292 90       		.byte	-112
 688 0293 08       		.byte	8
 689 0294 91       		.byte	-111
 690 0295 50       		.byte	80
 691 0296 92       		.byte	-110
 692 0297 05       		.byte	5
 693 0298 93       		.byte	-109
 694 0299 04       		.byte	4
 695 029a 94       		.byte	-108
 696 029b 04       		.byte	4
 697 029c 96       		.byte	-106
 698 029d 40       		.byte	64
 699 029e 9A       		.byte	-102
 700 029f 01       		.byte	1
 701 02a0 9C       		.byte	-100
 702 02a1 20       		.byte	32
 703 02a2 9D       		.byte	-99
 704 02a3 09       		.byte	9
 705 02a4 9E       		.byte	-98
 706 02a5 02       		.byte	2
 707 02a6 9F       		.byte	-97
 708 02a7 05       		.byte	5
 709 02a8 A0       		.byte	-96
 710 02a9 20       		.byte	32
 711 02aa A1       		.byte	-95
 712 02ab 20       		.byte	32
 713 02ac A2       		.byte	-94
 714 02ad 40       		.byte	64
 715 02ae A3       		.byte	-93
 716 02af 4D       		.byte	77
 717 02b0 A5       		.byte	-91
 718 02b1 08       		.byte	8
 719 02b2 A6       		.byte	-90
 720 02b3 08       		.byte	8
 721 02b4 C0       		.byte	-64
 722 02b5 B8       		.byte	-72
 723 02b6 C2       		.byte	-62
 724 02b7 E1       		.byte	-31
 725 02b8 C4       		.byte	-60
 726 02b9 E6       		.byte	-26
 727 02ba CA       		.byte	-54
 728 02bb FC       		.byte	-4
 729 02bc CC       		.byte	-52
 730 02bd CF       		.byte	-49
 731 02be CE       		.byte	-50
 732 02bf 38       		.byte	56
 733 02c0 D0       		.byte	-48
 734 02c1 70       		.byte	112
 735 02c2 D2       		.byte	-46
 736 02c3 30       		.byte	48
 737 02c4 D6       		.byte	-42
 738 02c5 F0       		.byte	-16
 739 02c6 D8       		.byte	-40
 740 02c7 80       		.byte	-128
 741 02c8 03       		.byte	3
ARM GAS  C:\Users\swaga\AppData\Local\Temp\ccQloKFf.s 			page 14


 742 02c9 05       		.byte	5
 743 02ca 0E       		.byte	14
 744 02cb 06       		.byte	6
 745 02cc 11       		.byte	17
 746 02cd 01       		.byte	1
 747 02ce 12       		.byte	18
 748 02cf 04       		.byte	4
 749 02d0 26       		.byte	38
 750 02d1 02       		.byte	2
 751 02d2 29       		.byte	41
 752 02d3 02       		.byte	2
 753 02d4 2E       		.byte	46
 754 02d5 01       		.byte	1
 755 02d6 30       		.byte	48
 756 02d7 01       		.byte	1
 757 02d8 31       		.byte	49
 758 02d9 04       		.byte	4
 759 02da 32       		.byte	50
 760 02db 04       		.byte	4
 761 02dc 33       		.byte	51
 762 02dd 01       		.byte	1
 763 02de 34       		.byte	52
 764 02df 02       		.byte	2
 765 02e0 35       		.byte	53
 766 02e1 02       		.byte	2
 767 02e2 3E       		.byte	62
 768 02e3 10       		.byte	16
 769 02e4 3F       		.byte	63
 770 02e5 10       		.byte	16
 771 02e6 40       		.byte	64
 772 02e7 40       		.byte	64
 773 02e8 41       		.byte	65
 774 02e9 03       		.byte	3
 775 02ea 49       		.byte	73
 776 02eb FF       		.byte	-1
 777 02ec 4A       		.byte	74
 778 02ed FF       		.byte	-1
 779 02ee 4B       		.byte	75
 780 02ef FF       		.byte	-1
 781 02f0 4D       		.byte	77
 782 02f1 A0       		.byte	-96
 783 02f2 4F       		.byte	79
 784 02f3 04       		.byte	4
 785 02f4 50       		.byte	80
 786 02f5 18       		.byte	24
 787 02f6 52       		.byte	82
 788 02f7 80       		.byte	-128
 789 02f8 54       		.byte	84
 790 02f9 05       		.byte	5
 791 02fa 58       		.byte	88
 792 02fb 04       		.byte	4
 793 02fc 59       		.byte	89
 794 02fd 04       		.byte	4
 795 02fe 5A       		.byte	90
 796 02ff 04       		.byte	4
 797 0300 5B       		.byte	91
 798 0301 04       		.byte	4
ARM GAS  C:\Users\swaga\AppData\Local\Temp\ccQloKFf.s 			page 15


 799 0302 5C       		.byte	92
 800 0303 11       		.byte	17
 801 0304 5D       		.byte	93
 802 0305 11       		.byte	17
 803 0306 5F       		.byte	95
 804 0307 01       		.byte	1
 805 0308 60       		.byte	96
 806 0309 40       		.byte	64
 807 030a 62       		.byte	98
 808 030b C0       		.byte	-64
 809 030c 64       		.byte	100
 810 030d 40       		.byte	64
 811 030e 65       		.byte	101
 812 030f 40       		.byte	64
 813 0310 66       		.byte	102
 814 0311 C0       		.byte	-64
 815 0312 68       		.byte	104
 816 0313 C0       		.byte	-64
 817 0314 6A       		.byte	106
 818 0315 C0       		.byte	-64
 819 0316 6C       		.byte	108
 820 0317 C0       		.byte	-64
 821 0318 6E       		.byte	110
 822 0319 C0       		.byte	-64
 823 031a 81       		.byte	-127
 824 031b 28       		.byte	40
 825 031c 82       		.byte	-126
 826 031d 04       		.byte	4
 827 031e 83       		.byte	-125
 828 031f 46       		.byte	70
 829 0320 85       		.byte	-123
 830 0321 7C       		.byte	124
 831 0322 88       		.byte	-120
 832 0323 04       		.byte	4
 833 0324 89       		.byte	-119
 834 0325 7C       		.byte	124
 835 0326 8C       		.byte	-116
 836 0327 04       		.byte	4
 837 0328 92       		.byte	-110
 838 0329 02       		.byte	2
 839 032a 95       		.byte	-107
 840 032b 04       		.byte	4
 841 032c 97       		.byte	-105
 842 032d 19       		.byte	25
 843 032e 98       		.byte	-104
 844 032f 01       		.byte	1
 845 0330 99       		.byte	-103
 846 0331 50       		.byte	80
 847 0332 9B       		.byte	-101
 848 0333 26       		.byte	38
 849 0334 9E       		.byte	-98
 850 0335 04       		.byte	4
 851 0336 A2       		.byte	-94
 852 0337 02       		.byte	2
 853 0338 A6       		.byte	-90
 854 0339 04       		.byte	4
 855 033a A8       		.byte	-88
ARM GAS  C:\Users\swaga\AppData\Local\Temp\ccQloKFf.s 			page 16


 856 033b 01       		.byte	1
 857 033c AC       		.byte	-84
 858 033d 01       		.byte	1
 859 033e B0       		.byte	-80
 860 033f 02       		.byte	2
 861 0340 B1       		.byte	-79
 862 0341 03       		.byte	3
 863 0342 B2       		.byte	-78
 864 0343 01       		.byte	1
 865 0344 B3       		.byte	-77
 866 0345 60       		.byte	96
 867 0346 B4       		.byte	-76
 868 0347 04       		.byte	4
 869 0348 B5       		.byte	-75
 870 0349 1C       		.byte	28
 871 034a BE       		.byte	-66
 872 034b 11       		.byte	17
 873 034c BF       		.byte	-65
 874 034d 01       		.byte	1
 875 034e C0       		.byte	-64
 876 034f 40       		.byte	64
 877 0350 C1       		.byte	-63
 878 0351 03       		.byte	3
 879 0352 C5       		.byte	-59
 880 0353 D0       		.byte	-48
 881 0354 C7       		.byte	-57
 882 0355 12       		.byte	18
 883 0356 C8       		.byte	-56
 884 0357 32       		.byte	50
 885 0358 C9       		.byte	-55
 886 0359 FF       		.byte	-1
 887 035a CA       		.byte	-54
 888 035b FF       		.byte	-1
 889 035c CB       		.byte	-53
 890 035d FF       		.byte	-1
 891 035e CD       		.byte	-51
 892 035f AF       		.byte	-81
 893 0360 CE       		.byte	-50
 894 0361 0F       		.byte	15
 895 0362 CF       		.byte	-49
 896 0363 04       		.byte	4
 897 0364 D0       		.byte	-48
 898 0365 18       		.byte	24
 899 0366 D4       		.byte	-44
 900 0367 18       		.byte	24
 901 0368 D8       		.byte	-40
 902 0369 04       		.byte	4
 903 036a D9       		.byte	-39
 904 036b 04       		.byte	4
 905 036c DA       		.byte	-38
 906 036d 04       		.byte	4
 907 036e DB       		.byte	-37
 908 036f 04       		.byte	4
 909 0370 DD       		.byte	-35
 910 0371 01       		.byte	1
 911 0372 DF       		.byte	-33
 912 0373 01       		.byte	1
ARM GAS  C:\Users\swaga\AppData\Local\Temp\ccQloKFf.s 			page 17


 913 0374 E0       		.byte	-32
 914 0375 40       		.byte	64
 915 0376 E2       		.byte	-30
 916 0377 C0       		.byte	-64
 917 0378 E4       		.byte	-28
 918 0379 40       		.byte	64
 919 037a E5       		.byte	-27
 920 037b 40       		.byte	64
 921 037c E6       		.byte	-26
 922 037d C0       		.byte	-64
 923 037e E8       		.byte	-24
 924 037f C0       		.byte	-64
 925 0380 EA       		.byte	-22
 926 0381 C0       		.byte	-64
 927 0382 EC       		.byte	-20
 928 0383 C0       		.byte	-64
 929 0384 EE       		.byte	-18
 930 0385 C0       		.byte	-64
 931 0386 03       		.byte	3
 932 0387 02       		.byte	2
 933 0388 04       		.byte	4
 934 0389 01       		.byte	1
 935 038a 06       		.byte	6
 936 038b 04       		.byte	4
 937 038c 07       		.byte	7
 938 038d 01       		.byte	1
 939 038e 09       		.byte	9
 940 038f 01       		.byte	1
 941 0390 0E       		.byte	14
 942 0391 84       		.byte	-124
 943 0392 0F       		.byte	15
 944 0393 42       		.byte	66
 945 0394 10       		.byte	16
 946 0395 02       		.byte	2
 947 0396 11       		.byte	17
 948 0397 08       		.byte	8
 949 0398 15       		.byte	21
 950 0399 54       		.byte	84
 951 039a 16       		.byte	22
 952 039b 40       		.byte	64
 953 039c 18       		.byte	24
 954 039d 20       		.byte	32
 955 039e 1A       		.byte	26
 956 039f 08       		.byte	8
 957 03a0 1B       		.byte	27
 958 03a1 02       		.byte	2
 959 03a2 1C       		.byte	28
 960 03a3 08       		.byte	8
 961 03a4 1D       		.byte	29
 962 03a5 08       		.byte	8
 963 03a6 1F       		.byte	31
 964 03a7 01       		.byte	1
 965 03a8 20       		.byte	32
 966 03a9 20       		.byte	32
 967 03aa 21       		.byte	33
 968 03ab 02       		.byte	2
 969 03ac 22       		.byte	34
ARM GAS  C:\Users\swaga\AppData\Local\Temp\ccQloKFf.s 			page 18


 970 03ad 20       		.byte	32
 971 03ae 27       		.byte	39
 972 03af 54       		.byte	84
 973 03b0 2A       		.byte	42
 974 03b1 20       		.byte	32
 975 03b2 31       		.byte	49
 976 03b3 02       		.byte	2
 977 03b4 37       		.byte	55
 978 03b5 14       		.byte	20
 979 03b6 3A       		.byte	58
 980 03b7 01       		.byte	1
 981 03b8 3D       		.byte	61
 982 03b9 10       		.byte	16
 983 03ba 3E       		.byte	62
 984 03bb 06       		.byte	6
 985 03bc 42       		.byte	66
 986 03bd 80       		.byte	-128
 987 03be 43       		.byte	67
 988 03bf 0A       		.byte	10
 989 03c0 45       		.byte	69
 990 03c1 04       		.byte	4
 991 03c2 46       		.byte	70
 992 03c3 80       		.byte	-128
 993 03c4 4D       		.byte	77
 994 03c5 02       		.byte	2
 995 03c6 55       		.byte	85
 996 03c7 05       		.byte	5
 997 03c8 56       		.byte	86
 998 03c9 01       		.byte	1
 999 03ca 57       		.byte	87
 1000 03cb 08       		.byte	8
 1001 03cc 59       		.byte	89
 1002 03cd 82       		.byte	-126
 1003 03ce 5A       		.byte	90
 1004 03cf 08       		.byte	8
 1005 03d0 5E       		.byte	94
 1006 03d1 02       		.byte	2
 1007 03d2 67       		.byte	103
 1008 03d3 06       		.byte	6
 1009 03d4 70       		.byte	112
 1010 03d5 02       		.byte	2
 1011 03d6 81       		.byte	-127
 1012 03d7 01       		.byte	1
 1013 03d8 83       		.byte	-125
 1014 03d9 10       		.byte	16
 1015 03da 86       		.byte	-122
 1016 03db 20       		.byte	32
 1017 03dc 88       		.byte	-120
 1018 03dd 94       		.byte	-108
 1019 03de 89       		.byte	-119
 1020 03df 80       		.byte	-128
 1021 03e0 8A       		.byte	-118
 1022 03e1 02       		.byte	2
 1023 03e2 8C       		.byte	-116
 1024 03e3 10       		.byte	16
 1025 03e4 90       		.byte	-112
 1026 03e5 01       		.byte	1
ARM GAS  C:\Users\swaga\AppData\Local\Temp\ccQloKFf.s 			page 19


 1027 03e6 91       		.byte	-111
 1028 03e7 54       		.byte	84
 1029 03e8 92       		.byte	-110
 1030 03e9 04       		.byte	4
 1031 03ea 93       		.byte	-109
 1032 03eb 04       		.byte	4
 1033 03ec 97       		.byte	-105
 1034 03ed 40       		.byte	64
 1035 03ee 9A       		.byte	-102
 1036 03ef 64       		.byte	100
 1037 03f0 9B       		.byte	-101
 1038 03f1 01       		.byte	1
 1039 03f2 9C       		.byte	-100
 1040 03f3 80       		.byte	-128
 1041 03f4 9D       		.byte	-99
 1042 03f5 01       		.byte	1
 1043 03f6 9E       		.byte	-98
 1044 03f7 02       		.byte	2
 1045 03f8 9F       		.byte	-97
 1046 03f9 44       		.byte	68
 1047 03fa A2       		.byte	-94
 1048 03fb 41       		.byte	65
 1049 03fc A3       		.byte	-93
 1050 03fd 01       		.byte	1
 1051 03fe A5       		.byte	-91
 1052 03ff 08       		.byte	8
 1053 0400 AC       		.byte	-84
 1054 0401 12       		.byte	18
 1055 0402 B2       		.byte	-78
 1056 0403 80       		.byte	-128
 1057 0404 B3       		.byte	-77
 1058 0405 20       		.byte	32
 1059 0406 C0       		.byte	-64
 1060 0407 D1       		.byte	-47
 1061 0408 C2       		.byte	-62
 1062 0409 D8       		.byte	-40
 1063 040a C4       		.byte	-60
 1064 040b F5       		.byte	-11
 1065 040c CA       		.byte	-54
 1066 040d 04       		.byte	4
 1067 040e CC       		.byte	-52
 1068 040f 61       		.byte	97
 1069 0410 CE       		.byte	-50
 1070 0411 E1       		.byte	-31
 1071 0412 D0       		.byte	-48
 1072 0413 C3       		.byte	-61
 1073 0414 D6       		.byte	-42
 1074 0415 8B       		.byte	-117
 1075 0416 D8       		.byte	-40
 1076 0417 30       		.byte	48
 1077 0418 E4       		.byte	-28
 1078 0419 02       		.byte	2
 1079 041a EE       		.byte	-18
 1080 041b 08       		.byte	8
 1081 041c 30       		.byte	48
 1082 041d 02       		.byte	2
 1083 041e 33       		.byte	51
ARM GAS  C:\Users\swaga\AppData\Local\Temp\ccQloKFf.s 			page 20


 1084 041f 20       		.byte	32
 1085 0420 37       		.byte	55
 1086 0421 40       		.byte	64
 1087 0422 CC       		.byte	-52
 1088 0423 70       		.byte	112
 1089 0424 9F       		.byte	-97
 1090 0425 40       		.byte	64
 1091 0426 A4       		.byte	-92
 1092 0427 02       		.byte	2
 1093 0428 A7       		.byte	-89
 1094 0429 20       		.byte	32
 1095 042a 9F       		.byte	-97
 1096 042b 40       		.byte	64
 1097 042c A4       		.byte	-92
 1098 042d 02       		.byte	2
 1099 042e A7       		.byte	-89
 1100 042f 20       		.byte	32
 1101 0430 A4       		.byte	-92
 1102 0431 02       		.byte	2
 1103 0432 A7       		.byte	-89
 1104 0433 20       		.byte	32
 1105 0434 AB       		.byte	-85
 1106 0435 40       		.byte	64
 1107 0436 EE       		.byte	-18
 1108 0437 80       		.byte	-128
 1109 0438 1A       		.byte	26
 1110 0439 80       		.byte	-128
 1111 043a C6       		.byte	-58
 1112 043b 08       		.byte	8
 1113 043c AA       		.byte	-86
 1114 043d 40       		.byte	64
 1115 043e 84       		.byte	-124
 1116 043f 02       		.byte	2
 1117 0440 A4       		.byte	-92
 1118 0441 02       		.byte	2
 1119 0442 A7       		.byte	-89
 1120 0443 20       		.byte	32
 1121 0444 E2       		.byte	-30
 1122 0445 10       		.byte	16
 1123 0446 AF       		.byte	-81
 1124 0447 20       		.byte	32
 1125 0448 EE       		.byte	-18
 1126 0449 10       		.byte	16
 1127 044a 1F       		.byte	31
 1128 044b 80       		.byte	-128
 1129 044c 61       		.byte	97
 1130 044d 01       		.byte	1
 1131 044e C6       		.byte	-58
 1132 044f 01       		.byte	1
 1133 0450 D8       		.byte	-40
 1134 0451 02       		.byte	2
 1135 0452 10       		.byte	16
 1136 0453 40       		.byte	64
 1137 0454 74       		.byte	116
 1138 0455 04       		.byte	4
 1139 0456 84       		.byte	-124
 1140 0457 04       		.byte	4
ARM GAS  C:\Users\swaga\AppData\Local\Temp\ccQloKFf.s 			page 21


 1141 0458 88       		.byte	-120
 1142 0459 40       		.byte	64
 1143 045a 8D       		.byte	-115
 1144 045b 01       		.byte	1
 1145 045c 9D       		.byte	-99
 1146 045d 01       		.byte	1
 1147 045e AF       		.byte	-81
 1148 045f 80       		.byte	-128
 1149 0460 C4       		.byte	-60
 1150 0461 08       		.byte	8
 1151 0462 DE       		.byte	-34
 1152 0463 04       		.byte	4
 1153 0464 E2       		.byte	-30
 1154 0465 01       		.byte	1
 1155 0466 E4       		.byte	-28
 1156 0467 02       		.byte	2
 1157 0468 00       		.byte	0
 1158 0469 01       		.byte	1
 1159 046a 0C       		.byte	12
 1160 046b 01       		.byte	1
 1161 046c 10       		.byte	16
 1162 046d 03       		.byte	3
 1163 046e 1C       		.byte	28
 1164 046f 03       		.byte	3
 1165 0470 00       		.byte	0
 1166 0471 3F       		.byte	63
 1167 0472 00       		.byte	0
 1168 0473 00       		.byte	0
 1169 0474 80       		.byte	-128
 1170 0475 80       		.byte	-128
 1171 0476 00       		.byte	0
 1172 0477 00       		.byte	0
 1173 0478 40       		.byte	64
 1174 0479 00       		.byte	0
 1175 047a 00       		.byte	0
 1176 047b 00       		.byte	0
 1177 047c 80       		.byte	-128
 1178 047d 00       		.byte	0
 1179 047e 40       		.byte	64
 1180 047f 80       		.byte	-128
 1181 0480 80       		.byte	-128
 1182 0481 00       		.byte	0
 1183 0482 80       		.byte	-128
 1184 0483 00       		.byte	0
 1185 0484 00       		.byte	0
 1186 0485 00       		.byte	0
 1187 0486 00       		.byte	0
 1188 0487 00       		.byte	0
 1189 0488 00       		.byte	0
 1190 0489 4B       		.byte	75
 1191 048a 4B       		.byte	75
 1192 048b 00       		.byte	0
 1193 048c 40       		.byte	64
 1194 048d 00       		.byte	0
 1195 048e 80       		.byte	-128
 1196 048f 00       		.byte	0
 1197 0490 00       		.byte	0
ARM GAS  C:\Users\swaga\AppData\Local\Temp\ccQloKFf.s 			page 22


 1198 0491 00       		.byte	0
 1199 0492 00       		.byte	0
 1200 0493 00       		.byte	0
 1201 0494 00       		.byte	0
 1202 0495 00       		.byte	0
 1203 0496 10       		.byte	16
 1204 0497 00       		.byte	0
 1205 0498 13       		.byte	19
 1206 0499 00       		.byte	0
 1207 049a 18       		.byte	24
 1208 049b 01       		.byte	1
 1209 049c 13       		.byte	19
 1210 049d 00       		.byte	0
 1211 049e 18       		.byte	24
 1212 049f 01       		.byte	1
 1213              		.section	.cywolatch,"a",%progbits
 1214              		.align	2
 1215              		.type	cy_meta_wonvl, %object
 1216              		.size	cy_meta_wonvl, 4
 1217              	cy_meta_wonvl:
 1218 0000 BC       		.byte	-68
 1219 0001 90       		.byte	-112
 1220 0002 AC       		.byte	-84
 1221 0003 AF       		.byte	-81
 1222              		.section	.cycustnvl,"a",%progbits
 1223              		.align	2
 1224              		.type	cy_meta_custnvl, %object
 1225              		.size	cy_meta_custnvl, 4
 1226              	cy_meta_custnvl:
 1227 0000 00       		.byte	0
 1228 0001 00       		.byte	0
 1229 0002 40       		.byte	64
 1230 0003 05       		.byte	5
 1231              		.section	.cymeta,"a",%progbits
 1232              		.align	2
 1233              		.type	cy_metadata, %object
 1234              		.size	cy_metadata, 12
 1235              	cy_metadata:
 1236 0000 00       		.byte	0
 1237 0001 01       		.byte	1
 1238 0002 2E       		.byte	46
 1239 0003 16       		.byte	22
 1240 0004 10       		.byte	16
 1241 0005 69       		.byte	105
 1242 0006 00       		.byte	0
 1243 0007 01       		.byte	1
 1244 0008 00       		.byte	0
 1245 0009 00       		.byte	0
 1246 000a 00       		.byte	0
 1247 000b 00       		.byte	0
 1248              		.section	.cyflashprotect,"a",%progbits
 1249              		.align	2
 1250              		.type	cy_meta_flashprotect, %object
 1251              		.size	cy_meta_flashprotect, 256
 1252              	cy_meta_flashprotect:
 1253 0000 00000000 		.space	256
 1253      00000000 
ARM GAS  C:\Users\swaga\AppData\Local\Temp\ccQloKFf.s 			page 23


 1253      00000000 
 1253      00000000 
 1253      00000000 
 1254              		.text
 1255              	.Letext0:
 1256              		.file 1 "c:\\program files (x86)\\cypress\\psoc creator\\4.2\\psoc creator\\import\\gnu\\arm\\5.4.
 1257              		.file 2 "c:\\program files (x86)\\cypress\\psoc creator\\4.2\\psoc creator\\import\\gnu\\arm\\5.4.
 1258              		.file 3 "Generated_Source\\PSoC5\\cymetadata.c"
 1259              		.section	.debug_info,"",%progbits
 1260              	.Ldebug_info0:
 1261 0000 32010000 		.4byte	0x132
 1262 0004 0400     		.2byte	0x4
 1263 0006 00000000 		.4byte	.Ldebug_abbrev0
 1264 000a 04       		.byte	0x4
 1265 000b 01       		.uleb128 0x1
 1266 000c 6A000000 		.4byte	.LASF17
 1267 0010 0C       		.byte	0xc
 1268 0011 C4010000 		.4byte	.LASF18
 1269 0015 00000000 		.4byte	.LASF19
 1270 0019 00000000 		.4byte	.Ldebug_line0
 1271 001d 02       		.uleb128 0x2
 1272 001e 01       		.byte	0x1
 1273 001f 06       		.byte	0x6
 1274 0020 B8010000 		.4byte	.LASF0
 1275 0024 03       		.uleb128 0x3
 1276 0025 46000000 		.4byte	.LASF9
 1277 0029 01       		.byte	0x1
 1278 002a 1D       		.byte	0x1d
 1279 002b 2F000000 		.4byte	0x2f
 1280 002f 02       		.uleb128 0x2
 1281 0030 01       		.byte	0x1
 1282 0031 08       		.byte	0x8
 1283 0032 5C000000 		.4byte	.LASF1
 1284 0036 02       		.uleb128 0x2
 1285 0037 02       		.byte	0x2
 1286 0038 05       		.byte	0x5
 1287 0039 A5010000 		.4byte	.LASF2
 1288 003d 02       		.uleb128 0x2
 1289 003e 02       		.byte	0x2
 1290 003f 07       		.byte	0x7
 1291 0040 0A010000 		.4byte	.LASF3
 1292 0044 02       		.uleb128 0x2
 1293 0045 04       		.byte	0x4
 1294 0046 05       		.byte	0x5
 1295 0047 AF010000 		.4byte	.LASF4
 1296 004b 02       		.uleb128 0x2
 1297 004c 04       		.byte	0x4
 1298 004d 07       		.byte	0x7
 1299 004e F8000000 		.4byte	.LASF5
 1300 0052 02       		.uleb128 0x2
 1301 0053 08       		.byte	0x8
 1302 0054 05       		.byte	0x5
 1303 0055 97010000 		.4byte	.LASF6
 1304 0059 02       		.uleb128 0x2
 1305 005a 08       		.byte	0x8
 1306 005b 07       		.byte	0x7
 1307 005c 4C010000 		.4byte	.LASF7
ARM GAS  C:\Users\swaga\AppData\Local\Temp\ccQloKFf.s 			page 24


 1308 0060 04       		.uleb128 0x4
 1309 0061 04       		.byte	0x4
 1310 0062 05       		.byte	0x5
 1311 0063 696E7400 		.ascii	"int\000"
 1312 0067 02       		.uleb128 0x2
 1313 0068 04       		.byte	0x4
 1314 0069 07       		.byte	0x7
 1315 006a 3F010000 		.4byte	.LASF8
 1316 006e 03       		.uleb128 0x3
 1317 006f 63010000 		.4byte	.LASF10
 1318 0073 02       		.byte	0x2
 1319 0074 18       		.byte	0x18
 1320 0075 24000000 		.4byte	0x24
 1321 0079 05       		.uleb128 0x5
 1322 007a 91000000 		.4byte	0x91
 1323 007e 8A000000 		.4byte	0x8a
 1324 0082 06       		.uleb128 0x6
 1325 0083 8A000000 		.4byte	0x8a
 1326 0087 9F04     		.2byte	0x49f
 1327 0089 00       		.byte	0
 1328 008a 02       		.uleb128 0x2
 1329 008b 04       		.byte	0x4
 1330 008c 07       		.byte	0x7
 1331 008d 8E010000 		.4byte	.LASF11
 1332 0091 07       		.uleb128 0x7
 1333 0092 6E000000 		.4byte	0x6e
 1334 0096 08       		.uleb128 0x8
 1335 0097 2D010000 		.4byte	.LASF12
 1336 009b 03       		.byte	0x3
 1337 009c 1F       		.byte	0x1f
 1338 009d A7000000 		.4byte	0xa7
 1339 00a1 05       		.uleb128 0x5
 1340 00a2 03       		.byte	0x3
 1341 00a3 00000000 		.4byte	cy_meta_configecc
 1342 00a7 07       		.uleb128 0x7
 1343 00a8 79000000 		.4byte	0x79
 1344 00ac 05       		.uleb128 0x5
 1345 00ad 91000000 		.4byte	0x91
 1346 00b1 BC000000 		.4byte	0xbc
 1347 00b5 09       		.uleb128 0x9
 1348 00b6 8A000000 		.4byte	0x8a
 1349 00ba 03       		.byte	0x3
 1350 00bb 00       		.byte	0
 1351 00bc 08       		.uleb128 0x8
 1352 00bd 1D010000 		.4byte	.LASF13
 1353 00c1 03       		.byte	0x3
 1354 00c2 C0       		.byte	0xc0
 1355 00c3 CD000000 		.4byte	0xcd
 1356 00c7 05       		.uleb128 0x5
 1357 00c8 03       		.byte	0x3
 1358 00c9 00000000 		.4byte	cy_meta_custnvl
 1359 00cd 07       		.uleb128 0x7
 1360 00ce AC000000 		.4byte	0xac
 1361 00d2 08       		.uleb128 0x8
 1362 00d3 80010000 		.4byte	.LASF14
 1363 00d7 03       		.byte	0x3
 1364 00d8 CE       		.byte	0xce
ARM GAS  C:\Users\swaga\AppData\Local\Temp\ccQloKFf.s 			page 25


 1365 00d9 E3000000 		.4byte	0xe3
 1366 00dd 05       		.uleb128 0x5
 1367 00de 03       		.byte	0x3
 1368 00df 00000000 		.4byte	cy_meta_wonvl
 1369 00e3 07       		.uleb128 0x7
 1370 00e4 AC000000 		.4byte	0xac
 1371 00e8 05       		.uleb128 0x5
 1372 00e9 91000000 		.4byte	0x91
 1373 00ed F8000000 		.4byte	0xf8
 1374 00f1 09       		.uleb128 0x9
 1375 00f2 8A000000 		.4byte	0x8a
 1376 00f6 FF       		.byte	0xff
 1377 00f7 00       		.byte	0
 1378 00f8 08       		.uleb128 0x8
 1379 00f9 6B010000 		.4byte	.LASF15
 1380 00fd 03       		.byte	0x3
 1381 00fe DC       		.byte	0xdc
 1382 00ff 09010000 		.4byte	0x109
 1383 0103 05       		.uleb128 0x5
 1384 0104 03       		.byte	0x3
 1385 0105 00000000 		.4byte	cy_meta_flashprotect
 1386 0109 07       		.uleb128 0x7
 1387 010a E8000000 		.4byte	0xe8
 1388 010e 05       		.uleb128 0x5
 1389 010f 91000000 		.4byte	0x91
 1390 0113 1E010000 		.4byte	0x11e
 1391 0117 09       		.uleb128 0x9
 1392 0118 8A000000 		.4byte	0x8a
 1393 011c 0B       		.byte	0xb
 1394 011d 00       		.byte	0
 1395 011e 0A       		.uleb128 0xa
 1396 011f 50000000 		.4byte	.LASF16
 1397 0123 03       		.byte	0x3
 1398 0124 0901     		.2byte	0x109
 1399 0126 30010000 		.4byte	0x130
 1400 012a 05       		.uleb128 0x5
 1401 012b 03       		.byte	0x3
 1402 012c 00000000 		.4byte	cy_metadata
 1403 0130 07       		.uleb128 0x7
 1404 0131 0E010000 		.4byte	0x10e
 1405 0135 00       		.byte	0
 1406              		.section	.debug_abbrev,"",%progbits
 1407              	.Ldebug_abbrev0:
 1408 0000 01       		.uleb128 0x1
 1409 0001 11       		.uleb128 0x11
 1410 0002 01       		.byte	0x1
 1411 0003 25       		.uleb128 0x25
 1412 0004 0E       		.uleb128 0xe
 1413 0005 13       		.uleb128 0x13
 1414 0006 0B       		.uleb128 0xb
 1415 0007 03       		.uleb128 0x3
 1416 0008 0E       		.uleb128 0xe
 1417 0009 1B       		.uleb128 0x1b
 1418 000a 0E       		.uleb128 0xe
 1419 000b 10       		.uleb128 0x10
 1420 000c 17       		.uleb128 0x17
 1421 000d 00       		.byte	0
ARM GAS  C:\Users\swaga\AppData\Local\Temp\ccQloKFf.s 			page 26


 1422 000e 00       		.byte	0
 1423 000f 02       		.uleb128 0x2
 1424 0010 24       		.uleb128 0x24
 1425 0011 00       		.byte	0
 1426 0012 0B       		.uleb128 0xb
 1427 0013 0B       		.uleb128 0xb
 1428 0014 3E       		.uleb128 0x3e
 1429 0015 0B       		.uleb128 0xb
 1430 0016 03       		.uleb128 0x3
 1431 0017 0E       		.uleb128 0xe
 1432 0018 00       		.byte	0
 1433 0019 00       		.byte	0
 1434 001a 03       		.uleb128 0x3
 1435 001b 16       		.uleb128 0x16
 1436 001c 00       		.byte	0
 1437 001d 03       		.uleb128 0x3
 1438 001e 0E       		.uleb128 0xe
 1439 001f 3A       		.uleb128 0x3a
 1440 0020 0B       		.uleb128 0xb
 1441 0021 3B       		.uleb128 0x3b
 1442 0022 0B       		.uleb128 0xb
 1443 0023 49       		.uleb128 0x49
 1444 0024 13       		.uleb128 0x13
 1445 0025 00       		.byte	0
 1446 0026 00       		.byte	0
 1447 0027 04       		.uleb128 0x4
 1448 0028 24       		.uleb128 0x24
 1449 0029 00       		.byte	0
 1450 002a 0B       		.uleb128 0xb
 1451 002b 0B       		.uleb128 0xb
 1452 002c 3E       		.uleb128 0x3e
 1453 002d 0B       		.uleb128 0xb
 1454 002e 03       		.uleb128 0x3
 1455 002f 08       		.uleb128 0x8
 1456 0030 00       		.byte	0
 1457 0031 00       		.byte	0
 1458 0032 05       		.uleb128 0x5
 1459 0033 01       		.uleb128 0x1
 1460 0034 01       		.byte	0x1
 1461 0035 49       		.uleb128 0x49
 1462 0036 13       		.uleb128 0x13
 1463 0037 01       		.uleb128 0x1
 1464 0038 13       		.uleb128 0x13
 1465 0039 00       		.byte	0
 1466 003a 00       		.byte	0
 1467 003b 06       		.uleb128 0x6
 1468 003c 21       		.uleb128 0x21
 1469 003d 00       		.byte	0
 1470 003e 49       		.uleb128 0x49
 1471 003f 13       		.uleb128 0x13
 1472 0040 2F       		.uleb128 0x2f
 1473 0041 05       		.uleb128 0x5
 1474 0042 00       		.byte	0
 1475 0043 00       		.byte	0
 1476 0044 07       		.uleb128 0x7
 1477 0045 26       		.uleb128 0x26
 1478 0046 00       		.byte	0
ARM GAS  C:\Users\swaga\AppData\Local\Temp\ccQloKFf.s 			page 27


 1479 0047 49       		.uleb128 0x49
 1480 0048 13       		.uleb128 0x13
 1481 0049 00       		.byte	0
 1482 004a 00       		.byte	0
 1483 004b 08       		.uleb128 0x8
 1484 004c 34       		.uleb128 0x34
 1485 004d 00       		.byte	0
 1486 004e 03       		.uleb128 0x3
 1487 004f 0E       		.uleb128 0xe
 1488 0050 3A       		.uleb128 0x3a
 1489 0051 0B       		.uleb128 0xb
 1490 0052 3B       		.uleb128 0x3b
 1491 0053 0B       		.uleb128 0xb
 1492 0054 49       		.uleb128 0x49
 1493 0055 13       		.uleb128 0x13
 1494 0056 3F       		.uleb128 0x3f
 1495 0057 19       		.uleb128 0x19
 1496 0058 02       		.uleb128 0x2
 1497 0059 18       		.uleb128 0x18
 1498 005a 00       		.byte	0
 1499 005b 00       		.byte	0
 1500 005c 09       		.uleb128 0x9
 1501 005d 21       		.uleb128 0x21
 1502 005e 00       		.byte	0
 1503 005f 49       		.uleb128 0x49
 1504 0060 13       		.uleb128 0x13
 1505 0061 2F       		.uleb128 0x2f
 1506 0062 0B       		.uleb128 0xb
 1507 0063 00       		.byte	0
 1508 0064 00       		.byte	0
 1509 0065 0A       		.uleb128 0xa
 1510 0066 34       		.uleb128 0x34
 1511 0067 00       		.byte	0
 1512 0068 03       		.uleb128 0x3
 1513 0069 0E       		.uleb128 0xe
 1514 006a 3A       		.uleb128 0x3a
 1515 006b 0B       		.uleb128 0xb
 1516 006c 3B       		.uleb128 0x3b
 1517 006d 05       		.uleb128 0x5
 1518 006e 49       		.uleb128 0x49
 1519 006f 13       		.uleb128 0x13
 1520 0070 3F       		.uleb128 0x3f
 1521 0071 19       		.uleb128 0x19
 1522 0072 02       		.uleb128 0x2
 1523 0073 18       		.uleb128 0x18
 1524 0074 00       		.byte	0
 1525 0075 00       		.byte	0
 1526 0076 00       		.byte	0
 1527              		.section	.debug_aranges,"",%progbits
 1528 0000 14000000 		.4byte	0x14
 1529 0004 0200     		.2byte	0x2
 1530 0006 00000000 		.4byte	.Ldebug_info0
 1531 000a 04       		.byte	0x4
 1532 000b 00       		.byte	0
 1533 000c 0000     		.2byte	0
 1534 000e 0000     		.2byte	0
 1535 0010 00000000 		.4byte	0
ARM GAS  C:\Users\swaga\AppData\Local\Temp\ccQloKFf.s 			page 28


 1536 0014 00000000 		.4byte	0
 1537              		.section	.debug_line,"",%progbits
 1538              	.Ldebug_line0:
 1539 0000 3D010000 		.section	.debug_str,"MS",%progbits,1
 1539      02003701 
 1539      00000201 
 1539      FB0E0D00 
 1539      01010101 
 1540              	.LASF19:
 1541 0000 443A5C68 		.ascii	"D:\\h_da\\Lecturs\\Basic Embedded\\Embedded_basics\\"
 1541      5F64615C 
 1541      4C656374 
 1541      7572735C 
 1541      42617369 
 1542 002f 30385F43 		.ascii	"08_CAPACITOR_PWM.cydsn\000"
 1542      41504143 
 1542      49544F52 
 1542      5F50574D 
 1542      2E637964 
 1543              	.LASF9:
 1544 0046 5F5F7569 		.ascii	"__uint8_t\000"
 1544      6E74385F 
 1544      7400
 1545              	.LASF16:
 1546 0050 63795F6D 		.ascii	"cy_metadata\000"
 1546      65746164 
 1546      61746100 
 1547              	.LASF1:
 1548 005c 756E7369 		.ascii	"unsigned char\000"
 1548      676E6564 
 1548      20636861 
 1548      7200
 1549              	.LASF17:
 1550 006a 474E5520 		.ascii	"GNU C11 5.4.1 20160609 (release) [ARM/embedded-5-br"
 1550      43313120 
 1550      352E342E 
 1550      31203230 
 1550      31363036 
 1551 009d 616E6368 		.ascii	"anch revision 237715] -mcpu=cortex-m3 -mthumb -g -O"
 1551      20726576 
 1551      6973696F 
 1551      6E203233 
 1551      37373135 
 1552 00d0 67202D66 		.ascii	"g -ffunction-sections -ffat-lto-objects\000"
 1552      66756E63 
 1552      74696F6E 
 1552      2D736563 
 1552      74696F6E 
 1553              	.LASF5:
 1554 00f8 6C6F6E67 		.ascii	"long unsigned int\000"
 1554      20756E73 
 1554      69676E65 
 1554      6420696E 
 1554      7400
 1555              	.LASF3:
 1556 010a 73686F72 		.ascii	"short unsigned int\000"
 1556      7420756E 
ARM GAS  C:\Users\swaga\AppData\Local\Temp\ccQloKFf.s 			page 29


 1556      7369676E 
 1556      65642069 
 1556      6E7400
 1557              	.LASF13:
 1558 011d 63795F6D 		.ascii	"cy_meta_custnvl\000"
 1558      6574615F 
 1558      63757374 
 1558      6E766C00 
 1559              	.LASF12:
 1560 012d 63795F6D 		.ascii	"cy_meta_configecc\000"
 1560      6574615F 
 1560      636F6E66 
 1560      69676563 
 1560      6300
 1561              	.LASF8:
 1562 013f 756E7369 		.ascii	"unsigned int\000"
 1562      676E6564 
 1562      20696E74 
 1562      00
 1563              	.LASF7:
 1564 014c 6C6F6E67 		.ascii	"long long unsigned int\000"
 1564      206C6F6E 
 1564      6720756E 
 1564      7369676E 
 1564      65642069 
 1565              	.LASF10:
 1566 0163 75696E74 		.ascii	"uint8_t\000"
 1566      385F7400 
 1567              	.LASF15:
 1568 016b 63795F6D 		.ascii	"cy_meta_flashprotect\000"
 1568      6574615F 
 1568      666C6173 
 1568      6870726F 
 1568      74656374 
 1569              	.LASF14:
 1570 0180 63795F6D 		.ascii	"cy_meta_wonvl\000"
 1570      6574615F 
 1570      776F6E76 
 1570      6C00
 1571              	.LASF11:
 1572 018e 73697A65 		.ascii	"sizetype\000"
 1572      74797065 
 1572      00
 1573              	.LASF6:
 1574 0197 6C6F6E67 		.ascii	"long long int\000"
 1574      206C6F6E 
 1574      6720696E 
 1574      7400
 1575              	.LASF2:
 1576 01a5 73686F72 		.ascii	"short int\000"
 1576      7420696E 
 1576      7400
 1577              	.LASF4:
 1578 01af 6C6F6E67 		.ascii	"long int\000"
 1578      20696E74 
 1578      00
 1579              	.LASF0:
ARM GAS  C:\Users\swaga\AppData\Local\Temp\ccQloKFf.s 			page 30


 1580 01b8 7369676E 		.ascii	"signed char\000"
 1580      65642063 
 1580      68617200 
 1581              	.LASF18:
 1582 01c4 47656E65 		.ascii	"Generated_Source\\PSoC5\\cymetadata.c\000"
 1582      72617465 
 1582      645F536F 
 1582      75726365 
 1582      5C50536F 
 1583              		.ident	"GCC: (GNU Tools for ARM Embedded Processors) 5.4.1 20160609 (release) [ARM/embedded-5-bran
