ARM GAS  C:\Users\swaga\AppData\Local\Temp\ccTjvmnH.s 			page 1


   1              		.syntax unified
   2              		.cpu cortex-m3
   3              		.fpu softvfp
   4              		.eabi_attribute 20, 1
   5              		.eabi_attribute 21, 1
   6              		.eabi_attribute 23, 3
   7              		.eabi_attribute 24, 1
   8              		.eabi_attribute 25, 1
   9              		.eabi_attribute 26, 1
  10              		.eabi_attribute 30, 1
  11              		.eabi_attribute 34, 1
  12              		.eabi_attribute 18, 4
  13              		.thumb
  14              		.syntax unified
  15              		.file	"main.c"
  16              		.text
  17              	.Ltext0:
  18              		.cfi_sections	.debug_frame
  19              		.global	__aeabi_i2f
  20              		.global	__aeabi_fmul
  21              		.global	__aeabi_fdiv
  22              		.global	__aeabi_fcmpge
  23              		.global	__aeabi_fcmple
  24              		.global	__aeabi_f2iz
  25              		.global	__aeabi_fcmplt
  26              		.global	__aeabi_fcmpgt
  27              		.section	.text.main,"ax",%progbits
  28              		.align	2
  29              		.global	main
  30              		.thumb
  31              		.thumb_func
  32              		.type	main, %function
  33              	main:
  34              	.LFB64:
  35              		.file 1 "main.c"
   1:main.c        **** 
   2:main.c        **** #include "project.h"
   3:main.c        **** #include<stdio.h>
   4:main.c        **** #include<string.h>
   5:main.c        **** 
   6:main.c        **** /*void getMinMaxFromArray(uint8* array, uint16 arrSize, uint8 min, uint8 max)
   7:main.c        **** {
   8:main.c        ****     min=max=array[0];
   9:main.c        ****     for (uint16 i;i<arrSize;i++)
  10:main.c        ****     {
  11:main.c        ****        if(array[i] < min)
  12:main.c        ****         {
  13:main.c        ****             min = array[i];
  14:main.c        ****         }
  15:main.c        ****         
  16:main.c        ****         if(array[i] > max)
  17:main.c        ****         {
  18:main.c        ****             max = array[i];
  19:main.c        ****         }
  20:main.c        ****             
  21:main.c        ****         
  22:main.c        ****     }
ARM GAS  C:\Users\swaga\AppData\Local\Temp\ccTjvmnH.s 			page 2


  23:main.c        **** }*/
  24:main.c        **** 
  25:main.c        **** int main(void)
  26:main.c        **** {
  36              		.loc 1 26 0
  37              		.cfi_startproc
  38              		@ args = 0, pretend = 0, frame = 3000
  39              		@ frame_needed = 0, uses_anonymous_args = 0
  40 0000 2DE9F043 		push	{r4, r5, r6, r7, r8, r9, lr}
  41              		.cfi_def_cfa_offset 28
  42              		.cfi_offset 4, -28
  43              		.cfi_offset 5, -24
  44              		.cfi_offset 6, -20
  45              		.cfi_offset 7, -16
  46              		.cfi_offset 8, -12
  47              		.cfi_offset 9, -8
  48              		.cfi_offset 14, -4
  49 0004 ADF6BC3D 		subw	sp, sp, #3004
  50              		.cfi_def_cfa_offset 3032
  27:main.c        ****     CyGlobalIntEnable; /* Enable global interrupts. */
  51              		.loc 1 27 0
  52              		.syntax unified
  53              	@ 27 "main.c" 1
  54 0008 62B6     		CPSIE   i
  55              	@ 0 "" 2
  28:main.c        ****     ADC_Start();
  56              		.loc 1 28 0
  57              		.thumb
  58              		.syntax unified
  59 000a FFF7FEFF 		bl	ADC_Start
  60              	.LVL0:
  29:main.c        ****     ADC_out_Start();
  61              		.loc 1 29 0
  62 000e FFF7FEFF 		bl	ADC_out_Start
  63              	.LVL1:
  30:main.c        ****     
  31:main.c        ****     ADC_StartConvert();
  64              		.loc 1 31 0
  65 0012 FFF7FEFF 		bl	ADC_StartConvert
  66              	.LVL2:
  32:main.c        ****     ADC_out_StartConvert();
  67              		.loc 1 32 0
  68 0016 FFF7FEFF 		bl	ADC_out_StartConvert
  69              	.LVL3:
  33:main.c        ****    
  34:main.c        ****     PWM_Start();
  70              		.loc 1 34 0
  71 001a FFF7FEFF 		bl	PWM_Start
  72              	.LVL4:
  35:main.c        ****     //uint8 ADC_result;
  36:main.c        ****     uint8 pwm_cmp_val=130;
  37:main.c        ****     uint8 ADC_out_result;
  38:main.c        ****     UART_Start();
  73              		.loc 1 38 0
  74 001e FFF7FEFF 		bl	UART_Start
  75              	.LVL5:
  39:main.c        ****     char storage[1000];
ARM GAS  C:\Users\swaga\AppData\Local\Temp\ccTjvmnH.s 			page 3


  40:main.c        ****     uint8 my_arr[1000];
  41:main.c        ****     uint8 my_newarr[1000];
  42:main.c        ****     uint16 count =0;
  76              		.loc 1 42 0
  77 0022 0024     		movs	r4, #0
  36:main.c        ****     uint8 ADC_out_result;
  78              		.loc 1 36 0
  79 0024 8225     		movs	r5, #130
  80 0026 12E0     		b	.L2
  81              	.LVL6:
  82              	.L3:
  43:main.c        ****     uint16 count2 =0;
  44:main.c        ****     uint16 sum=0;
  45:main.c        ****     float avg=0;
  46:main.c        ****    
  47:main.c        ****     for(;;)
  48:main.c        ****     {  
  49:main.c        ****         //ADC_IsEndConversion(ADC_WAIT_FOR_RESULT);
  50:main.c        ****         //ADC_result=ADC_GetResult8(); 
  51:main.c        ****         
  52:main.c        ****         //ADC_out_IsEndConversion(ADC_out_WAIT_FOR_RESULT);
  53:main.c        ****         //ADC_out_result=ADC_out_GetResult8(); 
  54:main.c        ****         //PWM_WriteCompare(130);
  55:main.c        ****         //sprintf(storage, "%d\n", ADC_out_result);
  56:main.c        ****         //UART_PutString(storage);
  57:main.c        ****         //CyDelay(10);
  58:main.c        ****       while (count <=999)
  59:main.c        ****          {  ADC_out_IsEndConversion(ADC_out_WAIT_FOR_RESULT);
  83              		.loc 1 59 0
  84 0028 0020     		movs	r0, #0
  85 002a FFF7FEFF 		bl	ADC_out_IsEndConversion
  86              	.LVL7:
  60:main.c        ****             ADC_out_result=ADC_out_GetResult8();
  87              		.loc 1 60 0
  88 002e FFF7FEFF 		bl	ADC_out_GetResult8
  89              	.LVL8:
  90 0032 C6B2     		uxtb	r6, r0
  91              	.LVL9:
  61:main.c        ****             PWM_WritePeriod(210);
  92              		.loc 1 61 0
  93 0034 D220     		movs	r0, #210
  94 0036 FFF7FEFF 		bl	PWM_WritePeriod
  95              	.LVL10:
  62:main.c        ****             PWM_WriteCompare(pwm_cmp_val);
  96              		.loc 1 62 0
  97 003a 2846     		mov	r0, r5
  98 003c FFF7FEFF 		bl	PWM_WriteCompare
  99              	.LVL11:
  63:main.c        ****             my_arr[count]=ADC_out_result;
 100              		.loc 1 63 0
 101 0040 FAAB     		add	r3, sp, #1000
 102 0042 1E55     		strb	r6, [r3, r4]
  64:main.c        ****             count++;
 103              		.loc 1 64 0
 104 0044 0134     		adds	r4, r4, #1
 105              	.LVL12:
 106 0046 A4B2     		uxth	r4, r4
ARM GAS  C:\Users\swaga\AppData\Local\Temp\ccTjvmnH.s 			page 4


 107              	.LVL13:
  65:main.c        ****             CyDelay(1);
 108              		.loc 1 65 0
 109 0048 0120     		movs	r0, #1
 110 004a FFF7FEFF 		bl	CyDelay
 111              	.LVL14:
 112              	.L2:
  58:main.c        ****          {  ADC_out_IsEndConversion(ADC_out_WAIT_FOR_RESULT);
 113              		.loc 1 58 0
 114 004e B4F57A7F 		cmp	r4, #1000
 115 0052 E9D3     		bcc	.L3
  66:main.c        ****          }
  67:main.c        ****       /* if (count == 1000)
  68:main.c        ****         { for(uint16 i=0 ;i<=999;i++)
  69:main.c        ****          {
  70:main.c        ****           sprintf(storage, "%d\n", my_arr[i]);
  71:main.c        ****           UART_PutString(storage);
  72:main.c        ****           CyDelay(10);
  73:main.c        ****          }}*/
  74:main.c        ****        if (count == 1000)
 116              		.loc 1 74 0
 117 0054 FBD1     		bne	.L2
 118 0056 A7E0     		b	.L25
 119              	.LVL15:
 120              	.L24:
 121              	.LBB2:
 122              	.LBB3:
  75:main.c        ****         {
  76:main.c        ****         for(uint16 i=50 ;i<=999;i++)
  77:main.c        ****           { 
  78:main.c        ****             //uint8 my_arr[1000];
  79:main.c        ****             uint8  min;
  80:main.c        ****             uint8 max;
  81:main.c        ****             min=max=my_arr[50];
 123              		.loc 1 81 0
 124 0058 9DF81A14 		ldrb	r1, [sp, #1050]	@ zero_extendqisi2
 125              	.LVL16:
 126 005c 0846     		mov	r0, r1
 127              	.LBB4:
  82:main.c        ****             for (uint16 k=50;k<970;k++)
 128              		.loc 1 82 0
 129 005e 3223     		movs	r3, #50
 130 0060 0AE0     		b	.L6
 131              	.LVL17:
 132              	.L9:
  83:main.c        ****              {
  84:main.c        ****                  if(my_arr[k] < min)
 133              		.loc 1 84 0
 134 0062 FAAA     		add	r2, sp, #1000
 135 0064 D25C     		ldrb	r2, [r2, r3]	@ zero_extendqisi2
 136 0066 9142     		cmp	r1, r2
 137 0068 01D9     		bls	.L7
  85:main.c        ****                  { if (min != 0)
 138              		.loc 1 85 0
 139 006a 01B1     		cbz	r1, .L7
  86:main.c        ****                       min = my_arr[k];
 140              		.loc 1 86 0
ARM GAS  C:\Users\swaga\AppData\Local\Temp\ccTjvmnH.s 			page 5


 141 006c 1146     		mov	r1, r2
 142              	.LVL18:
 143              	.L7:
  87:main.c        ****                  }
  88:main.c        ****         
  89:main.c        ****                  if(my_arr[k] > max)
 144              		.loc 1 89 0
 145 006e 9042     		cmp	r0, r2
 146 0070 00D2     		bcs	.L8
  90:main.c        ****                  {
  91:main.c        ****                       max = my_arr[k];
 147              		.loc 1 91 0
 148 0072 1046     		mov	r0, r2
 149              	.LVL19:
 150              	.L8:
  82:main.c        ****              {
 151              		.loc 1 82 0 discriminator 2
 152 0074 0133     		adds	r3, r3, #1
 153              	.LVL20:
 154 0076 9BB2     		uxth	r3, r3
 155              	.LVL21:
 156              	.L6:
  82:main.c        ****              {
 157              		.loc 1 82 0 is_stmt 0 discriminator 1
 158 0078 40F2C932 		movw	r2, #969
 159 007c 9342     		cmp	r3, r2
 160 007e F0D9     		bls	.L9
 161              	.LBE4:
  92:main.c        ****                  }
  93:main.c        ****             }
  94:main.c        ****                /* sprintf(storage, "%d\n",min);
  95:main.c        ****                 UART_PutString(storage); 
  96:main.c        ****                 CyDelay(100);
  97:main.c        ****                 for(;;);*/
  98:main.c        ****             
  99:main.c        ****             if ((my_arr[i] >= min) && (my_arr[i] <=min+3)) 
 162              		.loc 1 99 0 is_stmt 1
 163 0080 FAAB     		add	r3, sp, #1000
 164              	.LVL22:
 165 0082 9B5D     		ldrb	r3, [r3, r6]	@ zero_extendqisi2
 166 0084 9942     		cmp	r1, r3
 167 0086 00F28C80 		bhi	.L10
 168              		.loc 1 99 0 is_stmt 0 discriminator 1
 169 008a 0331     		adds	r1, r1, #3
 170              	.LVL23:
 171 008c 8B42     		cmp	r3, r1
 172 008e 00F38880 		bgt	.L10
 100:main.c        ****              {
 101:main.c        ****                my_newarr[count2]=my_arr[i];
 173              		.loc 1 101 0 is_stmt 1
 174 0092 8DF80030 		strb	r3, [sp]
 175              	.LVL24:
 102:main.c        ****                count2++;
 103:main.c        ****                i++;
 176              		.loc 1 103 0
 177 0096 731C     		adds	r3, r6, #1
 178 0098 9BB2     		uxth	r3, r3
ARM GAS  C:\Users\swaga\AppData\Local\Temp\ccTjvmnH.s 			page 6


 179              	.LVL25:
 102:main.c        ****                count2++;
 180              		.loc 1 102 0
 181 009a 0127     		movs	r7, #1
 104:main.c        ****               while (my_arr[i]>= my_newarr[count2-1])
 182              		.loc 1 104 0
 183 009c 05E0     		b	.L11
 184              	.LVL26:
 185              	.L12:
 105:main.c        ****                 { my_newarr[count2]=my_arr[i];
 186              		.loc 1 105 0
 187 009e 0DF80710 		strb	r1, [sp, r7]
 106:main.c        ****                   count2++;
 188              		.loc 1 106 0
 189 00a2 0137     		adds	r7, r7, #1
 190              	.LVL27:
 191 00a4 BFB2     		uxth	r7, r7
 192              	.LVL28:
 107:main.c        ****                   i++;
 193              		.loc 1 107 0
 194 00a6 0133     		adds	r3, r3, #1
 195              	.LVL29:
 196 00a8 9BB2     		uxth	r3, r3
 197              	.LVL30:
 198              	.L11:
 104:main.c        ****                 { my_newarr[count2]=my_arr[i];
 199              		.loc 1 104 0
 200 00aa FAAA     		add	r2, sp, #1000
 201 00ac D15C     		ldrb	r1, [r2, r3]	@ zero_extendqisi2
 202 00ae 7A1E     		subs	r2, r7, #1
 203 00b0 1DF80220 		ldrb	r2, [sp, r2]	@ zero_extendqisi2
 204 00b4 9142     		cmp	r1, r2
 205 00b6 F2D2     		bcs	.L12
 206 00b8 05E0     		b	.L13
 207              	.L14:
 108:main.c        ****                 }
 109:main.c        ****               while (my_arr[i]<= my_newarr[count2-1])                                    
 110:main.c        ****                 {
 111:main.c        ****                   my_newarr[count2]=my_arr[i];
 208              		.loc 1 111 0
 209 00ba 0DF80720 		strb	r2, [sp, r7]
 112:main.c        ****                   count2++;
 210              		.loc 1 112 0
 211 00be 0137     		adds	r7, r7, #1
 212              	.LVL31:
 213 00c0 BFB2     		uxth	r7, r7
 214              	.LVL32:
 113:main.c        ****                   i++;
 215              		.loc 1 113 0
 216 00c2 0133     		adds	r3, r3, #1
 217              	.LVL33:
 218 00c4 9BB2     		uxth	r3, r3
 219              	.LVL34:
 220              	.L13:
 109:main.c        ****                 {
 221              		.loc 1 109 0
 222 00c6 FAAA     		add	r2, sp, #1000
ARM GAS  C:\Users\swaga\AppData\Local\Temp\ccTjvmnH.s 			page 7


 223 00c8 D25C     		ldrb	r2, [r2, r3]	@ zero_extendqisi2
 224 00ca 07F1FF38 		add	r8, r7, #-1
 225 00ce 1DF80810 		ldrb	r1, [sp, r8]	@ zero_extendqisi2
 226 00d2 8A42     		cmp	r2, r1
 227 00d4 F1D9     		bls	.L14
 228 00d6 0026     		movs	r6, #0
 229 00d8 4FF00009 		mov	r9, #0
 230 00dc 3446     		mov	r4, r6
 231              	.LVL35:
 232 00de 12E0     		b	.L15
 233              	.LVL36:
 234              	.L16:
 235              	.LBB5:
 114:main.c        ****                 }
 115:main.c        ****                for(uint j=0 ; j<=count2-1 ; j++)
 116:main.c        ****                     { 
 117:main.c        ****                       sum+=my_newarr[j];
 236              		.loc 1 117 0 discriminator 3
 237 00e0 1DF80630 		ldrb	r3, [sp, r6]	@ zero_extendqisi2
 238 00e4 1C44     		add	r4, r4, r3
 239              	.LVL37:
 240 00e6 A4B2     		uxth	r4, r4
 241              	.LVL38:
 118:main.c        ****                     
 119:main.c        ****                      avg=(sum/count2);
 242              		.loc 1 119 0 discriminator 3
 243 00e8 B4FBF7F0 		udiv	r0, r4, r7
 244 00ec FFF7FEFF 		bl	__aeabi_i2f
 245              	.LVL39:
 120:main.c        ****                      avg=(avg*5*1000)/255;
 246              		.loc 1 120 0 discriminator 3
 247 00f0 3049     		ldr	r1, .L33
 248 00f2 FFF7FEFF 		bl	__aeabi_fmul
 249              	.LVL40:
 250 00f6 3049     		ldr	r1, .L33+4
 251 00f8 FFF7FEFF 		bl	__aeabi_fmul
 252              	.LVL41:
 253 00fc 2F49     		ldr	r1, .L33+8
 254 00fe FFF7FEFF 		bl	__aeabi_fdiv
 255              	.LVL42:
 256 0102 8146     		mov	r9, r0
 257              	.LVL43:
 115:main.c        ****                     { 
 258              		.loc 1 115 0 discriminator 3
 259 0104 0136     		adds	r6, r6, #1
 260              	.LVL44:
 261              	.L15:
 115:main.c        ****                     { 
 262              		.loc 1 115 0 is_stmt 0 discriminator 1
 263 0106 4645     		cmp	r6, r8
 264 0108 EAD9     		bls	.L16
 265              	.LVL45:
 266              	.LBE5:
 121:main.c        ****                      
 122:main.c        ****                       //avg=(int)avg;
 123:main.c        ****                     }
 124:main.c        ****                      //sprintf(storage, "%d mV\n",(int)avg);
ARM GAS  C:\Users\swaga\AppData\Local\Temp\ccTjvmnH.s 			page 8


 125:main.c        ****                     // UART_PutString(storage); 
 126:main.c        ****                     // CyDelay(1);
 127:main.c        ****                      count=0;
 128:main.c        ****                      count2=0;
 129:main.c        ****                      sum=0;
 130:main.c        ****                     // control loop 
 131:main.c        ****                     if((avg>=2700)&&(avg<=2900))
 267              		.loc 1 131 0 is_stmt 1
 268 010a 2D49     		ldr	r1, .L33+12
 269 010c 4846     		mov	r0, r9
 270 010e FFF7FEFF 		bl	__aeabi_fcmpge
 271              	.LVL46:
 272 0112 88B1     		cbz	r0, .L17
 273              		.loc 1 131 0 is_stmt 0 discriminator 1
 274 0114 2B49     		ldr	r1, .L33+16
 275 0116 4846     		mov	r0, r9
 276 0118 FFF7FEFF 		bl	__aeabi_fcmple
 277              	.LVL47:
 278 011c 60B1     		cbz	r0, .L17
 132:main.c        ****                     { sprintf(storage, "=%d\n",(int)avg);
 279              		.loc 1 132 0 is_stmt 1
 280 011e 4846     		mov	r0, r9
 281 0120 FFF7FEFF 		bl	__aeabi_f2iz
 282              	.LVL48:
 283 0124 0246     		mov	r2, r0
 284 0126 2849     		ldr	r1, .L33+20
 285 0128 0DF5FA60 		add	r0, sp, #2000
 286 012c FFF7FEFF 		bl	sprintf
 287              	.LVL49:
 133:main.c        ****                       UART_PutString(storage); 
 288              		.loc 1 133 0
 289 0130 0DF5FA60 		add	r0, sp, #2000
 290 0134 FFF7FEFF 		bl	UART_PutString
 291              	.LVL50:
 292              	.L17:
 134:main.c        ****       
 135:main.c        ****                      }
 136:main.c        ****                     if((avg<2700))
 293              		.loc 1 136 0
 294 0138 2149     		ldr	r1, .L33+12
 295 013a 4846     		mov	r0, r9
 296 013c FFF7FEFF 		bl	__aeabi_fcmplt
 297              	.LVL51:
 298 0140 90B1     		cbz	r0, .L20
 137:main.c        ****                     { PWM_WriteCompare(pwm_cmp_val++);
 299              		.loc 1 137 0
 300 0142 6C1C     		adds	r4, r5, #1
 301 0144 E4B2     		uxtb	r4, r4
 302              	.LVL52:
 303 0146 2846     		mov	r0, r5
 304 0148 FFF7FEFF 		bl	PWM_WriteCompare
 305              	.LVL53:
 138:main.c        ****                       sprintf(storage, "+%d\n",(int)avg);
 306              		.loc 1 138 0
 307 014c 4846     		mov	r0, r9
 308 014e FFF7FEFF 		bl	__aeabi_f2iz
 309              	.LVL54:
ARM GAS  C:\Users\swaga\AppData\Local\Temp\ccTjvmnH.s 			page 9


 310 0152 0246     		mov	r2, r0
 311 0154 1D49     		ldr	r1, .L33+24
 312 0156 0DF5FA60 		add	r0, sp, #2000
 313 015a FFF7FEFF 		bl	sprintf
 314              	.LVL55:
 139:main.c        ****                       UART_PutString(storage); 
 315              		.loc 1 139 0
 316 015e 0DF5FA60 		add	r0, sp, #2000
 317 0162 FFF7FEFF 		bl	UART_PutString
 318              	.LVL56:
 137:main.c        ****                     { PWM_WriteCompare(pwm_cmp_val++);
 319              		.loc 1 137 0
 320 0166 2546     		mov	r5, r4
 321              	.LVL57:
 322              	.L20:
 140:main.c        ****                     
 141:main.c        ****                       }
 142:main.c        ****                     if ((avg>2900))
 323              		.loc 1 142 0
 324 0168 1649     		ldr	r1, .L33+16
 325 016a 4846     		mov	r0, r9
 326 016c FFF7FEFF 		bl	__aeabi_fcmpgt
 327              	.LVL58:
 328 0170 90B1     		cbz	r0, .L22
 143:main.c        ****                     { PWM_WriteCompare(pwm_cmp_val--);
 329              		.loc 1 143 0
 330 0172 6C1E     		subs	r4, r5, #1
 331 0174 E4B2     		uxtb	r4, r4
 332              	.LVL59:
 333 0176 2846     		mov	r0, r5
 334 0178 FFF7FEFF 		bl	PWM_WriteCompare
 335              	.LVL60:
 144:main.c        ****                       sprintf(storage, "-%d\n",(int)avg);
 336              		.loc 1 144 0
 337 017c 4846     		mov	r0, r9
 338 017e FFF7FEFF 		bl	__aeabi_f2iz
 339              	.LVL61:
 340 0182 0246     		mov	r2, r0
 341 0184 1249     		ldr	r1, .L33+28
 342 0186 0DF5FA60 		add	r0, sp, #2000
 343 018a FFF7FEFF 		bl	sprintf
 344              	.LVL62:
 145:main.c        ****                       UART_PutString(storage); 
 345              		.loc 1 145 0
 346 018e 0DF5FA60 		add	r0, sp, #2000
 347 0192 FFF7FEFF 		bl	UART_PutString
 348              	.LVL63:
 143:main.c        ****                     { PWM_WriteCompare(pwm_cmp_val--);
 349              		.loc 1 143 0
 350 0196 2546     		mov	r5, r4
 351              	.LVL64:
 352              	.L22:
 146:main.c        ****                       
 147:main.c        ****                     }
 148:main.c        ****                     
 149:main.c        ****                     avg=0;
 150:main.c        ****                     CyDelay(10);
ARM GAS  C:\Users\swaga\AppData\Local\Temp\ccTjvmnH.s 			page 10


 353              		.loc 1 150 0
 354 0198 0A20     		movs	r0, #10
 355 019a FFF7FEFF 		bl	CyDelay
 356              	.LVL65:
 127:main.c        ****                      count2=0;
 357              		.loc 1 127 0
 358 019e 0024     		movs	r4, #0
 151:main.c        ****                       break;
 359              		.loc 1 151 0
 360 01a0 55E7     		b	.L2
 361              	.LVL66:
 362              	.L10:
 363              	.LBE3:
  76:main.c        ****           { 
 364              		.loc 1 76 0 discriminator 2
 365 01a2 0136     		adds	r6, r6, #1
 366              	.LVL67:
 367 01a4 B6B2     		uxth	r6, r6
 368              	.LVL68:
 369 01a6 00E0     		b	.L4
 370              	.LVL69:
 371              	.L25:
 372              	.LBE2:
 373 01a8 3226     		movs	r6, #50
 374              	.L4:
 375              	.LVL70:
 376              	.LBB6:
  76:main.c        ****           { 
 377              		.loc 1 76 0 is_stmt 0 discriminator 1
 378 01aa B6F57A7F 		cmp	r6, #1000
 379 01ae FFF453AF 		bcc	.L24
 380 01b2 4CE7     		b	.L2
 381              	.L34:
 382              		.align	2
 383              	.L33:
 384 01b4 0000A040 		.word	1084227584
 385 01b8 00007A44 		.word	1148846080
 386 01bc 00007F43 		.word	1132396544
 387 01c0 00C02845 		.word	1160298496
 388 01c4 00403545 		.word	1161117696
 389 01c8 00000000 		.word	.LC0
 390 01cc 08000000 		.word	.LC1
 391 01d0 10000000 		.word	.LC2
 392              	.LBE6:
 393              		.cfi_endproc
 394              	.LFE64:
 395              		.size	main, .-main
 396              		.section	.rodata.str1.4,"aMS",%progbits,1
 397              		.align	2
 398              	.LC0:
 399 0000 3D25640A 		.ascii	"=%d\012\000"
 399      00
 400 0005 000000   		.space	3
 401              	.LC1:
 402 0008 2B25640A 		.ascii	"+%d\012\000"
 402      00
 403 000d 000000   		.space	3
ARM GAS  C:\Users\swaga\AppData\Local\Temp\ccTjvmnH.s 			page 11


 404              	.LC2:
 405 0010 2D25640A 		.ascii	"-%d\012\000"
 405      00
 406              		.text
 407              	.Letext0:
 408              		.file 2 "c:\\program files (x86)\\cypress\\psoc creator\\4.2\\psoc creator\\import\\gnu\\arm\\5.4.
 409              		.file 3 "c:\\program files (x86)\\cypress\\psoc creator\\4.2\\psoc creator\\import\\gnu\\arm\\5.4.
 410              		.file 4 "Generated_Source\\PSoC5/cytypes.h"
 411              		.file 5 "c:\\program files (x86)\\cypress\\psoc creator\\4.2\\psoc creator\\import\\gnu\\arm\\5.4.
 412              		.file 6 "c:\\program files (x86)\\cypress\\psoc creator\\4.2\\psoc creator\\import\\gnu\\arm\\5.4.
 413              		.file 7 "Generated_Source\\PSoC5/UART.h"
 414              		.file 8 "Generated_Source\\PSoC5/PWM.h"
 415              		.file 9 "Generated_Source\\PSoC5/CyLib.h"
 416              		.file 10 "Generated_Source\\PSoC5/ADC.h"
 417              		.file 11 "Generated_Source\\PSoC5/ADC_out.h"
 418              		.file 12 "Generated_Source\\PSoC5/core_cm3.h"
 419              		.section	.debug_info,"",%progbits
 420              	.Ldebug_info0:
 421 0000 F5030000 		.4byte	0x3f5
 422 0004 0400     		.2byte	0x4
 423 0006 00000000 		.4byte	.Ldebug_abbrev0
 424 000a 04       		.byte	0x4
 425 000b 01       		.uleb128 0x1
 426 000c 8E000000 		.4byte	.LASF39
 427 0010 0C       		.byte	0xc
 428 0011 2D020000 		.4byte	.LASF40
 429 0015 00000000 		.4byte	.LASF41
 430 0019 18000000 		.4byte	.Ldebug_ranges0+0x18
 431 001d 00000000 		.4byte	0
 432 0021 00000000 		.4byte	.Ldebug_line0
 433 0025 02       		.uleb128 0x2
 434 0026 01       		.byte	0x1
 435 0027 06       		.byte	0x6
 436 0028 66020000 		.4byte	.LASF0
 437 002c 02       		.uleb128 0x2
 438 002d 01       		.byte	0x1
 439 002e 08       		.byte	0x8
 440 002f 80000000 		.4byte	.LASF1
 441 0033 02       		.uleb128 0x2
 442 0034 02       		.byte	0x2
 443 0035 05       		.byte	0x5
 444 0036 3F020000 		.4byte	.LASF2
 445 003a 02       		.uleb128 0x2
 446 003b 02       		.byte	0x2
 447 003c 07       		.byte	0x7
 448 003d 2D010000 		.4byte	.LASF3
 449 0041 03       		.uleb128 0x3
 450 0042 46000000 		.4byte	.LASF9
 451 0046 02       		.byte	0x2
 452 0047 3F       		.byte	0x3f
 453 0048 4C000000 		.4byte	0x4c
 454 004c 02       		.uleb128 0x2
 455 004d 04       		.byte	0x4
 456 004e 05       		.byte	0x5
 457 004f 53020000 		.4byte	.LASF4
 458 0053 02       		.uleb128 0x2
 459 0054 04       		.byte	0x4
ARM GAS  C:\Users\swaga\AppData\Local\Temp\ccTjvmnH.s 			page 12


 460 0055 07       		.byte	0x7
 461 0056 70010000 		.4byte	.LASF5
 462 005a 02       		.uleb128 0x2
 463 005b 08       		.byte	0x8
 464 005c 05       		.byte	0x5
 465 005d 1F020000 		.4byte	.LASF6
 466 0061 02       		.uleb128 0x2
 467 0062 08       		.byte	0x8
 468 0063 07       		.byte	0x7
 469 0064 C6010000 		.4byte	.LASF7
 470 0068 04       		.uleb128 0x4
 471 0069 04       		.byte	0x4
 472 006a 05       		.byte	0x5
 473 006b 696E7400 		.ascii	"int\000"
 474 006f 02       		.uleb128 0x2
 475 0070 04       		.byte	0x4
 476 0071 07       		.byte	0x7
 477 0072 B9010000 		.4byte	.LASF8
 478 0076 03       		.uleb128 0x3
 479 0077 57000000 		.4byte	.LASF10
 480 007b 03       		.byte	0x3
 481 007c 2C       		.byte	0x2c
 482 007d 41000000 		.4byte	0x41
 483 0081 05       		.uleb128 0x5
 484 0082 7A000000 		.4byte	.LASF11
 485 0086 04       		.byte	0x4
 486 0087 E401     		.2byte	0x1e4
 487 0089 2C000000 		.4byte	0x2c
 488 008d 05       		.uleb128 0x5
 489 008e AD010000 		.4byte	.LASF12
 490 0092 04       		.byte	0x4
 491 0093 E501     		.2byte	0x1e5
 492 0095 3A000000 		.4byte	0x3a
 493 0099 02       		.uleb128 0x2
 494 009a 04       		.byte	0x4
 495 009b 04       		.byte	0x4
 496 009c 74000000 		.4byte	.LASF13
 497 00a0 02       		.uleb128 0x2
 498 00a1 08       		.byte	0x8
 499 00a2 04       		.byte	0x4
 500 00a3 50000000 		.4byte	.LASF14
 501 00a7 02       		.uleb128 0x2
 502 00a8 01       		.byte	0x1
 503 00a9 08       		.byte	0x8
 504 00aa 34020000 		.4byte	.LASF15
 505 00ae 02       		.uleb128 0x2
 506 00af 08       		.byte	0x8
 507 00b0 04       		.byte	0x4
 508 00b1 0A020000 		.4byte	.LASF16
 509 00b5 02       		.uleb128 0x2
 510 00b6 04       		.byte	0x4
 511 00b7 07       		.byte	0x7
 512 00b8 16020000 		.4byte	.LASF17
 513 00bc 03       		.uleb128 0x3
 514 00bd B4010000 		.4byte	.LASF18
 515 00c1 05       		.byte	0x5
 516 00c2 6C       		.byte	0x6c
ARM GAS  C:\Users\swaga\AppData\Local\Temp\ccTjvmnH.s 			page 13


 517 00c3 6F000000 		.4byte	0x6f
 518 00c7 06       		.uleb128 0x6
 519 00c8 9A010000 		.4byte	.LASF42
 520 00cc 01       		.byte	0x1
 521 00cd 19       		.byte	0x19
 522 00ce 68000000 		.4byte	0x68
 523 00d2 00000000 		.4byte	.LFB64
 524 00d6 D4010000 		.4byte	.LFE64-.LFB64
 525 00da 01       		.uleb128 0x1
 526 00db 9C       		.byte	0x9c
 527 00dc 36030000 		.4byte	0x336
 528 00e0 07       		.uleb128 0x7
 529 00e1 AF020000 		.4byte	.LASF19
 530 00e5 01       		.byte	0x1
 531 00e6 24       		.byte	0x24
 532 00e7 81000000 		.4byte	0x81
 533 00eb 00000000 		.4byte	.LLST0
 534 00ef 07       		.uleb128 0x7
 535 00f0 72020000 		.4byte	.LASF20
 536 00f4 01       		.byte	0x1
 537 00f5 25       		.byte	0x25
 538 00f6 81000000 		.4byte	0x81
 539 00fa 4C000000 		.4byte	.LLST1
 540 00fe 08       		.uleb128 0x8
 541 00ff 90020000 		.4byte	.LASF21
 542 0103 01       		.byte	0x1
 543 0104 27       		.byte	0x27
 544 0105 36030000 		.4byte	0x336
 545 0109 03       		.uleb128 0x3
 546 010a 91       		.byte	0x91
 547 010b F877     		.sleb128 -1032
 548 010d 08       		.uleb128 0x8
 549 010e 98020000 		.4byte	.LASF22
 550 0112 01       		.byte	0x1
 551 0113 28       		.byte	0x28
 552 0114 47030000 		.4byte	0x347
 553 0118 03       		.uleb128 0x3
 554 0119 91       		.byte	0x91
 555 011a 9070     		.sleb128 -2032
 556 011c 08       		.uleb128 0x8
 557 011d 5C020000 		.4byte	.LASF23
 558 0121 01       		.byte	0x1
 559 0122 29       		.byte	0x29
 560 0123 47030000 		.4byte	0x347
 561 0127 03       		.uleb128 0x3
 562 0128 91       		.byte	0x91
 563 0129 A868     		.sleb128 -3032
 564 012b 07       		.uleb128 0x7
 565 012c 39020000 		.4byte	.LASF24
 566 0130 01       		.byte	0x1
 567 0131 2A       		.byte	0x2a
 568 0132 8D000000 		.4byte	0x8d
 569 0136 5F000000 		.4byte	.LLST2
 570 013a 07       		.uleb128 0x7
 571 013b 93010000 		.4byte	.LASF25
 572 013f 01       		.byte	0x1
 573 0140 2B       		.byte	0x2b
ARM GAS  C:\Users\swaga\AppData\Local\Temp\ccTjvmnH.s 			page 14


 574 0141 8D000000 		.4byte	0x8d
 575 0145 A0000000 		.4byte	.LLST3
 576 0149 09       		.uleb128 0x9
 577 014a 73756D00 		.ascii	"sum\000"
 578 014e 01       		.byte	0x1
 579 014f 2C       		.byte	0x2c
 580 0150 8D000000 		.4byte	0x8d
 581 0154 ED000000 		.4byte	.LLST4
 582 0158 09       		.uleb128 0x9
 583 0159 61766700 		.ascii	"avg\000"
 584 015d 01       		.byte	0x1
 585 015e 2D       		.byte	0x2d
 586 015f 99000000 		.4byte	0x99
 587 0163 23010000 		.4byte	.LLST5
 588 0167 0A       		.uleb128 0xa
 589 0168 00000000 		.4byte	.Ldebug_ranges0+0
 590 016c AC020000 		.4byte	0x2ac
 591 0170 09       		.uleb128 0x9
 592 0171 6900     		.ascii	"i\000"
 593 0173 01       		.byte	0x1
 594 0174 4C       		.byte	0x4c
 595 0175 8D000000 		.4byte	0x8d
 596 0179 77010000 		.4byte	.LLST6
 597 017d 0B       		.uleb128 0xb
 598 017e 58000000 		.4byte	.LBB3
 599 0182 4A010000 		.4byte	.LBE3-.LBB3
 600 0186 09       		.uleb128 0x9
 601 0187 6D696E00 		.ascii	"min\000"
 602 018b 01       		.byte	0x1
 603 018c 4F       		.byte	0x4f
 604 018d 81000000 		.4byte	0x81
 605 0191 CC010000 		.4byte	.LLST7
 606 0195 09       		.uleb128 0x9
 607 0196 6D617800 		.ascii	"max\000"
 608 019a 01       		.byte	0x1
 609 019b 50       		.byte	0x50
 610 019c 81000000 		.4byte	0x81
 611 01a0 DF010000 		.4byte	.LLST8
 612 01a4 0C       		.uleb128 0xc
 613 01a5 5E000000 		.4byte	.LBB4
 614 01a9 22000000 		.4byte	.LBE4-.LBB4
 615 01ad BF010000 		.4byte	0x1bf
 616 01b1 09       		.uleb128 0x9
 617 01b2 6B00     		.ascii	"k\000"
 618 01b4 01       		.byte	0x1
 619 01b5 52       		.byte	0x52
 620 01b6 8D000000 		.4byte	0x8d
 621 01ba 08020000 		.4byte	.LLST9
 622 01be 00       		.byte	0
 623 01bf 0C       		.uleb128 0xc
 624 01c0 E0000000 		.4byte	.LBB5
 625 01c4 2A000000 		.4byte	.LBE5-.LBB5
 626 01c8 DA010000 		.4byte	0x1da
 627 01cc 09       		.uleb128 0x9
 628 01cd 6A00     		.ascii	"j\000"
 629 01cf 01       		.byte	0x1
 630 01d0 73       		.byte	0x73
ARM GAS  C:\Users\swaga\AppData\Local\Temp\ccTjvmnH.s 			page 15


 631 01d1 BC000000 		.4byte	0xbc
 632 01d5 33020000 		.4byte	.LLST10
 633 01d9 00       		.byte	0
 634 01da 0D       		.uleb128 0xd
 635 01db 30010000 		.4byte	.LVL49
 636 01df 69030000 		.4byte	0x369
 637 01e3 F8010000 		.4byte	0x1f8
 638 01e7 0E       		.uleb128 0xe
 639 01e8 01       		.uleb128 0x1
 640 01e9 50       		.byte	0x50
 641 01ea 03       		.uleb128 0x3
 642 01eb 91       		.byte	0x91
 643 01ec F877     		.sleb128 -1032
 644 01ee 0E       		.uleb128 0xe
 645 01ef 01       		.uleb128 0x1
 646 01f0 51       		.byte	0x51
 647 01f1 05       		.uleb128 0x5
 648 01f2 03       		.byte	0x3
 649 01f3 00000000 		.4byte	.LC0
 650 01f7 00       		.byte	0
 651 01f8 0D       		.uleb128 0xd
 652 01f9 38010000 		.4byte	.LVL50
 653 01fd 74030000 		.4byte	0x374
 654 0201 0D020000 		.4byte	0x20d
 655 0205 0E       		.uleb128 0xe
 656 0206 01       		.uleb128 0x1
 657 0207 50       		.byte	0x50
 658 0208 03       		.uleb128 0x3
 659 0209 91       		.byte	0x91
 660 020a F877     		.sleb128 -1032
 661 020c 00       		.byte	0
 662 020d 0D       		.uleb128 0xd
 663 020e 4C010000 		.4byte	.LVL53
 664 0212 7F030000 		.4byte	0x37f
 665 0216 21020000 		.4byte	0x221
 666 021a 0E       		.uleb128 0xe
 667 021b 01       		.uleb128 0x1
 668 021c 50       		.byte	0x50
 669 021d 02       		.uleb128 0x2
 670 021e 75       		.byte	0x75
 671 021f 00       		.sleb128 0
 672 0220 00       		.byte	0
 673 0221 0D       		.uleb128 0xd
 674 0222 5E010000 		.4byte	.LVL55
 675 0226 69030000 		.4byte	0x369
 676 022a 3F020000 		.4byte	0x23f
 677 022e 0E       		.uleb128 0xe
 678 022f 01       		.uleb128 0x1
 679 0230 50       		.byte	0x50
 680 0231 03       		.uleb128 0x3
 681 0232 91       		.byte	0x91
 682 0233 F877     		.sleb128 -1032
 683 0235 0E       		.uleb128 0xe
 684 0236 01       		.uleb128 0x1
 685 0237 51       		.byte	0x51
 686 0238 05       		.uleb128 0x5
 687 0239 03       		.byte	0x3
ARM GAS  C:\Users\swaga\AppData\Local\Temp\ccTjvmnH.s 			page 16


 688 023a 08000000 		.4byte	.LC1
 689 023e 00       		.byte	0
 690 023f 0D       		.uleb128 0xd
 691 0240 66010000 		.4byte	.LVL56
 692 0244 74030000 		.4byte	0x374
 693 0248 54020000 		.4byte	0x254
 694 024c 0E       		.uleb128 0xe
 695 024d 01       		.uleb128 0x1
 696 024e 50       		.byte	0x50
 697 024f 03       		.uleb128 0x3
 698 0250 91       		.byte	0x91
 699 0251 F877     		.sleb128 -1032
 700 0253 00       		.byte	0
 701 0254 0D       		.uleb128 0xd
 702 0255 7C010000 		.4byte	.LVL60
 703 0259 7F030000 		.4byte	0x37f
 704 025d 68020000 		.4byte	0x268
 705 0261 0E       		.uleb128 0xe
 706 0262 01       		.uleb128 0x1
 707 0263 50       		.byte	0x50
 708 0264 02       		.uleb128 0x2
 709 0265 75       		.byte	0x75
 710 0266 00       		.sleb128 0
 711 0267 00       		.byte	0
 712 0268 0D       		.uleb128 0xd
 713 0269 8E010000 		.4byte	.LVL62
 714 026d 69030000 		.4byte	0x369
 715 0271 86020000 		.4byte	0x286
 716 0275 0E       		.uleb128 0xe
 717 0276 01       		.uleb128 0x1
 718 0277 50       		.byte	0x50
 719 0278 03       		.uleb128 0x3
 720 0279 91       		.byte	0x91
 721 027a F877     		.sleb128 -1032
 722 027c 0E       		.uleb128 0xe
 723 027d 01       		.uleb128 0x1
 724 027e 51       		.byte	0x51
 725 027f 05       		.uleb128 0x5
 726 0280 03       		.byte	0x3
 727 0281 10000000 		.4byte	.LC2
 728 0285 00       		.byte	0
 729 0286 0D       		.uleb128 0xd
 730 0287 96010000 		.4byte	.LVL63
 731 028b 74030000 		.4byte	0x374
 732 028f 9B020000 		.4byte	0x29b
 733 0293 0E       		.uleb128 0xe
 734 0294 01       		.uleb128 0x1
 735 0295 50       		.byte	0x50
 736 0296 03       		.uleb128 0x3
 737 0297 91       		.byte	0x91
 738 0298 F877     		.sleb128 -1032
 739 029a 00       		.byte	0
 740 029b 0F       		.uleb128 0xf
 741 029c 9E010000 		.4byte	.LVL65
 742 02a0 8A030000 		.4byte	0x38a
 743 02a4 0E       		.uleb128 0xe
 744 02a5 01       		.uleb128 0x1
ARM GAS  C:\Users\swaga\AppData\Local\Temp\ccTjvmnH.s 			page 17


 745 02a6 50       		.byte	0x50
 746 02a7 01       		.uleb128 0x1
 747 02a8 3A       		.byte	0x3a
 748 02a9 00       		.byte	0
 749 02aa 00       		.byte	0
 750 02ab 00       		.byte	0
 751 02ac 10       		.uleb128 0x10
 752 02ad 0E000000 		.4byte	.LVL0
 753 02b1 95030000 		.4byte	0x395
 754 02b5 10       		.uleb128 0x10
 755 02b6 12000000 		.4byte	.LVL1
 756 02ba A0030000 		.4byte	0x3a0
 757 02be 10       		.uleb128 0x10
 758 02bf 16000000 		.4byte	.LVL2
 759 02c3 AB030000 		.4byte	0x3ab
 760 02c7 10       		.uleb128 0x10
 761 02c8 1A000000 		.4byte	.LVL3
 762 02cc B6030000 		.4byte	0x3b6
 763 02d0 10       		.uleb128 0x10
 764 02d1 1E000000 		.4byte	.LVL4
 765 02d5 C1030000 		.4byte	0x3c1
 766 02d9 10       		.uleb128 0x10
 767 02da 22000000 		.4byte	.LVL5
 768 02de CC030000 		.4byte	0x3cc
 769 02e2 0D       		.uleb128 0xd
 770 02e3 2E000000 		.4byte	.LVL7
 771 02e7 D7030000 		.4byte	0x3d7
 772 02eb F5020000 		.4byte	0x2f5
 773 02ef 0E       		.uleb128 0xe
 774 02f0 01       		.uleb128 0x1
 775 02f1 50       		.byte	0x50
 776 02f2 01       		.uleb128 0x1
 777 02f3 30       		.byte	0x30
 778 02f4 00       		.byte	0
 779 02f5 10       		.uleb128 0x10
 780 02f6 32000000 		.4byte	.LVL8
 781 02fa E2030000 		.4byte	0x3e2
 782 02fe 0D       		.uleb128 0xd
 783 02ff 3A000000 		.4byte	.LVL10
 784 0303 ED030000 		.4byte	0x3ed
 785 0307 12030000 		.4byte	0x312
 786 030b 0E       		.uleb128 0xe
 787 030c 01       		.uleb128 0x1
 788 030d 50       		.byte	0x50
 789 030e 02       		.uleb128 0x2
 790 030f 08       		.byte	0x8
 791 0310 D2       		.byte	0xd2
 792 0311 00       		.byte	0
 793 0312 0D       		.uleb128 0xd
 794 0313 40000000 		.4byte	.LVL11
 795 0317 7F030000 		.4byte	0x37f
 796 031b 26030000 		.4byte	0x326
 797 031f 0E       		.uleb128 0xe
 798 0320 01       		.uleb128 0x1
 799 0321 50       		.byte	0x50
 800 0322 02       		.uleb128 0x2
 801 0323 75       		.byte	0x75
ARM GAS  C:\Users\swaga\AppData\Local\Temp\ccTjvmnH.s 			page 18


 802 0324 00       		.sleb128 0
 803 0325 00       		.byte	0
 804 0326 0F       		.uleb128 0xf
 805 0327 4E000000 		.4byte	.LVL14
 806 032b 8A030000 		.4byte	0x38a
 807 032f 0E       		.uleb128 0xe
 808 0330 01       		.uleb128 0x1
 809 0331 50       		.byte	0x50
 810 0332 01       		.uleb128 0x1
 811 0333 31       		.byte	0x31
 812 0334 00       		.byte	0
 813 0335 00       		.byte	0
 814 0336 11       		.uleb128 0x11
 815 0337 A7000000 		.4byte	0xa7
 816 033b 47030000 		.4byte	0x347
 817 033f 12       		.uleb128 0x12
 818 0340 B5000000 		.4byte	0xb5
 819 0344 E703     		.2byte	0x3e7
 820 0346 00       		.byte	0
 821 0347 11       		.uleb128 0x11
 822 0348 81000000 		.4byte	0x81
 823 034c 58030000 		.4byte	0x358
 824 0350 12       		.uleb128 0x12
 825 0351 B5000000 		.4byte	0xb5
 826 0355 E703     		.2byte	0x3e7
 827 0357 00       		.byte	0
 828 0358 13       		.uleb128 0x13
 829 0359 63010000 		.4byte	.LASF43
 830 035d 0C       		.byte	0xc
 831 035e 1207     		.2byte	0x712
 832 0360 64030000 		.4byte	0x364
 833 0364 14       		.uleb128 0x14
 834 0365 76000000 		.4byte	0x76
 835 0369 15       		.uleb128 0x15
 836 036a 9F020000 		.4byte	.LASF26
 837 036e 9F020000 		.4byte	.LASF26
 838 0372 06       		.byte	0x6
 839 0373 E7       		.byte	0xe7
 840 0374 15       		.uleb128 0x15
 841 0375 81020000 		.4byte	.LASF27
 842 0379 81020000 		.4byte	.LASF27
 843 037d 07       		.byte	0x7
 844 037e 8B       		.byte	0x8b
 845 037f 15       		.uleb128 0x15
 846 0380 82010000 		.4byte	.LASF28
 847 0384 82010000 		.4byte	.LASF28
 848 0388 08       		.byte	0x8
 849 0389 C3       		.byte	0xc3
 850 038a 15       		.uleb128 0x15
 851 038b A7020000 		.4byte	.LASF29
 852 038f A7020000 		.4byte	.LASF29
 853 0393 09       		.byte	0x9
 854 0394 76       		.byte	0x76
 855 0395 15       		.uleb128 0x15
 856 0396 F0010000 		.4byte	.LASF30
 857 039a F0010000 		.4byte	.LASF30
 858 039e 0A       		.byte	0xa
ARM GAS  C:\Users\swaga\AppData\Local\Temp\ccTjvmnH.s 			page 19


 859 039f 34       		.byte	0x34
 860 03a0 15       		.uleb128 0x15
 861 03a1 9F010000 		.4byte	.LASF31
 862 03a5 9F010000 		.4byte	.LASF31
 863 03a9 0B       		.byte	0xb
 864 03aa 34       		.byte	0x34
 865 03ab 15       		.uleb128 0x15
 866 03ac 1C010000 		.4byte	.LASF32
 867 03b0 1C010000 		.4byte	.LASF32
 868 03b4 0A       		.byte	0xa
 869 03b5 D1       		.byte	0xd1
 870 03b6 15       		.uleb128 0x15
 871 03b7 5F000000 		.4byte	.LASF33
 872 03bb 5F000000 		.4byte	.LASF33
 873 03bf 0B       		.byte	0xb
 874 03c0 D1       		.byte	0xd1
 875 03c1 15       		.uleb128 0x15
 876 03c2 49020000 		.4byte	.LASF34
 877 03c6 49020000 		.4byte	.LASF34
 878 03ca 08       		.byte	0x8
 879 03cb 92       		.byte	0x92
 880 03cc 15       		.uleb128 0x15
 881 03cd 40010000 		.4byte	.LASF35
 882 03d1 40010000 		.4byte	.LASF35
 883 03d5 07       		.byte	0x7
 884 03d6 54       		.byte	0x54
 885 03d7 15       		.uleb128 0x15
 886 03d8 4B010000 		.4byte	.LASF36
 887 03dc 4B010000 		.4byte	.LASF36
 888 03e0 0B       		.byte	0xb
 889 03e1 39       		.byte	0x39
 890 03e2 15       		.uleb128 0x15
 891 03e3 DD010000 		.4byte	.LASF37
 892 03e7 DD010000 		.4byte	.LASF37
 893 03eb 0B       		.byte	0xb
 894 03ec 3A       		.byte	0x3a
 895 03ed 15       		.uleb128 0x15
 896 03ee FA010000 		.4byte	.LASF38
 897 03f2 FA010000 		.4byte	.LASF38
 898 03f6 08       		.byte	0x8
 899 03f7 BE       		.byte	0xbe
 900 03f8 00       		.byte	0
 901              		.section	.debug_abbrev,"",%progbits
 902              	.Ldebug_abbrev0:
 903 0000 01       		.uleb128 0x1
 904 0001 11       		.uleb128 0x11
 905 0002 01       		.byte	0x1
 906 0003 25       		.uleb128 0x25
 907 0004 0E       		.uleb128 0xe
 908 0005 13       		.uleb128 0x13
 909 0006 0B       		.uleb128 0xb
 910 0007 03       		.uleb128 0x3
 911 0008 0E       		.uleb128 0xe
 912 0009 1B       		.uleb128 0x1b
 913 000a 0E       		.uleb128 0xe
 914 000b 55       		.uleb128 0x55
 915 000c 17       		.uleb128 0x17
ARM GAS  C:\Users\swaga\AppData\Local\Temp\ccTjvmnH.s 			page 20


 916 000d 11       		.uleb128 0x11
 917 000e 01       		.uleb128 0x1
 918 000f 10       		.uleb128 0x10
 919 0010 17       		.uleb128 0x17
 920 0011 00       		.byte	0
 921 0012 00       		.byte	0
 922 0013 02       		.uleb128 0x2
 923 0014 24       		.uleb128 0x24
 924 0015 00       		.byte	0
 925 0016 0B       		.uleb128 0xb
 926 0017 0B       		.uleb128 0xb
 927 0018 3E       		.uleb128 0x3e
 928 0019 0B       		.uleb128 0xb
 929 001a 03       		.uleb128 0x3
 930 001b 0E       		.uleb128 0xe
 931 001c 00       		.byte	0
 932 001d 00       		.byte	0
 933 001e 03       		.uleb128 0x3
 934 001f 16       		.uleb128 0x16
 935 0020 00       		.byte	0
 936 0021 03       		.uleb128 0x3
 937 0022 0E       		.uleb128 0xe
 938 0023 3A       		.uleb128 0x3a
 939 0024 0B       		.uleb128 0xb
 940 0025 3B       		.uleb128 0x3b
 941 0026 0B       		.uleb128 0xb
 942 0027 49       		.uleb128 0x49
 943 0028 13       		.uleb128 0x13
 944 0029 00       		.byte	0
 945 002a 00       		.byte	0
 946 002b 04       		.uleb128 0x4
 947 002c 24       		.uleb128 0x24
 948 002d 00       		.byte	0
 949 002e 0B       		.uleb128 0xb
 950 002f 0B       		.uleb128 0xb
 951 0030 3E       		.uleb128 0x3e
 952 0031 0B       		.uleb128 0xb
 953 0032 03       		.uleb128 0x3
 954 0033 08       		.uleb128 0x8
 955 0034 00       		.byte	0
 956 0035 00       		.byte	0
 957 0036 05       		.uleb128 0x5
 958 0037 16       		.uleb128 0x16
 959 0038 00       		.byte	0
 960 0039 03       		.uleb128 0x3
 961 003a 0E       		.uleb128 0xe
 962 003b 3A       		.uleb128 0x3a
 963 003c 0B       		.uleb128 0xb
 964 003d 3B       		.uleb128 0x3b
 965 003e 05       		.uleb128 0x5
 966 003f 49       		.uleb128 0x49
 967 0040 13       		.uleb128 0x13
 968 0041 00       		.byte	0
 969 0042 00       		.byte	0
 970 0043 06       		.uleb128 0x6
 971 0044 2E       		.uleb128 0x2e
 972 0045 01       		.byte	0x1
ARM GAS  C:\Users\swaga\AppData\Local\Temp\ccTjvmnH.s 			page 21


 973 0046 3F       		.uleb128 0x3f
 974 0047 19       		.uleb128 0x19
 975 0048 03       		.uleb128 0x3
 976 0049 0E       		.uleb128 0xe
 977 004a 3A       		.uleb128 0x3a
 978 004b 0B       		.uleb128 0xb
 979 004c 3B       		.uleb128 0x3b
 980 004d 0B       		.uleb128 0xb
 981 004e 27       		.uleb128 0x27
 982 004f 19       		.uleb128 0x19
 983 0050 49       		.uleb128 0x49
 984 0051 13       		.uleb128 0x13
 985 0052 8701     		.uleb128 0x87
 986 0054 19       		.uleb128 0x19
 987 0055 11       		.uleb128 0x11
 988 0056 01       		.uleb128 0x1
 989 0057 12       		.uleb128 0x12
 990 0058 06       		.uleb128 0x6
 991 0059 40       		.uleb128 0x40
 992 005a 18       		.uleb128 0x18
 993 005b 9642     		.uleb128 0x2116
 994 005d 19       		.uleb128 0x19
 995 005e 01       		.uleb128 0x1
 996 005f 13       		.uleb128 0x13
 997 0060 00       		.byte	0
 998 0061 00       		.byte	0
 999 0062 07       		.uleb128 0x7
 1000 0063 34       		.uleb128 0x34
 1001 0064 00       		.byte	0
 1002 0065 03       		.uleb128 0x3
 1003 0066 0E       		.uleb128 0xe
 1004 0067 3A       		.uleb128 0x3a
 1005 0068 0B       		.uleb128 0xb
 1006 0069 3B       		.uleb128 0x3b
 1007 006a 0B       		.uleb128 0xb
 1008 006b 49       		.uleb128 0x49
 1009 006c 13       		.uleb128 0x13
 1010 006d 02       		.uleb128 0x2
 1011 006e 17       		.uleb128 0x17
 1012 006f 00       		.byte	0
 1013 0070 00       		.byte	0
 1014 0071 08       		.uleb128 0x8
 1015 0072 34       		.uleb128 0x34
 1016 0073 00       		.byte	0
 1017 0074 03       		.uleb128 0x3
 1018 0075 0E       		.uleb128 0xe
 1019 0076 3A       		.uleb128 0x3a
 1020 0077 0B       		.uleb128 0xb
 1021 0078 3B       		.uleb128 0x3b
 1022 0079 0B       		.uleb128 0xb
 1023 007a 49       		.uleb128 0x49
 1024 007b 13       		.uleb128 0x13
 1025 007c 02       		.uleb128 0x2
 1026 007d 18       		.uleb128 0x18
 1027 007e 00       		.byte	0
 1028 007f 00       		.byte	0
 1029 0080 09       		.uleb128 0x9
ARM GAS  C:\Users\swaga\AppData\Local\Temp\ccTjvmnH.s 			page 22


 1030 0081 34       		.uleb128 0x34
 1031 0082 00       		.byte	0
 1032 0083 03       		.uleb128 0x3
 1033 0084 08       		.uleb128 0x8
 1034 0085 3A       		.uleb128 0x3a
 1035 0086 0B       		.uleb128 0xb
 1036 0087 3B       		.uleb128 0x3b
 1037 0088 0B       		.uleb128 0xb
 1038 0089 49       		.uleb128 0x49
 1039 008a 13       		.uleb128 0x13
 1040 008b 02       		.uleb128 0x2
 1041 008c 17       		.uleb128 0x17
 1042 008d 00       		.byte	0
 1043 008e 00       		.byte	0
 1044 008f 0A       		.uleb128 0xa
 1045 0090 0B       		.uleb128 0xb
 1046 0091 01       		.byte	0x1
 1047 0092 55       		.uleb128 0x55
 1048 0093 17       		.uleb128 0x17
 1049 0094 01       		.uleb128 0x1
 1050 0095 13       		.uleb128 0x13
 1051 0096 00       		.byte	0
 1052 0097 00       		.byte	0
 1053 0098 0B       		.uleb128 0xb
 1054 0099 0B       		.uleb128 0xb
 1055 009a 01       		.byte	0x1
 1056 009b 11       		.uleb128 0x11
 1057 009c 01       		.uleb128 0x1
 1058 009d 12       		.uleb128 0x12
 1059 009e 06       		.uleb128 0x6
 1060 009f 00       		.byte	0
 1061 00a0 00       		.byte	0
 1062 00a1 0C       		.uleb128 0xc
 1063 00a2 0B       		.uleb128 0xb
 1064 00a3 01       		.byte	0x1
 1065 00a4 11       		.uleb128 0x11
 1066 00a5 01       		.uleb128 0x1
 1067 00a6 12       		.uleb128 0x12
 1068 00a7 06       		.uleb128 0x6
 1069 00a8 01       		.uleb128 0x1
 1070 00a9 13       		.uleb128 0x13
 1071 00aa 00       		.byte	0
 1072 00ab 00       		.byte	0
 1073 00ac 0D       		.uleb128 0xd
 1074 00ad 898201   		.uleb128 0x4109
 1075 00b0 01       		.byte	0x1
 1076 00b1 11       		.uleb128 0x11
 1077 00b2 01       		.uleb128 0x1
 1078 00b3 31       		.uleb128 0x31
 1079 00b4 13       		.uleb128 0x13
 1080 00b5 01       		.uleb128 0x1
 1081 00b6 13       		.uleb128 0x13
 1082 00b7 00       		.byte	0
 1083 00b8 00       		.byte	0
 1084 00b9 0E       		.uleb128 0xe
 1085 00ba 8A8201   		.uleb128 0x410a
 1086 00bd 00       		.byte	0
ARM GAS  C:\Users\swaga\AppData\Local\Temp\ccTjvmnH.s 			page 23


 1087 00be 02       		.uleb128 0x2
 1088 00bf 18       		.uleb128 0x18
 1089 00c0 9142     		.uleb128 0x2111
 1090 00c2 18       		.uleb128 0x18
 1091 00c3 00       		.byte	0
 1092 00c4 00       		.byte	0
 1093 00c5 0F       		.uleb128 0xf
 1094 00c6 898201   		.uleb128 0x4109
 1095 00c9 01       		.byte	0x1
 1096 00ca 11       		.uleb128 0x11
 1097 00cb 01       		.uleb128 0x1
 1098 00cc 31       		.uleb128 0x31
 1099 00cd 13       		.uleb128 0x13
 1100 00ce 00       		.byte	0
 1101 00cf 00       		.byte	0
 1102 00d0 10       		.uleb128 0x10
 1103 00d1 898201   		.uleb128 0x4109
 1104 00d4 00       		.byte	0
 1105 00d5 11       		.uleb128 0x11
 1106 00d6 01       		.uleb128 0x1
 1107 00d7 31       		.uleb128 0x31
 1108 00d8 13       		.uleb128 0x13
 1109 00d9 00       		.byte	0
 1110 00da 00       		.byte	0
 1111 00db 11       		.uleb128 0x11
 1112 00dc 01       		.uleb128 0x1
 1113 00dd 01       		.byte	0x1
 1114 00de 49       		.uleb128 0x49
 1115 00df 13       		.uleb128 0x13
 1116 00e0 01       		.uleb128 0x1
 1117 00e1 13       		.uleb128 0x13
 1118 00e2 00       		.byte	0
 1119 00e3 00       		.byte	0
 1120 00e4 12       		.uleb128 0x12
 1121 00e5 21       		.uleb128 0x21
 1122 00e6 00       		.byte	0
 1123 00e7 49       		.uleb128 0x49
 1124 00e8 13       		.uleb128 0x13
 1125 00e9 2F       		.uleb128 0x2f
 1126 00ea 05       		.uleb128 0x5
 1127 00eb 00       		.byte	0
 1128 00ec 00       		.byte	0
 1129 00ed 13       		.uleb128 0x13
 1130 00ee 34       		.uleb128 0x34
 1131 00ef 00       		.byte	0
 1132 00f0 03       		.uleb128 0x3
 1133 00f1 0E       		.uleb128 0xe
 1134 00f2 3A       		.uleb128 0x3a
 1135 00f3 0B       		.uleb128 0xb
 1136 00f4 3B       		.uleb128 0x3b
 1137 00f5 05       		.uleb128 0x5
 1138 00f6 49       		.uleb128 0x49
 1139 00f7 13       		.uleb128 0x13
 1140 00f8 3F       		.uleb128 0x3f
 1141 00f9 19       		.uleb128 0x19
 1142 00fa 3C       		.uleb128 0x3c
 1143 00fb 19       		.uleb128 0x19
ARM GAS  C:\Users\swaga\AppData\Local\Temp\ccTjvmnH.s 			page 24


 1144 00fc 00       		.byte	0
 1145 00fd 00       		.byte	0
 1146 00fe 14       		.uleb128 0x14
 1147 00ff 35       		.uleb128 0x35
 1148 0100 00       		.byte	0
 1149 0101 49       		.uleb128 0x49
 1150 0102 13       		.uleb128 0x13
 1151 0103 00       		.byte	0
 1152 0104 00       		.byte	0
 1153 0105 15       		.uleb128 0x15
 1154 0106 2E       		.uleb128 0x2e
 1155 0107 00       		.byte	0
 1156 0108 3F       		.uleb128 0x3f
 1157 0109 19       		.uleb128 0x19
 1158 010a 3C       		.uleb128 0x3c
 1159 010b 19       		.uleb128 0x19
 1160 010c 6E       		.uleb128 0x6e
 1161 010d 0E       		.uleb128 0xe
 1162 010e 03       		.uleb128 0x3
 1163 010f 0E       		.uleb128 0xe
 1164 0110 3A       		.uleb128 0x3a
 1165 0111 0B       		.uleb128 0xb
 1166 0112 3B       		.uleb128 0x3b
 1167 0113 0B       		.uleb128 0xb
 1168 0114 00       		.byte	0
 1169 0115 00       		.byte	0
 1170 0116 00       		.byte	0
 1171              		.section	.debug_loc,"",%progbits
 1172              	.Ldebug_loc0:
 1173              	.LLST0:
 1174 0000 1E000000 		.4byte	.LVL4
 1175 0004 28000000 		.4byte	.LVL6
 1176 0008 0300     		.2byte	0x3
 1177 000a 09       		.byte	0x9
 1178 000b 82       		.byte	0x82
 1179 000c 9F       		.byte	0x9f
 1180 000d 28000000 		.4byte	.LVL6
 1181 0011 46010000 		.4byte	.LVL52
 1182 0015 0100     		.2byte	0x1
 1183 0017 55       		.byte	0x55
 1184 0018 46010000 		.4byte	.LVL52
 1185 001c 68010000 		.4byte	.LVL57
 1186 0020 0100     		.2byte	0x1
 1187 0022 54       		.byte	0x54
 1188 0023 68010000 		.4byte	.LVL57
 1189 0027 76010000 		.4byte	.LVL59
 1190 002b 0100     		.2byte	0x1
 1191 002d 55       		.byte	0x55
 1192 002e 76010000 		.4byte	.LVL59
 1193 0032 98010000 		.4byte	.LVL64
 1194 0036 0100     		.2byte	0x1
 1195 0038 54       		.byte	0x54
 1196 0039 98010000 		.4byte	.LVL64
 1197 003d D4010000 		.4byte	.LFE64
 1198 0041 0100     		.2byte	0x1
 1199 0043 55       		.byte	0x55
 1200 0044 00000000 		.4byte	0
ARM GAS  C:\Users\swaga\AppData\Local\Temp\ccTjvmnH.s 			page 25


 1201 0048 00000000 		.4byte	0
 1202              	.LLST1:
 1203 004c 34000000 		.4byte	.LVL9
 1204 0050 4E000000 		.4byte	.LVL14
 1205 0054 0100     		.2byte	0x1
 1206 0056 56       		.byte	0x56
 1207 0057 00000000 		.4byte	0
 1208 005b 00000000 		.4byte	0
 1209              	.LLST2:
 1210 005f 22000000 		.4byte	.LVL5
 1211 0063 28000000 		.4byte	.LVL6
 1212 0067 0200     		.2byte	0x2
 1213 0069 30       		.byte	0x30
 1214 006a 9F       		.byte	0x9f
 1215 006b 28000000 		.4byte	.LVL6
 1216 006f 46000000 		.4byte	.LVL12
 1217 0073 0100     		.2byte	0x1
 1218 0075 54       		.byte	0x54
 1219 0076 48000000 		.4byte	.LVL13
 1220 007a DE000000 		.4byte	.LVL35
 1221 007e 0100     		.2byte	0x1
 1222 0080 54       		.byte	0x54
 1223 0081 0A010000 		.4byte	.LVL45
 1224 0085 A2010000 		.4byte	.LVL66
 1225 0089 0200     		.2byte	0x2
 1226 008b 30       		.byte	0x30
 1227 008c 9F       		.byte	0x9f
 1228 008d A2010000 		.4byte	.LVL66
 1229 0091 D4010000 		.4byte	.LFE64
 1230 0095 0100     		.2byte	0x1
 1231 0097 54       		.byte	0x54
 1232 0098 00000000 		.4byte	0
 1233 009c 00000000 		.4byte	0
 1234              	.LLST3:
 1235 00a0 22000000 		.4byte	.LVL5
 1236 00a4 96000000 		.4byte	.LVL24
 1237 00a8 0200     		.2byte	0x2
 1238 00aa 30       		.byte	0x30
 1239 00ab 9F       		.byte	0x9f
 1240 00ac 96000000 		.4byte	.LVL24
 1241 00b0 9E000000 		.4byte	.LVL26
 1242 00b4 0200     		.2byte	0x2
 1243 00b6 31       		.byte	0x31
 1244 00b7 9F       		.byte	0x9f
 1245 00b8 9E000000 		.4byte	.LVL26
 1246 00bc A4000000 		.4byte	.LVL27
 1247 00c0 0100     		.2byte	0x1
 1248 00c2 57       		.byte	0x57
 1249 00c3 A6000000 		.4byte	.LVL28
 1250 00c7 C0000000 		.4byte	.LVL31
 1251 00cb 0100     		.2byte	0x1
 1252 00cd 57       		.byte	0x57
 1253 00ce C2000000 		.4byte	.LVL32
 1254 00d2 0A010000 		.4byte	.LVL45
 1255 00d6 0100     		.2byte	0x1
 1256 00d8 57       		.byte	0x57
 1257 00d9 0A010000 		.4byte	.LVL45
ARM GAS  C:\Users\swaga\AppData\Local\Temp\ccTjvmnH.s 			page 26


 1258 00dd D4010000 		.4byte	.LFE64
 1259 00e1 0200     		.2byte	0x2
 1260 00e3 30       		.byte	0x30
 1261 00e4 9F       		.byte	0x9f
 1262 00e5 00000000 		.4byte	0
 1263 00e9 00000000 		.4byte	0
 1264              	.LLST4:
 1265 00ed 22000000 		.4byte	.LVL5
 1266 00f1 E0000000 		.4byte	.LVL36
 1267 00f5 0200     		.2byte	0x2
 1268 00f7 30       		.byte	0x30
 1269 00f8 9F       		.byte	0x9f
 1270 00f9 E0000000 		.4byte	.LVL36
 1271 00fd E6000000 		.4byte	.LVL37
 1272 0101 0100     		.2byte	0x1
 1273 0103 54       		.byte	0x54
 1274 0104 E8000000 		.4byte	.LVL38
 1275 0108 0A010000 		.4byte	.LVL45
 1276 010c 0100     		.2byte	0x1
 1277 010e 54       		.byte	0x54
 1278 010f 0A010000 		.4byte	.LVL45
 1279 0113 D4010000 		.4byte	.LFE64
 1280 0117 0200     		.2byte	0x2
 1281 0119 30       		.byte	0x30
 1282 011a 9F       		.byte	0x9f
 1283 011b 00000000 		.4byte	0
 1284 011f 00000000 		.4byte	0
 1285              	.LLST5:
 1286 0123 22000000 		.4byte	.LVL5
 1287 0127 E0000000 		.4byte	.LVL36
 1288 012b 0600     		.2byte	0x6
 1289 012d 9E       		.byte	0x9e
 1290 012e 04       		.uleb128 0x4
 1291 012f 00000000 		.4byte	0
 1292 0133 E0000000 		.4byte	.LVL36
 1293 0137 F0000000 		.4byte	.LVL39
 1294 013b 0100     		.2byte	0x1
 1295 013d 59       		.byte	0x59
 1296 013e F0000000 		.4byte	.LVL39
 1297 0142 F5000000 		.4byte	.LVL40-1
 1298 0146 0100     		.2byte	0x1
 1299 0148 50       		.byte	0x50
 1300 0149 04010000 		.4byte	.LVL43
 1301 014d 06010000 		.4byte	.LVL44
 1302 0151 0100     		.2byte	0x1
 1303 0153 50       		.byte	0x50
 1304 0154 06010000 		.4byte	.LVL44
 1305 0158 98010000 		.4byte	.LVL64
 1306 015c 0100     		.2byte	0x1
 1307 015e 59       		.byte	0x59
 1308 015f 98010000 		.4byte	.LVL64
 1309 0163 D4010000 		.4byte	.LFE64
 1310 0167 0600     		.2byte	0x6
 1311 0169 9E       		.byte	0x9e
 1312 016a 04       		.uleb128 0x4
 1313 016b 00000000 		.4byte	0
 1314 016f 00000000 		.4byte	0
ARM GAS  C:\Users\swaga\AppData\Local\Temp\ccTjvmnH.s 			page 27


 1315 0173 00000000 		.4byte	0
 1316              	.LLST6:
 1317 0177 58000000 		.4byte	.LVL15
 1318 017b 9A000000 		.4byte	.LVL25
 1319 017f 0100     		.2byte	0x1
 1320 0181 56       		.byte	0x56
 1321 0182 9A000000 		.4byte	.LVL25
 1322 0186 A8000000 		.4byte	.LVL29
 1323 018a 0100     		.2byte	0x1
 1324 018c 53       		.byte	0x53
 1325 018d AA000000 		.4byte	.LVL30
 1326 0191 C4000000 		.4byte	.LVL33
 1327 0195 0100     		.2byte	0x1
 1328 0197 53       		.byte	0x53
 1329 0198 C6000000 		.4byte	.LVL34
 1330 019c E0000000 		.4byte	.LVL36
 1331 01a0 0100     		.2byte	0x1
 1332 01a2 53       		.byte	0x53
 1333 01a3 A2010000 		.4byte	.LVL66
 1334 01a7 A4010000 		.4byte	.LVL67
 1335 01ab 0100     		.2byte	0x1
 1336 01ad 56       		.byte	0x56
 1337 01ae A6010000 		.4byte	.LVL68
 1338 01b2 A8010000 		.4byte	.LVL69
 1339 01b6 0100     		.2byte	0x1
 1340 01b8 56       		.byte	0x56
 1341 01b9 AA010000 		.4byte	.LVL70
 1342 01bd D4010000 		.4byte	.LFE64
 1343 01c1 0100     		.2byte	0x1
 1344 01c3 56       		.byte	0x56
 1345 01c4 00000000 		.4byte	0
 1346 01c8 00000000 		.4byte	0
 1347              	.LLST7:
 1348 01cc 5C000000 		.4byte	.LVL16
 1349 01d0 8C000000 		.4byte	.LVL23
 1350 01d4 0100     		.2byte	0x1
 1351 01d6 51       		.byte	0x51
 1352 01d7 00000000 		.4byte	0
 1353 01db 00000000 		.4byte	0
 1354              	.LLST8:
 1355 01df 5C000000 		.4byte	.LVL16
 1356 01e3 62000000 		.4byte	.LVL17
 1357 01e7 0100     		.2byte	0x1
 1358 01e9 51       		.byte	0x51
 1359 01ea 62000000 		.4byte	.LVL17
 1360 01ee E0000000 		.4byte	.LVL36
 1361 01f2 0100     		.2byte	0x1
 1362 01f4 50       		.byte	0x50
 1363 01f5 A2010000 		.4byte	.LVL66
 1364 01f9 A8010000 		.4byte	.LVL69
 1365 01fd 0100     		.2byte	0x1
 1366 01ff 50       		.byte	0x50
 1367 0200 00000000 		.4byte	0
 1368 0204 00000000 		.4byte	0
 1369              	.LLST9:
 1370 0208 5C000000 		.4byte	.LVL16
 1371 020c 62000000 		.4byte	.LVL17
ARM GAS  C:\Users\swaga\AppData\Local\Temp\ccTjvmnH.s 			page 28


 1372 0210 0300     		.2byte	0x3
 1373 0212 08       		.byte	0x8
 1374 0213 32       		.byte	0x32
 1375 0214 9F       		.byte	0x9f
 1376 0215 62000000 		.4byte	.LVL17
 1377 0219 76000000 		.4byte	.LVL20
 1378 021d 0100     		.2byte	0x1
 1379 021f 53       		.byte	0x53
 1380 0220 78000000 		.4byte	.LVL21
 1381 0224 82000000 		.4byte	.LVL22
 1382 0228 0100     		.2byte	0x1
 1383 022a 53       		.byte	0x53
 1384 022b 00000000 		.4byte	0
 1385 022f 00000000 		.4byte	0
 1386              	.LLST10:
 1387 0233 E0000000 		.4byte	.LVL36
 1388 0237 A2010000 		.4byte	.LVL66
 1389 023b 0100     		.2byte	0x1
 1390 023d 56       		.byte	0x56
 1391 023e 00000000 		.4byte	0
 1392 0242 00000000 		.4byte	0
 1393              		.section	.debug_aranges,"",%progbits
 1394 0000 1C000000 		.4byte	0x1c
 1395 0004 0200     		.2byte	0x2
 1396 0006 00000000 		.4byte	.Ldebug_info0
 1397 000a 04       		.byte	0x4
 1398 000b 00       		.byte	0
 1399 000c 0000     		.2byte	0
 1400 000e 0000     		.2byte	0
 1401 0010 00000000 		.4byte	.LFB64
 1402 0014 D4010000 		.4byte	.LFE64-.LFB64
 1403 0018 00000000 		.4byte	0
 1404 001c 00000000 		.4byte	0
 1405              		.section	.debug_ranges,"",%progbits
 1406              	.Ldebug_ranges0:
 1407 0000 58000000 		.4byte	.LBB2
 1408 0004 A8010000 		.4byte	.LBE2
 1409 0008 AA010000 		.4byte	.LBB6
 1410 000c D4010000 		.4byte	.LBE6
 1411 0010 00000000 		.4byte	0
 1412 0014 00000000 		.4byte	0
 1413 0018 00000000 		.4byte	.LFB64
 1414 001c D4010000 		.4byte	.LFE64
 1415 0020 00000000 		.4byte	0
 1416 0024 00000000 		.4byte	0
 1417              		.section	.debug_line,"",%progbits
 1418              	.Ldebug_line0:
 1419 0000 9E020000 		.section	.debug_str,"MS",%progbits,1
 1419      0200FE01 
 1419      00000201 
 1419      FB0E0D00 
 1419      01010101 
 1420              	.LASF41:
 1421 0000 443A5C68 		.ascii	"D:\\h_da\\Lecturs\\Basic Embedded\\Embedded_basics\\"
 1421      5F64615C 
 1421      4C656374 
 1421      7572735C 
ARM GAS  C:\Users\swaga\AppData\Local\Temp\ccTjvmnH.s 			page 29


 1421      42617369 
 1422 002f 30385F43 		.ascii	"08_CAPACITOR_PWM.cydsn\000"
 1422      41504143 
 1422      49544F52 
 1422      5F50574D 
 1422      2E637964 
 1423              	.LASF9:
 1424 0046 5F5F696E 		.ascii	"__int32_t\000"
 1424      7433325F 
 1424      7400
 1425              	.LASF14:
 1426 0050 646F7562 		.ascii	"double\000"
 1426      6C6500
 1427              	.LASF10:
 1428 0057 696E7433 		.ascii	"int32_t\000"
 1428      325F7400 
 1429              	.LASF33:
 1430 005f 4144435F 		.ascii	"ADC_out_StartConvert\000"
 1430      6F75745F 
 1430      53746172 
 1430      74436F6E 
 1430      76657274 
 1431              	.LASF13:
 1432 0074 666C6F61 		.ascii	"float\000"
 1432      7400
 1433              	.LASF11:
 1434 007a 75696E74 		.ascii	"uint8\000"
 1434      3800
 1435              	.LASF1:
 1436 0080 756E7369 		.ascii	"unsigned char\000"
 1436      676E6564 
 1436      20636861 
 1436      7200
 1437              	.LASF39:
 1438 008e 474E5520 		.ascii	"GNU C11 5.4.1 20160609 (release) [ARM/embedded-5-br"
 1438      43313120 
 1438      352E342E 
 1438      31203230 
 1438      31363036 
 1439 00c1 616E6368 		.ascii	"anch revision 237715] -mcpu=cortex-m3 -mthumb -g -O"
 1439      20726576 
 1439      6973696F 
 1439      6E203233 
 1439      37373135 
 1440 00f4 67202D66 		.ascii	"g -ffunction-sections -ffat-lto-objects\000"
 1440      66756E63 
 1440      74696F6E 
 1440      2D736563 
 1440      74696F6E 
 1441              	.LASF32:
 1442 011c 4144435F 		.ascii	"ADC_StartConvert\000"
 1442      53746172 
 1442      74436F6E 
 1442      76657274 
 1442      00
 1443              	.LASF3:
 1444 012d 73686F72 		.ascii	"short unsigned int\000"
ARM GAS  C:\Users\swaga\AppData\Local\Temp\ccTjvmnH.s 			page 30


 1444      7420756E 
 1444      7369676E 
 1444      65642069 
 1444      6E7400
 1445              	.LASF35:
 1446 0140 55415254 		.ascii	"UART_Start\000"
 1446      5F537461 
 1446      727400
 1447              	.LASF36:
 1448 014b 4144435F 		.ascii	"ADC_out_IsEndConversion\000"
 1448      6F75745F 
 1448      4973456E 
 1448      64436F6E 
 1448      76657273 
 1449              	.LASF43:
 1450 0163 49544D5F 		.ascii	"ITM_RxBuffer\000"
 1450      52784275 
 1450      66666572 
 1450      00
 1451              	.LASF5:
 1452 0170 6C6F6E67 		.ascii	"long unsigned int\000"
 1452      20756E73 
 1452      69676E65 
 1452      6420696E 
 1452      7400
 1453              	.LASF28:
 1454 0182 50574D5F 		.ascii	"PWM_WriteCompare\000"
 1454      57726974 
 1454      65436F6D 
 1454      70617265 
 1454      00
 1455              	.LASF25:
 1456 0193 636F756E 		.ascii	"count2\000"
 1456      743200
 1457              	.LASF42:
 1458 019a 6D61696E 		.ascii	"main\000"
 1458      00
 1459              	.LASF31:
 1460 019f 4144435F 		.ascii	"ADC_out_Start\000"
 1460      6F75745F 
 1460      53746172 
 1460      7400
 1461              	.LASF12:
 1462 01ad 75696E74 		.ascii	"uint16\000"
 1462      313600
 1463              	.LASF18:
 1464 01b4 75696E74 		.ascii	"uint\000"
 1464      00
 1465              	.LASF8:
 1466 01b9 756E7369 		.ascii	"unsigned int\000"
 1466      676E6564 
 1466      20696E74 
 1466      00
 1467              	.LASF7:
 1468 01c6 6C6F6E67 		.ascii	"long long unsigned int\000"
 1468      206C6F6E 
 1468      6720756E 
ARM GAS  C:\Users\swaga\AppData\Local\Temp\ccTjvmnH.s 			page 31


 1468      7369676E 
 1468      65642069 
 1469              	.LASF37:
 1470 01dd 4144435F 		.ascii	"ADC_out_GetResult8\000"
 1470      6F75745F 
 1470      47657452 
 1470      6573756C 
 1470      743800
 1471              	.LASF30:
 1472 01f0 4144435F 		.ascii	"ADC_Start\000"
 1472      53746172 
 1472      7400
 1473              	.LASF38:
 1474 01fa 50574D5F 		.ascii	"PWM_WritePeriod\000"
 1474      57726974 
 1474      65506572 
 1474      696F6400 
 1475              	.LASF16:
 1476 020a 6C6F6E67 		.ascii	"long double\000"
 1476      20646F75 
 1476      626C6500 
 1477              	.LASF17:
 1478 0216 73697A65 		.ascii	"sizetype\000"
 1478      74797065 
 1478      00
 1479              	.LASF6:
 1480 021f 6C6F6E67 		.ascii	"long long int\000"
 1480      206C6F6E 
 1480      6720696E 
 1480      7400
 1481              	.LASF40:
 1482 022d 6D61696E 		.ascii	"main.c\000"
 1482      2E6300
 1483              	.LASF15:
 1484 0234 63686172 		.ascii	"char\000"
 1484      00
 1485              	.LASF24:
 1486 0239 636F756E 		.ascii	"count\000"
 1486      7400
 1487              	.LASF2:
 1488 023f 73686F72 		.ascii	"short int\000"
 1488      7420696E 
 1488      7400
 1489              	.LASF34:
 1490 0249 50574D5F 		.ascii	"PWM_Start\000"
 1490      53746172 
 1490      7400
 1491              	.LASF4:
 1492 0253 6C6F6E67 		.ascii	"long int\000"
 1492      20696E74 
 1492      00
 1493              	.LASF23:
 1494 025c 6D795F6E 		.ascii	"my_newarr\000"
 1494      65776172 
 1494      7200
 1495              	.LASF0:
 1496 0266 7369676E 		.ascii	"signed char\000"
ARM GAS  C:\Users\swaga\AppData\Local\Temp\ccTjvmnH.s 			page 32


 1496      65642063 
 1496      68617200 
 1497              	.LASF20:
 1498 0272 4144435F 		.ascii	"ADC_out_result\000"
 1498      6F75745F 
 1498      72657375 
 1498      6C7400
 1499              	.LASF27:
 1500 0281 55415254 		.ascii	"UART_PutString\000"
 1500      5F507574 
 1500      53747269 
 1500      6E6700
 1501              	.LASF21:
 1502 0290 73746F72 		.ascii	"storage\000"
 1502      61676500 
 1503              	.LASF22:
 1504 0298 6D795F61 		.ascii	"my_arr\000"
 1504      727200
 1505              	.LASF26:
 1506 029f 73707269 		.ascii	"sprintf\000"
 1506      6E746600 
 1507              	.LASF29:
 1508 02a7 43794465 		.ascii	"CyDelay\000"
 1508      6C617900 
 1509              	.LASF19:
 1510 02af 70776D5F 		.ascii	"pwm_cmp_val\000"
 1510      636D705F 
 1510      76616C00 
 1511              		.ident	"GCC: (GNU Tools for ARM Embedded Processors) 5.4.1 20160609 (release) [ARM/embedded-5-bran
